
Running Amazon for variant 0...
  Running k=1, iteration 1/3...
    Passes: 309, Time/Memory: 163.11,140952, Output: ['309']
  Running k=1, iteration 2/3...
    Passes: 309, Time/Memory: 203.76,140948, Output: ['309']
  Running k=1, iteration 3/3...
    Passes: 309, Time/Memory: 171.99,141040, Output: ['309']
  Running k=2, iteration 1/3...
    Passes: 107, Time/Memory: 86.59,163500, Output: ['107']
  Running k=2, iteration 2/3...
    Passes: 107, Time/Memory: 91.87,163532, Output: ['107']
  Running k=2, iteration 3/3...
    Passes: 107, Time/Memory: 87.78,163592, Output: ['107']
  Running k=3, iteration 1/3...
    Passes: 8, Time/Memory: 23.25,204384, Output: ['8']
  Running k=3, iteration 2/3...
    Passes: 8, Time/Memory: 23.18,204392, Output: ['8']
  Running k=3, iteration 3/3...
    Passes: 8, Time/Memory: 23.07,204432, Output: ['8']
  Running k=4, iteration 1/3...
    Passes: 2, Time/Memory: 0.77,224696, Output: ['2']
  Running k=4, iteration 2/3...
    Passes: 2, Time/Memory: 0.76,224760, Output: ['2']
  Running k=4, iteration 3/3...
    Passes: 2, Time/Memory: 0.77,224700, Output: ['2']
  Running k=5, iteration 1/3...
    Passes: 2, Time/Memory: 0.75,224700, Output: ['2']
  Running k=5, iteration 2/3...
    Passes: 2, Time/Memory: 0.72,224812, Output: ['2']
  Running k=5, iteration 3/3...
    Passes: 2, Time/Memory: 0.75,224752, Output: ['2']
  Running k=6, iteration 1/3...
    Passes: 2, Time/Memory: 0.73,224788, Output: ['2']
  Running k=6, iteration 2/3...
    Passes: 2, Time/Memory: 0.74,224856, Output: ['2']
  Running k=6, iteration 3/3...
    Passes: 2, Time/Memory: 0.67,224808, Output: ['2']
  Running k=7, iteration 1/3...
    Passes: 2, Time/Memory: 0.74,224784, Output: ['2']
  Running k=7, iteration 2/3...
    Passes: 2, Time/Memory: 0.74,224760, Output: ['2']
  Running k=7, iteration 3/3...
    Passes: 2, Time/Memory: 0.82,224752, Output: ['2']
  Running k=8, iteration 1/3...
    Passes: 2, Time/Memory: 0.77,224820, Output: ['2']
  Running k=8, iteration 2/3...
    Passes: 2, Time/Memory: 0.93,224756, Output: ['2']
  Running k=8, iteration 3/3...
    Passes: 2, Time/Memory: 0.80,224820, Output: ['2']
  Running k=9, iteration 1/3...
    Passes: 2, Time/Memory: 0.97,224856, Output: ['2']
  Running k=9, iteration 2/3...
    Passes: 2, Time/Memory: 0.76,224708, Output: ['2']
  Running k=9, iteration 3/3...
    Passes: 2, Time/Memory: 0.94,224760, Output: ['2']
  Running k=10, iteration 1/3...
    Passes: 2, Time/Memory: 0.66,224828, Output: ['2']
  Running k=10, iteration 2/3...
    Passes: 2, Time/Memory: 0.97,224712, Output: ['2']
  Running k=10, iteration 3/3...
    Passes: 2, Time/Memory: 0.80,224824, Output: ['2']
Results for Amazon variant 0 saved to ./results/real/time_memory/Amazon/run_20250117_121158/kpath_0

Running Amazon for variant 1...
  Running k=1, iteration 1/3...
    Passes: 322, Time/Memory: 176.82,140684, Output: ['322']
  Running k=1, iteration 2/3...
    Passes: 322, Time/Memory: 197.23,140752, Output: ['322']
  Running k=1, iteration 3/3...
    Passes: 322, Time/Memory: 175.12,140764, Output: ['322']
  Running k=2, iteration 1/3...
    Passes: 100, Time/Memory: 89.47,173764, Output: ['100']
  Running k=2, iteration 2/3...
    Passes: 100, Time/Memory: 88.28,173824, Output: ['100']
  Running k=2, iteration 3/3...
    Passes: 100, Time/Memory: 89.46,173844, Output: ['100']
  Running k=3, iteration 1/3...
    Passes: 7, Time/Memory: 33.62,204572, Output: ['7']
  Running k=3, iteration 2/3...
    Passes: 7, Time/Memory: 33.45,204608, Output: ['7']
  Running k=3, iteration 3/3...
    Passes: 7, Time/Memory: 33.79,204564, Output: ['7']
  Running k=4, iteration 1/3...
    Passes: 4, Time/Memory: 21.17,235324, Output: ['4']
  Running k=4, iteration 2/3...
    Passes: 4, Time/Memory: 21.09,235324, Output: ['4']
  Running k=4, iteration 3/3...
    Passes: 4, Time/Memory: 21.34,235292, Output: ['4']
  Running k=5, iteration 1/3...
    Passes: 1, Time/Memory: 0.50,255580, Output: ['1']
  Running k=5, iteration 2/3...
    Passes: 1, Time/Memory: 0.69,255536, Output: ['1']
  Running k=5, iteration 3/3...
    Passes: 1, Time/Memory: 0.55,255588, Output: ['1']
  Running k=6, iteration 1/3...
    Passes: 1, Time/Memory: 0.68,255568, Output: ['1']
  Running k=6, iteration 2/3...
    Passes: 1, Time/Memory: 0.57,255588, Output: ['1']
  Running k=6, iteration 3/3...
    Passes: 1, Time/Memory: 0.70,255588, Output: ['1']
  Running k=7, iteration 1/3...
    Passes: 1, Time/Memory: 0.52,255712, Output: ['1']
  Running k=7, iteration 2/3...
    Passes: 1, Time/Memory: 0.67,255568, Output: ['1']
  Running k=7, iteration 3/3...
    Passes: 1, Time/Memory: 0.50,255648, Output: ['1']
  Running k=8, iteration 1/3...
    Passes: 1, Time/Memory: 0.72,255572, Output: ['1']
  Running k=8, iteration 2/3...
    Passes: 1, Time/Memory: 0.57,255564, Output: ['1']
  Running k=8, iteration 3/3...
    Passes: 1, Time/Memory: 0.67,255592, Output: ['1']
  Running k=9, iteration 1/3...
    Passes: 1, Time/Memory: 0.57,255588, Output: ['1']
  Running k=9, iteration 2/3...
    Passes: 1, Time/Memory: 0.63,255640, Output: ['1']
  Running k=9, iteration 3/3...
    Passes: 1, Time/Memory: 0.71,255648, Output: ['1']
  Running k=10, iteration 1/3...
    Passes: 1, Time/Memory: 0.56,255744, Output: ['1']
  Running k=10, iteration 2/3...
    Passes: 1, Time/Memory: 0.45,255596, Output: ['1']
  Running k=10, iteration 3/3...
    Passes: 1, Time/Memory: 0.55,255628, Output: ['1']
Results for Amazon variant 1 saved to ./results/real/time_memory/Amazon/run_20250117_121158/kpath_1

Running Amazon for variant 2...
  Running k=1, iteration 1/3...
    Passes: 246, Time/Memory: 142.49,152380, Output: ['246']
  Running k=1, iteration 2/3...
    Passes: 246, Time/Memory: 166.41,152408, Output: ['246']
  Running k=1, iteration 3/3...
    Passes: 246, Time/Memory: 140.66,152336, Output: ['246']
  Running k=2, iteration 1/3...
    Passes: 7, Time/Memory: 33.44,181672, Output: ['7']
  Running k=2, iteration 2/3...
    Passes: 7, Time/Memory: 30.39,181664, Output: ['7']
  Running k=2, iteration 3/3...
    Passes: 7, Time/Memory: 38.71,181740, Output: ['7']
  Running k=3, iteration 1/3...
    Passes: 4, Time/Memory: 23.12,206628, Output: ['4']
  Running k=3, iteration 2/3...
    Passes: 4, Time/Memory: 20.88,206676, Output: ['4']
  Running k=3, iteration 3/3...
    Passes: 4, Time/Memory: 26.81,206708, Output: ['4']
  Running k=4, iteration 1/3...
    Passes: 1, Time/Memory: 0.75,232100, Output: ['1']
  Running k=4, iteration 2/3...
    Passes: 1, Time/Memory: 0.58,232100, Output: ['1']
  Running k=4, iteration 3/3...
    Passes: 1, Time/Memory: 0.72,232104, Output: ['1']
  Running k=5, iteration 1/3...
    Passes: 1, Time/Memory: 0.65,232232, Output: ['1']
  Running k=5, iteration 2/3...
    Passes: 1, Time/Memory: 0.73,232152, Output: ['1']
  Running k=5, iteration 3/3...
    Passes: 1, Time/Memory: 0.61,232216, Output: ['1']
  Running k=6, iteration 1/3...
    Passes: 1, Time/Memory: 0.74,232220, Output: ['1']
  Running k=6, iteration 2/3...
    Passes: 1, Time/Memory: 0.57,232092, Output: ['1']
  Running k=6, iteration 3/3...
    Passes: 1, Time/Memory: 0.79,232180, Output: ['1']
  Running k=7, iteration 1/3...
    Passes: 1, Time/Memory: 0.59,232248, Output: ['1']
  Running k=7, iteration 2/3...
    Passes: 1, Time/Memory: 0.76,232068, Output: ['1']
  Running k=7, iteration 3/3...
    Passes: 1, Time/Memory: 0.62,232152, Output: ['1']
  Running k=8, iteration 1/3...
    Passes: 1, Time/Memory: 0.73,232232, Output: ['1']
  Running k=8, iteration 2/3...
    Passes: 1, Time/Memory: 0.59,232220, Output: ['1']
  Running k=8, iteration 3/3...
    Passes: 1, Time/Memory: 0.77,232248, Output: ['1']
  Running k=9, iteration 1/3...
    Passes: 1, Time/Memory: 0.63,232216, Output: ['1']
  Running k=9, iteration 2/3...
    Passes: 1, Time/Memory: 0.75,232220, Output: ['1']
  Running k=9, iteration 3/3...
    Passes: 1, Time/Memory: 0.61,232216, Output: ['1']
  Running k=10, iteration 1/3...
    Passes: 1, Time/Memory: 0.56,232132, Output: ['1']
  Running k=10, iteration 2/3...
    Passes: 1, Time/Memory: 0.72,232100, Output: ['1']
  Running k=10, iteration 3/3...
    Passes: 1, Time/Memory: 0.61,232132, Output: ['1']
Results for Amazon variant 2 saved to ./results/real/time_memory/Amazon/run_20250117_121158/kpath_2

Running Amazon for variant N...
  Running k=1, iteration 1/3...
    Passes: 4, Time/Memory: 26.87,250184, Output: ['4']
  Running k=1, iteration 2/3...
    Passes: 4, Time/Memory: 21.63,250244, Output: ['4']
  Running k=1, iteration 3/3...
    Passes: 4, Time/Memory: 21.46,250084, Output: ['4']
  Running k=2, iteration 1/3...
    Passes: 3, Time/Memory: 7.06,201696, Output: ['3']
  Running k=2, iteration 2/3...
    Passes: 3, Time/Memory: 7.03,201624, Output: ['3']
  Running k=2, iteration 3/3...
    Passes: 3, Time/Memory: 7.01,201708, Output: ['3']
  Running k=3, iteration 1/3...
    Passes: 2, Time/Memory: 26.21,228936, Output: ['2']
  Running k=3, iteration 2/3...
    Passes: 2, Time/Memory: 20.59,228976, Output: ['2']
  Running k=3, iteration 3/3...
    Passes: 2, Time/Memory: 24.20,228872, Output: ['2']
  Running k=4, iteration 1/3...
    Passes: 1, Time/Memory: 0.60,232092, Output: ['1']
  Running k=4, iteration 2/3...
    Passes: 1, Time/Memory: 0.71,232200, Output: ['1']
  Running k=4, iteration 3/3...
    Passes: 1, Time/Memory: 0.61,232200, Output: ['1']
  Running k=5, iteration 1/3...
    Passes: 1, Time/Memory: 0.72,232236, Output: ['1']
  Running k=5, iteration 2/3...
    Passes: 1, Time/Memory: 0.60,232132, Output: ['1']
  Running k=5, iteration 3/3...
    Passes: 1, Time/Memory: 0.72,232104, Output: ['1']
  Running k=6, iteration 1/3...
    Passes: 1, Time/Memory: 0.74,232228, Output: ['1']
  Running k=6, iteration 2/3...
    Passes: 1, Time/Memory: 0.56,232228, Output: ['1']
  Running k=6, iteration 3/3...
    Passes: 1, Time/Memory: 0.71,232176, Output: ['1']
  Running k=7, iteration 1/3...
    Passes: 1, Time/Memory: 0.57,232104, Output: ['1']
  Running k=7, iteration 2/3...
    Passes: 1, Time/Memory: 0.73,232228, Output: ['1']
  Running k=7, iteration 3/3...
    Passes: 1, Time/Memory: 0.63,232064, Output: ['1']
  Running k=8, iteration 1/3...
    Passes: 1, Time/Memory: 0.70,232152, Output: ['1']
  Running k=8, iteration 2/3...
    Passes: 1, Time/Memory: 0.63,232208, Output: ['1']
  Running k=8, iteration 3/3...
    Passes: 1, Time/Memory: 0.73,232248, Output: ['1']
  Running k=9, iteration 1/3...
    Passes: 1, Time/Memory: 0.64,232236, Output: ['1']
  Running k=9, iteration 2/3...
    Passes: 1, Time/Memory: 0.62,232216, Output: ['1']
  Running k=9, iteration 3/3...
    Passes: 1, Time/Memory: 0.74,232108, Output: ['1']
  Running k=10, iteration 1/3...
    Passes: 1, Time/Memory: 0.64,232092, Output: ['1']
  Running k=10, iteration 2/3...
    Passes: 1, Time/Memory: 0.77,232156, Output: ['1']
  Running k=10, iteration 3/3...
    Passes: 1, Time/Memory: 0.56,232180, Output: ['1']
Results for Amazon variant N saved to ./results/real/time_memory/Amazon/run_20250117_121158/kpath_N

Running Amazon for variant X...
  Running k=1, iteration 1/3...
    Passes: 100, Time/Memory: 102.41,173696, Output: ['100']
  Running k=1, iteration 2/3...
    Passes: 100, Time/Memory: 87.62,173796, Output: ['100']
  Running k=1, iteration 3/3...
    Passes: 100, Time/Memory: 86.65,173652, Output: ['100']
  Running k=2, iteration 1/3...
    Passes: 7, Time/Memory: 37.35,204672, Output: ['7']
  Running k=2, iteration 2/3...
    Passes: 7, Time/Memory: 39.07,204720, Output: ['7']
  Running k=2, iteration 3/3...
    Passes: 7, Time/Memory: 35.38,204620, Output: ['7']
  Running k=3, iteration 1/3...
    Passes: 4, Time/Memory: 22.02,235300, Output: ['4']
  Running k=3, iteration 2/3...
    Passes: 4, Time/Memory: 20.64,235456, Output: ['4']
  Running k=3, iteration 3/3...
    Passes: 4, Time/Memory: 20.79,235492, Output: ['4']
  Running k=4, iteration 1/3...
    Passes: 1, Time/Memory: 0.61,255568, Output: ['1']
  Running k=4, iteration 2/3...
    Passes: 1, Time/Memory: 0.62,255624, Output: ['1']
  Running k=4, iteration 3/3...
    Passes: 1, Time/Memory: 0.62,255644, Output: ['1']
  Running k=5, iteration 1/3...
    Passes: 1, Time/Memory: 0.64,255712, Output: ['1']
  Running k=5, iteration 2/3...
    Passes: 1, Time/Memory: 0.61,255584, Output: ['1']
  Running k=5, iteration 3/3...
    Passes: 1, Time/Memory: 0.63,255712, Output: ['1']
  Running k=6, iteration 1/3...
    Passes: 1, Time/Memory: 0.61,255612, Output: ['1']
  Running k=6, iteration 2/3...
    Passes: 1, Time/Memory: 0.63,255652, Output: ['1']
  Running k=6, iteration 3/3...
    Passes: 1, Time/Memory: 0.61,255584, Output: ['1']
  Running k=7, iteration 1/3...
    Passes: 1, Time/Memory: 0.64,255652, Output: ['1']
  Running k=7, iteration 2/3...
    Passes: 1, Time/Memory: 0.64,255584, Output: ['1']
  Running k=7, iteration 3/3...
    Passes: 1, Time/Memory: 0.61,255648, Output: ['1']
  Running k=8, iteration 1/3...
    Passes: 1, Time/Memory: 0.63,255712, Output: ['1']
  Running k=8, iteration 2/3...
    Passes: 1, Time/Memory: 0.62,255652, Output: ['1']
  Running k=8, iteration 3/3...
    Passes: 1, Time/Memory: 0.63,255648, Output: ['1']
  Running k=9, iteration 1/3...
    Passes: 1, Time/Memory: 0.66,255720, Output: ['1']
  Running k=9, iteration 2/3...
    Passes: 1, Time/Memory: 0.65,255568, Output: ['1']
  Running k=9, iteration 3/3...
    Passes: 1, Time/Memory: 0.63,255656, Output: ['1']
  Running k=10, iteration 1/3...
    Passes: 1, Time/Memory: 0.62,255696, Output: ['1']
  Running k=10, iteration 2/3...
    Passes: 1, Time/Memory: 0.63,255636, Output: ['1']
  Running k=10, iteration 3/3...
    Passes: 1, Time/Memory: 0.64,255728, Output: ['1']
Results for Amazon variant X saved to ./results/real/time_memory/Amazon/run_20250117_121158/kpath_X
