
Running Twitch for variant 0...
  Running k=1, iteration 1/1...
    Passes: 1692, Time/Memory: 2343.05,75796, Output: ['1692']
  Running k=2, iteration 1/1...
    Passes: 41, Time/Memory: 72.66,87468, Output: ['41']
  Running k=3, iteration 1/1...
    Passes: 17, Time/Memory: 37.33,104664, Output: ['17']
  Running k=4, iteration 1/1...
    Passes: 12, Time/Memory: 24.13,117644, Output: ['12']
  Running k=5, iteration 1/1...
    Passes: 10, Time/Memory: 24.46,131872, Output: ['10']
  Running k=6, iteration 1/1...
    Passes: 8, Time/Memory: 19.20,150248, Output: ['8']
  Running k=7, iteration 1/1...
    Passes: 7, Time/Memory: 15.67,170132, Output: ['7']
  Running k=8, iteration 1/1...
    Passes: 7, Time/Memory: 23.82,181628, Output: ['7']
  Running k=9, iteration 1/1...
    Passes: 6, Time/Memory: 17.75,199632, Output: ['6']
  Running k=10, iteration 1/1...
    Passes: 6, Time/Memory: 20.70,213504, Output: ['6']
Results for Twitch variant 0 saved to ./results/real/time_memory/Twitch/run_20250122_122100/kpath_0

Running Twitch for variant 1...
  Running k=1, iteration 1/1...
    Passes: 1732, Time/Memory: 2385.15,75916, Output: ['1732']
  Running k=2, iteration 1/1...
    Passes: 40, Time/Memory: 70.80,91360, Output: ['40']
  Running k=3, iteration 1/1...
    Passes: 17, Time/Memory: 40.78,99988, Output: ['17']
  Running k=4, iteration 1/1...
    Passes: 12, Time/Memory: 31.46,116696, Output: ['12']
  Running k=5, iteration 1/1...
    Passes: 9, Time/Memory: 22.87,135492, Output: ['9']
  Running k=6, iteration 1/1...
    Passes: 8, Time/Memory: 23.62,148624, Output: ['8']
  Running k=7, iteration 1/1...
    Passes: 6, Time/Memory: 15.99,166836, Output: ['6']
  Running k=8, iteration 1/1...
    Passes: 6, Time/Memory: 18.02,179928, Output: ['6']
  Running k=9, iteration 1/1...
    Passes: 5, Time/Memory: 13.24,196388, Output: ['5']
  Running k=10, iteration 1/1...
    Passes: 5, Time/Memory: 16.94,212988, Output: ['5']
Results for Twitch variant 1 saved to ./results/real/time_memory/Twitch/run_20250122_122100/kpath_1

Running Twitch for variant 2...
  Running k=1, iteration 1/1...
    Passes: 1418, Time/Memory: 2000.95,81452, Output: ['1418']
  Running k=2, iteration 1/1...
    Passes: 20, Time/Memory: 37.96,94628, Output: ['20']
  Running k=3, iteration 1/1...
    Passes: 13, Time/Memory: 32.58,102136, Output: ['13']
  Running k=4, iteration 1/1...
    Passes: 9, Time/Memory: 19.71,121872, Output: ['9']
  Running k=5, iteration 1/1...
    Passes: 8, Time/Memory: 23.98,141368, Output: ['8']
  Running k=6, iteration 1/1...
    Passes: 6, Time/Memory: 15.14,154764, Output: ['6']
  Running k=7, iteration 1/1...
    Passes: 6, Time/Memory: 19.49,169392, Output: ['6']
  Running k=8, iteration 1/1...
    Passes: 5, Time/Memory: 12.89,187964, Output: ['5']
  Running k=9, iteration 1/1...
    Passes: 5, Time/Memory: 16.69,199884, Output: ['5']
  Running k=10, iteration 1/1...
    Passes: 4, Time/Memory: 10.65,219592, Output: ['4']
Results for Twitch variant 2 saved to ./results/real/time_memory/Twitch/run_20250122_122100/kpath_2

Running Twitch for variant N...
  Running k=1, iteration 1/1...
Error running graph Twitch, variant N, k=1: Command '['/usr/bin/time', '-f', '%U,%M', './bin/main', 'RUN_ALGO', '168114', '6797557', './input/Twitch/twitch_gamer_n_168114_m_6797557.edg', '2', 'N', '1']' returned non-zero exit status 139.
  Running k=2, iteration 1/1...
    Passes: 5, Time/Memory: 12.35,455536, Output: ['5']
  Running k=3, iteration 1/1...
Error running graph Twitch, variant N, k=3: Command '['/usr/bin/time', '-f', '%U,%M', './bin/main', 'RUN_ALGO', '168114', '6797557', './input/Twitch/twitch_gamer_n_168114_m_6797557.edg', '2', 'N', '3']' returned non-zero exit status 139.
  Running k=4, iteration 1/1...
Error running graph Twitch, variant N, k=4: Command '['/usr/bin/time', '-f', '%U,%M', './bin/main', 'RUN_ALGO', '168114', '6797557', './input/Twitch/twitch_gamer_n_168114_m_6797557.edg', '2', 'N', '4']' returned non-zero exit status 139.
  Running k=5, iteration 1/1...
    Passes: 4, Time/Memory: 13.81,435724, Output: ['4']
  Running k=6, iteration 1/1...
Error running graph Twitch, variant N, k=6: Command '['/usr/bin/time', '-f', '%U,%M', './bin/main', 'RUN_ALGO', '168114', '6797557', './input/Twitch/twitch_gamer_n_168114_m_6797557.edg', '2', 'N', '6']' returned non-zero exit status 139.
  Running k=7, iteration 1/1...
Error running graph Twitch, variant N, k=7: Command '['/usr/bin/time', '-f', '%U,%M', './bin/main', 'RUN_ALGO', '168114', '6797557', './input/Twitch/twitch_gamer_n_168114_m_6797557.edg', '2', 'N', '7']' returned non-zero exit status 139.
  Running k=8, iteration 1/1...
Error running graph Twitch, variant N, k=8: Command '['/usr/bin/time', '-f', '%U,%M', './bin/main', 'RUN_ALGO', '168114', '6797557', './input/Twitch/twitch_gamer_n_168114_m_6797557.edg', '2', 'N', '8']' returned non-zero exit status 139.
  Running k=9, iteration 1/1...
Error running graph Twitch, variant N, k=9: Command '['/usr/bin/time', '-f', '%U,%M', './bin/main', 'RUN_ALGO', '168114', '6797557', './input/Twitch/twitch_gamer_n_168114_m_6797557.edg', '2', 'N', '9']' returned non-zero exit status 139.
  Running k=10, iteration 1/1...
    Passes: 3, Time/Memory: 9.34,402464, Output: ['3']
Results for Twitch variant N saved to ./results/real/time_memory/Twitch/run_20250122_122100/kpath_N

Running Twitch for variant X...
  Running k=1, iteration 1/1...
    Passes: 40, Time/Memory: 68.69,91520, Output: ['40']
  Running k=2, iteration 1/1...
    Passes: 17, Time/Memory: 36.58,100164, Output: ['17']
  Running k=3, iteration 1/1...
    Passes: 12, Time/Memory: 31.96,116624, Output: ['12']
  Running k=4, iteration 1/1...
    Passes: 9, Time/Memory: 22.74,135508, Output: ['9']
  Running k=5, iteration 1/1...
    Passes: 8, Time/Memory: 23.15,148556, Output: ['8']
  Running k=6, iteration 1/1...
    Passes: 6, Time/Memory: 15.12,166844, Output: ['6']
  Running k=7, iteration 1/1...
    Passes: 6, Time/Memory: 17.61,179972, Output: ['6']
  Running k=8, iteration 1/1...
    Passes: 5, Time/Memory: 13.25,196316, Output: ['5']
  Running k=9, iteration 1/1...
    Passes: 5, Time/Memory: 17.00,212844, Output: ['5']
  Running k=10, iteration 1/1...
    Passes: 4, Time/Memory: 10.92,228344, Output: ['4']
Results for Twitch variant X saved to ./results/real/time_memory/Twitch/run_20250122_122100/kpath_X
