
Running Friendster for variant 0...
  Running k=1, iteration 1/1...
Timeout expired for graph Friendster, algorithm kpath variant 0
  Running k=2, iteration 1/1...
Timeout expired for graph Friendster, algorithm kpath variant 0
  Running k=3, iteration 1/1...
Timeout expired for graph Friendster, algorithm kpath variant 0
  Running k=4, iteration 1/1...
Error running graph Friendster, variant 0, k=4: Command '['/usr/bin/time', '-f', '%U,%M', './bin/main', 'RUN_ALGO', '65608366', '1806067135', './input/Friendster/friendster_n_65608366_m_1806067135.edg', '2', '0', '4']' returned non-zero exit status 137.
  Running k=5, iteration 1/1...
Error running graph Friendster, variant 0, k=5: Command '['/usr/bin/time', '-f', '%U,%M', './bin/main', 'RUN_ALGO', '65608366', '1806067135', './input/Friendster/friendster_n_65608366_m_1806067135.edg', '2', '0', '5']' returned non-zero exit status 137.
  Running k=6, iteration 1/1...
Error running graph Friendster, variant 0, k=6: Command '['/usr/bin/time', '-f', '%U,%M', './bin/main', 'RUN_ALGO', '65608366', '1806067135', './input/Friendster/friendster_n_65608366_m_1806067135.edg', '2', '0', '6']' returned non-zero exit status 137.
  Running k=7, iteration 1/1...
Error running graph Friendster, variant 0, k=7: Command '['/usr/bin/time', '-f', '%U,%M', './bin/main', 'RUN_ALGO', '65608366', '1806067135', './input/Friendster/friendster_n_65608366_m_1806067135.edg', '2', '0', '7']' returned non-zero exit status 137.
  Running k=8, iteration 1/1...
Error running graph Friendster, variant 0, k=8: Command '['/usr/bin/time', '-f', '%U,%M', './bin/main', 'RUN_ALGO', '65608366', '1806067135', './input/Friendster/friendster_n_65608366_m_1806067135.edg', '2', '0', '8']' returned non-zero exit status 137.
  Running k=9, iteration 1/1...
Error running graph Friendster, variant 0, k=9: Command '['/usr/bin/time', '-f', '%U,%M', './bin/main', 'RUN_ALGO', '65608366', '1806067135', './input/Friendster/friendster_n_65608366_m_1806067135.edg', '2', '0', '9']' returned non-zero exit status 137.
  Running k=10, iteration 1/1...
Error running graph Friendster, variant 0, k=10: Command '['/usr/bin/time', '-f', '%U,%M', './bin/main', 'RUN_ALGO', '65608366', '1806067135', './input/Friendster/friendster_n_65608366_m_1806067135.edg', '2', '0', '10']' returned non-zero exit status 137.
Results for Friendster variant 0 saved to ./results/real/time_memory/Friendster/run_20250126_151704/kpath_0

Running Friendster for variant 1...
  Running k=1, iteration 1/1...
Error running graph Friendster, variant 1, k=1: Command '['/usr/bin/time', '-f', '%U,%M', './bin/main', 'RUN_ALGO', '65608366', '1806067135', './input/Friendster/friendster_n_65608366_m_1806067135.edg', '2', '1', '1']' returned non-zero exit status 137.
  Running k=2, iteration 1/1...
Error running graph Friendster, variant 1, k=2: Command '['/usr/bin/time', '-f', '%U,%M', './bin/main', 'RUN_ALGO', '65608366', '1806067135', './input/Friendster/friendster_n_65608366_m_1806067135.edg', '2', '1', '2']' returned non-zero exit status 137.
  Running k=3, iteration 1/1...
Error running graph Friendster, variant 1, k=3: Command '['/usr/bin/time', '-f', '%U,%M', './bin/main', 'RUN_ALGO', '65608366', '1806067135', './input/Friendster/friendster_n_65608366_m_1806067135.edg', '2', '1', '3']' returned non-zero exit status 137.
  Running k=4, iteration 1/1...
Error running graph Friendster, variant 1, k=4: Command '['/usr/bin/time', '-f', '%U,%M', './bin/main', 'RUN_ALGO', '65608366', '1806067135', './input/Friendster/friendster_n_65608366_m_1806067135.edg', '2', '1', '4']' returned non-zero exit status 137.
  Running k=5, iteration 1/1...
Error running graph Friendster, variant 1, k=5: Command '['/usr/bin/time', '-f', '%U,%M', './bin/main', 'RUN_ALGO', '65608366', '1806067135', './input/Friendster/friendster_n_65608366_m_1806067135.edg', '2', '1', '5']' returned non-zero exit status 137.
  Running k=6, iteration 1/1...
Error running graph Friendster, variant 1, k=6: Command '['/usr/bin/time', '-f', '%U,%M', './bin/main', 'RUN_ALGO', '65608366', '1806067135', './input/Friendster/friendster_n_65608366_m_1806067135.edg', '2', '1', '6']' returned non-zero exit status 137.
  Running k=7, iteration 1/1...
Error running graph Friendster, variant 1, k=7: Command '['/usr/bin/time', '-f', '%U,%M', './bin/main', 'RUN_ALGO', '65608366', '1806067135', './input/Friendster/friendster_n_65608366_m_1806067135.edg', '2', '1', '7']' returned non-zero exit status 137.
  Running k=8, iteration 1/1...
Error running graph Friendster, variant 1, k=8: Command '['/usr/bin/time', '-f', '%U,%M', './bin/main', 'RUN_ALGO', '65608366', '1806067135', './input/Friendster/friendster_n_65608366_m_1806067135.edg', '2', '1', '8']' returned non-zero exit status 137.
  Running k=9, iteration 1/1...
Error running graph Friendster, variant 1, k=9: Command '['/usr/bin/time', '-f', '%U,%M', './bin/main', 'RUN_ALGO', '65608366', '1806067135', './input/Friendster/friendster_n_65608366_m_1806067135.edg', '2', '1', '9']' returned non-zero exit status 137.
  Running k=10, iteration 1/1...
Error running graph Friendster, variant 1, k=10: Command '['/usr/bin/time', '-f', '%U,%M', './bin/main', 'RUN_ALGO', '65608366', '1806067135', './input/Friendster/friendster_n_65608366_m_1806067135.edg', '2', '1', '10']' returned non-zero exit status 137.
Results for Friendster variant 1 saved to ./results/real/time_memory/Friendster/run_20250126_151704/kpath_1

Running Friendster for variant 2...
  Running k=1, iteration 1/1...
Error running graph Friendster, variant 2, k=1: Command '['/usr/bin/time', '-f', '%U,%M', './bin/main', 'RUN_ALGO', '65608366', '1806067135', './input/Friendster/friendster_n_65608366_m_1806067135.edg', '2', '2', '1']' returned non-zero exit status 137.
  Running k=2, iteration 1/1...
Error running graph Friendster, variant 2, k=2: Command '['/usr/bin/time', '-f', '%U,%M', './bin/main', 'RUN_ALGO', '65608366', '1806067135', './input/Friendster/friendster_n_65608366_m_1806067135.edg', '2', '2', '2']' returned non-zero exit status 137.
  Running k=3, iteration 1/1...
Error running graph Friendster, variant 2, k=3: Command '['/usr/bin/time', '-f', '%U,%M', './bin/main', 'RUN_ALGO', '65608366', '1806067135', './input/Friendster/friendster_n_65608366_m_1806067135.edg', '2', '2', '3']' returned non-zero exit status 137.
  Running k=4, iteration 1/1...
Error running graph Friendster, variant 2, k=4: Command '['/usr/bin/time', '-f', '%U,%M', './bin/main', 'RUN_ALGO', '65608366', '1806067135', './input/Friendster/friendster_n_65608366_m_1806067135.edg', '2', '2', '4']' returned non-zero exit status 137.
  Running k=5, iteration 1/1...
Error running graph Friendster, variant 2, k=5: Command '['/usr/bin/time', '-f', '%U,%M', './bin/main', 'RUN_ALGO', '65608366', '1806067135', './input/Friendster/friendster_n_65608366_m_1806067135.edg', '2', '2', '5']' returned non-zero exit status 137.
  Running k=6, iteration 1/1...
Error running graph Friendster, variant 2, k=6: Command '['/usr/bin/time', '-f', '%U,%M', './bin/main', 'RUN_ALGO', '65608366', '1806067135', './input/Friendster/friendster_n_65608366_m_1806067135.edg', '2', '2', '6']' returned non-zero exit status 137.
  Running k=7, iteration 1/1...
Error running graph Friendster, variant 2, k=7: Command '['/usr/bin/time', '-f', '%U,%M', './bin/main', 'RUN_ALGO', '65608366', '1806067135', './input/Friendster/friendster_n_65608366_m_1806067135.edg', '2', '2', '7']' returned non-zero exit status 137.
  Running k=8, iteration 1/1...
Error running graph Friendster, variant 2, k=8: Command '['/usr/bin/time', '-f', '%U,%M', './bin/main', 'RUN_ALGO', '65608366', '1806067135', './input/Friendster/friendster_n_65608366_m_1806067135.edg', '2', '2', '8']' returned non-zero exit status 137.
  Running k=9, iteration 1/1...
Error running graph Friendster, variant 2, k=9: Command '['/usr/bin/time', '-f', '%U,%M', './bin/main', 'RUN_ALGO', '65608366', '1806067135', './input/Friendster/friendster_n_65608366_m_1806067135.edg', '2', '2', '9']' returned non-zero exit status 137.
  Running k=10, iteration 1/1...
Error running graph Friendster, variant 2, k=10: Command '['/usr/bin/time', '-f', '%U,%M', './bin/main', 'RUN_ALGO', '65608366', '1806067135', './input/Friendster/friendster_n_65608366_m_1806067135.edg', '2', '2', '10']' returned non-zero exit status 137.
Results for Friendster variant 2 saved to ./results/real/time_memory/Friendster/run_20250126_151704/kpath_2

Running Friendster for variant N...
  Running k=1, iteration 1/1...
Error running graph Friendster, variant N, k=1: Command '['/usr/bin/time', '-f', '%U,%M', './bin/main', 'RUN_ALGO', '65608366', '1806067135', './input/Friendster/friendster_n_65608366_m_1806067135.edg', '2', 'N', '1']' returned non-zero exit status 137.
  Running k=2, iteration 1/1...
Error running graph Friendster, variant N, k=2: Command '['/usr/bin/time', '-f', '%U,%M', './bin/main', 'RUN_ALGO', '65608366', '1806067135', './input/Friendster/friendster_n_65608366_m_1806067135.edg', '2', 'N', '2']' returned non-zero exit status 137.
  Running k=3, iteration 1/1...
Error running graph Friendster, variant N, k=3: Command '['/usr/bin/time', '-f', '%U,%M', './bin/main', 'RUN_ALGO', '65608366', '1806067135', './input/Friendster/friendster_n_65608366_m_1806067135.edg', '2', 'N', '3']' returned non-zero exit status 137.
  Running k=4, iteration 1/1...
Error running graph Friendster, variant N, k=4: Command '['/usr/bin/time', '-f', '%U,%M', './bin/main', 'RUN_ALGO', '65608366', '1806067135', './input/Friendster/friendster_n_65608366_m_1806067135.edg', '2', 'N', '4']' returned non-zero exit status 137.
  Running k=5, iteration 1/1...
Error running graph Friendster, variant N, k=5: Command '['/usr/bin/time', '-f', '%U,%M', './bin/main', 'RUN_ALGO', '65608366', '1806067135', './input/Friendster/friendster_n_65608366_m_1806067135.edg', '2', 'N', '5']' returned non-zero exit status 137.
  Running k=6, iteration 1/1...
Error running graph Friendster, variant N, k=6: Command '['/usr/bin/time', '-f', '%U,%M', './bin/main', 'RUN_ALGO', '65608366', '1806067135', './input/Friendster/friendster_n_65608366_m_1806067135.edg', '2', 'N', '6']' returned non-zero exit status 137.
  Running k=7, iteration 1/1...
Error running graph Friendster, variant N, k=7: Command '['/usr/bin/time', '-f', '%U,%M', './bin/main', 'RUN_ALGO', '65608366', '1806067135', './input/Friendster/friendster_n_65608366_m_1806067135.edg', '2', 'N', '7']' returned non-zero exit status 137.
  Running k=8, iteration 1/1...
Error running graph Friendster, variant N, k=8: Command '['/usr/bin/time', '-f', '%U,%M', './bin/main', 'RUN_ALGO', '65608366', '1806067135', './input/Friendster/friendster_n_65608366_m_1806067135.edg', '2', 'N', '8']' returned non-zero exit status 137.
  Running k=9, iteration 1/1...
Error running graph Friendster, variant N, k=9: Command '['/usr/bin/time', '-f', '%U,%M', './bin/main', 'RUN_ALGO', '65608366', '1806067135', './input/Friendster/friendster_n_65608366_m_1806067135.edg', '2', 'N', '9']' returned non-zero exit status 137.
  Running k=10, iteration 1/1...
Error running graph Friendster, variant N, k=10: Command '['/usr/bin/time', '-f', '%U,%M', './bin/main', 'RUN_ALGO', '65608366', '1806067135', './input/Friendster/friendster_n_65608366_m_1806067135.edg', '2', 'N', '10']' returned non-zero exit status 137.
Results for Friendster variant N saved to ./results/real/time_memory/Friendster/run_20250126_151704/kpath_N

Running Friendster for variant X...
  Running k=1, iteration 1/1...
Error running graph Friendster, variant X, k=1: Command '['/usr/bin/time', '-f', '%U,%M', './bin/main', 'RUN_ALGO', '65608366', '1806067135', './input/Friendster/friendster_n_65608366_m_1806067135.edg', '2', 'X', '1']' returned non-zero exit status 137.
  Running k=2, iteration 1/1...
Error running graph Friendster, variant X, k=2: Command '['/usr/bin/time', '-f', '%U,%M', './bin/main', 'RUN_ALGO', '65608366', '1806067135', './input/Friendster/friendster_n_65608366_m_1806067135.edg', '2', 'X', '2']' returned non-zero exit status 137.
  Running k=3, iteration 1/1...
Error running graph Friendster, variant X, k=3: Command '['/usr/bin/time', '-f', '%U,%M', './bin/main', 'RUN_ALGO', '65608366', '1806067135', './input/Friendster/friendster_n_65608366_m_1806067135.edg', '2', 'X', '3']' returned non-zero exit status 137.
  Running k=4, iteration 1/1...
Error running graph Friendster, variant X, k=4: Command '['/usr/bin/time', '-f', '%U,%M', './bin/main', 'RUN_ALGO', '65608366', '1806067135', './input/Friendster/friendster_n_65608366_m_1806067135.edg', '2', 'X', '4']' returned non-zero exit status 137.
  Running k=5, iteration 1/1...
Error running graph Friendster, variant X, k=5: Command '['/usr/bin/time', '-f', '%U,%M', './bin/main', 'RUN_ALGO', '65608366', '1806067135', './input/Friendster/friendster_n_65608366_m_1806067135.edg', '2', 'X', '5']' returned non-zero exit status 137.
  Running k=6, iteration 1/1...
Error running graph Friendster, variant X, k=6: Command '['/usr/bin/time', '-f', '%U,%M', './bin/main', 'RUN_ALGO', '65608366', '1806067135', './input/Friendster/friendster_n_65608366_m_1806067135.edg', '2', 'X', '6']' returned non-zero exit status 137.
  Running k=7, iteration 1/1...
Error running graph Friendster, variant X, k=7: Command '['/usr/bin/time', '-f', '%U,%M', './bin/main', 'RUN_ALGO', '65608366', '1806067135', './input/Friendster/friendster_n_65608366_m_1806067135.edg', '2', 'X', '7']' returned non-zero exit status 137.
  Running k=8, iteration 1/1...
Error running graph Friendster, variant X, k=8: Command '['/usr/bin/time', '-f', '%U,%M', './bin/main', 'RUN_ALGO', '65608366', '1806067135', './input/Friendster/friendster_n_65608366_m_1806067135.edg', '2', 'X', '8']' returned non-zero exit status 137.
  Running k=9, iteration 1/1...
Error running graph Friendster, variant X, k=9: Command '['/usr/bin/time', '-f', '%U,%M', './bin/main', 'RUN_ALGO', '65608366', '1806067135', './input/Friendster/friendster_n_65608366_m_1806067135.edg', '2', 'X', '9']' returned non-zero exit status 137.
  Running k=10, iteration 1/1...
Error running graph Friendster, variant X, k=10: Command '['/usr/bin/time', '-f', '%U,%M', './bin/main', 'RUN_ALGO', '65608366', '1806067135', './input/Friendster/friendster_n_65608366_m_1806067135.edg', '2', 'X', '10']' returned non-zero exit status 137.
Results for Friendster variant X saved to ./results/real/time_memory/Friendster/run_20250126_151704/kpath_X
