
Running Twitch for variant 0...
  Running k=1, iteration 1/1...
    Passes: 5, Time/Memory: 15.22,73016, Output: ['5']
  Running k=2, iteration 1/1...
    Passes: 5, Time/Memory: 16.27,72952, Output: ['5']
  Running k=3, iteration 1/1...
    Passes: 5, Time/Memory: 15.14,72948, Output: ['5']
  Running k=4, iteration 1/1...
    Passes: 5, Time/Memory: 15.18,72908, Output: ['5']
  Running k=5, iteration 1/1...
    Passes: 5, Time/Memory: 16.39,72632, Output: ['5']
  Running k=6, iteration 1/1...
    Passes: 5, Time/Memory: 14.94,73036, Output: ['5']
  Running k=7, iteration 1/1...
    Passes: 5, Time/Memory: 15.24,72936, Output: ['5']
  Running k=8, iteration 1/1...
    Passes: 5, Time/Memory: 15.17,72952, Output: ['5']
  Running k=9, iteration 1/1...
    Passes: 5, Time/Memory: 14.54,73024, Output: ['5']
  Running k=10, iteration 1/1...
    Passes: 5, Time/Memory: 14.92,72956, Output: ['5']
Results for Twitch variant 0 saved to ./results/real/time_memory/Twitch/run_20250122_144259/klev_0

Running Twitch for variant 1...
  Running k=1, iteration 1/1...
    Passes: 4, Time/Memory: 13.24,68996, Output: ['4']
  Running k=2, iteration 1/1...
    Passes: 4, Time/Memory: 13.24,72428, Output: ['4']
  Running k=3, iteration 1/1...
    Passes: 4, Time/Memory: 13.97,72504, Output: ['4']
  Running k=4, iteration 1/1...
    Passes: 4, Time/Memory: 13.05,72696, Output: ['4']
  Running k=5, iteration 1/1...
    Passes: 4, Time/Memory: 13.21,72612, Output: ['4']
  Running k=6, iteration 1/1...
    Passes: 4, Time/Memory: 13.54,72688, Output: ['4']
  Running k=7, iteration 1/1...
    Passes: 4, Time/Memory: 13.25,72640, Output: ['4']
  Running k=8, iteration 1/1...
    Passes: 4, Time/Memory: 13.14,72752, Output: ['4']
  Running k=9, iteration 1/1...
    Passes: 4, Time/Memory: 13.93,72636, Output: ['4']
  Running k=10, iteration 1/1...
    Passes: 4, Time/Memory: 13.24,72688, Output: ['4']
Results for Twitch variant 1 saved to ./results/real/time_memory/Twitch/run_20250122_144259/klev_1

Running Twitch for variant 2...
  Running k=1, iteration 1/1...
    Passes: 4, Time/Memory: 13.99,88596, Output: ['4']
  Running k=2, iteration 1/1...
    Passes: 3, Time/Memory: 13.00,104380, Output: ['3']
  Running k=3, iteration 1/1...
    Passes: 4, Time/Memory: 15.48,120740, Output: ['4']
  Running k=4, iteration 1/1...
    Passes: 4, Time/Memory: 15.51,136532, Output: ['4']
  Running k=5, iteration 1/1...
    Passes: 3, Time/Memory: 13.55,150776, Output: ['3']
  Running k=6, iteration 1/1...
    Passes: 4, Time/Memory: 15.71,168056, Output: ['4']
  Running k=7, iteration 1/1...
    Passes: 3, Time/Memory: 14.04,182452, Output: ['3']
  Running k=8, iteration 1/1...
    Passes: 3, Time/Memory: 13.37,198092, Output: ['3']
  Running k=9, iteration 1/1...
    Passes: 3, Time/Memory: 15.03,215564, Output: ['3']
  Running k=10, iteration 1/1...
    Passes: 3, Time/Memory: 14.10,231884, Output: ['3']
Results for Twitch variant 2 saved to ./results/real/time_memory/Twitch/run_20250122_144259/klev_2

Running Twitch for variant N...
  Running k=1, iteration 1/1...
    Passes: 4, Time/Memory: 13.27,86680, Output: ['4']
  Running k=2, iteration 1/1...
    Passes: 4, Time/Memory: 15.13,104588, Output: ['4']
  Running k=3, iteration 1/1...
    Passes: 3, Time/Memory: 12.97,120308, Output: ['3']
  Running k=4, iteration 1/1...
    Passes: 3, Time/Memory: 12.68,135592, Output: ['3']
  Running k=5, iteration 1/1...
    Passes: 3, Time/Memory: 13.56,150668, Output: ['3']
  Running k=6, iteration 1/1...
    Passes: 3, Time/Memory: 13.18,166100, Output: ['3']
  Running k=7, iteration 1/1...
    Passes: 3, Time/Memory: 13.27,182176, Output: ['3']
  Running k=8, iteration 1/1...
    Passes: 3, Time/Memory: 13.36,198024, Output: ['3']
  Running k=9, iteration 1/1...
    Passes: 3, Time/Memory: 14.04,213960, Output: ['3']
  Running k=10, iteration 1/1...
    Passes: 3, Time/Memory: 14.02,229976, Output: ['3']
Results for Twitch variant N saved to ./results/real/time_memory/Twitch/run_20250122_144259/klev_N

Running Twitch for variant X...
  Running k=1, iteration 1/1...
    Passes: 41, Time/Memory: 99.90,86752, Output: ['41']
  Running k=2, iteration 1/1...
    Passes: 21, Time/Memory: 55.05,102292, Output: ['21']
  Running k=3, iteration 1/1...
    Passes: 14, Time/Memory: 42.69,118376, Output: ['14']
  Running k=4, iteration 1/1...
    Passes: 11, Time/Memory: 32.26,134264, Output: ['11']
  Running k=5, iteration 1/1...
    Passes: 9, Time/Memory: 29.31,149984, Output: ['9']
  Running k=6, iteration 1/1...
    Passes: 7, Time/Memory: 25.43,165800, Output: ['7']
  Running k=7, iteration 1/1...
    Passes: 6, Time/Memory: 22.76,181964, Output: ['6']
  Running k=8, iteration 1/1...
    Passes: 6, Time/Memory: 22.29,197656, Output: ['6']
  Running k=9, iteration 1/1...
    Passes: 5, Time/Memory: 21.50,213080, Output: ['5']
  Running k=10, iteration 1/1...
    Passes: 5, Time/Memory: 19.63,228920, Output: ['5']
Results for Twitch variant X saved to ./results/real/time_memory/Twitch/run_20250122_144259/klev_X

Running Twitch for variant Y...
  Running k=1, iteration 1/1...
    Passes: 4, Time/Memory: 13.77,230884, Output: ['4']
  Running k=2, iteration 1/1...
    Passes: 4, Time/Memory: 14.73,230828, Output: ['4']
  Running k=3, iteration 1/1...
    Passes: 4, Time/Memory: 14.55,230888, Output: ['4']
  Running k=4, iteration 1/1...
    Passes: 4, Time/Memory: 14.84,230824, Output: ['4']
  Running k=5, iteration 1/1...
    Passes: 4, Time/Memory: 14.74,230908, Output: ['4']
  Running k=6, iteration 1/1...
    Passes: 4, Time/Memory: 13.86,230908, Output: ['4']
  Running k=7, iteration 1/1...
    Passes: 4, Time/Memory: 14.40,230784, Output: ['4']
  Running k=8, iteration 1/1...
    Passes: 4, Time/Memory: 14.85,230892, Output: ['4']
  Running k=9, iteration 1/1...
    Passes: 4, Time/Memory: 14.83,230888, Output: ['4']
  Running k=10, iteration 1/1...
    Passes: 4, Time/Memory: 14.85,230888, Output: ['4']
Results for Twitch variant Y saved to ./results/real/time_memory/Twitch/run_20250122_144259/klev_Y
