
Running AsCaida for variant 0...
  Running k=1, iteration 1/1...
    Passes: 2, Time/Memory: 1.81,10032, Output: ['2']
  Running k=2, iteration 1/1...
    Passes: 2, Time/Memory: 1.78,10132, Output: ['2']
  Running k=3, iteration 1/1...
    Passes: 2, Time/Memory: 1.72,10136, Output: ['2']
  Running k=4, iteration 1/1...
    Passes: 2, Time/Memory: 1.69,9972, Output: ['2']
  Running k=5, iteration 1/1...
    Passes: 2, Time/Memory: 1.78,9964, Output: ['2']
  Running k=6, iteration 1/1...
    Passes: 2, Time/Memory: 1.78,9964, Output: ['2']
  Running k=7, iteration 1/1...
    Passes: 2, Time/Memory: 1.77,9984, Output: ['2']
  Running k=8, iteration 1/1...
    Passes: 2, Time/Memory: 1.66,10028, Output: ['2']
  Running k=9, iteration 1/1...
    Passes: 2, Time/Memory: 1.76,10136, Output: ['2']
  Running k=10, iteration 1/1...
    Passes: 2, Time/Memory: 1.67,10064, Output: ['2']
Results for AsCaida variant 0 saved to ./results/real/time_memory/AsCaida/run_20250125_143958/kpath_0

Running AsCaida for variant 1...
  Running k=1, iteration 1/1...
    Passes: 2, Time/Memory: 1.17,13180, Output: ['2']
  Running k=2, iteration 1/1...
    Passes: 1, Time/Memory: 0.00,15924, Output: ['1']
  Running k=3, iteration 1/1...
    Passes: 1, Time/Memory: 0.00,15920, Output: ['1']
  Running k=4, iteration 1/1...
    Passes: 1, Time/Memory: 0.00,15812, Output: ['1']
  Running k=5, iteration 1/1...
    Passes: 1, Time/Memory: 0.00,15788, Output: ['1']
  Running k=6, iteration 1/1...
    Passes: 1, Time/Memory: 0.01,15944, Output: ['1']
  Running k=7, iteration 1/1...
    Passes: 1, Time/Memory: 0.01,15916, Output: ['1']
  Running k=8, iteration 1/1...
    Passes: 1, Time/Memory: 0.01,15836, Output: ['1']
  Running k=9, iteration 1/1...
    Passes: 1, Time/Memory: 0.00,15856, Output: ['1']
  Running k=10, iteration 1/1...
    Passes: 1, Time/Memory: 0.01,15920, Output: ['1']
Results for AsCaida variant 1 saved to ./results/real/time_memory/AsCaida/run_20250125_143958/kpath_1

Running AsCaida for variant 2...
  Running k=1, iteration 1/1...
    Passes: 1, Time/Memory: 0.01,13660, Output: ['1']
  Running k=2, iteration 1/1...
    Passes: 1, Time/Memory: 0.00,13992, Output: ['1']
  Running k=3, iteration 1/1...
    Passes: 1, Time/Memory: 0.00,13676, Output: ['1']
  Running k=4, iteration 1/1...
    Passes: 1, Time/Memory: 0.01,14008, Output: ['1']
  Running k=5, iteration 1/1...
    Passes: 1, Time/Memory: 0.01,13908, Output: ['1']
  Running k=6, iteration 1/1...
    Passes: 1, Time/Memory: 0.00,14068, Output: ['1']
  Running k=7, iteration 1/1...
    Passes: 1, Time/Memory: 0.01,13892, Output: ['1']
  Running k=8, iteration 1/1...
    Passes: 1, Time/Memory: 0.01,13896, Output: ['1']
  Running k=9, iteration 1/1...
    Passes: 1, Time/Memory: 0.01,13948, Output: ['1']
  Running k=10, iteration 1/1...
    Passes: 1, Time/Memory: 0.01,13944, Output: ['1']
Results for AsCaida variant 2 saved to ./results/real/time_memory/AsCaida/run_20250125_143958/kpath_2

Running AsCaida for variant N...
  Running k=1, iteration 1/1...
    Passes: 1, Time/Memory: 0.01,13940, Output: ['1']
  Running k=2, iteration 1/1...
    Passes: 1, Time/Memory: 0.00,13892, Output: ['1']
  Running k=3, iteration 1/1...
    Passes: 1, Time/Memory: 0.00,13968, Output: ['1']
  Running k=4, iteration 1/1...
    Passes: 1, Time/Memory: 0.01,13664, Output: ['1']
  Running k=5, iteration 1/1...
    Passes: 1, Time/Memory: 0.01,14092, Output: ['1']
  Running k=6, iteration 1/1...
    Passes: 1, Time/Memory: 0.00,13972, Output: ['1']
  Running k=7, iteration 1/1...
    Passes: 1, Time/Memory: 0.00,13984, Output: ['1']
  Running k=8, iteration 1/1...
    Passes: 1, Time/Memory: 0.01,13948, Output: ['1']
  Running k=9, iteration 1/1...
    Passes: 1, Time/Memory: 0.01,14008, Output: ['1']
  Running k=10, iteration 1/1...
    Passes: 1, Time/Memory: 0.01,13688, Output: ['1']
Results for AsCaida variant N saved to ./results/real/time_memory/AsCaida/run_20250125_143958/kpath_N

Running AsCaida for variant X...
  Running k=1, iteration 1/1...
    Passes: 1, Time/Memory: 0.00,15720, Output: ['1']
  Running k=2, iteration 1/1...
    Passes: 1, Time/Memory: 0.01,15740, Output: ['1']
  Running k=3, iteration 1/1...
    Passes: 1, Time/Memory: 0.01,15868, Output: ['1']
  Running k=4, iteration 1/1...
    Passes: 1, Time/Memory: 0.01,15816, Output: ['1']
  Running k=5, iteration 1/1...
    Passes: 1, Time/Memory: 0.00,15784, Output: ['1']
  Running k=6, iteration 1/1...
    Passes: 1, Time/Memory: 0.00,15736, Output: ['1']
  Running k=7, iteration 1/1...
    Passes: 1, Time/Memory: 0.00,15868, Output: ['1']
  Running k=8, iteration 1/1...
    Passes: 1, Time/Memory: 0.00,15684, Output: ['1']
  Running k=9, iteration 1/1...
    Passes: 1, Time/Memory: 0.00,15944, Output: ['1']
  Running k=10, iteration 1/1...
    Passes: 1, Time/Memory: 0.00,15780, Output: ['1']
Results for AsCaida variant X saved to ./results/real/time_memory/AsCaida/run_20250125_143958/kpath_X
