
Running Twitch for variant 0...
  Running k=1, iteration 1/1...
Error running graph Twitch, variant 0, k=1: Command '['/usr/bin/time', '-f', '%U,%M', './bin/main', 'RUN_ALGO', '168114', '6797557', './input/Twitch/twitch_gamer_n_168114_m_6797557.edg', '3', '0', '1']' returned non-zero exit status 139.
  Running k=2, iteration 1/1...
Error running graph Twitch, variant 0, k=2: Command '['/usr/bin/time', '-f', '%U,%M', './bin/main', 'RUN_ALGO', '168114', '6797557', './input/Twitch/twitch_gamer_n_168114_m_6797557.edg', '3', '0', '2']' returned non-zero exit status 139.
  Running k=3, iteration 1/1...
Error running graph Twitch, variant 0, k=3: Command '['/usr/bin/time', '-f', '%U,%M', './bin/main', 'RUN_ALGO', '168114', '6797557', './input/Twitch/twitch_gamer_n_168114_m_6797557.edg', '3', '0', '3']' returned non-zero exit status 139.
  Running k=4, iteration 1/1...
Error running graph Twitch, variant 0, k=4: Command '['/usr/bin/time', '-f', '%U,%M', './bin/main', 'RUN_ALGO', '168114', '6797557', './input/Twitch/twitch_gamer_n_168114_m_6797557.edg', '3', '0', '4']' returned non-zero exit status 139.
  Running k=5, iteration 1/1...
Error running graph Twitch, variant 0, k=5: Command '['/usr/bin/time', '-f', '%U,%M', './bin/main', 'RUN_ALGO', '168114', '6797557', './input/Twitch/twitch_gamer_n_168114_m_6797557.edg', '3', '0', '5']' returned non-zero exit status 139.
  Running k=6, iteration 1/1...
Error running graph Twitch, variant 0, k=6: Command '['/usr/bin/time', '-f', '%U,%M', './bin/main', 'RUN_ALGO', '168114', '6797557', './input/Twitch/twitch_gamer_n_168114_m_6797557.edg', '3', '0', '6']' returned non-zero exit status 139.
  Running k=7, iteration 1/1...
Error running graph Twitch, variant 0, k=7: Command '['/usr/bin/time', '-f', '%U,%M', './bin/main', 'RUN_ALGO', '168114', '6797557', './input/Twitch/twitch_gamer_n_168114_m_6797557.edg', '3', '0', '7']' returned non-zero exit status 139.
  Running k=8, iteration 1/1...
Error running graph Twitch, variant 0, k=8: Command '['/usr/bin/time', '-f', '%U,%M', './bin/main', 'RUN_ALGO', '168114', '6797557', './input/Twitch/twitch_gamer_n_168114_m_6797557.edg', '3', '0', '8']' returned non-zero exit status 139.
  Running k=9, iteration 1/1...
Error running graph Twitch, variant 0, k=9: Command '['/usr/bin/time', '-f', '%U,%M', './bin/main', 'RUN_ALGO', '168114', '6797557', './input/Twitch/twitch_gamer_n_168114_m_6797557.edg', '3', '0', '9']' returned non-zero exit status 139.
  Running k=10, iteration 1/1...
Error running graph Twitch, variant 0, k=10: Command '['/usr/bin/time', '-f', '%U,%M', './bin/main', 'RUN_ALGO', '168114', '6797557', './input/Twitch/twitch_gamer_n_168114_m_6797557.edg', '3', '0', '10']' returned non-zero exit status 139.
Results for Twitch variant 0 saved to ./results/real/time_memory/Twitch/run_20250122_122147/klev_0

Running Twitch for variant 1...
  Running k=1, iteration 1/1...
Error running graph Twitch, variant 1, k=1: Command '['/usr/bin/time', '-f', '%U,%M', './bin/main', 'RUN_ALGO', '168114', '6797557', './input/Twitch/twitch_gamer_n_168114_m_6797557.edg', '3', '1', '1']' returned non-zero exit status 139.
  Running k=2, iteration 1/1...
Error running graph Twitch, variant 1, k=2: Command '['/usr/bin/time', '-f', '%U,%M', './bin/main', 'RUN_ALGO', '168114', '6797557', './input/Twitch/twitch_gamer_n_168114_m_6797557.edg', '3', '1', '2']' returned non-zero exit status 139.
  Running k=3, iteration 1/1...
Error running graph Twitch, variant 1, k=3: Command '['/usr/bin/time', '-f', '%U,%M', './bin/main', 'RUN_ALGO', '168114', '6797557', './input/Twitch/twitch_gamer_n_168114_m_6797557.edg', '3', '1', '3']' returned non-zero exit status 139.
  Running k=4, iteration 1/1...
Error running graph Twitch, variant 1, k=4: Command '['/usr/bin/time', '-f', '%U,%M', './bin/main', 'RUN_ALGO', '168114', '6797557', './input/Twitch/twitch_gamer_n_168114_m_6797557.edg', '3', '1', '4']' returned non-zero exit status 139.
  Running k=5, iteration 1/1...
Error running graph Twitch, variant 1, k=5: Command '['/usr/bin/time', '-f', '%U,%M', './bin/main', 'RUN_ALGO', '168114', '6797557', './input/Twitch/twitch_gamer_n_168114_m_6797557.edg', '3', '1', '5']' returned non-zero exit status 139.
  Running k=6, iteration 1/1...
Error running graph Twitch, variant 1, k=6: Command '['/usr/bin/time', '-f', '%U,%M', './bin/main', 'RUN_ALGO', '168114', '6797557', './input/Twitch/twitch_gamer_n_168114_m_6797557.edg', '3', '1', '6']' returned non-zero exit status 139.
  Running k=7, iteration 1/1...
Error running graph Twitch, variant 1, k=7: Command '['/usr/bin/time', '-f', '%U,%M', './bin/main', 'RUN_ALGO', '168114', '6797557', './input/Twitch/twitch_gamer_n_168114_m_6797557.edg', '3', '1', '7']' returned non-zero exit status 139.
  Running k=8, iteration 1/1...
Error running graph Twitch, variant 1, k=8: Command '['/usr/bin/time', '-f', '%U,%M', './bin/main', 'RUN_ALGO', '168114', '6797557', './input/Twitch/twitch_gamer_n_168114_m_6797557.edg', '3', '1', '8']' returned non-zero exit status 139.
  Running k=9, iteration 1/1...
Error running graph Twitch, variant 1, k=9: Command '['/usr/bin/time', '-f', '%U,%M', './bin/main', 'RUN_ALGO', '168114', '6797557', './input/Twitch/twitch_gamer_n_168114_m_6797557.edg', '3', '1', '9']' returned non-zero exit status 139.
  Running k=10, iteration 1/1...
Error running graph Twitch, variant 1, k=10: Command '['/usr/bin/time', '-f', '%U,%M', './bin/main', 'RUN_ALGO', '168114', '6797557', './input/Twitch/twitch_gamer_n_168114_m_6797557.edg', '3', '1', '10']' returned non-zero exit status 139.
Results for Twitch variant 1 saved to ./results/real/time_memory/Twitch/run_20250122_122147/klev_1

Running Twitch for variant 2...
  Running k=1, iteration 1/1...
Error running graph Twitch, variant 2, k=1: Command '['/usr/bin/time', '-f', '%U,%M', './bin/main', 'RUN_ALGO', '168114', '6797557', './input/Twitch/twitch_gamer_n_168114_m_6797557.edg', '3', '2', '1']' returned non-zero exit status 139.
  Running k=2, iteration 1/1...
Error running graph Twitch, variant 2, k=2: Command '['/usr/bin/time', '-f', '%U,%M', './bin/main', 'RUN_ALGO', '168114', '6797557', './input/Twitch/twitch_gamer_n_168114_m_6797557.edg', '3', '2', '2']' returned non-zero exit status 139.
  Running k=3, iteration 1/1...
Error running graph Twitch, variant 2, k=3: Command '['/usr/bin/time', '-f', '%U,%M', './bin/main', 'RUN_ALGO', '168114', '6797557', './input/Twitch/twitch_gamer_n_168114_m_6797557.edg', '3', '2', '3']' returned non-zero exit status 139.
  Running k=4, iteration 1/1...
Error running graph Twitch, variant 2, k=4: Command '['/usr/bin/time', '-f', '%U,%M', './bin/main', 'RUN_ALGO', '168114', '6797557', './input/Twitch/twitch_gamer_n_168114_m_6797557.edg', '3', '2', '4']' returned non-zero exit status 139.
  Running k=5, iteration 1/1...
Error running graph Twitch, variant 2, k=5: Command '['/usr/bin/time', '-f', '%U,%M', './bin/main', 'RUN_ALGO', '168114', '6797557', './input/Twitch/twitch_gamer_n_168114_m_6797557.edg', '3', '2', '5']' returned non-zero exit status 139.
  Running k=6, iteration 1/1...
Error running graph Twitch, variant 2, k=6: Command '['/usr/bin/time', '-f', '%U,%M', './bin/main', 'RUN_ALGO', '168114', '6797557', './input/Twitch/twitch_gamer_n_168114_m_6797557.edg', '3', '2', '6']' returned non-zero exit status 139.
  Running k=7, iteration 1/1...
Error running graph Twitch, variant 2, k=7: Command '['/usr/bin/time', '-f', '%U,%M', './bin/main', 'RUN_ALGO', '168114', '6797557', './input/Twitch/twitch_gamer_n_168114_m_6797557.edg', '3', '2', '7']' returned non-zero exit status 139.
  Running k=8, iteration 1/1...
Error running graph Twitch, variant 2, k=8: Command '['/usr/bin/time', '-f', '%U,%M', './bin/main', 'RUN_ALGO', '168114', '6797557', './input/Twitch/twitch_gamer_n_168114_m_6797557.edg', '3', '2', '8']' returned non-zero exit status 139.
  Running k=9, iteration 1/1...
Error running graph Twitch, variant 2, k=9: Command '['/usr/bin/time', '-f', '%U,%M', './bin/main', 'RUN_ALGO', '168114', '6797557', './input/Twitch/twitch_gamer_n_168114_m_6797557.edg', '3', '2', '9']' returned non-zero exit status 139.
  Running k=10, iteration 1/1...
Error running graph Twitch, variant 2, k=10: Command '['/usr/bin/time', '-f', '%U,%M', './bin/main', 'RUN_ALGO', '168114', '6797557', './input/Twitch/twitch_gamer_n_168114_m_6797557.edg', '3', '2', '10']' returned non-zero exit status 139.
Results for Twitch variant 2 saved to ./results/real/time_memory/Twitch/run_20250122_122147/klev_2

Running Twitch for variant N...
  Running k=1, iteration 1/1...
Error running graph Twitch, variant N, k=1: Command '['/usr/bin/time', '-f', '%U,%M', './bin/main', 'RUN_ALGO', '168114', '6797557', './input/Twitch/twitch_gamer_n_168114_m_6797557.edg', '3', 'N', '1']' returned non-zero exit status 139.
  Running k=2, iteration 1/1...
Error running graph Twitch, variant N, k=2: Command '['/usr/bin/time', '-f', '%U,%M', './bin/main', 'RUN_ALGO', '168114', '6797557', './input/Twitch/twitch_gamer_n_168114_m_6797557.edg', '3', 'N', '2']' returned non-zero exit status 139.
  Running k=3, iteration 1/1...
Error running graph Twitch, variant N, k=3: Command '['/usr/bin/time', '-f', '%U,%M', './bin/main', 'RUN_ALGO', '168114', '6797557', './input/Twitch/twitch_gamer_n_168114_m_6797557.edg', '3', 'N', '3']' returned non-zero exit status 139.
  Running k=4, iteration 1/1...
Error running graph Twitch, variant N, k=4: Command '['/usr/bin/time', '-f', '%U,%M', './bin/main', 'RUN_ALGO', '168114', '6797557', './input/Twitch/twitch_gamer_n_168114_m_6797557.edg', '3', 'N', '4']' returned non-zero exit status 139.
  Running k=5, iteration 1/1...
Error running graph Twitch, variant N, k=5: Command '['/usr/bin/time', '-f', '%U,%M', './bin/main', 'RUN_ALGO', '168114', '6797557', './input/Twitch/twitch_gamer_n_168114_m_6797557.edg', '3', 'N', '5']' returned non-zero exit status 139.
  Running k=6, iteration 1/1...
Error running graph Twitch, variant N, k=6: Command '['/usr/bin/time', '-f', '%U,%M', './bin/main', 'RUN_ALGO', '168114', '6797557', './input/Twitch/twitch_gamer_n_168114_m_6797557.edg', '3', 'N', '6']' returned non-zero exit status 139.
  Running k=7, iteration 1/1...
Error running graph Twitch, variant N, k=7: Command '['/usr/bin/time', '-f', '%U,%M', './bin/main', 'RUN_ALGO', '168114', '6797557', './input/Twitch/twitch_gamer_n_168114_m_6797557.edg', '3', 'N', '7']' returned non-zero exit status 139.
  Running k=8, iteration 1/1...
Error running graph Twitch, variant N, k=8: Command '['/usr/bin/time', '-f', '%U,%M', './bin/main', 'RUN_ALGO', '168114', '6797557', './input/Twitch/twitch_gamer_n_168114_m_6797557.edg', '3', 'N', '8']' returned non-zero exit status 139.
  Running k=9, iteration 1/1...
Error running graph Twitch, variant N, k=9: Command '['/usr/bin/time', '-f', '%U,%M', './bin/main', 'RUN_ALGO', '168114', '6797557', './input/Twitch/twitch_gamer_n_168114_m_6797557.edg', '3', 'N', '9']' returned non-zero exit status 139.
  Running k=10, iteration 1/1...
Error running graph Twitch, variant N, k=10: Command '['/usr/bin/time', '-f', '%U,%M', './bin/main', 'RUN_ALGO', '168114', '6797557', './input/Twitch/twitch_gamer_n_168114_m_6797557.edg', '3', 'N', '10']' returned non-zero exit status 139.
Results for Twitch variant N saved to ./results/real/time_memory/Twitch/run_20250122_122147/klev_N

Running Twitch for variant X...
  Running k=1, iteration 1/1...
Error running graph Twitch, variant X, k=1: Command '['/usr/bin/time', '-f', '%U,%M', './bin/main', 'RUN_ALGO', '168114', '6797557', './input/Twitch/twitch_gamer_n_168114_m_6797557.edg', '3', 'X', '1']' returned non-zero exit status 139.
  Running k=2, iteration 1/1...
Error running graph Twitch, variant X, k=2: Command '['/usr/bin/time', '-f', '%U,%M', './bin/main', 'RUN_ALGO', '168114', '6797557', './input/Twitch/twitch_gamer_n_168114_m_6797557.edg', '3', 'X', '2']' returned non-zero exit status 139.
  Running k=3, iteration 1/1...
Error running graph Twitch, variant X, k=3: Command '['/usr/bin/time', '-f', '%U,%M', './bin/main', 'RUN_ALGO', '168114', '6797557', './input/Twitch/twitch_gamer_n_168114_m_6797557.edg', '3', 'X', '3']' returned non-zero exit status 139.
  Running k=4, iteration 1/1...
Error running graph Twitch, variant X, k=4: Command '['/usr/bin/time', '-f', '%U,%M', './bin/main', 'RUN_ALGO', '168114', '6797557', './input/Twitch/twitch_gamer_n_168114_m_6797557.edg', '3', 'X', '4']' returned non-zero exit status 139.
  Running k=5, iteration 1/1...
Error running graph Twitch, variant X, k=5: Command '['/usr/bin/time', '-f', '%U,%M', './bin/main', 'RUN_ALGO', '168114', '6797557', './input/Twitch/twitch_gamer_n_168114_m_6797557.edg', '3', 'X', '5']' returned non-zero exit status 139.
  Running k=6, iteration 1/1...
Error running graph Twitch, variant X, k=6: Command '['/usr/bin/time', '-f', '%U,%M', './bin/main', 'RUN_ALGO', '168114', '6797557', './input/Twitch/twitch_gamer_n_168114_m_6797557.edg', '3', 'X', '6']' returned non-zero exit status 139.
  Running k=7, iteration 1/1...
Error running graph Twitch, variant X, k=7: Command '['/usr/bin/time', '-f', '%U,%M', './bin/main', 'RUN_ALGO', '168114', '6797557', './input/Twitch/twitch_gamer_n_168114_m_6797557.edg', '3', 'X', '7']' returned non-zero exit status 139.
  Running k=8, iteration 1/1...
Error running graph Twitch, variant X, k=8: Command '['/usr/bin/time', '-f', '%U,%M', './bin/main', 'RUN_ALGO', '168114', '6797557', './input/Twitch/twitch_gamer_n_168114_m_6797557.edg', '3', 'X', '8']' returned non-zero exit status 139.
  Running k=9, iteration 1/1...
Error running graph Twitch, variant X, k=9: Command '['/usr/bin/time', '-f', '%U,%M', './bin/main', 'RUN_ALGO', '168114', '6797557', './input/Twitch/twitch_gamer_n_168114_m_6797557.edg', '3', 'X', '9']' returned non-zero exit status 139.
  Running k=10, iteration 1/1...
Error running graph Twitch, variant X, k=10: Command '['/usr/bin/time', '-f', '%U,%M', './bin/main', 'RUN_ALGO', '168114', '6797557', './input/Twitch/twitch_gamer_n_168114_m_6797557.edg', '3', 'X', '10']' returned non-zero exit status 139.
Results for Twitch variant X saved to ./results/real/time_memory/Twitch/run_20250122_122147/klev_X

Running Twitch for variant Y...
  Running k=1, iteration 1/1...
Error running graph Twitch, variant Y, k=1: Command '['/usr/bin/time', '-f', '%U,%M', './bin/main', 'RUN_ALGO', '168114', '6797557', './input/Twitch/twitch_gamer_n_168114_m_6797557.edg', '3', 'Y', '1']' returned non-zero exit status 139.
  Running k=2, iteration 1/1...
Error running graph Twitch, variant Y, k=2: Command '['/usr/bin/time', '-f', '%U,%M', './bin/main', 'RUN_ALGO', '168114', '6797557', './input/Twitch/twitch_gamer_n_168114_m_6797557.edg', '3', 'Y', '2']' returned non-zero exit status 139.
  Running k=3, iteration 1/1...
Error running graph Twitch, variant Y, k=3: Command '['/usr/bin/time', '-f', '%U,%M', './bin/main', 'RUN_ALGO', '168114', '6797557', './input/Twitch/twitch_gamer_n_168114_m_6797557.edg', '3', 'Y', '3']' returned non-zero exit status 139.
  Running k=4, iteration 1/1...
Error running graph Twitch, variant Y, k=4: Command '['/usr/bin/time', '-f', '%U,%M', './bin/main', 'RUN_ALGO', '168114', '6797557', './input/Twitch/twitch_gamer_n_168114_m_6797557.edg', '3', 'Y', '4']' returned non-zero exit status 139.
  Running k=5, iteration 1/1...
Error running graph Twitch, variant Y, k=5: Command '['/usr/bin/time', '-f', '%U,%M', './bin/main', 'RUN_ALGO', '168114', '6797557', './input/Twitch/twitch_gamer_n_168114_m_6797557.edg', '3', 'Y', '5']' returned non-zero exit status 139.
  Running k=6, iteration 1/1...
Error running graph Twitch, variant Y, k=6: Command '['/usr/bin/time', '-f', '%U,%M', './bin/main', 'RUN_ALGO', '168114', '6797557', './input/Twitch/twitch_gamer_n_168114_m_6797557.edg', '3', 'Y', '6']' returned non-zero exit status 139.
  Running k=7, iteration 1/1...
Error running graph Twitch, variant Y, k=7: Command '['/usr/bin/time', '-f', '%U,%M', './bin/main', 'RUN_ALGO', '168114', '6797557', './input/Twitch/twitch_gamer_n_168114_m_6797557.edg', '3', 'Y', '7']' returned non-zero exit status 139.
  Running k=8, iteration 1/1...
Error running graph Twitch, variant Y, k=8: Command '['/usr/bin/time', '-f', '%U,%M', './bin/main', 'RUN_ALGO', '168114', '6797557', './input/Twitch/twitch_gamer_n_168114_m_6797557.edg', '3', 'Y', '8']' returned non-zero exit status 139.
  Running k=9, iteration 1/1...
Error running graph Twitch, variant Y, k=9: Command '['/usr/bin/time', '-f', '%U,%M', './bin/main', 'RUN_ALGO', '168114', '6797557', './input/Twitch/twitch_gamer_n_168114_m_6797557.edg', '3', 'Y', '9']' returned non-zero exit status 139.
  Running k=10, iteration 1/1...
Error running graph Twitch, variant Y, k=10: Command '['/usr/bin/time', '-f', '%U,%M', './bin/main', 'RUN_ALGO', '168114', '6797557', './input/Twitch/twitch_gamer_n_168114_m_6797557.edg', '3', 'Y', '10']' returned non-zero exit status 139.
Results for Twitch variant Y saved to ./results/real/time_memory/Twitch/run_20250122_122147/klev_Y
