
Running Belcastro for variant 0...
  Running k=1, iteration 1/1...
    Passes: 870, Time/Memory: 1770.12,8920, Output: ['870']
  Running k=2, iteration 1/1...
    Passes: 430, Time/Memory: 874.62,10200, Output: ['430']
  Running k=3, iteration 1/1...
    Passes: 277, Time/Memory: 620.24,11292, Output: ['277']
  Running k=4, iteration 1/1...
    Passes: 207, Time/Memory: 439.71,12656, Output: ['207']
  Running k=5, iteration 1/1...
    Passes: 172, Time/Memory: 351.39,13976, Output: ['172']
  Running k=6, iteration 1/1...
    Passes: 142, Time/Memory: 278.91,15184, Output: ['142']
  Running k=7, iteration 1/1...
    Passes: 128, Time/Memory: 273.61,16512, Output: ['128']
  Running k=8, iteration 1/1...
    Passes: 114, Time/Memory: 234.47,17828, Output: ['114']
  Running k=9, iteration 1/1...
    Passes: 102, Time/Memory: 220.92,19220, Output: ['102']
  Running k=10, iteration 1/1...
    Passes: 95, Time/Memory: 202.94,20504, Output: ['95']
Results for Belcastro variant 0 saved to ./results/real/time_memory/Belcastro/run_20250128_002048/kpath_0

Running Belcastro for variant 1...
  Running k=1, iteration 1/1...
    Passes: 877, Time/Memory: 1767.18,8680, Output: ['877']
  Running k=2, iteration 1/1...
    Passes: 424, Time/Memory: 859.23,10304, Output: ['424']
  Running k=3, iteration 1/1...
    Passes: 282, Time/Memory: 588.13,11276, Output: ['282']
  Running k=4, iteration 1/1...
    Passes: 212, Time/Memory: 475.53,12612, Output: ['212']
  Running k=5, iteration 1/1...
    Passes: 173, Time/Memory: 373.93,13948, Output: ['173']
  Running k=6, iteration 1/1...
    Passes: 148, Time/Memory: 307.33,15180, Output: ['148']
  Running k=7, iteration 1/1...
    Passes: 129, Time/Memory: 277.31,16496, Output: ['129']
  Running k=8, iteration 1/1...
    Passes: 114, Time/Memory: 237.88,17784, Output: ['114']
  Running k=9, iteration 1/1...
    Passes: 104, Time/Memory: 211.91,19144, Output: ['104']
  Running k=10, iteration 1/1...
    Passes: 91, Time/Memory: 191.12,20388, Output: ['91']
Results for Belcastro variant 1 saved to ./results/real/time_memory/Belcastro/run_20250128_002048/kpath_1

Running Belcastro for variant 2...
  Running k=1, iteration 1/1...
    Passes: 770, Time/Memory: 1688.19,9352, Output: ['770']
  Running k=2, iteration 1/1...
    Passes: 284, Time/Memory: 597.18,10172, Output: ['284']
  Running k=3, iteration 1/1...
    Passes: 194, Time/Memory: 424.90,11424, Output: ['194']
  Running k=4, iteration 1/1...
    Passes: 155, Time/Memory: 324.26,12436, Output: ['155']
  Running k=5, iteration 1/1...
    Passes: 128, Time/Memory: 292.15,13708, Output: ['128']
  Running k=6, iteration 1/1...
    Passes: 112, Time/Memory: 246.18,15156, Output: ['112']
  Running k=7, iteration 1/1...
    Passes: 102, Time/Memory: 230.27,16404, Output: ['102']
  Running k=8, iteration 1/1...
    Passes: 91, Time/Memory: 196.05,17612, Output: ['91']
  Running k=9, iteration 1/1...
    Passes: 83, Time/Memory: 175.58,18964, Output: ['83']
  Running k=10, iteration 1/1...
    Passes: 77, Time/Memory: 165.05,20320, Output: ['77']
Results for Belcastro variant 2 saved to ./results/real/time_memory/Belcastro/run_20250128_002048/kpath_2

Running Belcastro for variant N...
  Running k=1, iteration 1/1...
    Passes: 10, Time/Memory: 35.39,589988, Output: ['10']
  Running k=2, iteration 1/1...
    Passes: 9, Time/Memory: 33.90,420260, Output: ['9']
  Running k=3, iteration 1/1...
    Passes: 8, Time/Memory: 24.10,408036, Output: ['8']
  Running k=4, iteration 1/1...
    Passes: 8, Time/Memory: 27.09,413424, Output: ['8']
  Running k=5, iteration 1/1...
    Passes: 8, Time/Memory: 30.73,478892, Output: ['8']
  Running k=6, iteration 1/1...
    Passes: 7, Time/Memory: 25.92,357908, Output: ['7']
  Running k=7, iteration 1/1...
    Passes: 7, Time/Memory: 27.16,338032, Output: ['7']
  Running k=8, iteration 1/1...
    Passes: 7, Time/Memory: 25.87,376808, Output: ['7']
  Running k=9, iteration 1/1...
    Passes: 7, Time/Memory: 27.34,419048, Output: ['7']
  Running k=10, iteration 1/1...
    Passes: 6, Time/Memory: 22.43,436364, Output: ['6']
Results for Belcastro variant N saved to ./results/real/time_memory/Belcastro/run_20250128_002048/kpath_N

Running Belcastro for variant X...
  Running k=1, iteration 1/1...
    Passes: 424, Time/Memory: 899.56,10168, Output: ['424']
  Running k=2, iteration 1/1...
    Passes: 282, Time/Memory: 549.79,11272, Output: ['282']
  Running k=3, iteration 1/1...
    Passes: 212, Time/Memory: 467.17,12496, Output: ['212']
  Running k=4, iteration 1/1...
    Passes: 173, Time/Memory: 414.23,13880, Output: ['173']
  Running k=5, iteration 1/1...
    Passes: 148, Time/Memory: 389.77,15124, Output: ['148']
  Running k=6, iteration 1/1...
    Passes: 129, Time/Memory: 317.13,16540, Output: ['129']
  Running k=7, iteration 1/1...
    Passes: 114, Time/Memory: 303.07,17740, Output: ['114']
  Running k=8, iteration 1/1...
    Passes: 104, Time/Memory: 251.50,19232, Output: ['104']
  Running k=9, iteration 1/1...
    Passes: 91, Time/Memory: 236.77,20516, Output: ['91']
  Running k=10, iteration 1/1...
    Passes: 86, Time/Memory: 205.96,21752, Output: ['86']
Results for Belcastro variant X saved to ./results/real/time_memory/Belcastro/run_20250128_002048/kpath_X
