
Running Amazon for variant 0...
  Running k=1, iteration 1/3...
    Passes: 309, Time/Memory: 167.41,141032, Output: ['309']
  Running k=1, iteration 2/3...
    Passes: 309, Time/Memory: 194.57,140992, Output: ['309']
  Running k=1, iteration 3/3...
    Passes: 309, Time/Memory: 176.83,141048, Output: ['309']
  Running k=2, iteration 1/3...
    Passes: 107, Time/Memory: 106.76,163524, Output: ['107']
  Running k=2, iteration 2/3...
    Passes: 107, Time/Memory: 96.45,163628, Output: ['107']
  Running k=2, iteration 3/3...
    Passes: 107, Time/Memory: 109.17,163504, Output: ['107']
  Running k=3, iteration 1/3...
    Passes: 8, Time/Memory: 23.28,204320, Output: ['8']
  Running k=3, iteration 2/3...
    Passes: 8, Time/Memory: 29.79,204432, Output: ['8']
  Running k=3, iteration 3/3...
    Passes: 8, Time/Memory: 23.80,204308, Output: ['8']
  Running k=4, iteration 1/3...
    Passes: 2, Time/Memory: 0.76,224708, Output: ['2']
  Running k=4, iteration 2/3...
    Passes: 2, Time/Memory: 0.99,224736, Output: ['2']
  Running k=4, iteration 3/3...
    Passes: 2, Time/Memory: 0.78,224616, Output: ['2']
  Running k=5, iteration 1/3...
    Passes: 2, Time/Memory: 0.94,224788, Output: ['2']
  Running k=5, iteration 2/3...
    Passes: 2, Time/Memory: 0.73,224760, Output: ['2']
  Running k=5, iteration 3/3...
    Passes: 2, Time/Memory: 0.94,224764, Output: ['2']
  Running k=6, iteration 1/3...
    Passes: 2, Time/Memory: 0.87,224696, Output: ['2']
  Running k=6, iteration 2/3...
    Passes: 2, Time/Memory: 0.74,224648, Output: ['2']
  Running k=6, iteration 3/3...
    Passes: 2, Time/Memory: 0.77,224704, Output: ['2']
  Running k=7, iteration 1/3...
    Passes: 2, Time/Memory: 0.69,224696, Output: ['2']
  Running k=7, iteration 2/3...
    Passes: 2, Time/Memory: 0.77,224812, Output: ['2']
  Running k=7, iteration 3/3...
    Passes: 2, Time/Memory: 0.69,224856, Output: ['2']
  Running k=8, iteration 1/3...
    Passes: 2, Time/Memory: 0.77,224788, Output: ['2']
  Running k=8, iteration 2/3...
    Passes: 2, Time/Memory: 0.78,224852, Output: ['2']
  Running k=8, iteration 3/3...
    Passes: 2, Time/Memory: 0.70,224696, Output: ['2']
  Running k=9, iteration 1/3...
    Passes: 2, Time/Memory: 0.83,224852, Output: ['2']
  Running k=9, iteration 2/3...
    Passes: 2, Time/Memory: 0.73,224820, Output: ['2']
  Running k=9, iteration 3/3...
    Passes: 2, Time/Memory: 0.75,224760, Output: ['2']
  Running k=10, iteration 1/3...
    Passes: 2, Time/Memory: 0.70,224696, Output: ['2']
  Running k=10, iteration 2/3...
    Passes: 2, Time/Memory: 0.73,224680, Output: ['2']
  Running k=10, iteration 3/3...
    Passes: 2, Time/Memory: 0.76,224776, Output: ['2']
Results for Amazon variant 0 saved to ./results/real/time_memory/Amazon/run_20250117_121135/kpath_0

Running Amazon for variant 1...
  Running k=1, iteration 1/3...
    Passes: 322, Time/Memory: 162.97,140748, Output: ['322']
  Running k=1, iteration 2/3...
    Passes: 322, Time/Memory: 152.00,140704, Output: ['322']
  Running k=1, iteration 3/3...
    Passes: 322, Time/Memory: 172.59,140824, Output: ['322']
  Running k=2, iteration 1/3...
    Passes: 100, Time/Memory: 86.71,173744, Output: ['100']
  Running k=2, iteration 2/3...
    Passes: 100, Time/Memory: 105.47,173828, Output: ['100']
  Running k=2, iteration 3/3...
    Passes: 100, Time/Memory: 87.85,173672, Output: ['100']
  Running k=3, iteration 1/3...
    Passes: 7, Time/Memory: 37.68,204636, Output: ['7']
  Running k=3, iteration 2/3...
    Passes: 7, Time/Memory: 40.14,204704, Output: ['7']
  Running k=3, iteration 3/3...
    Passes: 7, Time/Memory: 38.20,204560, Output: ['7']
  Running k=4, iteration 1/3...
    Passes: 4, Time/Memory: 20.89,235344, Output: ['4']
  Running k=4, iteration 2/3...
    Passes: 4, Time/Memory: 26.01,235472, Output: ['4']
  Running k=4, iteration 3/3...
    Passes: 4, Time/Memory: 21.18,235372, Output: ['4']
  Running k=5, iteration 1/3...
    Passes: 1, Time/Memory: 0.50,255740, Output: ['1']
  Running k=5, iteration 2/3...
    Passes: 1, Time/Memory: 0.48,255672, Output: ['1']
  Running k=5, iteration 3/3...
    Passes: 1, Time/Memory: 0.54,255636, Output: ['1']
  Running k=6, iteration 1/3...
    Passes: 1, Time/Memory: 0.52,255580, Output: ['1']
  Running k=6, iteration 2/3...
    Passes: 1, Time/Memory: 0.47,255652, Output: ['1']
  Running k=6, iteration 3/3...
    Passes: 1, Time/Memory: 0.54,255704, Output: ['1']
  Running k=7, iteration 1/3...
    Passes: 1, Time/Memory: 0.48,255676, Output: ['1']
  Running k=7, iteration 2/3...
    Passes: 1, Time/Memory: 0.53,255568, Output: ['1']
  Running k=7, iteration 3/3...
    Passes: 1, Time/Memory: 0.50,255640, Output: ['1']
  Running k=8, iteration 1/3...
    Passes: 1, Time/Memory: 0.53,255628, Output: ['1']
  Running k=8, iteration 2/3...
    Passes: 1, Time/Memory: 0.57,255608, Output: ['1']
  Running k=8, iteration 3/3...
    Passes: 1, Time/Memory: 0.49,255712, Output: ['1']
  Running k=9, iteration 1/3...
    Passes: 1, Time/Memory: 0.58,255600, Output: ['1']
  Running k=9, iteration 2/3...
    Passes: 1, Time/Memory: 0.52,255568, Output: ['1']
  Running k=9, iteration 3/3...
    Passes: 1, Time/Memory: 0.51,255584, Output: ['1']
  Running k=10, iteration 1/3...
    Passes: 1, Time/Memory: 0.52,255644, Output: ['1']
  Running k=10, iteration 2/3...
    Passes: 1, Time/Memory: 0.55,255692, Output: ['1']
  Running k=10, iteration 3/3...
    Passes: 1, Time/Memory: 0.63,255680, Output: ['1']
Results for Amazon variant 1 saved to ./results/real/time_memory/Amazon/run_20250117_121135/kpath_1

Running Amazon for variant 2...
  Running k=1, iteration 1/3...
    Passes: 246, Time/Memory: 143.31,152348, Output: ['246']
  Running k=1, iteration 2/3...
    Passes: 246, Time/Memory: 139.97,152332, Output: ['246']
  Running k=1, iteration 3/3...
    Passes: 246, Time/Memory: 145.26,152344, Output: ['246']
  Running k=2, iteration 1/3...
    Passes: 7, Time/Memory: 30.56,181668, Output: ['7']
  Running k=2, iteration 2/3...
    Passes: 7, Time/Memory: 30.47,181664, Output: ['7']
  Running k=2, iteration 3/3...
    Passes: 7, Time/Memory: 30.49,181664, Output: ['7']
  Running k=3, iteration 1/3...
    Passes: 4, Time/Memory: 20.94,206708, Output: ['4']
  Running k=3, iteration 2/3...
    Passes: 4, Time/Memory: 21.28,206676, Output: ['4']
  Running k=3, iteration 3/3...
    Passes: 4, Time/Memory: 21.30,206612, Output: ['4']
  Running k=4, iteration 1/3...
    Passes: 1, Time/Memory: 0.63,232232, Output: ['1']
  Running k=4, iteration 2/3...
    Passes: 1, Time/Memory: 0.60,232228, Output: ['1']
  Running k=4, iteration 3/3...
    Passes: 1, Time/Memory: 0.61,232076, Output: ['1']
  Running k=5, iteration 1/3...
    Passes: 1, Time/Memory: 0.74,232232, Output: ['1']
  Running k=5, iteration 2/3...
    Passes: 1, Time/Memory: 0.59,232152, Output: ['1']
  Running k=5, iteration 3/3...
    Passes: 1, Time/Memory: 0.72,232088, Output: ['1']
  Running k=6, iteration 1/3...
    Passes: 1, Time/Memory: 0.61,232148, Output: ['1']
  Running k=6, iteration 2/3...
    Passes: 1, Time/Memory: 0.79,232092, Output: ['1']
  Running k=6, iteration 3/3...
    Passes: 1, Time/Memory: 0.58,232148, Output: ['1']
  Running k=7, iteration 1/3...
    Passes: 1, Time/Memory: 0.71,232180, Output: ['1']
  Running k=7, iteration 2/3...
    Passes: 1, Time/Memory: 0.55,232152, Output: ['1']
  Running k=7, iteration 3/3...
    Passes: 1, Time/Memory: 0.72,232216, Output: ['1']
  Running k=8, iteration 1/3...
    Passes: 1, Time/Memory: 0.75,232092, Output: ['1']
  Running k=8, iteration 2/3...
    Passes: 1, Time/Memory: 0.64,232220, Output: ['1']
  Running k=8, iteration 3/3...
    Passes: 1, Time/Memory: 0.79,232224, Output: ['1']
  Running k=9, iteration 1/3...
    Passes: 1, Time/Memory: 0.59,232204, Output: ['1']
  Running k=9, iteration 2/3...
    Passes: 1, Time/Memory: 0.63,232056, Output: ['1']
  Running k=9, iteration 3/3...
    Passes: 1, Time/Memory: 0.58,232184, Output: ['1']
  Running k=10, iteration 1/3...
    Passes: 1, Time/Memory: 0.63,232196, Output: ['1']
  Running k=10, iteration 2/3...
    Passes: 1, Time/Memory: 0.74,232128, Output: ['1']
  Running k=10, iteration 3/3...
    Passes: 1, Time/Memory: 0.58,232156, Output: ['1']
Results for Amazon variant 2 saved to ./results/real/time_memory/Amazon/run_20250117_121135/kpath_2

Running Amazon for variant N...
  Running k=1, iteration 1/3...
    Passes: 4, Time/Memory: 26.62,250104, Output: ['4']
  Running k=1, iteration 2/3...
    Passes: 4, Time/Memory: 23.48,250088, Output: ['4']
  Running k=1, iteration 3/3...
    Passes: 4, Time/Memory: 24.60,250148, Output: ['4']
  Running k=2, iteration 1/3...
    Passes: 3, Time/Memory: 7.15,201572, Output: ['3']
  Running k=2, iteration 2/3...
    Passes: 3, Time/Memory: 7.03,201620, Output: ['3']
  Running k=2, iteration 3/3...
    Passes: 3, Time/Memory: 7.01,201692, Output: ['3']
  Running k=3, iteration 1/3...
    Passes: 2, Time/Memory: 23.46,228960, Output: ['2']
  Running k=3, iteration 2/3...
    Passes: 2, Time/Memory: 20.55,228960, Output: ['2']
  Running k=3, iteration 3/3...
    Passes: 2, Time/Memory: 20.58,228960, Output: ['2']
  Running k=4, iteration 1/3...
    Passes: 1, Time/Memory: 0.60,232152, Output: ['1']
  Running k=4, iteration 2/3...
    Passes: 1, Time/Memory: 0.76,232148, Output: ['1']
  Running k=4, iteration 3/3...
    Passes: 1, Time/Memory: 0.57,232088, Output: ['1']
  Running k=5, iteration 1/3...
    Passes: 1, Time/Memory: 0.58,232184, Output: ['1']
  Running k=5, iteration 2/3...
    Passes: 1, Time/Memory: 0.74,232088, Output: ['1']
  Running k=5, iteration 3/3...
    Passes: 1, Time/Memory: 0.63,232128, Output: ['1']
  Running k=6, iteration 1/3...
    Passes: 1, Time/Memory: 0.77,232136, Output: ['1']
  Running k=6, iteration 2/3...
    Passes: 1, Time/Memory: 0.60,232216, Output: ['1']
  Running k=6, iteration 3/3...
    Passes: 1, Time/Memory: 0.70,232100, Output: ['1']
  Running k=7, iteration 1/3...
    Passes: 1, Time/Memory: 0.57,232180, Output: ['1']
  Running k=7, iteration 2/3...
    Passes: 1, Time/Memory: 0.72,232052, Output: ['1']
  Running k=7, iteration 3/3...
    Passes: 1, Time/Memory: 0.56,232136, Output: ['1']
  Running k=8, iteration 1/3...
    Passes: 1, Time/Memory: 0.72,232232, Output: ['1']
  Running k=8, iteration 2/3...
    Passes: 1, Time/Memory: 0.61,232104, Output: ['1']
  Running k=8, iteration 3/3...
    Passes: 1, Time/Memory: 0.75,232204, Output: ['1']
  Running k=9, iteration 1/3...
    Passes: 1, Time/Memory: 0.67,232148, Output: ['1']
  Running k=9, iteration 2/3...
    Passes: 1, Time/Memory: 0.73,232144, Output: ['1']
  Running k=9, iteration 3/3...
    Passes: 1, Time/Memory: 0.61,232152, Output: ['1']
  Running k=10, iteration 1/3...
    Passes: 1, Time/Memory: 0.77,232220, Output: ['1']
  Running k=10, iteration 2/3...
    Passes: 1, Time/Memory: 0.62,232104, Output: ['1']
  Running k=10, iteration 3/3...
    Passes: 1, Time/Memory: 0.78,232108, Output: ['1']
Results for Amazon variant N saved to ./results/real/time_memory/Amazon/run_20250117_121135/kpath_N

Running Amazon for variant X...
  Running k=1, iteration 1/3...
    Passes: 100, Time/Memory: 87.18,173732, Output: ['100']
  Running k=1, iteration 2/3...
    Passes: 100, Time/Memory: 86.04,173728, Output: ['100']
  Running k=1, iteration 3/3...
    Passes: 100, Time/Memory: 87.77,173844, Output: ['100']
  Running k=2, iteration 1/3...
    Passes: 7, Time/Memory: 39.56,204636, Output: ['7']
  Running k=2, iteration 2/3...
    Passes: 7, Time/Memory: 33.99,204620, Output: ['7']
  Running k=2, iteration 3/3...
    Passes: 7, Time/Memory: 33.64,204580, Output: ['7']
  Running k=3, iteration 1/3...
    Passes: 4, Time/Memory: 21.24,235412, Output: ['4']
  Running k=3, iteration 2/3...
    Passes: 4, Time/Memory: 21.05,235472, Output: ['4']
  Running k=3, iteration 3/3...
    Passes: 4, Time/Memory: 21.20,235324, Output: ['4']
  Running k=4, iteration 1/3...
    Passes: 1, Time/Memory: 0.65,255744, Output: ['1']
  Running k=4, iteration 2/3...
    Passes: 1, Time/Memory: 0.70,255644, Output: ['1']
  Running k=4, iteration 3/3...
    Passes: 1, Time/Memory: 0.51,255568, Output: ['1']
  Running k=5, iteration 1/3...
    Passes: 1, Time/Memory: 0.66,255600, Output: ['1']
  Running k=5, iteration 2/3...
    Passes: 1, Time/Memory: 0.56,255628, Output: ['1']
  Running k=5, iteration 3/3...
    Passes: 1, Time/Memory: 0.68,255628, Output: ['1']
  Running k=6, iteration 1/3...
    Passes: 1, Time/Memory: 0.56,255676, Output: ['1']
  Running k=6, iteration 2/3...
    Passes: 1, Time/Memory: 0.72,255708, Output: ['1']
  Running k=6, iteration 3/3...
    Passes: 1, Time/Memory: 0.65,255600, Output: ['1']
  Running k=7, iteration 1/3...
    Passes: 1, Time/Memory: 0.56,255720, Output: ['1']
  Running k=7, iteration 2/3...
    Passes: 1, Time/Memory: 0.67,255720, Output: ['1']
  Running k=7, iteration 3/3...
    Passes: 1, Time/Memory: 0.52,255600, Output: ['1']
  Running k=8, iteration 1/3...
    Passes: 1, Time/Memory: 0.50,255640, Output: ['1']
  Running k=8, iteration 2/3...
    Passes: 1, Time/Memory: 0.51,255644, Output: ['1']
  Running k=8, iteration 3/3...
    Passes: 1, Time/Memory: 0.52,255640, Output: ['1']
  Running k=9, iteration 1/3...
    Passes: 1, Time/Memory: 0.53,255596, Output: ['1']
  Running k=9, iteration 2/3...
    Passes: 1, Time/Memory: 0.51,255656, Output: ['1']
  Running k=9, iteration 3/3...
    Passes: 1, Time/Memory: 0.51,255596, Output: ['1']
  Running k=10, iteration 1/3...
    Passes: 1, Time/Memory: 0.54,255624, Output: ['1']
  Running k=10, iteration 2/3...
    Passes: 1, Time/Memory: 0.54,255744, Output: ['1']
  Running k=10, iteration 3/3...
    Passes: 1, Time/Memory: 0.56,255600, Output: ['1']
Results for Amazon variant X saved to ./results/real/time_memory/Amazon/run_20250117_121135/kpath_X
