
Running Amazon for variant 0...
  Running k=1, iteration 1/3...
    Passes: 309, Time/Memory: 155.75,140976, Output: ['309']
  Running k=1, iteration 2/3...
    Passes: 309, Time/Memory: 159.26,141092, Output: ['309']
  Running k=1, iteration 3/3...
    Passes: 309, Time/Memory: 148.27,141040, Output: ['309']
  Running k=2, iteration 1/3...
    Passes: 107, Time/Memory: 84.48,163528, Output: ['107']
  Running k=2, iteration 2/3...
    Passes: 107, Time/Memory: 90.68,163472, Output: ['107']
  Running k=2, iteration 3/3...
    Passes: 107, Time/Memory: 83.57,163504, Output: ['107']
  Running k=3, iteration 1/3...
    Passes: 8, Time/Memory: 23.19,204384, Output: ['8']
  Running k=3, iteration 2/3...
    Passes: 8, Time/Memory: 20.10,204376, Output: ['8']
  Running k=3, iteration 3/3...
    Passes: 8, Time/Memory: 23.02,204368, Output: ['8']
  Running k=4, iteration 1/3...
Error running graph Amazon, variant 0, k=4: Command '['/usr/bin/time', '-f', '%U,%M', './bin/main', 'RUN_ALGO', '334863', '925872', './input/Amazon/download.tsv.com-amazon/com-amazon/out.com-amazon', '2', '0', '4']' returned non-zero exit status 139.
  Running k=4, iteration 2/3...
Error running graph Amazon, variant 0, k=4: Command '['/usr/bin/time', '-f', '%U,%M', './bin/main', 'RUN_ALGO', '334863', '925872', './input/Amazon/download.tsv.com-amazon/com-amazon/out.com-amazon', '2', '0', '4']' returned non-zero exit status 139.
  Running k=4, iteration 3/3...
Error running graph Amazon, variant 0, k=4: Command '['/usr/bin/time', '-f', '%U,%M', './bin/main', 'RUN_ALGO', '334863', '925872', './input/Amazon/download.tsv.com-amazon/com-amazon/out.com-amazon', '2', '0', '4']' returned non-zero exit status 139.
  Running k=5, iteration 1/3...
Error running graph Amazon, variant 0, k=5: Command '['/usr/bin/time', '-f', '%U,%M', './bin/main', 'RUN_ALGO', '334863', '925872', './input/Amazon/download.tsv.com-amazon/com-amazon/out.com-amazon', '2', '0', '5']' returned non-zero exit status 139.
  Running k=5, iteration 2/3...
Error running graph Amazon, variant 0, k=5: Command '['/usr/bin/time', '-f', '%U,%M', './bin/main', 'RUN_ALGO', '334863', '925872', './input/Amazon/download.tsv.com-amazon/com-amazon/out.com-amazon', '2', '0', '5']' returned non-zero exit status 139.
  Running k=5, iteration 3/3...
Error running graph Amazon, variant 0, k=5: Command '['/usr/bin/time', '-f', '%U,%M', './bin/main', 'RUN_ALGO', '334863', '925872', './input/Amazon/download.tsv.com-amazon/com-amazon/out.com-amazon', '2', '0', '5']' returned non-zero exit status 139.
  Running k=6, iteration 1/3...
Error running graph Amazon, variant 0, k=6: Command '['/usr/bin/time', '-f', '%U,%M', './bin/main', 'RUN_ALGO', '334863', '925872', './input/Amazon/download.tsv.com-amazon/com-amazon/out.com-amazon', '2', '0', '6']' returned non-zero exit status 139.
  Running k=6, iteration 2/3...
Error running graph Amazon, variant 0, k=6: Command '['/usr/bin/time', '-f', '%U,%M', './bin/main', 'RUN_ALGO', '334863', '925872', './input/Amazon/download.tsv.com-amazon/com-amazon/out.com-amazon', '2', '0', '6']' returned non-zero exit status 139.
  Running k=6, iteration 3/3...
Error running graph Amazon, variant 0, k=6: Command '['/usr/bin/time', '-f', '%U,%M', './bin/main', 'RUN_ALGO', '334863', '925872', './input/Amazon/download.tsv.com-amazon/com-amazon/out.com-amazon', '2', '0', '6']' returned non-zero exit status 139.
  Running k=7, iteration 1/3...
Error running graph Amazon, variant 0, k=7: Command '['/usr/bin/time', '-f', '%U,%M', './bin/main', 'RUN_ALGO', '334863', '925872', './input/Amazon/download.tsv.com-amazon/com-amazon/out.com-amazon', '2', '0', '7']' returned non-zero exit status 139.
  Running k=7, iteration 2/3...
Error running graph Amazon, variant 0, k=7: Command '['/usr/bin/time', '-f', '%U,%M', './bin/main', 'RUN_ALGO', '334863', '925872', './input/Amazon/download.tsv.com-amazon/com-amazon/out.com-amazon', '2', '0', '7']' returned non-zero exit status 139.
  Running k=7, iteration 3/3...
Error running graph Amazon, variant 0, k=7: Command '['/usr/bin/time', '-f', '%U,%M', './bin/main', 'RUN_ALGO', '334863', '925872', './input/Amazon/download.tsv.com-amazon/com-amazon/out.com-amazon', '2', '0', '7']' returned non-zero exit status 139.
  Running k=8, iteration 1/3...
Error running graph Amazon, variant 0, k=8: Command '['/usr/bin/time', '-f', '%U,%M', './bin/main', 'RUN_ALGO', '334863', '925872', './input/Amazon/download.tsv.com-amazon/com-amazon/out.com-amazon', '2', '0', '8']' returned non-zero exit status 139.
  Running k=8, iteration 2/3...
Error running graph Amazon, variant 0, k=8: Command '['/usr/bin/time', '-f', '%U,%M', './bin/main', 'RUN_ALGO', '334863', '925872', './input/Amazon/download.tsv.com-amazon/com-amazon/out.com-amazon', '2', '0', '8']' returned non-zero exit status 139.
  Running k=8, iteration 3/3...
Error running graph Amazon, variant 0, k=8: Command '['/usr/bin/time', '-f', '%U,%M', './bin/main', 'RUN_ALGO', '334863', '925872', './input/Amazon/download.tsv.com-amazon/com-amazon/out.com-amazon', '2', '0', '8']' returned non-zero exit status 139.
  Running k=9, iteration 1/3...
Error running graph Amazon, variant 0, k=9: Command '['/usr/bin/time', '-f', '%U,%M', './bin/main', 'RUN_ALGO', '334863', '925872', './input/Amazon/download.tsv.com-amazon/com-amazon/out.com-amazon', '2', '0', '9']' returned non-zero exit status 139.
  Running k=9, iteration 2/3...
Error running graph Amazon, variant 0, k=9: Command '['/usr/bin/time', '-f', '%U,%M', './bin/main', 'RUN_ALGO', '334863', '925872', './input/Amazon/download.tsv.com-amazon/com-amazon/out.com-amazon', '2', '0', '9']' returned non-zero exit status 139.
  Running k=9, iteration 3/3...
Error running graph Amazon, variant 0, k=9: Command '['/usr/bin/time', '-f', '%U,%M', './bin/main', 'RUN_ALGO', '334863', '925872', './input/Amazon/download.tsv.com-amazon/com-amazon/out.com-amazon', '2', '0', '9']' returned non-zero exit status 139.
  Running k=10, iteration 1/3...
Error running graph Amazon, variant 0, k=10: Command '['/usr/bin/time', '-f', '%U,%M', './bin/main', 'RUN_ALGO', '334863', '925872', './input/Amazon/download.tsv.com-amazon/com-amazon/out.com-amazon', '2', '0', '10']' returned non-zero exit status 139.
  Running k=10, iteration 2/3...
Error running graph Amazon, variant 0, k=10: Command '['/usr/bin/time', '-f', '%U,%M', './bin/main', 'RUN_ALGO', '334863', '925872', './input/Amazon/download.tsv.com-amazon/com-amazon/out.com-amazon', '2', '0', '10']' returned non-zero exit status 139.
  Running k=10, iteration 3/3...
Error running graph Amazon, variant 0, k=10: Command '['/usr/bin/time', '-f', '%U,%M', './bin/main', 'RUN_ALGO', '334863', '925872', './input/Amazon/download.tsv.com-amazon/com-amazon/out.com-amazon', '2', '0', '10']' returned non-zero exit status 139.
Results for Amazon variant 0 saved to ./results/real/time_memory/Amazon/run_20250117_111934/kpath_0

Running Amazon for variant 1...
  Running k=1, iteration 1/3...
    Passes: 322, Time/Memory: 152.95,140756, Output: ['322']
  Running k=1, iteration 2/3...
    Passes: 322, Time/Memory: 157.83,140760, Output: ['322']
  Running k=1, iteration 3/3...
    Passes: 322, Time/Memory: 151.43,140860, Output: ['322']
  Running k=2, iteration 1/3...
    Passes: 100, Time/Memory: 83.65,173656, Output: ['100']
  Running k=2, iteration 2/3...
    Passes: 100, Time/Memory: 85.10,173740, Output: ['100']
  Running k=2, iteration 3/3...
    Passes: 100, Time/Memory: 80.11,173668, Output: ['100']
  Running k=3, iteration 1/3...
    Passes: 7, Time/Memory: 33.48,204736, Output: ['7']
  Running k=3, iteration 2/3...
    Passes: 7, Time/Memory: 29.70,204496, Output: ['7']
  Running k=3, iteration 3/3...
    Passes: 7, Time/Memory: 33.42,204700, Output: ['7']
  Running k=4, iteration 1/3...
    Passes: 4, Time/Memory: 18.92,235320, Output: ['4']
  Running k=4, iteration 2/3...
    Passes: 4, Time/Memory: 21.17,235488, Output: ['4']
  Running k=4, iteration 3/3...
    Passes: 4, Time/Memory: 18.99,235472, Output: ['4']
  Running k=5, iteration 1/3...
Error running graph Amazon, variant 1, k=5: Command '['/usr/bin/time', '-f', '%U,%M', './bin/main', 'RUN_ALGO', '334863', '925872', './input/Amazon/download.tsv.com-amazon/com-amazon/out.com-amazon', '2', '1', '5']' returned non-zero exit status 139.
  Running k=5, iteration 2/3...
Error running graph Amazon, variant 1, k=5: Command '['/usr/bin/time', '-f', '%U,%M', './bin/main', 'RUN_ALGO', '334863', '925872', './input/Amazon/download.tsv.com-amazon/com-amazon/out.com-amazon', '2', '1', '5']' returned non-zero exit status 139.
  Running k=5, iteration 3/3...
Error running graph Amazon, variant 1, k=5: Command '['/usr/bin/time', '-f', '%U,%M', './bin/main', 'RUN_ALGO', '334863', '925872', './input/Amazon/download.tsv.com-amazon/com-amazon/out.com-amazon', '2', '1', '5']' returned non-zero exit status 139.
  Running k=6, iteration 1/3...
Error running graph Amazon, variant 1, k=6: Command '['/usr/bin/time', '-f', '%U,%M', './bin/main', 'RUN_ALGO', '334863', '925872', './input/Amazon/download.tsv.com-amazon/com-amazon/out.com-amazon', '2', '1', '6']' returned non-zero exit status 139.
  Running k=6, iteration 2/3...
Error running graph Amazon, variant 1, k=6: Command '['/usr/bin/time', '-f', '%U,%M', './bin/main', 'RUN_ALGO', '334863', '925872', './input/Amazon/download.tsv.com-amazon/com-amazon/out.com-amazon', '2', '1', '6']' returned non-zero exit status 139.
  Running k=6, iteration 3/3...
Error running graph Amazon, variant 1, k=6: Command '['/usr/bin/time', '-f', '%U,%M', './bin/main', 'RUN_ALGO', '334863', '925872', './input/Amazon/download.tsv.com-amazon/com-amazon/out.com-amazon', '2', '1', '6']' returned non-zero exit status 139.
  Running k=7, iteration 1/3...
Error running graph Amazon, variant 1, k=7: Command '['/usr/bin/time', '-f', '%U,%M', './bin/main', 'RUN_ALGO', '334863', '925872', './input/Amazon/download.tsv.com-amazon/com-amazon/out.com-amazon', '2', '1', '7']' returned non-zero exit status 139.
  Running k=7, iteration 2/3...
Error running graph Amazon, variant 1, k=7: Command '['/usr/bin/time', '-f', '%U,%M', './bin/main', 'RUN_ALGO', '334863', '925872', './input/Amazon/download.tsv.com-amazon/com-amazon/out.com-amazon', '2', '1', '7']' returned non-zero exit status 139.
  Running k=7, iteration 3/3...
Error running graph Amazon, variant 1, k=7: Command '['/usr/bin/time', '-f', '%U,%M', './bin/main', 'RUN_ALGO', '334863', '925872', './input/Amazon/download.tsv.com-amazon/com-amazon/out.com-amazon', '2', '1', '7']' returned non-zero exit status 139.
  Running k=8, iteration 1/3...
Error running graph Amazon, variant 1, k=8: Command '['/usr/bin/time', '-f', '%U,%M', './bin/main', 'RUN_ALGO', '334863', '925872', './input/Amazon/download.tsv.com-amazon/com-amazon/out.com-amazon', '2', '1', '8']' returned non-zero exit status 139.
  Running k=8, iteration 2/3...
Error running graph Amazon, variant 1, k=8: Command '['/usr/bin/time', '-f', '%U,%M', './bin/main', 'RUN_ALGO', '334863', '925872', './input/Amazon/download.tsv.com-amazon/com-amazon/out.com-amazon', '2', '1', '8']' returned non-zero exit status 139.
  Running k=8, iteration 3/3...
Error running graph Amazon, variant 1, k=8: Command '['/usr/bin/time', '-f', '%U,%M', './bin/main', 'RUN_ALGO', '334863', '925872', './input/Amazon/download.tsv.com-amazon/com-amazon/out.com-amazon', '2', '1', '8']' returned non-zero exit status 139.
  Running k=9, iteration 1/3...
Error running graph Amazon, variant 1, k=9: Command '['/usr/bin/time', '-f', '%U,%M', './bin/main', 'RUN_ALGO', '334863', '925872', './input/Amazon/download.tsv.com-amazon/com-amazon/out.com-amazon', '2', '1', '9']' returned non-zero exit status 139.
  Running k=9, iteration 2/3...
Error running graph Amazon, variant 1, k=9: Command '['/usr/bin/time', '-f', '%U,%M', './bin/main', 'RUN_ALGO', '334863', '925872', './input/Amazon/download.tsv.com-amazon/com-amazon/out.com-amazon', '2', '1', '9']' returned non-zero exit status 139.
  Running k=9, iteration 3/3...
Error running graph Amazon, variant 1, k=9: Command '['/usr/bin/time', '-f', '%U,%M', './bin/main', 'RUN_ALGO', '334863', '925872', './input/Amazon/download.tsv.com-amazon/com-amazon/out.com-amazon', '2', '1', '9']' returned non-zero exit status 139.
  Running k=10, iteration 1/3...
Error running graph Amazon, variant 1, k=10: Command '['/usr/bin/time', '-f', '%U,%M', './bin/main', 'RUN_ALGO', '334863', '925872', './input/Amazon/download.tsv.com-amazon/com-amazon/out.com-amazon', '2', '1', '10']' returned non-zero exit status 139.
  Running k=10, iteration 2/3...
Error running graph Amazon, variant 1, k=10: Command '['/usr/bin/time', '-f', '%U,%M', './bin/main', 'RUN_ALGO', '334863', '925872', './input/Amazon/download.tsv.com-amazon/com-amazon/out.com-amazon', '2', '1', '10']' returned non-zero exit status 139.
  Running k=10, iteration 3/3...
Error running graph Amazon, variant 1, k=10: Command '['/usr/bin/time', '-f', '%U,%M', './bin/main', 'RUN_ALGO', '334863', '925872', './input/Amazon/download.tsv.com-amazon/com-amazon/out.com-amazon', '2', '1', '10']' returned non-zero exit status 139.
Results for Amazon variant 1 saved to ./results/real/time_memory/Amazon/run_20250117_111934/kpath_1

Running Amazon for variant 2...
  Running k=1, iteration 1/3...
    Passes: 246, Time/Memory: 137.14,152340, Output: ['246']
  Running k=1, iteration 2/3...
    Passes: 246, Time/Memory: 142.23,152396, Output: ['246']
  Running k=1, iteration 3/3...
    Passes: 246, Time/Memory: 143.57,152316, Output: ['246']
  Running k=2, iteration 1/3...
    Passes: 7, Time/Memory: 27.30,181596, Output: ['7']
  Running k=2, iteration 2/3...
    Passes: 7, Time/Memory: 30.43,181752, Output: ['7']
  Running k=2, iteration 3/3...
    Passes: 7, Time/Memory: 27.40,181696, Output: ['7']
  Running k=3, iteration 1/3...
    Passes: 4, Time/Memory: 20.89,206600, Output: ['4']
  Running k=3, iteration 2/3...
    Passes: 4, Time/Memory: 18.97,206604, Output: ['4']
  Running k=3, iteration 3/3...
    Passes: 4, Time/Memory: 20.79,206692, Output: ['4']
  Running k=4, iteration 1/3...
Error running graph Amazon, variant 2, k=4: Command '['/usr/bin/time', '-f', '%U,%M', './bin/main', 'RUN_ALGO', '334863', '925872', './input/Amazon/download.tsv.com-amazon/com-amazon/out.com-amazon', '2', '2', '4']' returned non-zero exit status 139.
  Running k=4, iteration 2/3...
Error running graph Amazon, variant 2, k=4: Command '['/usr/bin/time', '-f', '%U,%M', './bin/main', 'RUN_ALGO', '334863', '925872', './input/Amazon/download.tsv.com-amazon/com-amazon/out.com-amazon', '2', '2', '4']' returned non-zero exit status 139.
  Running k=4, iteration 3/3...
Error running graph Amazon, variant 2, k=4: Command '['/usr/bin/time', '-f', '%U,%M', './bin/main', 'RUN_ALGO', '334863', '925872', './input/Amazon/download.tsv.com-amazon/com-amazon/out.com-amazon', '2', '2', '4']' returned non-zero exit status 139.
  Running k=5, iteration 1/3...
Error running graph Amazon, variant 2, k=5: Command '['/usr/bin/time', '-f', '%U,%M', './bin/main', 'RUN_ALGO', '334863', '925872', './input/Amazon/download.tsv.com-amazon/com-amazon/out.com-amazon', '2', '2', '5']' returned non-zero exit status 139.
  Running k=5, iteration 2/3...
Error running graph Amazon, variant 2, k=5: Command '['/usr/bin/time', '-f', '%U,%M', './bin/main', 'RUN_ALGO', '334863', '925872', './input/Amazon/download.tsv.com-amazon/com-amazon/out.com-amazon', '2', '2', '5']' returned non-zero exit status 139.
  Running k=5, iteration 3/3...
Error running graph Amazon, variant 2, k=5: Command '['/usr/bin/time', '-f', '%U,%M', './bin/main', 'RUN_ALGO', '334863', '925872', './input/Amazon/download.tsv.com-amazon/com-amazon/out.com-amazon', '2', '2', '5']' returned non-zero exit status 139.
  Running k=6, iteration 1/3...
Error running graph Amazon, variant 2, k=6: Command '['/usr/bin/time', '-f', '%U,%M', './bin/main', 'RUN_ALGO', '334863', '925872', './input/Amazon/download.tsv.com-amazon/com-amazon/out.com-amazon', '2', '2', '6']' returned non-zero exit status 139.
  Running k=6, iteration 2/3...
Error running graph Amazon, variant 2, k=6: Command '['/usr/bin/time', '-f', '%U,%M', './bin/main', 'RUN_ALGO', '334863', '925872', './input/Amazon/download.tsv.com-amazon/com-amazon/out.com-amazon', '2', '2', '6']' returned non-zero exit status 139.
  Running k=6, iteration 3/3...
Error running graph Amazon, variant 2, k=6: Command '['/usr/bin/time', '-f', '%U,%M', './bin/main', 'RUN_ALGO', '334863', '925872', './input/Amazon/download.tsv.com-amazon/com-amazon/out.com-amazon', '2', '2', '6']' returned non-zero exit status 139.
  Running k=7, iteration 1/3...
Error running graph Amazon, variant 2, k=7: Command '['/usr/bin/time', '-f', '%U,%M', './bin/main', 'RUN_ALGO', '334863', '925872', './input/Amazon/download.tsv.com-amazon/com-amazon/out.com-amazon', '2', '2', '7']' returned non-zero exit status 139.
  Running k=7, iteration 2/3...
Error running graph Amazon, variant 2, k=7: Command '['/usr/bin/time', '-f', '%U,%M', './bin/main', 'RUN_ALGO', '334863', '925872', './input/Amazon/download.tsv.com-amazon/com-amazon/out.com-amazon', '2', '2', '7']' returned non-zero exit status 139.
  Running k=7, iteration 3/3...
Error running graph Amazon, variant 2, k=7: Command '['/usr/bin/time', '-f', '%U,%M', './bin/main', 'RUN_ALGO', '334863', '925872', './input/Amazon/download.tsv.com-amazon/com-amazon/out.com-amazon', '2', '2', '7']' returned non-zero exit status 139.
  Running k=8, iteration 1/3...
Error running graph Amazon, variant 2, k=8: Command '['/usr/bin/time', '-f', '%U,%M', './bin/main', 'RUN_ALGO', '334863', '925872', './input/Amazon/download.tsv.com-amazon/com-amazon/out.com-amazon', '2', '2', '8']' returned non-zero exit status 139.
  Running k=8, iteration 2/3...
Error running graph Amazon, variant 2, k=8: Command '['/usr/bin/time', '-f', '%U,%M', './bin/main', 'RUN_ALGO', '334863', '925872', './input/Amazon/download.tsv.com-amazon/com-amazon/out.com-amazon', '2', '2', '8']' returned non-zero exit status 139.
  Running k=8, iteration 3/3...
Error running graph Amazon, variant 2, k=8: Command '['/usr/bin/time', '-f', '%U,%M', './bin/main', 'RUN_ALGO', '334863', '925872', './input/Amazon/download.tsv.com-amazon/com-amazon/out.com-amazon', '2', '2', '8']' returned non-zero exit status 139.
  Running k=9, iteration 1/3...
Error running graph Amazon, variant 2, k=9: Command '['/usr/bin/time', '-f', '%U,%M', './bin/main', 'RUN_ALGO', '334863', '925872', './input/Amazon/download.tsv.com-amazon/com-amazon/out.com-amazon', '2', '2', '9']' returned non-zero exit status 139.
  Running k=9, iteration 2/3...
Error running graph Amazon, variant 2, k=9: Command '['/usr/bin/time', '-f', '%U,%M', './bin/main', 'RUN_ALGO', '334863', '925872', './input/Amazon/download.tsv.com-amazon/com-amazon/out.com-amazon', '2', '2', '9']' returned non-zero exit status 139.
  Running k=9, iteration 3/3...
Error running graph Amazon, variant 2, k=9: Command '['/usr/bin/time', '-f', '%U,%M', './bin/main', 'RUN_ALGO', '334863', '925872', './input/Amazon/download.tsv.com-amazon/com-amazon/out.com-amazon', '2', '2', '9']' returned non-zero exit status 139.
  Running k=10, iteration 1/3...
Error running graph Amazon, variant 2, k=10: Command '['/usr/bin/time', '-f', '%U,%M', './bin/main', 'RUN_ALGO', '334863', '925872', './input/Amazon/download.tsv.com-amazon/com-amazon/out.com-amazon', '2', '2', '10']' returned non-zero exit status 139.
  Running k=10, iteration 2/3...
Error running graph Amazon, variant 2, k=10: Command '['/usr/bin/time', '-f', '%U,%M', './bin/main', 'RUN_ALGO', '334863', '925872', './input/Amazon/download.tsv.com-amazon/com-amazon/out.com-amazon', '2', '2', '10']' returned non-zero exit status 139.
  Running k=10, iteration 3/3...
Error running graph Amazon, variant 2, k=10: Command '['/usr/bin/time', '-f', '%U,%M', './bin/main', 'RUN_ALGO', '334863', '925872', './input/Amazon/download.tsv.com-amazon/com-amazon/out.com-amazon', '2', '2', '10']' returned non-zero exit status 139.
Results for Amazon variant 2 saved to ./results/real/time_memory/Amazon/run_20250117_111934/kpath_2

Running Amazon for variant N...
  Running k=1, iteration 1/3...
    Passes: 4, Time/Memory: 21.52,250188, Output: ['4']
  Running k=1, iteration 2/3...
    Passes: 4, Time/Memory: 19.11,250244, Output: ['4']
  Running k=1, iteration 3/3...
    Passes: 4, Time/Memory: 21.41,250180, Output: ['4']
  Running k=2, iteration 1/3...
Error running graph Amazon, variant N, k=2: Command '['/usr/bin/time', '-f', '%U,%M', './bin/main', 'RUN_ALGO', '334863', '925872', './input/Amazon/download.tsv.com-amazon/com-amazon/out.com-amazon', '2', 'N', '2']' returned non-zero exit status 139.
  Running k=2, iteration 2/3...
Error running graph Amazon, variant N, k=2: Command '['/usr/bin/time', '-f', '%U,%M', './bin/main', 'RUN_ALGO', '334863', '925872', './input/Amazon/download.tsv.com-amazon/com-amazon/out.com-amazon', '2', 'N', '2']' returned non-zero exit status 139.
  Running k=2, iteration 3/3...
Error running graph Amazon, variant N, k=2: Command '['/usr/bin/time', '-f', '%U,%M', './bin/main', 'RUN_ALGO', '334863', '925872', './input/Amazon/download.tsv.com-amazon/com-amazon/out.com-amazon', '2', 'N', '2']' returned non-zero exit status 139.
  Running k=3, iteration 1/3...
    Passes: 2, Time/Memory: 20.59,228876, Output: ['2']
  Running k=3, iteration 2/3...
    Passes: 2, Time/Memory: 18.21,228928, Output: ['2']
  Running k=3, iteration 3/3...
    Passes: 2, Time/Memory: 20.41,228880, Output: ['2']
  Running k=4, iteration 1/3...
Error running graph Amazon, variant N, k=4: Command '['/usr/bin/time', '-f', '%U,%M', './bin/main', 'RUN_ALGO', '334863', '925872', './input/Amazon/download.tsv.com-amazon/com-amazon/out.com-amazon', '2', 'N', '4']' returned non-zero exit status 139.
  Running k=4, iteration 2/3...
Error running graph Amazon, variant N, k=4: Command '['/usr/bin/time', '-f', '%U,%M', './bin/main', 'RUN_ALGO', '334863', '925872', './input/Amazon/download.tsv.com-amazon/com-amazon/out.com-amazon', '2', 'N', '4']' returned non-zero exit status 139.
  Running k=4, iteration 3/3...
Error running graph Amazon, variant N, k=4: Command '['/usr/bin/time', '-f', '%U,%M', './bin/main', 'RUN_ALGO', '334863', '925872', './input/Amazon/download.tsv.com-amazon/com-amazon/out.com-amazon', '2', 'N', '4']' returned non-zero exit status 139.
  Running k=5, iteration 1/3...
Error running graph Amazon, variant N, k=5: Command '['/usr/bin/time', '-f', '%U,%M', './bin/main', 'RUN_ALGO', '334863', '925872', './input/Amazon/download.tsv.com-amazon/com-amazon/out.com-amazon', '2', 'N', '5']' returned non-zero exit status 139.
  Running k=5, iteration 2/3...
Error running graph Amazon, variant N, k=5: Command '['/usr/bin/time', '-f', '%U,%M', './bin/main', 'RUN_ALGO', '334863', '925872', './input/Amazon/download.tsv.com-amazon/com-amazon/out.com-amazon', '2', 'N', '5']' returned non-zero exit status 139.
  Running k=5, iteration 3/3...
Error running graph Amazon, variant N, k=5: Command '['/usr/bin/time', '-f', '%U,%M', './bin/main', 'RUN_ALGO', '334863', '925872', './input/Amazon/download.tsv.com-amazon/com-amazon/out.com-amazon', '2', 'N', '5']' returned non-zero exit status 139.
  Running k=6, iteration 1/3...
Error running graph Amazon, variant N, k=6: Command '['/usr/bin/time', '-f', '%U,%M', './bin/main', 'RUN_ALGO', '334863', '925872', './input/Amazon/download.tsv.com-amazon/com-amazon/out.com-amazon', '2', 'N', '6']' returned non-zero exit status 139.
  Running k=6, iteration 2/3...
Error running graph Amazon, variant N, k=6: Command '['/usr/bin/time', '-f', '%U,%M', './bin/main', 'RUN_ALGO', '334863', '925872', './input/Amazon/download.tsv.com-amazon/com-amazon/out.com-amazon', '2', 'N', '6']' returned non-zero exit status 139.
  Running k=6, iteration 3/3...
Error running graph Amazon, variant N, k=6: Command '['/usr/bin/time', '-f', '%U,%M', './bin/main', 'RUN_ALGO', '334863', '925872', './input/Amazon/download.tsv.com-amazon/com-amazon/out.com-amazon', '2', 'N', '6']' returned non-zero exit status 139.
  Running k=7, iteration 1/3...
Error running graph Amazon, variant N, k=7: Command '['/usr/bin/time', '-f', '%U,%M', './bin/main', 'RUN_ALGO', '334863', '925872', './input/Amazon/download.tsv.com-amazon/com-amazon/out.com-amazon', '2', 'N', '7']' returned non-zero exit status 139.
  Running k=7, iteration 2/3...
Error running graph Amazon, variant N, k=7: Command '['/usr/bin/time', '-f', '%U,%M', './bin/main', 'RUN_ALGO', '334863', '925872', './input/Amazon/download.tsv.com-amazon/com-amazon/out.com-amazon', '2', 'N', '7']' returned non-zero exit status 139.
  Running k=7, iteration 3/3...
Error running graph Amazon, variant N, k=7: Command '['/usr/bin/time', '-f', '%U,%M', './bin/main', 'RUN_ALGO', '334863', '925872', './input/Amazon/download.tsv.com-amazon/com-amazon/out.com-amazon', '2', 'N', '7']' returned non-zero exit status 139.
  Running k=8, iteration 1/3...
Error running graph Amazon, variant N, k=8: Command '['/usr/bin/time', '-f', '%U,%M', './bin/main', 'RUN_ALGO', '334863', '925872', './input/Amazon/download.tsv.com-amazon/com-amazon/out.com-amazon', '2', 'N', '8']' returned non-zero exit status 139.
  Running k=8, iteration 2/3...
Error running graph Amazon, variant N, k=8: Command '['/usr/bin/time', '-f', '%U,%M', './bin/main', 'RUN_ALGO', '334863', '925872', './input/Amazon/download.tsv.com-amazon/com-amazon/out.com-amazon', '2', 'N', '8']' returned non-zero exit status 139.
  Running k=8, iteration 3/3...
Error running graph Amazon, variant N, k=8: Command '['/usr/bin/time', '-f', '%U,%M', './bin/main', 'RUN_ALGO', '334863', '925872', './input/Amazon/download.tsv.com-amazon/com-amazon/out.com-amazon', '2', 'N', '8']' returned non-zero exit status 139.
  Running k=9, iteration 1/3...
Error running graph Amazon, variant N, k=9: Command '['/usr/bin/time', '-f', '%U,%M', './bin/main', 'RUN_ALGO', '334863', '925872', './input/Amazon/download.tsv.com-amazon/com-amazon/out.com-amazon', '2', 'N', '9']' returned non-zero exit status 139.
  Running k=9, iteration 2/3...
Error running graph Amazon, variant N, k=9: Command '['/usr/bin/time', '-f', '%U,%M', './bin/main', 'RUN_ALGO', '334863', '925872', './input/Amazon/download.tsv.com-amazon/com-amazon/out.com-amazon', '2', 'N', '9']' returned non-zero exit status 139.
  Running k=9, iteration 3/3...
Error running graph Amazon, variant N, k=9: Command '['/usr/bin/time', '-f', '%U,%M', './bin/main', 'RUN_ALGO', '334863', '925872', './input/Amazon/download.tsv.com-amazon/com-amazon/out.com-amazon', '2', 'N', '9']' returned non-zero exit status 139.
  Running k=10, iteration 1/3...
Error running graph Amazon, variant N, k=10: Command '['/usr/bin/time', '-f', '%U,%M', './bin/main', 'RUN_ALGO', '334863', '925872', './input/Amazon/download.tsv.com-amazon/com-amazon/out.com-amazon', '2', 'N', '10']' returned non-zero exit status 139.
  Running k=10, iteration 2/3...
Error running graph Amazon, variant N, k=10: Command '['/usr/bin/time', '-f', '%U,%M', './bin/main', 'RUN_ALGO', '334863', '925872', './input/Amazon/download.tsv.com-amazon/com-amazon/out.com-amazon', '2', 'N', '10']' returned non-zero exit status 139.
  Running k=10, iteration 3/3...
Error running graph Amazon, variant N, k=10: Command '['/usr/bin/time', '-f', '%U,%M', './bin/main', 'RUN_ALGO', '334863', '925872', './input/Amazon/download.tsv.com-amazon/com-amazon/out.com-amazon', '2', 'N', '10']' returned non-zero exit status 139.
Results for Amazon variant N saved to ./results/real/time_memory/Amazon/run_20250117_111934/kpath_N

Running Amazon for variant X...
  Running k=1, iteration 1/3...
    Passes: 100, Time/Memory: 85.91,173656, Output: ['100']
  Running k=1, iteration 2/3...
    Passes: 100, Time/Memory: 81.74,173768, Output: ['100']
  Running k=1, iteration 3/3...
    Passes: 100, Time/Memory: 86.70,173688, Output: ['100']
  Running k=2, iteration 1/3...
    Passes: 7, Time/Memory: 29.73,204540, Output: ['7']
  Running k=2, iteration 2/3...
    Passes: 7, Time/Memory: 33.34,204572, Output: ['7']
  Running k=2, iteration 3/3...
    Passes: 7, Time/Memory: 29.90,204684, Output: ['7']
  Running k=3, iteration 1/3...
    Passes: 4, Time/Memory: 21.18,235416, Output: ['4']
  Running k=3, iteration 2/3...
    Passes: 4, Time/Memory: 19.04,235332, Output: ['4']
  Running k=3, iteration 3/3...
    Passes: 4, Time/Memory: 21.17,235376, Output: ['4']
  Running k=4, iteration 1/3...
Error running graph Amazon, variant X, k=4: Command '['/usr/bin/time', '-f', '%U,%M', './bin/main', 'RUN_ALGO', '334863', '925872', './input/Amazon/download.tsv.com-amazon/com-amazon/out.com-amazon', '2', 'X', '4']' returned non-zero exit status 139.
  Running k=4, iteration 2/3...
Error running graph Amazon, variant X, k=4: Command '['/usr/bin/time', '-f', '%U,%M', './bin/main', 'RUN_ALGO', '334863', '925872', './input/Amazon/download.tsv.com-amazon/com-amazon/out.com-amazon', '2', 'X', '4']' returned non-zero exit status 139.
  Running k=4, iteration 3/3...
Error running graph Amazon, variant X, k=4: Command '['/usr/bin/time', '-f', '%U,%M', './bin/main', 'RUN_ALGO', '334863', '925872', './input/Amazon/download.tsv.com-amazon/com-amazon/out.com-amazon', '2', 'X', '4']' returned non-zero exit status 139.
  Running k=5, iteration 1/3...
Error running graph Amazon, variant X, k=5: Command '['/usr/bin/time', '-f', '%U,%M', './bin/main', 'RUN_ALGO', '334863', '925872', './input/Amazon/download.tsv.com-amazon/com-amazon/out.com-amazon', '2', 'X', '5']' returned non-zero exit status 139.
  Running k=5, iteration 2/3...
Error running graph Amazon, variant X, k=5: Command '['/usr/bin/time', '-f', '%U,%M', './bin/main', 'RUN_ALGO', '334863', '925872', './input/Amazon/download.tsv.com-amazon/com-amazon/out.com-amazon', '2', 'X', '5']' returned non-zero exit status 139.
  Running k=5, iteration 3/3...
Error running graph Amazon, variant X, k=5: Command '['/usr/bin/time', '-f', '%U,%M', './bin/main', 'RUN_ALGO', '334863', '925872', './input/Amazon/download.tsv.com-amazon/com-amazon/out.com-amazon', '2', 'X', '5']' returned non-zero exit status 139.
  Running k=6, iteration 1/3...
Error running graph Amazon, variant X, k=6: Command '['/usr/bin/time', '-f', '%U,%M', './bin/main', 'RUN_ALGO', '334863', '925872', './input/Amazon/download.tsv.com-amazon/com-amazon/out.com-amazon', '2', 'X', '6']' returned non-zero exit status 139.
  Running k=6, iteration 2/3...
Error running graph Amazon, variant X, k=6: Command '['/usr/bin/time', '-f', '%U,%M', './bin/main', 'RUN_ALGO', '334863', '925872', './input/Amazon/download.tsv.com-amazon/com-amazon/out.com-amazon', '2', 'X', '6']' returned non-zero exit status 139.
  Running k=6, iteration 3/3...
Error running graph Amazon, variant X, k=6: Command '['/usr/bin/time', '-f', '%U,%M', './bin/main', 'RUN_ALGO', '334863', '925872', './input/Amazon/download.tsv.com-amazon/com-amazon/out.com-amazon', '2', 'X', '6']' returned non-zero exit status 139.
  Running k=7, iteration 1/3...
Error running graph Amazon, variant X, k=7: Command '['/usr/bin/time', '-f', '%U,%M', './bin/main', 'RUN_ALGO', '334863', '925872', './input/Amazon/download.tsv.com-amazon/com-amazon/out.com-amazon', '2', 'X', '7']' returned non-zero exit status 139.
  Running k=7, iteration 2/3...
Error running graph Amazon, variant X, k=7: Command '['/usr/bin/time', '-f', '%U,%M', './bin/main', 'RUN_ALGO', '334863', '925872', './input/Amazon/download.tsv.com-amazon/com-amazon/out.com-amazon', '2', 'X', '7']' returned non-zero exit status 139.
  Running k=7, iteration 3/3...
Error running graph Amazon, variant X, k=7: Command '['/usr/bin/time', '-f', '%U,%M', './bin/main', 'RUN_ALGO', '334863', '925872', './input/Amazon/download.tsv.com-amazon/com-amazon/out.com-amazon', '2', 'X', '7']' returned non-zero exit status 139.
  Running k=8, iteration 1/3...
Error running graph Amazon, variant X, k=8: Command '['/usr/bin/time', '-f', '%U,%M', './bin/main', 'RUN_ALGO', '334863', '925872', './input/Amazon/download.tsv.com-amazon/com-amazon/out.com-amazon', '2', 'X', '8']' returned non-zero exit status 139.
  Running k=8, iteration 2/3...
Error running graph Amazon, variant X, k=8: Command '['/usr/bin/time', '-f', '%U,%M', './bin/main', 'RUN_ALGO', '334863', '925872', './input/Amazon/download.tsv.com-amazon/com-amazon/out.com-amazon', '2', 'X', '8']' returned non-zero exit status 139.
  Running k=8, iteration 3/3...
Error running graph Amazon, variant X, k=8: Command '['/usr/bin/time', '-f', '%U,%M', './bin/main', 'RUN_ALGO', '334863', '925872', './input/Amazon/download.tsv.com-amazon/com-amazon/out.com-amazon', '2', 'X', '8']' returned non-zero exit status 139.
  Running k=9, iteration 1/3...
Error running graph Amazon, variant X, k=9: Command '['/usr/bin/time', '-f', '%U,%M', './bin/main', 'RUN_ALGO', '334863', '925872', './input/Amazon/download.tsv.com-amazon/com-amazon/out.com-amazon', '2', 'X', '9']' returned non-zero exit status 139.
  Running k=9, iteration 2/3...
Error running graph Amazon, variant X, k=9: Command '['/usr/bin/time', '-f', '%U,%M', './bin/main', 'RUN_ALGO', '334863', '925872', './input/Amazon/download.tsv.com-amazon/com-amazon/out.com-amazon', '2', 'X', '9']' returned non-zero exit status 139.
  Running k=9, iteration 3/3...
Error running graph Amazon, variant X, k=9: Command '['/usr/bin/time', '-f', '%U,%M', './bin/main', 'RUN_ALGO', '334863', '925872', './input/Amazon/download.tsv.com-amazon/com-amazon/out.com-amazon', '2', 'X', '9']' returned non-zero exit status 139.
  Running k=10, iteration 1/3...
Error running graph Amazon, variant X, k=10: Command '['/usr/bin/time', '-f', '%U,%M', './bin/main', 'RUN_ALGO', '334863', '925872', './input/Amazon/download.tsv.com-amazon/com-amazon/out.com-amazon', '2', 'X', '10']' returned non-zero exit status 139.
  Running k=10, iteration 2/3...
Error running graph Amazon, variant X, k=10: Command '['/usr/bin/time', '-f', '%U,%M', './bin/main', 'RUN_ALGO', '334863', '925872', './input/Amazon/download.tsv.com-amazon/com-amazon/out.com-amazon', '2', 'X', '10']' returned non-zero exit status 139.
  Running k=10, iteration 3/3...
Error running graph Amazon, variant X, k=10: Command '['/usr/bin/time', '-f', '%U,%M', './bin/main', 'RUN_ALGO', '334863', '925872', './input/Amazon/download.tsv.com-amazon/com-amazon/out.com-amazon', '2', 'X', '10']' returned non-zero exit status 139.
Results for Amazon variant X saved to ./results/real/time_memory/Amazon/run_20250117_111934/kpath_X
