
Running AsCaida for variant 0...
  Running k=1, iteration 1/1...
    Passes: 43, Time/Memory: 1.43,13288, Output: ['43']
  Running k=2, iteration 1/1...
    Passes: 8, Time/Memory: 0.92,15836, Output: ['8']
  Running k=3, iteration 1/1...
    Passes: 3, Time/Memory: 0.74,18576, Output: ['3']
  Running k=4, iteration 1/1...
    Passes: 2, Time/Memory: 0.03,18276, Output: ['2']
  Running k=5, iteration 1/1...
    Passes: 2, Time/Memory: 0.04,18224, Output: ['2']
  Running k=6, iteration 1/1...
    Passes: 2, Time/Memory: 0.03,18344, Output: ['2']
  Running k=7, iteration 1/1...
    Passes: 2, Time/Memory: 0.04,18208, Output: ['2']
  Running k=8, iteration 1/1...
    Passes: 2, Time/Memory: 0.03,18364, Output: ['2']
  Running k=9, iteration 1/1...
    Passes: 2, Time/Memory: 0.03,18344, Output: ['2']
  Running k=10, iteration 1/1...
    Passes: 2, Time/Memory: 0.03,18212, Output: ['2']
Results for AsCaida variant 0 saved to ./results/real/time_memory/AsCaida/run_20250125_150527/kpath_0

Running AsCaida for variant 1...
  Running k=1, iteration 1/1...
    Passes: 38, Time/Memory: 1.46,13412, Output: ['38']
  Running k=2, iteration 1/1...
    Passes: 9, Time/Memory: 0.96,15972, Output: ['9']
  Running k=3, iteration 1/1...
    Passes: 2, Time/Memory: 0.37,18344, Output: ['2']
  Running k=4, iteration 1/1...
    Passes: 2, Time/Memory: 0.73,20976, Output: ['2']
  Running k=5, iteration 1/1...
    Passes: 1, Time/Memory: 0.02,20580, Output: ['1']
  Running k=6, iteration 1/1...
    Passes: 1, Time/Memory: 0.01,20596, Output: ['1']
  Running k=7, iteration 1/1...
    Passes: 1, Time/Memory: 0.03,20756, Output: ['1']
  Running k=8, iteration 1/1...
    Passes: 1, Time/Memory: 0.02,20648, Output: ['1']
  Running k=9, iteration 1/1...
    Passes: 1, Time/Memory: 0.02,20584, Output: ['1']
  Running k=10, iteration 1/1...
    Passes: 1, Time/Memory: 0.02,20740, Output: ['1']
Results for AsCaida variant 1 saved to ./results/real/time_memory/AsCaida/run_20250125_150527/kpath_1

Running AsCaida for variant 2...
  Running k=1, iteration 1/1...
    Passes: 37, Time/Memory: 1.41,14772, Output: ['37']
  Running k=2, iteration 1/1...
    Passes: 2, Time/Memory: 0.37,15556, Output: ['2']
  Running k=3, iteration 1/1...
    Passes: 2, Time/Memory: 0.75,18484, Output: ['2']
  Running k=4, iteration 1/1...
    Passes: 1, Time/Memory: 0.02,18756, Output: ['1']
  Running k=5, iteration 1/1...
    Passes: 1, Time/Memory: 0.03,18756, Output: ['1']
  Running k=6, iteration 1/1...
    Passes: 1, Time/Memory: 0.03,18752, Output: ['1']
  Running k=7, iteration 1/1...
    Passes: 1, Time/Memory: 0.03,18744, Output: ['1']
  Running k=8, iteration 1/1...
    Passes: 1, Time/Memory: 0.03,18804, Output: ['1']
  Running k=9, iteration 1/1...
    Passes: 1, Time/Memory: 0.02,18836, Output: ['1']
  Running k=10, iteration 1/1...
    Passes: 1, Time/Memory: 0.03,18804, Output: ['1']
Results for AsCaida variant 2 saved to ./results/real/time_memory/AsCaida/run_20250125_150527/kpath_2

Running AsCaida for variant N...
  Running k=1, iteration 1/1...
    Passes: 3, Time/Memory: 0.75,21244, Output: ['3']
  Running k=2, iteration 1/1...
    Passes: 2, Time/Memory: 0.39,17224, Output: ['2']
  Running k=3, iteration 1/1...
    Passes: 2, Time/Memory: 0.76,20328, Output: ['2']
  Running k=4, iteration 1/1...
    Passes: 1, Time/Memory: 0.02,18900, Output: ['1']
  Running k=5, iteration 1/1...
    Passes: 1, Time/Memory: 0.02,18888, Output: ['1']
  Running k=6, iteration 1/1...
    Passes: 1, Time/Memory: 0.03,18804, Output: ['1']
  Running k=7, iteration 1/1...
    Passes: 1, Time/Memory: 0.03,18804, Output: ['1']
  Running k=8, iteration 1/1...
    Passes: 1, Time/Memory: 0.02,18756, Output: ['1']
  Running k=9, iteration 1/1...
    Passes: 1, Time/Memory: 0.02,18784, Output: ['1']
  Running k=10, iteration 1/1...
    Passes: 1, Time/Memory: 0.03,18788, Output: ['1']
Results for AsCaida variant N saved to ./results/real/time_memory/AsCaida/run_20250125_150527/kpath_N

Running AsCaida for variant X...
  Running k=1, iteration 1/1...
    Passes: 9, Time/Memory: 0.99,15848, Output: ['9']
  Running k=2, iteration 1/1...
    Passes: 2, Time/Memory: 0.38,18344, Output: ['2']
  Running k=3, iteration 1/1...
    Passes: 2, Time/Memory: 0.76,20836, Output: ['2']
  Running k=4, iteration 1/1...
    Passes: 1, Time/Memory: 0.03,20576, Output: ['1']
  Running k=5, iteration 1/1...
    Passes: 1, Time/Memory: 0.02,20656, Output: ['1']
  Running k=6, iteration 1/1...
    Passes: 1, Time/Memory: 0.03,20680, Output: ['1']
  Running k=7, iteration 1/1...
    Passes: 1, Time/Memory: 0.02,20736, Output: ['1']
  Running k=8, iteration 1/1...
    Passes: 1, Time/Memory: 0.02,20632, Output: ['1']
  Running k=9, iteration 1/1...
    Passes: 1, Time/Memory: 0.03,20708, Output: ['1']
  Running k=10, iteration 1/1...
    Passes: 1, Time/Memory: 0.02,20736, Output: ['1']
Results for AsCaida variant X saved to ./results/real/time_memory/AsCaida/run_20250125_150527/kpath_X
