
Running AsCaida for variant 0...
  Running k=1, iteration 1/1...
    Passes: 1, Time/Memory: 0.00,10500, Output: ['1']
  Running k=2, iteration 1/1...
    Passes: 1, Time/Memory: 0.00,10564, Output: ['1']
  Running k=3, iteration 1/1...
    Passes: 1, Time/Memory: 0.00,10536, Output: ['1']
  Running k=4, iteration 1/1...
    Passes: 1, Time/Memory: 0.00,10564, Output: ['1']
  Running k=5, iteration 1/1...
    Passes: 1, Time/Memory: 0.00,10504, Output: ['1']
  Running k=6, iteration 1/1...
    Passes: 1, Time/Memory: 0.00,10588, Output: ['1']
  Running k=7, iteration 1/1...
    Passes: 1, Time/Memory: 0.00,10564, Output: ['1']
  Running k=8, iteration 1/1...
    Passes: 1, Time/Memory: 0.00,10504, Output: ['1']
  Running k=9, iteration 1/1...
    Passes: 1, Time/Memory: 0.00,10508, Output: ['1']
  Running k=10, iteration 1/1...
    Passes: 1, Time/Memory: 0.00,10460, Output: ['1']
Results for AsCaida variant 0 saved to ./results/real/time_memory/AsCaida/run_20250125_143940/klev_0

Running AsCaida for variant 1...
  Running k=1, iteration 1/1...
    Passes: 1, Time/Memory: 0.00,10064, Output: ['1']
  Running k=2, iteration 1/1...
    Passes: 1, Time/Memory: 0.01,10048, Output: ['1']
  Running k=3, iteration 1/1...
    Passes: 1, Time/Memory: 0.00,10112, Output: ['1']
  Running k=4, iteration 1/1...
    Passes: 1, Time/Memory: 0.00,10036, Output: ['1']
  Running k=5, iteration 1/1...
    Passes: 1, Time/Memory: 0.00,10116, Output: ['1']
  Running k=6, iteration 1/1...
    Passes: 1, Time/Memory: 0.00,9932, Output: ['1']
  Running k=7, iteration 1/1...
    Passes: 1, Time/Memory: 0.00,10068, Output: ['1']
  Running k=8, iteration 1/1...
    Passes: 1, Time/Memory: 0.00,10132, Output: ['1']
  Running k=9, iteration 1/1...
    Passes: 1, Time/Memory: 0.00,9912, Output: ['1']
  Running k=10, iteration 1/1...
    Passes: 1, Time/Memory: 0.01,10008, Output: ['1']
Results for AsCaida variant 1 saved to ./results/real/time_memory/AsCaida/run_20250125_143940/klev_1

Running AsCaida for variant 2...
  Running k=1, iteration 1/1...
    Passes: 1, Time/Memory: 0.00,9936, Output: ['1']
  Running k=2, iteration 1/1...
    Passes: 1, Time/Memory: 0.01,9980, Output: ['1']
  Running k=3, iteration 1/1...
    Passes: 1, Time/Memory: 0.00,9932, Output: ['1']
  Running k=4, iteration 1/1...
    Passes: 1, Time/Memory: 0.00,9968, Output: ['1']
  Running k=5, iteration 1/1...
    Passes: 1, Time/Memory: 0.00,9976, Output: ['1']
  Running k=6, iteration 1/1...
    Passes: 1, Time/Memory: 0.00,9932, Output: ['1']
  Running k=7, iteration 1/1...
    Passes: 1, Time/Memory: 0.00,10128, Output: ['1']
  Running k=8, iteration 1/1...
    Passes: 1, Time/Memory: 0.00,9992, Output: ['1']
  Running k=9, iteration 1/1...
    Passes: 1, Time/Memory: 0.00,10048, Output: ['1']
  Running k=10, iteration 1/1...
    Passes: 1, Time/Memory: 0.00,9976, Output: ['1']
Results for AsCaida variant 2 saved to ./results/real/time_memory/AsCaida/run_20250125_143940/klev_2

Running AsCaida for variant N...
  Running k=1, iteration 1/1...
    Passes: 1, Time/Memory: 0.00,10128, Output: ['1']
  Running k=2, iteration 1/1...
    Passes: 1, Time/Memory: 0.01,10140, Output: ['1']
  Running k=3, iteration 1/1...
    Passes: 1, Time/Memory: 0.00,9936, Output: ['1']
  Running k=4, iteration 1/1...
    Passes: 1, Time/Memory: 0.00,9984, Output: ['1']
  Running k=5, iteration 1/1...
    Passes: 1, Time/Memory: 0.00,10024, Output: ['1']
  Running k=6, iteration 1/1...
    Passes: 1, Time/Memory: 0.00,9988, Output: ['1']
  Running k=7, iteration 1/1...
    Passes: 1, Time/Memory: 0.00,10136, Output: ['1']
  Running k=8, iteration 1/1...
    Passes: 1, Time/Memory: 0.00,10044, Output: ['1']
  Running k=9, iteration 1/1...
    Passes: 1, Time/Memory: 0.01,10104, Output: ['1']
  Running k=10, iteration 1/1...
    Passes: 1, Time/Memory: 0.00,10036, Output: ['1']
Results for AsCaida variant N saved to ./results/real/time_memory/AsCaida/run_20250125_143940/klev_N

Running AsCaida for variant X...
  Running k=1, iteration 1/1...
    Passes: 1, Time/Memory: 0.00,9720, Output: ['1']
  Running k=2, iteration 1/1...
    Passes: 1, Time/Memory: 0.00,9620, Output: ['1']
  Running k=3, iteration 1/1...
    Passes: 1, Time/Memory: 0.00,9696, Output: ['1']
  Running k=4, iteration 1/1...
    Passes: 1, Time/Memory: 0.01,9784, Output: ['1']
  Running k=5, iteration 1/1...
    Passes: 1, Time/Memory: 0.00,9660, Output: ['1']
  Running k=6, iteration 1/1...
    Passes: 1, Time/Memory: 0.01,9720, Output: ['1']
  Running k=7, iteration 1/1...
    Passes: 1, Time/Memory: 0.01,9872, Output: ['1']
  Running k=8, iteration 1/1...
    Passes: 1, Time/Memory: 0.01,9664, Output: ['1']
  Running k=9, iteration 1/1...
    Passes: 1, Time/Memory: 0.00,9748, Output: ['1']
  Running k=10, iteration 1/1...
    Passes: 1, Time/Memory: 0.01,9848, Output: ['1']
Results for AsCaida variant X saved to ./results/real/time_memory/AsCaida/run_20250125_143940/klev_X

Running AsCaida for variant Y...
  Running k=1, iteration 1/1...
    Passes: 1, Time/Memory: 0.01,9992, Output: ['1']
  Running k=2, iteration 1/1...
    Passes: 1, Time/Memory: 0.00,9932, Output: ['1']
  Running k=3, iteration 1/1...
    Passes: 1, Time/Memory: 0.00,10116, Output: ['1']
  Running k=4, iteration 1/1...
    Passes: 1, Time/Memory: 0.00,9980, Output: ['1']
  Running k=5, iteration 1/1...
    Passes: 1, Time/Memory: 0.00,10108, Output: ['1']
  Running k=6, iteration 1/1...
    Passes: 1, Time/Memory: 0.00,10112, Output: ['1']
  Running k=7, iteration 1/1...
    Passes: 1, Time/Memory: 0.00,9992, Output: ['1']
  Running k=8, iteration 1/1...
    Passes: 1, Time/Memory: 0.00,9976, Output: ['1']
  Running k=9, iteration 1/1...
    Passes: 1, Time/Memory: 0.00,9964, Output: ['1']
  Running k=10, iteration 1/1...
    Passes: 1, Time/Memory: 0.00,9932, Output: ['1']
Results for AsCaida variant Y saved to ./results/real/time_memory/AsCaida/run_20250125_143940/klev_Y
