Running experiments with 1000 iterations, varying N from 10 to 10,000 and seed token 1729
Running kpath variant 0 with N=10, sparsity=2, seed=1729...
      Average Passes: 2.0, Time/Memory: 0.01,3984
Running kpath variant N with N=10, sparsity=2, seed=1729...
      Average Passes: 1.0, Time/Memory: 0.01,3976
Running klev variant 0 with N=10, sparsity=2, seed=1729...
      Average Passes: 2.0, Time/Memory: 0.02,3976
Running klev variant N with N=10, sparsity=2, seed=1729...
      Average Passes: 1.0, Time/Memory: 0.01,4024
Running kpath variant 0 with N=20, sparsity=2, seed=1729...
      Average Passes: 2.0, Time/Memory: 0.04,3916
Running kpath variant N with N=20, sparsity=2, seed=1729...
      Average Passes: 1.0, Time/Memory: 0.03,4004
Running klev variant 0 with N=20, sparsity=2, seed=1729...
      Average Passes: 3.0, Time/Memory: 0.07,3976
Running klev variant N with N=20, sparsity=2, seed=1729...
      Average Passes: 1.0, Time/Memory: 0.04,3928
Running kpath variant 0 with N=30, sparsity=2, seed=1729...
      Average Passes: 2.0, Time/Memory: 0.09,3932
Running kpath variant N with N=30, sparsity=2, seed=1729...
      Average Passes: 1.0, Time/Memory: 0.06,3924
Running klev variant 0 with N=30, sparsity=2, seed=1729...
      Average Passes: 3.06, Time/Memory: 0.13,3800
Running klev variant N with N=30, sparsity=2, seed=1729...
      Average Passes: 1.0, Time/Memory: 0.06,3888
Running kpath variant 0 with N=40, sparsity=2, seed=1729...
      Average Passes: 2.0, Time/Memory: 0.12,3892
Running kpath variant N with N=40, sparsity=2, seed=1729...
      Average Passes: 1.0, Time/Memory: 0.08,4180
Running klev variant 0 with N=40, sparsity=2, seed=1729...
      Average Passes: 3.07, Time/Memory: 0.17,3896
Running klev variant N with N=40, sparsity=2, seed=1729...
      Average Passes: 1.0, Time/Memory: 0.09,4024
Running kpath variant 0 with N=50, sparsity=2, seed=1729...
      Average Passes: 2.0, Time/Memory: 0.15,4016
Running kpath variant N with N=50, sparsity=2, seed=1729...
      Average Passes: 1.0, Time/Memory: 0.11,3928
Running klev variant 0 with N=50, sparsity=2, seed=1729...
      Average Passes: 3.09, Time/Memory: 0.24,3916
Running klev variant N with N=50, sparsity=2, seed=1729...
      Average Passes: 1.0, Time/Memory: 0.13,3948
Running kpath variant 0 with N=60, sparsity=2, seed=1729...
      Average Passes: 2.0, Time/Memory: 0.17,3852
Running kpath variant N with N=60, sparsity=2, seed=1729...
      Average Passes: 1.0, Time/Memory: 0.12,4208
Running klev variant 0 with N=60, sparsity=2, seed=1729...
      Average Passes: 3.12, Time/Memory: 0.29,4000
Running klev variant N with N=60, sparsity=2, seed=1729...
      Average Passes: 1.0, Time/Memory: 0.15,3948
Running kpath variant 0 with N=70, sparsity=2, seed=1729...
      Average Passes: 2.0, Time/Memory: 0.21,3864
Running kpath variant N with N=70, sparsity=2, seed=1729...
      Average Passes: 1.0, Time/Memory: 0.15,3868
Running klev variant 0 with N=70, sparsity=2, seed=1729...
      Average Passes: 3.16, Time/Memory: 0.36,3820
Running klev variant N with N=70, sparsity=2, seed=1729...
      Average Passes: 1.0, Time/Memory: 0.18,4196
Running kpath variant 0 with N=80, sparsity=2, seed=1729...
      Average Passes: 2.0, Time/Memory: 0.25,3992
Running kpath variant N with N=80, sparsity=2, seed=1729...
      Average Passes: 1.0, Time/Memory: 0.18,3996
Running klev variant 0 with N=80, sparsity=2, seed=1729...
      Average Passes: 3.16, Time/Memory: 0.40,4008
Running klev variant N with N=80, sparsity=2, seed=1729...
      Average Passes: 1.0, Time/Memory: 0.22,3972
Running kpath variant 0 with N=90, sparsity=2, seed=1729...
      Average Passes: 2.0, Time/Memory: 0.30,4000
Running kpath variant N with N=90, sparsity=2, seed=1729...
      Average Passes: 1.0, Time/Memory: 0.20,4004
Running klev variant 0 with N=90, sparsity=2, seed=1729...
      Average Passes: 3.19, Time/Memory: 0.48,4032
Running klev variant N with N=90, sparsity=2, seed=1729...
      Average Passes: 1.0, Time/Memory: 0.25,3944
Running kpath variant 0 with N=100, sparsity=2, seed=1729...
      Average Passes: 2.0, Time/Memory: 0.34,3960
Running kpath variant N with N=100, sparsity=2, seed=1729...
      Average Passes: 1.0, Time/Memory: 0.23,4104
Running klev variant 0 with N=100, sparsity=2, seed=1729...
      Average Passes: 3.24, Time/Memory: 0.54,4048
Running klev variant N with N=100, sparsity=2, seed=1729...
      Average Passes: 1.0, Time/Memory: 0.29,4100
Running kpath variant 0 with N=150, sparsity=2, seed=1729...
      Average Passes: 2.0, Time/Memory: 0.58,4160
Running kpath variant N with N=150, sparsity=2, seed=1729...
      Average Passes: 1.0, Time/Memory: 0.38,3976
Running klev variant 0 with N=150, sparsity=2, seed=1729...
      Average Passes: 3.35, Time/Memory: 0.95,4064
Running klev variant N with N=150, sparsity=2, seed=1729...
      Average Passes: 1.0, Time/Memory: 0.49,4276
Running kpath variant 0 with N=200, sparsity=2, seed=1729...
      Average Passes: 2.0, Time/Memory: 0.76,4276
Running kpath variant N with N=200, sparsity=2, seed=1729...
      Average Passes: 1.0, Time/Memory: 0.54,4168
Running klev variant 0 with N=200, sparsity=2, seed=1729...
      Average Passes: 3.4, Time/Memory: 1.35,3888
Running klev variant N with N=200, sparsity=2, seed=1729...
      Average Passes: 1.0, Time/Memory: 0.69,4036
Running kpath variant 0 with N=250, sparsity=2, seed=1729...
      Average Passes: 2.0, Time/Memory: 0.95,4288
Running kpath variant N with N=250, sparsity=2, seed=1729...
      Average Passes: 1.0, Time/Memory: 0.69,4316
Running klev variant 0 with N=250, sparsity=2, seed=1729...
      Average Passes: 3.44, Time/Memory: 1.83,4112
Running klev variant N with N=250, sparsity=2, seed=1729...
      Average Passes: 1.0, Time/Memory: 0.92,4228
Running kpath variant 0 with N=300, sparsity=2, seed=1729...
      Average Passes: 2.0, Time/Memory: 1.23,4292
Running kpath variant N with N=300, sparsity=2, seed=1729...
      Average Passes: 1.0, Time/Memory: 0.84,4252
Running klev variant 0 with N=300, sparsity=2, seed=1729...
      Average Passes: 3.51, Time/Memory: 2.35,4068
Running klev variant N with N=300, sparsity=2, seed=1729...
      Average Passes: 1.0, Time/Memory: 1.16,4204
Running kpath variant 0 with N=350, sparsity=2, seed=1729...
      Average Passes: 2.0, Time/Memory: 1.52,4452
Running kpath variant N with N=350, sparsity=2, seed=1729...
      Average Passes: 1.0, Time/Memory: 0.89,4260
Running klev variant 0 with N=350, sparsity=2, seed=1729...
      Average Passes: 3.54, Time/Memory: 3.10,4320
Running klev variant N with N=350, sparsity=2, seed=1729...
      Average Passes: 1.0, Time/Memory: 1.24,4116
Running kpath variant 0 with N=400, sparsity=2, seed=1729...
      Average Passes: 2.0, Time/Memory: 1.92,4416
Running kpath variant N with N=400, sparsity=2, seed=1729...
      Average Passes: 1.0, Time/Memory: 1.07,4168
Running klev variant 0 with N=400, sparsity=2, seed=1729...
      Average Passes: 3.62, Time/Memory: 3.69,4112
Running klev variant N with N=400, sparsity=2, seed=1729...
      Average Passes: 1.0, Time/Memory: 1.45,4148
Running kpath variant 0 with N=450, sparsity=2, seed=1729...
      Average Passes: 2.0, Time/Memory: 2.19,4484
Running kpath variant N with N=450, sparsity=2, seed=1729...
      Average Passes: 1.0, Time/Memory: 1.25,4288
Running klev variant 0 with N=450, sparsity=2, seed=1729...
      Average Passes: 3.63, Time/Memory: 4.20,4216
Running klev variant N with N=450, sparsity=2, seed=1729...
      Average Passes: 1.0, Time/Memory: 1.70,4424
Running kpath variant 0 with N=500, sparsity=2, seed=1729...
      Average Passes: 2.0, Time/Memory: 2.51,4684
Running kpath variant N with N=500, sparsity=2, seed=1729...
      Average Passes: 1.0, Time/Memory: 1.27,4312
Running klev variant 0 with N=500, sparsity=2, seed=1729...
      Average Passes: 3.66, Time/Memory: 4.95,4132
Running klev variant N with N=500, sparsity=2, seed=1729...
      Average Passes: 1.0, Time/Memory: 1.95,4432
Running kpath variant 0 with N=600, sparsity=2, seed=1729...
      Average Passes: 3.0, Time/Memory: 4.44,4612
Running kpath variant N with N=600, sparsity=2, seed=1729...
      Average Passes: 2.0, Time/Memory: 3.00,4844
Running klev variant 0 with N=600, sparsity=2, seed=1729...
      Average Passes: 3.67, Time/Memory: 6.06,4220
Running klev variant N with N=600, sparsity=2, seed=1729...
      Average Passes: 1.0, Time/Memory: 2.55,4488
Running kpath variant 0 with N=700, sparsity=2, seed=1729...
      Average Passes: 3.0, Time/Memory: 5.19,4948
Running kpath variant N with N=700, sparsity=2, seed=1729...
      Average Passes: 2.0, Time/Memory: 3.60,4848
Running klev variant 0 with N=700, sparsity=2, seed=1729...
      Average Passes: 3.74, Time/Memory: 6.54,4356
Running klev variant N with N=700, sparsity=2, seed=1729...
      Average Passes: 1.0, Time/Memory: 2.96,4596
Running kpath variant 0 with N=800, sparsity=2, seed=1729...
      Average Passes: 3.0, Time/Memory: 6.08,5076
Running kpath variant N with N=800, sparsity=2, seed=1729...
      Average Passes: 2.0, Time/Memory: 4.05,5020
Running klev variant 0 with N=800, sparsity=2, seed=1729...
      Average Passes: 3.78, Time/Memory: 8.40,4224
Running klev variant N with N=800, sparsity=2, seed=1729...
      Average Passes: 1.0, Time/Memory: 3.52,4712
Running kpath variant 0 with N=900, sparsity=2, seed=1729...
      Average Passes: 3.0, Time/Memory: 6.82,5112
Running kpath variant N with N=900, sparsity=2, seed=1729...
      Average Passes: 2.0, Time/Memory: 4.77,5188
Running klev variant 0 with N=900, sparsity=2, seed=1729...
      Average Passes: 3.81, Time/Memory: 10.29,4456
Running klev variant N with N=900, sparsity=2, seed=1729...
      Average Passes: 1.0, Time/Memory: 4.15,4668
Running kpath variant 0 with N=1000, sparsity=2, seed=1729...
      Average Passes: 3.0, Time/Memory: 7.54,5156
Running kpath variant N with N=1000, sparsity=2, seed=1729...
      Average Passes: 2.0, Time/Memory: 5.42,5332
Running klev variant 0 with N=1000, sparsity=2, seed=1729...
      Average Passes: 3.84, Time/Memory: 10.78,4436
Running klev variant N with N=1000, sparsity=2, seed=1729...
      Average Passes: 1.0, Time/Memory: 4.68,4684
Running kpath variant 0 with N=1200, sparsity=2, seed=1729...
      Average Passes: 3.0, Time/Memory: 8.93,5676
Running kpath variant N with N=1200, sparsity=2, seed=1729...
      Average Passes: 2.0, Time/Memory: 7.27,5584
Running klev variant 0 with N=1200, sparsity=2, seed=1729...
      Average Passes: 3.86, Time/Memory: 13.01,4540
Running klev variant N with N=1200, sparsity=2, seed=1729...
      Average Passes: 1.0, Time/Memory: 6.51,5004
Running kpath variant 0 with N=1400, sparsity=2, seed=1729...
      Average Passes: 3.0, Time/Memory: 10.59,5900
Running kpath variant N with N=1400, sparsity=2, seed=1729...
      Average Passes: 2.0, Time/Memory: 7.69,5980
Running klev variant 0 with N=1400, sparsity=2, seed=1729...
      Average Passes: 3.9, Time/Memory: 15.72,4728
Running klev variant N with N=1400, sparsity=2, seed=1729...
      Average Passes: 1.0, Time/Memory: 7.97,4968
Running kpath variant 0 with N=1600, sparsity=2, seed=1729...
      Average Passes: 3.0, Time/Memory: 12.29,6192
Running kpath variant N with N=1600, sparsity=2, seed=1729...
      Average Passes: 2.0, Time/Memory: 10.09,6260
Running klev variant 0 with N=1600, sparsity=2, seed=1729...
      Average Passes: 3.94, Time/Memory: 18.06,4652
Running klev variant N with N=1600, sparsity=2, seed=1729...
      Average Passes: 1.0, Time/Memory: 9.25,5380
Running kpath variant 0 with N=1800, sparsity=2, seed=1729...
      Average Passes: 3.0, Time/Memory: 14.54,6360
Running kpath variant N with N=1800, sparsity=2, seed=1729...
      Average Passes: 2.0, Time/Memory: 11.04,6444
Running klev variant 0 with N=1800, sparsity=2, seed=1729...
      Average Passes: 3.94, Time/Memory: 22.14,4880
Running klev variant N with N=1800, sparsity=2, seed=1729...
      Average Passes: 1.0, Time/Memory: 11.08,5548
Running kpath variant 0 with N=2000, sparsity=2, seed=1729...
      Average Passes: 3.0, Time/Memory: 13.73,6508
Running kpath variant N with N=2000, sparsity=2, seed=1729...
      Average Passes: 2.0, Time/Memory: 13.24,6844
Running klev variant 0 with N=2000, sparsity=2, seed=1729...
      Average Passes: 3.94, Time/Memory: 24.14,4948
Running klev variant N with N=2000, sparsity=2, seed=1729...
      Average Passes: 1.0, Time/Memory: 12.28,5488
Running kpath variant 0 with N=2500, sparsity=2, seed=1729...
      Average Passes: 3.0, Time/Memory: 17.69,7432
Running kpath variant N with N=2500, sparsity=2, seed=1729...
      Average Passes: 2.0, Time/Memory: 14.74,7440
Running klev variant 0 with N=2500, sparsity=2, seed=1729...
      Average Passes: 3.98, Time/Memory: 33.11,5124
Running klev variant N with N=2500, sparsity=2, seed=1729...
      Average Passes: 1.0, Time/Memory: 16.06,6292
Running kpath variant 0 with N=3000, sparsity=2, seed=1729...
      Average Passes: 3.0, Time/Memory: 25.36,8096
Running kpath variant N with N=3000, sparsity=2, seed=1729...
      Average Passes: 2.0, Time/Memory: 19.19,8240
Running klev variant 0 with N=3000, sparsity=2, seed=1729...
      Average Passes: 4.0, Time/Memory: 41.57,5524
Running klev variant N with N=3000, sparsity=2, seed=1729...
      Average Passes: 1.0, Time/Memory: 19.94,6736
Running kpath variant 0 with N=3500, sparsity=2, seed=1729...
      Average Passes: 3.0, Time/Memory: 33.26,8544
Running kpath variant N with N=3500, sparsity=2, seed=1729...
      Average Passes: 2.0, Time/Memory: 19.82,8772
Running klev variant 0 with N=3500, sparsity=2, seed=1729...
      Average Passes: 4.02, Time/Memory: 47.70,5800
Running klev variant N with N=3500, sparsity=2, seed=1729...
      Average Passes: 1.0, Time/Memory: 22.30,7288
Running kpath variant 0 with N=4000, sparsity=2, seed=1729...
      Average Passes: 3.0, Time/Memory: 36.42,9256
Running kpath variant N with N=4000, sparsity=2, seed=1729...
      Average Passes: 2.0, Time/Memory: 24.93,9568
Running klev variant 0 with N=4000, sparsity=2, seed=1729...
      Average Passes: 4.02, Time/Memory: 54.54,5980
Running klev variant N with N=4000, sparsity=2, seed=1729...
      Average Passes: 1.0, Time/Memory: 25.90,7548
Running kpath variant 0 with N=4500, sparsity=2, seed=1729...
      Average Passes: 3.0, Time/Memory: 45.25,9828
Running kpath variant N with N=4500, sparsity=2, seed=1729...
      Average Passes: 2.0, Time/Memory: 28.67,10036
Running klev variant 0 with N=4500, sparsity=2, seed=1729...
      Average Passes: 4.02, Time/Memory: 74.65,6108
Running klev variant N with N=4500, sparsity=2, seed=1729...
      Average Passes: 1.0, Time/Memory: 35.40,8136
Running kpath variant 0 with N=5000, sparsity=2, seed=1729...
      Average Passes: 3.0, Time/Memory: 39.84,10608
Running kpath variant N with N=5000, sparsity=2, seed=1729...
      Average Passes: 2.0, Time/Memory: 37.18,10656
Running klev variant 0 with N=5000, sparsity=2, seed=1729...
      Average Passes: 4.04, Time/Memory: 71.59,6320
Running klev variant N with N=5000, sparsity=2, seed=1729...
      Average Passes: 1.0, Time/Memory: 39.76,8400
Running kpath variant 0 with N=6000, sparsity=2, seed=1729...
      Average Passes: 3.0, Time/Memory: 53.19,11736
Running kpath variant N with N=6000, sparsity=2, seed=1729...
      Average Passes: 2.0, Time/Memory: 40.63,12444
Running klev variant 0 with N=6000, sparsity=2, seed=1729...
      Average Passes: 4.04, Time/Memory: 83.52,7052
Running klev variant N with N=6000, sparsity=2, seed=1729...
      Average Passes: 1.0, Time/Memory: 52.62,10056
Running kpath variant 0 with N=7000, sparsity=2, seed=1729...
      Average Passes: 3.0, Time/Memory: 56.95,13008
Running kpath variant N with N=7000, sparsity=2, seed=1729...
      Average Passes: 2.0, Time/Memory: 47.85,13960
Running klev variant 0 with N=7000, sparsity=2, seed=1729...
      Average Passes: 4.06, Time/Memory: 101.41,7544
Running klev variant N with N=7000, sparsity=2, seed=1729...
      Average Passes: 1.0, Time/Memory: 63.84,10692
Running kpath variant 0 with N=8000, sparsity=2, seed=1729...
      Average Passes: 3.0, Time/Memory: 74.95,14472
Running kpath variant N with N=8000, sparsity=2, seed=1729...
      Average Passes: 2.0, Time/Memory: 61.39,14856
Running klev variant 0 with N=8000, sparsity=2, seed=1729...
      Average Passes: 4.06, Time/Memory: 136.14,7708
Running klev variant N with N=8000, sparsity=2, seed=1729...
      Average Passes: 1.0, Time/Memory: 70.78,12852
Running kpath variant 0 with N=9000, sparsity=2, seed=1729...
      Average Passes: 3.0, Time/Memory: 95.14,15876
Running kpath variant N with N=9000, sparsity=2, seed=1729...
      Average Passes: 2.0, Time/Memory: 60.38,16796
Running klev variant 0 with N=9000, sparsity=2, seed=1729...
      Average Passes: 4.09, Time/Memory: 170.60,8624
Running klev variant N with N=9000, sparsity=2, seed=1729...
      Average Passes: 1.0, Time/Memory: 80.35,12476
Running kpath variant 0 with N=10000, sparsity=2, seed=1729...
      Average Passes: 3.0, Time/Memory: 93.13,17200
Running kpath variant N with N=10000, sparsity=2, seed=1729...
      Average Passes: 2.0, Time/Memory: 72.75,17796
Running klev variant 0 with N=10000, sparsity=2, seed=1729...
      Average Passes: 4.06, Time/Memory: 182.66,8644
Running klev variant N with N=10000, sparsity=2, seed=1729...
      Average Passes: 1.0, Time/Memory: 92.86,14448
Running kpath variant 0 with N=10, sparsity=3, seed=1729...
      Average Passes: 2.0, Time/Memory: 0.02,4016
Running kpath variant N with N=10, sparsity=3, seed=1729...
      Average Passes: 1.0, Time/Memory: 0.01,3816
Running klev variant 0 with N=10, sparsity=3, seed=1729...
      Average Passes: 2.0, Time/Memory: 0.02,3852
Running klev variant N with N=10, sparsity=3, seed=1729...
      Average Passes: 1.0, Time/Memory: 0.01,3928
Running kpath variant 0 with N=20, sparsity=3, seed=1729...
      Average Passes: 2.0, Time/Memory: 0.05,3856
Running kpath variant N with N=20, sparsity=3, seed=1729...
      Average Passes: 1.0, Time/Memory: 0.03,3868
Running klev variant 0 with N=20, sparsity=3, seed=1729...
      Average Passes: 3.0, Time/Memory: 0.06,3924
Running klev variant N with N=20, sparsity=3, seed=1729...
      Average Passes: 1.0, Time/Memory: 0.04,3936
Running kpath variant 0 with N=30, sparsity=3, seed=1729...
      Average Passes: 2.0, Time/Memory: 0.08,3868
Running kpath variant N with N=30, sparsity=3, seed=1729...
      Average Passes: 1.0, Time/Memory: 0.05,3844
Running klev variant 0 with N=30, sparsity=3, seed=1729...
      Average Passes: 3.06, Time/Memory: 0.13,3952
Running klev variant N with N=30, sparsity=3, seed=1729...
      Average Passes: 1.0, Time/Memory: 0.07,3924
Running kpath variant 0 with N=40, sparsity=3, seed=1729...
      Average Passes: 2.0, Time/Memory: 0.12,3956
Running kpath variant N with N=40, sparsity=3, seed=1729...
      Average Passes: 1.0, Time/Memory: 0.09,3880
Running klev variant 0 with N=40, sparsity=3, seed=1729...
      Average Passes: 3.05, Time/Memory: 0.20,3864
Running klev variant N with N=40, sparsity=3, seed=1729...
      Average Passes: 1.0, Time/Memory: 0.10,3748
Running kpath variant 0 with N=50, sparsity=3, seed=1729...
      Average Passes: 2.0, Time/Memory: 0.19,3992
Running kpath variant N with N=50, sparsity=3, seed=1729...
      Average Passes: 1.0, Time/Memory: 0.13,3892
Running klev variant 0 with N=50, sparsity=3, seed=1729...
      Average Passes: 3.07, Time/Memory: 0.27,3960
Running klev variant N with N=50, sparsity=3, seed=1729...
      Average Passes: 1.0, Time/Memory: 0.14,3944
Running kpath variant 0 with N=60, sparsity=3, seed=1729...
      Average Passes: 2.0, Time/Memory: 0.23,3800
Running kpath variant N with N=60, sparsity=3, seed=1729...
      Average Passes: 1.0, Time/Memory: 0.16,3888
Running klev variant 0 with N=60, sparsity=3, seed=1729...
      Average Passes: 3.08, Time/Memory: 0.36,3752
Running klev variant N with N=60, sparsity=3, seed=1729...
      Average Passes: 1.0, Time/Memory: 0.18,3948
Running kpath variant 0 with N=70, sparsity=3, seed=1729...
      Average Passes: 2.0, Time/Memory: 0.29,4028
Running kpath variant N with N=70, sparsity=3, seed=1729...
      Average Passes: 1.0, Time/Memory: 0.20,4008
Running klev variant 0 with N=70, sparsity=3, seed=1729...
      Average Passes: 3.1, Time/Memory: 0.45,3968
Running klev variant N with N=70, sparsity=3, seed=1729...
      Average Passes: 1.0, Time/Memory: 0.22,3780
Running kpath variant 0 with N=80, sparsity=3, seed=1729...
      Average Passes: 2.0, Time/Memory: 0.36,4020
Running kpath variant N with N=80, sparsity=3, seed=1729...
      Average Passes: 1.0, Time/Memory: 0.22,4012
Running klev variant 0 with N=80, sparsity=3, seed=1729...
      Average Passes: 3.1, Time/Memory: 0.47,3952
Running klev variant N with N=80, sparsity=3, seed=1729...
      Average Passes: 1.0, Time/Memory: 0.25,3908
Running kpath variant 0 with N=90, sparsity=3, seed=1729...
      Average Passes: 3.0, Time/Memory: 0.53,4036
Running kpath variant N with N=90, sparsity=3, seed=1729...
      Average Passes: 2.0, Time/Memory: 0.48,3968
Running klev variant 0 with N=90, sparsity=3, seed=1729...
      Average Passes: 3.15, Time/Memory: 0.68,3980
Running klev variant N with N=90, sparsity=3, seed=1729...
      Average Passes: 1.0, Time/Memory: 0.33,3976
Running kpath variant 0 with N=100, sparsity=3, seed=1729...
      Average Passes: 3.0, Time/Memory: 0.70,3972
Running kpath variant N with N=100, sparsity=3, seed=1729...
      Average Passes: 2.0, Time/Memory: 0.56,4080
Running klev variant 0 with N=100, sparsity=3, seed=1729...
      Average Passes: 3.15, Time/Memory: 0.78,3888
Running klev variant N with N=100, sparsity=3, seed=1729...
      Average Passes: 1.0, Time/Memory: 0.37,4088
Running kpath variant 0 with N=150, sparsity=3, seed=1729...
      Average Passes: 3.0, Time/Memory: 1.04,4132
Running kpath variant N with N=150, sparsity=3, seed=1729...
      Average Passes: 2.0, Time/Memory: 0.95,3900
Running klev variant 0 with N=150, sparsity=3, seed=1729...
      Average Passes: 3.2, Time/Memory: 1.28,3804
Running klev variant N with N=150, sparsity=3, seed=1729...
      Average Passes: 1.0, Time/Memory: 0.69,4152
Running kpath variant 0 with N=200, sparsity=3, seed=1729...
      Average Passes: 3.0, Time/Memory: 1.64,4180
Running kpath variant N with N=200, sparsity=3, seed=1729...
      Average Passes: 2.0, Time/Memory: 1.55,4020
Running klev variant 0 with N=200, sparsity=3, seed=1729...
      Average Passes: 3.24, Time/Memory: 2.28,4072
Running klev variant N with N=200, sparsity=3, seed=1729...
      Average Passes: 1.0, Time/Memory: 1.06,3908
Running kpath variant 0 with N=250, sparsity=3, seed=1729...
      Average Passes: 3.0, Time/Memory: 2.65,4148
Running kpath variant N with N=250, sparsity=3, seed=1729...
      Average Passes: 2.0, Time/Memory: 2.07,4392
Running klev variant 0 with N=250, sparsity=3, seed=1729...
      Average Passes: 3.26, Time/Memory: 3.33,4044
Running klev variant N with N=250, sparsity=3, seed=1729...
      Average Passes: 1.0, Time/Memory: 1.41,3952
Running kpath variant 0 with N=300, sparsity=3, seed=1729...
      Average Passes: 3.0, Time/Memory: 3.16,4136
Running kpath variant N with N=300, sparsity=3, seed=1729...
      Average Passes: 2.0, Time/Memory: 2.69,4352
Running klev variant 0 with N=300, sparsity=3, seed=1729...
      Average Passes: 3.3, Time/Memory: 4.42,4000
Running klev variant N with N=300, sparsity=3, seed=1729...
      Average Passes: 1.0, Time/Memory: 1.98,4312
Running kpath variant 0 with N=350, sparsity=3, seed=1729...
      Average Passes: 3.0, Time/Memory: 4.12,4316
Running kpath variant N with N=350, sparsity=3, seed=1729...
      Average Passes: 2.0, Time/Memory: 3.42,4220
Running klev variant 0 with N=350, sparsity=3, seed=1729...
      Average Passes: 3.32, Time/Memory: 5.45,4092
Running klev variant N with N=350, sparsity=3, seed=1729...
      Average Passes: 1.0, Time/Memory: 2.47,4240
Running kpath variant 0 with N=400, sparsity=3, seed=1729...
      Average Passes: 3.0, Time/Memory: 4.97,4388
Running kpath variant N with N=400, sparsity=3, seed=1729...
      Average Passes: 2.0, Time/Memory: 4.15,4484
Running klev variant 0 with N=400, sparsity=3, seed=1729...
      Average Passes: 3.31, Time/Memory: 6.20,4144
Running klev variant N with N=400, sparsity=3, seed=1729...
      Average Passes: 1.0, Time/Memory: 3.07,4288
Running kpath variant 0 with N=450, sparsity=3, seed=1729...
      Average Passes: 3.0, Time/Memory: 6.27,4540
Running kpath variant N with N=450, sparsity=3, seed=1729...
      Average Passes: 2.0, Time/Memory: 4.82,4652
Running klev variant 0 with N=450, sparsity=3, seed=1729...
      Average Passes: 3.32, Time/Memory: 8.05,4204
Running klev variant N with N=450, sparsity=3, seed=1729...
      Average Passes: 1.0, Time/Memory: 3.65,4348
Running kpath variant 0 with N=500, sparsity=3, seed=1729...
      Average Passes: 3.0, Time/Memory: 7.36,4596
Running kpath variant N with N=500, sparsity=3, seed=1729...
      Average Passes: 2.0, Time/Memory: 5.68,4556
Running klev variant 0 with N=500, sparsity=3, seed=1729...
      Average Passes: 3.38, Time/Memory: 8.18,4116
Running klev variant N with N=500, sparsity=3, seed=1729...
      Average Passes: 1.0, Time/Memory: 3.75,4264
Running kpath variant 0 with N=600, sparsity=3, seed=1729...
      Average Passes: 3.0, Time/Memory: 9.23,4660
Running kpath variant N with N=600, sparsity=3, seed=1729...
      Average Passes: 2.0, Time/Memory: 7.50,4792
Running klev variant 0 with N=600, sparsity=3, seed=1729...
      Average Passes: 3.38, Time/Memory: 12.63,4064
Running klev variant N with N=600, sparsity=3, seed=1729...
      Average Passes: 1.0, Time/Memory: 5.58,4360
Running kpath variant 0 with N=700, sparsity=3, seed=1729...
      Average Passes: 3.0, Time/Memory: 12.11,4804
Running kpath variant N with N=700, sparsity=3, seed=1729...
      Average Passes: 2.0, Time/Memory: 9.45,4928
Running klev variant 0 with N=700, sparsity=3, seed=1729...
      Average Passes: 3.41, Time/Memory: 16.54,4324
Running klev variant N with N=700, sparsity=3, seed=1729...
      Average Passes: 1.0, Time/Memory: 7.06,4576
Running kpath variant 0 with N=800, sparsity=3, seed=1729...
      Average Passes: 3.0, Time/Memory: 14.31,5004
Running kpath variant N with N=800, sparsity=3, seed=1729...
      Average Passes: 2.0, Time/Memory: 10.18,4980
Running klev variant 0 with N=800, sparsity=3, seed=1729...
      Average Passes: 3.43, Time/Memory: 18.63,4280
Running klev variant N with N=800, sparsity=3, seed=1729...
      Average Passes: 1.0, Time/Memory: 8.70,4480
Running kpath variant 0 with N=900, sparsity=3, seed=1729...
      Average Passes: 3.0, Time/Memory: 16.99,5140
Running kpath variant N with N=900, sparsity=3, seed=1729...
      Average Passes: 2.0, Time/Memory: 11.41,5244
Running klev variant 0 with N=900, sparsity=3, seed=1729...
      Average Passes: 3.46, Time/Memory: 24.27,4412
Running klev variant N with N=900, sparsity=3, seed=1729...
      Average Passes: 1.0, Time/Memory: 10.28,4672
Running kpath variant 0 with N=1000, sparsity=3, seed=1729...
      Average Passes: 3.0, Time/Memory: 20.31,5096
Running kpath variant N with N=1000, sparsity=3, seed=1729...
      Average Passes: 2.0, Time/Memory: 13.50,5360
Running klev variant 0 with N=1000, sparsity=3, seed=1729...
      Average Passes: 3.49, Time/Memory: 28.44,4380
Running klev variant N with N=1000, sparsity=3, seed=1729...
      Average Passes: 1.0, Time/Memory: 12.18,4724
Running kpath variant 0 with N=1200, sparsity=3, seed=1729...
      Average Passes: 3.0, Time/Memory: 26.93,5376
Running kpath variant N with N=1200, sparsity=3, seed=1729...
      Average Passes: 2.0, Time/Memory: 21.01,5540
Running klev variant 0 with N=1200, sparsity=3, seed=1729...
      Average Passes: 3.52, Time/Memory: 38.40,4388
Running klev variant N with N=1200, sparsity=3, seed=1729...
      Average Passes: 1.0, Time/Memory: 15.63,4816
Running kpath variant 0 with N=1400, sparsity=3, seed=1729...
      Average Passes: 3.0, Time/Memory: 33.79,5736
Running kpath variant N with N=1400, sparsity=3, seed=1729...
      Average Passes: 2.0, Time/Memory: 22.73,5912
Running klev variant 0 with N=1400, sparsity=3, seed=1729...
      Average Passes: 3.58, Time/Memory: 43.36,4660
Running klev variant N with N=1400, sparsity=3, seed=1729...
      Average Passes: 1.0, Time/Memory: 18.40,5020
Running kpath variant 0 with N=1600, sparsity=3, seed=1729...
      Average Passes: 3.0, Time/Memory: 41.46,6100
Running kpath variant N with N=1600, sparsity=3, seed=1729...
      Average Passes: 2.0, Time/Memory: 27.08,6128
Running klev variant 0 with N=1600, sparsity=3, seed=1729...
      Average Passes: 3.57, Time/Memory: 52.32,4696
Running klev variant N with N=1600, sparsity=3, seed=1729...
      Average Passes: 1.0, Time/Memory: 22.30,5224
Running kpath variant 0 with N=1800, sparsity=3, seed=1729...
      Average Passes: 3.0, Time/Memory: 48.82,6308
Running kpath variant N with N=1800, sparsity=3, seed=1729...
      Average Passes: 2.0, Time/Memory: 32.73,6572
Running klev variant 0 with N=1800, sparsity=3, seed=1729...
      Average Passes: 3.59, Time/Memory: 71.13,4916
Running klev variant N with N=1800, sparsity=3, seed=1729...
      Average Passes: 1.0, Time/Memory: 27.33,5436
Running kpath variant 0 with N=2000, sparsity=3, seed=1729...
      Average Passes: 3.0, Time/Memory: 52.84,6632
Running kpath variant N with N=2000, sparsity=3, seed=1729...
      Average Passes: 2.0, Time/Memory: 44.01,6760
Running klev variant 0 with N=2000, sparsity=3, seed=1729...
      Average Passes: 3.61, Time/Memory: 78.42,4936
Running klev variant N with N=2000, sparsity=3, seed=1729...
      Average Passes: 1.0, Time/Memory: 33.45,5564
Running kpath variant 0 with N=2500, sparsity=3, seed=1729...
      Average Passes: 3.0, Time/Memory: 69.71,7276
Running kpath variant N with N=2500, sparsity=3, seed=1729...
      Average Passes: 2.0, Time/Memory: 57.14,7428
Running klev variant 0 with N=2500, sparsity=3, seed=1729...
      Average Passes: 3.67, Time/Memory: 135.85,4976
Running klev variant N with N=2500, sparsity=3, seed=1729...
      Average Passes: 1.0, Time/Memory: 45.22,6308
Running kpath variant 0 with N=3000, sparsity=3, seed=1729...
      Average Passes: 3.0, Time/Memory: 104.71,7864
Running kpath variant N with N=3000, sparsity=3, seed=1729...
      Average Passes: 2.0, Time/Memory: 72.22,8196
Running klev variant 0 with N=3000, sparsity=3, seed=1729...
      Average Passes: 3.66, Time/Memory: 178.49,5296
Running klev variant N with N=3000, sparsity=3, seed=1729...
      Average Passes: 1.0, Time/Memory: 59.84,6824
Running kpath variant 0 with N=3500, sparsity=3, seed=1729...
      Average Passes: 3.0, Time/Memory: 147.53,8496
Running kpath variant N with N=3500, sparsity=3, seed=1729...
      Average Passes: 2.0, Time/Memory: 100.40,8940
Running klev variant 0 with N=3500, sparsity=3, seed=1729...
      Average Passes: 3.7, Time/Memory: 191.76,5556
Running klev variant N with N=3500, sparsity=3, seed=1729...
      Average Passes: 1.0, Time/Memory: 82.59,7248
Running kpath variant 0 with N=4000, sparsity=3, seed=1729...
      Average Passes: 3.0, Time/Memory: 129.22,9364
Running kpath variant N with N=4000, sparsity=3, seed=1729...
      Average Passes: 2.0, Time/Memory: 111.56,9704
Running klev variant 0 with N=4000, sparsity=3, seed=1729...
      Average Passes: 3.74, Time/Memory: 220.94,5888
Running klev variant N with N=4000, sparsity=3, seed=1729...
      Average Passes: 1.0, Time/Memory: 102.12,7572
Running kpath variant 0 with N=4500, sparsity=3, seed=1729...
      Average Passes: 3.0, Time/Memory: 192.16,9888
Running kpath variant N with N=4500, sparsity=3, seed=1729...
      Average Passes: 2.0, Time/Memory: 129.80,10144
Running klev variant 0 with N=4500, sparsity=3, seed=1729...
      Average Passes: 3.74, Time/Memory: 275.62,6364
Running klev variant N with N=4500, sparsity=3, seed=1729...
      Average Passes: 1.0, Time/Memory: 117.00,8084
Running kpath variant 0 with N=5000, sparsity=3, seed=1729...
      Average Passes: 3.0, Time/Memory: 216.72,10432
Running kpath variant N with N=5000, sparsity=3, seed=1729...
      Average Passes: 2.0, Time/Memory: 140.76,11024
Running klev variant 0 with N=5000, sparsity=3, seed=1729...
      Average Passes: 3.73, Time/Memory: 313.38,6424
Running klev variant N with N=5000, sparsity=3, seed=1729...
      Average Passes: 1.0, Time/Memory: 121.02,8376
Running kpath variant 0 with N=6000, sparsity=3, seed=1729...
      Average Passes: 3.0, Time/Memory: 288.85,11736
Running kpath variant N with N=6000, sparsity=3, seed=1729...
      Average Passes: 2.0, Time/Memory: 171.07,12480
Running klev variant 0 with N=6000, sparsity=3, seed=1729...
      Average Passes: 3.77, Time/Memory: 408.07,7256
Running klev variant N with N=6000, sparsity=3, seed=1729...
      Average Passes: 1.0, Time/Memory: 155.68,10268
Running kpath variant 0 with N=7000, sparsity=3, seed=1729...
      Average Passes: 3.0, Time/Memory: 303.62,13116
Running kpath variant N with N=7000, sparsity=3, seed=1729...
      Average Passes: 2.0, Time/Memory: 206.28,13880
Running klev variant 0 with N=7000, sparsity=3, seed=1729...
      Average Passes: 3.8, Time/Memory: 530.23,7520
Running klev variant N with N=7000, sparsity=3, seed=1729...
      Average Passes: 1.0, Time/Memory: 239.05,10548
Running kpath variant 0 with N=8000, sparsity=3, seed=1729...
      Average Passes: 3.0, Time/Memory: 360.85,14484
Running kpath variant N with N=8000, sparsity=3, seed=1729...
      Average Passes: 2.0, Time/Memory: 335.19,15224
Running klev variant 0 with N=8000, sparsity=3, seed=1729...
      Average Passes: 3.82, Time/Memory: 654.51,7852
Running klev variant N with N=8000, sparsity=3, seed=1729...
      Average Passes: 1.0, Time/Memory: 280.99,13032
Running kpath variant 0 with N=9000, sparsity=3, seed=1729...
      Average Passes: 3.0, Time/Memory: 490.82,15912
Running kpath variant N with N=9000, sparsity=3, seed=1729...
      Average Passes: 2.0, Time/Memory: 306.27,16784
Running klev variant 0 with N=9000, sparsity=3, seed=1729...
      Average Passes: 3.85, Time/Memory: 837.23,8512
Running klev variant N with N=9000, sparsity=3, seed=1729...
      Average Passes: 1.0, Time/Memory: 344.72,12480
Running kpath variant 0 with N=10000, sparsity=3, seed=1729...
      Average Passes: 3.04, Time/Memory: 531.67,17152
Running kpath variant N with N=10000, sparsity=3, seed=1729...
      Average Passes: 2.0, Time/Memory: 402.14,18096
Running klev variant 0 with N=10000, sparsity=3, seed=1729...
      Average Passes: 3.85, Time/Memory: 990.13,8916
Running klev variant N with N=10000, sparsity=3, seed=1729...
      Average Passes: 1.0, Time/Memory: 355.98,14288
