
Running AsCaida for variant 0...
  Running k=1, iteration 1/1...
    Passes: 5, Time/Memory: 0.11,11508, Output: ['5']
  Running k=2, iteration 1/1...
    Passes: 5, Time/Memory: 0.12,11416, Output: ['5']
  Running k=3, iteration 1/1...
    Passes: 5, Time/Memory: 0.12,11388, Output: ['5']
  Running k=4, iteration 1/1...
    Passes: 5, Time/Memory: 0.12,11364, Output: ['5']
  Running k=5, iteration 1/1...
    Passes: 5, Time/Memory: 0.12,11416, Output: ['5']
  Running k=6, iteration 1/1...
    Passes: 5, Time/Memory: 0.12,11448, Output: ['5']
  Running k=7, iteration 1/1...
    Passes: 5, Time/Memory: 0.12,11372, Output: ['5']
  Running k=8, iteration 1/1...
    Passes: 5, Time/Memory: 0.12,11360, Output: ['5']
  Running k=9, iteration 1/1...
    Passes: 5, Time/Memory: 0.12,11464, Output: ['5']
  Running k=10, iteration 1/1...
    Passes: 5, Time/Memory: 0.12,11352, Output: ['5']
Results for AsCaida variant 0 saved to ./results/real/time_memory/AsCaida/run_20250125_150516/klev_0

Running AsCaida for variant 1...
  Running k=1, iteration 1/1...
    Passes: 4, Time/Memory: 0.10,10824, Output: ['4']
  Running k=2, iteration 1/1...
    Passes: 4, Time/Memory: 0.10,11100, Output: ['4']
  Running k=3, iteration 1/1...
    Passes: 4, Time/Memory: 0.09,11144, Output: ['4']
  Running k=4, iteration 1/1...
    Passes: 4, Time/Memory: 0.10,11152, Output: ['4']
  Running k=5, iteration 1/1...
    Passes: 4, Time/Memory: 0.09,11232, Output: ['4']
  Running k=6, iteration 1/1...
    Passes: 4, Time/Memory: 0.09,11200, Output: ['4']
  Running k=7, iteration 1/1...
    Passes: 4, Time/Memory: 0.08,11096, Output: ['4']
  Running k=8, iteration 1/1...
    Passes: 4, Time/Memory: 0.09,11072, Output: ['4']
  Running k=9, iteration 1/1...
    Passes: 4, Time/Memory: 0.09,11092, Output: ['4']
  Running k=10, iteration 1/1...
    Passes: 4, Time/Memory: 0.10,11244, Output: ['4']
Results for AsCaida variant 1 saved to ./results/real/time_memory/AsCaida/run_20250125_150516/klev_1

Running AsCaida for variant 2...
  Running k=1, iteration 1/1...
    Passes: 2, Time/Memory: 0.07,12996, Output: ['2']
  Running k=2, iteration 1/1...
    Passes: 2, Time/Memory: 0.07,15140, Output: ['2']
  Running k=3, iteration 1/1...
    Passes: 1, Time/Memory: 0.07,15472, Output: ['1']
  Running k=4, iteration 1/1...
    Passes: 1, Time/Memory: 0.06,15320, Output: ['1']
  Running k=5, iteration 1/1...
    Passes: 1, Time/Memory: 0.06,15424, Output: ['1']
  Running k=6, iteration 1/1...
    Passes: 1, Time/Memory: 0.06,15296, Output: ['1']
  Running k=7, iteration 1/1...
    Passes: 1, Time/Memory: 0.07,15368, Output: ['1']
  Running k=8, iteration 1/1...
    Passes: 1, Time/Memory: 0.07,15420, Output: ['1']
  Running k=9, iteration 1/1...
    Passes: 1, Time/Memory: 0.07,15456, Output: ['1']
  Running k=10, iteration 1/1...
    Passes: 1, Time/Memory: 0.07,15376, Output: ['1']
Results for AsCaida variant 2 saved to ./results/real/time_memory/AsCaida/run_20250125_150516/klev_2

Running AsCaida for variant N...
  Running k=1, iteration 1/1...
    Passes: 2, Time/Memory: 0.08,13084, Output: ['2']
  Running k=2, iteration 1/1...
    Passes: 1, Time/Memory: 0.06,13048, Output: ['1']
  Running k=3, iteration 1/1...
    Passes: 1, Time/Memory: 0.06,12988, Output: ['1']
  Running k=4, iteration 1/1...
    Passes: 1, Time/Memory: 0.06,13028, Output: ['1']
  Running k=5, iteration 1/1...
    Passes: 1, Time/Memory: 0.05,13084, Output: ['1']
  Running k=6, iteration 1/1...
    Passes: 1, Time/Memory: 0.06,12936, Output: ['1']
  Running k=7, iteration 1/1...
    Passes: 1, Time/Memory: 0.05,13084, Output: ['1']
  Running k=8, iteration 1/1...
    Passes: 1, Time/Memory: 0.06,13056, Output: ['1']
  Running k=9, iteration 1/1...
    Passes: 1, Time/Memory: 0.06,13064, Output: ['1']
  Running k=10, iteration 1/1...
    Passes: 1, Time/Memory: 0.06,12936, Output: ['1']
Results for AsCaida variant N saved to ./results/real/time_memory/AsCaida/run_20250125_150516/klev_N

Running AsCaida for variant X...
  Running k=1, iteration 1/1...
    Passes: 3, Time/Memory: 0.09,12804, Output: ['3']
  Running k=2, iteration 1/1...
    Passes: 2, Time/Memory: 0.08,15208, Output: ['2']
  Running k=3, iteration 1/1...
    Passes: 1, Time/Memory: 0.06,15380, Output: ['1']
  Running k=4, iteration 1/1...
    Passes: 1, Time/Memory: 0.06,15372, Output: ['1']
  Running k=5, iteration 1/1...
    Passes: 1, Time/Memory: 0.06,15460, Output: ['1']
  Running k=6, iteration 1/1...
    Passes: 1, Time/Memory: 0.06,15376, Output: ['1']
  Running k=7, iteration 1/1...
    Passes: 1, Time/Memory: 0.07,15372, Output: ['1']
  Running k=8, iteration 1/1...
    Passes: 1, Time/Memory: 0.07,15456, Output: ['1']
  Running k=9, iteration 1/1...
    Passes: 1, Time/Memory: 0.06,15424, Output: ['1']
  Running k=10, iteration 1/1...
    Passes: 1, Time/Memory: 0.06,15404, Output: ['1']
Results for AsCaida variant X saved to ./results/real/time_memory/AsCaida/run_20250125_150516/klev_X

Running AsCaida for variant Y...
  Running k=1, iteration 1/1...
    Passes: 4, Time/Memory: 0.10,11152, Output: ['4']
  Running k=2, iteration 1/1...
    Passes: 4, Time/Memory: 0.09,11152, Output: ['4']
  Running k=3, iteration 1/1...
    Passes: 4, Time/Memory: 0.09,11148, Output: ['4']
  Running k=4, iteration 1/1...
    Passes: 4, Time/Memory: 0.10,11196, Output: ['4']
  Running k=5, iteration 1/1...
    Passes: 4, Time/Memory: 0.10,11080, Output: ['4']
  Running k=6, iteration 1/1...
    Passes: 4, Time/Memory: 0.10,11244, Output: ['4']
  Running k=7, iteration 1/1...
    Passes: 4, Time/Memory: 0.09,11144, Output: ['4']
  Running k=8, iteration 1/1...
    Passes: 4, Time/Memory: 0.09,11088, Output: ['4']
  Running k=9, iteration 1/1...
    Passes: 4, Time/Memory: 0.10,11084, Output: ['4']
  Running k=10, iteration 1/1...
    Passes: 4, Time/Memory: 0.10,11200, Output: ['4']
Results for AsCaida variant Y saved to ./results/real/time_memory/AsCaida/run_20250125_150516/klev_Y
