
Running Amazon for variant 0...
  Running k=1, iteration 1/3...
    Passes: 309, Time/Memory: 167.04,140952, Output: ['309']
  Running k=1, iteration 2/3...
    Passes: 309, Time/Memory: 160.62,141036, Output: ['309']
  Running k=1, iteration 3/3...
    Passes: 309, Time/Memory: 155.11,140988, Output: ['309']
  Running k=2, iteration 1/3...
    Passes: 107, Time/Memory: 89.60,163536, Output: ['107']
  Running k=2, iteration 2/3...
    Passes: 107, Time/Memory: 91.74,163592, Output: ['107']
  Running k=2, iteration 3/3...
    Passes: 107, Time/Memory: 84.06,163524, Output: ['107']
  Running k=3, iteration 1/3...
    Passes: 8, Time/Memory: 23.12,204480, Output: ['8']
  Running k=3, iteration 2/3...
    Passes: 8, Time/Memory: 20.69,204404, Output: ['8']
  Running k=3, iteration 3/3...
    Passes: 8, Time/Memory: 23.15,204288, Output: ['8']
  Running k=4, iteration 1/3...
Error running graph Amazon, variant 0, k=4: Command '['/usr/bin/time', '-f', '%U,%M', './bin/main', 'RUN_ALGO', '334863', '925872', './input/Amazon/download.tsv.com-amazon/com-amazon/out.com-amazon', '2', '0', '4']' returned non-zero exit status 139.
  Running k=4, iteration 2/3...
Error running graph Amazon, variant 0, k=4: Command '['/usr/bin/time', '-f', '%U,%M', './bin/main', 'RUN_ALGO', '334863', '925872', './input/Amazon/download.tsv.com-amazon/com-amazon/out.com-amazon', '2', '0', '4']' returned non-zero exit status 139.
  Running k=4, iteration 3/3...
Error running graph Amazon, variant 0, k=4: Command '['/usr/bin/time', '-f', '%U,%M', './bin/main', 'RUN_ALGO', '334863', '925872', './input/Amazon/download.tsv.com-amazon/com-amazon/out.com-amazon', '2', '0', '4']' returned non-zero exit status 139.
  Running k=5, iteration 1/3...
Error running graph Amazon, variant 0, k=5: Command '['/usr/bin/time', '-f', '%U,%M', './bin/main', 'RUN_ALGO', '334863', '925872', './input/Amazon/download.tsv.com-amazon/com-amazon/out.com-amazon', '2', '0', '5']' returned non-zero exit status 139.
  Running k=5, iteration 2/3...
Error running graph Amazon, variant 0, k=5: Command '['/usr/bin/time', '-f', '%U,%M', './bin/main', 'RUN_ALGO', '334863', '925872', './input/Amazon/download.tsv.com-amazon/com-amazon/out.com-amazon', '2', '0', '5']' returned non-zero exit status 139.
  Running k=5, iteration 3/3...
Error running graph Amazon, variant 0, k=5: Command '['/usr/bin/time', '-f', '%U,%M', './bin/main', 'RUN_ALGO', '334863', '925872', './input/Amazon/download.tsv.com-amazon/com-amazon/out.com-amazon', '2', '0', '5']' returned non-zero exit status 139.
  Running k=6, iteration 1/3...
Error running graph Amazon, variant 0, k=6: Command '['/usr/bin/time', '-f', '%U,%M', './bin/main', 'RUN_ALGO', '334863', '925872', './input/Amazon/download.tsv.com-amazon/com-amazon/out.com-amazon', '2', '0', '6']' returned non-zero exit status 139.
  Running k=6, iteration 2/3...
Error running graph Amazon, variant 0, k=6: Command '['/usr/bin/time', '-f', '%U,%M', './bin/main', 'RUN_ALGO', '334863', '925872', './input/Amazon/download.tsv.com-amazon/com-amazon/out.com-amazon', '2', '0', '6']' returned non-zero exit status 139.
  Running k=6, iteration 3/3...
Error running graph Amazon, variant 0, k=6: Command '['/usr/bin/time', '-f', '%U,%M', './bin/main', 'RUN_ALGO', '334863', '925872', './input/Amazon/download.tsv.com-amazon/com-amazon/out.com-amazon', '2', '0', '6']' returned non-zero exit status 139.
  Running k=7, iteration 1/3...
Error running graph Amazon, variant 0, k=7: Command '['/usr/bin/time', '-f', '%U,%M', './bin/main', 'RUN_ALGO', '334863', '925872', './input/Amazon/download.tsv.com-amazon/com-amazon/out.com-amazon', '2', '0', '7']' returned non-zero exit status 139.
  Running k=7, iteration 2/3...
Error running graph Amazon, variant 0, k=7: Command '['/usr/bin/time', '-f', '%U,%M', './bin/main', 'RUN_ALGO', '334863', '925872', './input/Amazon/download.tsv.com-amazon/com-amazon/out.com-amazon', '2', '0', '7']' returned non-zero exit status 139.
  Running k=7, iteration 3/3...
Error running graph Amazon, variant 0, k=7: Command '['/usr/bin/time', '-f', '%U,%M', './bin/main', 'RUN_ALGO', '334863', '925872', './input/Amazon/download.tsv.com-amazon/com-amazon/out.com-amazon', '2', '0', '7']' returned non-zero exit status 139.
  Running k=8, iteration 1/3...
Error running graph Amazon, variant 0, k=8: Command '['/usr/bin/time', '-f', '%U,%M', './bin/main', 'RUN_ALGO', '334863', '925872', './input/Amazon/download.tsv.com-amazon/com-amazon/out.com-amazon', '2', '0', '8']' returned non-zero exit status 139.
  Running k=8, iteration 2/3...
Error running graph Amazon, variant 0, k=8: Command '['/usr/bin/time', '-f', '%U,%M', './bin/main', 'RUN_ALGO', '334863', '925872', './input/Amazon/download.tsv.com-amazon/com-amazon/out.com-amazon', '2', '0', '8']' returned non-zero exit status 139.
  Running k=8, iteration 3/3...
Error running graph Amazon, variant 0, k=8: Command '['/usr/bin/time', '-f', '%U,%M', './bin/main', 'RUN_ALGO', '334863', '925872', './input/Amazon/download.tsv.com-amazon/com-amazon/out.com-amazon', '2', '0', '8']' returned non-zero exit status 139.
  Running k=9, iteration 1/3...
Error running graph Amazon, variant 0, k=9: Command '['/usr/bin/time', '-f', '%U,%M', './bin/main', 'RUN_ALGO', '334863', '925872', './input/Amazon/download.tsv.com-amazon/com-amazon/out.com-amazon', '2', '0', '9']' returned non-zero exit status 139.
  Running k=9, iteration 2/3...
Error running graph Amazon, variant 0, k=9: Command '['/usr/bin/time', '-f', '%U,%M', './bin/main', 'RUN_ALGO', '334863', '925872', './input/Amazon/download.tsv.com-amazon/com-amazon/out.com-amazon', '2', '0', '9']' returned non-zero exit status 139.
  Running k=9, iteration 3/3...
Error running graph Amazon, variant 0, k=9: Command '['/usr/bin/time', '-f', '%U,%M', './bin/main', 'RUN_ALGO', '334863', '925872', './input/Amazon/download.tsv.com-amazon/com-amazon/out.com-amazon', '2', '0', '9']' returned non-zero exit status 139.
  Running k=10, iteration 1/3...
Error running graph Amazon, variant 0, k=10: Command '['/usr/bin/time', '-f', '%U,%M', './bin/main', 'RUN_ALGO', '334863', '925872', './input/Amazon/download.tsv.com-amazon/com-amazon/out.com-amazon', '2', '0', '10']' returned non-zero exit status 139.
  Running k=10, iteration 2/3...
Error running graph Amazon, variant 0, k=10: Command '['/usr/bin/time', '-f', '%U,%M', './bin/main', 'RUN_ALGO', '334863', '925872', './input/Amazon/download.tsv.com-amazon/com-amazon/out.com-amazon', '2', '0', '10']' returned non-zero exit status 139.
  Running k=10, iteration 3/3...
Error running graph Amazon, variant 0, k=10: Command '['/usr/bin/time', '-f', '%U,%M', './bin/main', 'RUN_ALGO', '334863', '925872', './input/Amazon/download.tsv.com-amazon/com-amazon/out.com-amazon', '2', '0', '10']' returned non-zero exit status 139.
Traceback (most recent call last):
  File "/home/user/SemiStreamingDFS/DFS_Semi_Streaming/scripts/capture_time_memory_real_graphs.py", line 129, in <module>
    run_experiments(args.algorithm, args.iterations, args.output_dir)
  File "/home/user/SemiStreamingDFS/DFS_Semi_Streaming/scripts/capture_time_memory_real_graphs.py", line 107, in run_experiments
    print(f"Results for {ilabel} variant {variant} saved to {variant_output_dir}")
                         ^^^^^^
NameError: name 'ilabel' is not defined. Did you mean: 'label'?
