
Running Amazon for variant 0...
  Running k=1, iteration 1/3...
    Passes: 309, Time/Memory: 167.58,140972, Output: ['309']
  Running k=1, iteration 2/3...
    Passes: 309, Time/Memory: 157.48,141016, Output: ['309']
  Running k=1, iteration 3/3...
    Passes: 309, Time/Memory: 160.68,140980, Output: ['309']
  Running k=2, iteration 1/3...
    Passes: 107, Time/Memory: 106.48,163592, Output: ['107']
  Running k=2, iteration 2/3...
    Passes: 107, Time/Memory: 90.01,163608, Output: ['107']
  Running k=2, iteration 3/3...
    Passes: 107, Time/Memory: 106.87,163508, Output: ['107']
  Running k=3, iteration 1/3...
    Passes: 8, Time/Memory: 23.21,204364, Output: ['8']
  Running k=3, iteration 2/3...
    Passes: 8, Time/Memory: 29.04,204328, Output: ['8']
  Running k=3, iteration 3/3...
    Passes: 8, Time/Memory: 23.08,204400, Output: ['8']
  Running k=4, iteration 1/3...
    Passes: 2, Time/Memory: 0.74,224784, Output: ['2']
  Running k=4, iteration 2/3...
    Passes: 2, Time/Memory: 0.67,224700, Output: ['2']
  Running k=4, iteration 3/3...
    Passes: 2, Time/Memory: 0.76,224740, Output: ['2']
  Running k=5, iteration 1/3...
    Passes: 2, Time/Memory: 0.68,224824, Output: ['2']
  Running k=5, iteration 2/3...
    Passes: 2, Time/Memory: 0.72,224712, Output: ['2']
  Running k=5, iteration 3/3...
    Passes: 2, Time/Memory: 0.82,224812, Output: ['2']
  Running k=6, iteration 1/3...
    Passes: 2, Time/Memory: 0.98,224764, Output: ['2']
  Running k=6, iteration 2/3...
    Passes: 2, Time/Memory: 0.74,224828, Output: ['2']
  Running k=6, iteration 3/3...
    Passes: 2, Time/Memory: 0.90,224788, Output: ['2']
  Running k=7, iteration 1/3...
    Passes: 2, Time/Memory: 0.75,224676, Output: ['2']
  Running k=7, iteration 2/3...
    Passes: 2, Time/Memory: 0.96,224760, Output: ['2']
  Running k=7, iteration 3/3...
    Passes: 2, Time/Memory: 0.75,224808, Output: ['2']
  Running k=8, iteration 1/3...
    Passes: 2, Time/Memory: 0.88,224708, Output: ['2']
  Running k=8, iteration 2/3...
    Passes: 2, Time/Memory: 0.76,224748, Output: ['2']
  Running k=8, iteration 3/3...
    Passes: 2, Time/Memory: 0.98,224696, Output: ['2']
  Running k=9, iteration 1/3...
    Passes: 2, Time/Memory: 0.80,224708, Output: ['2']
  Running k=9, iteration 2/3...
    Passes: 2, Time/Memory: 0.92,224856, Output: ['2']
  Running k=9, iteration 3/3...
    Passes: 2, Time/Memory: 0.69,224852, Output: ['2']
  Running k=10, iteration 1/3...
    Passes: 2, Time/Memory: 0.92,224860, Output: ['2']
  Running k=10, iteration 2/3...
    Passes: 2, Time/Memory: 0.80,224824, Output: ['2']
  Running k=10, iteration 3/3...
    Passes: 2, Time/Memory: 0.95,224676, Output: ['2']
Results for Amazon variant 0 saved to ./results/real/time_memory/Amazon/run_20250117_121240/kpath_0

Running Amazon for variant 1...
  Running k=1, iteration 1/3...
    Passes: 322, Time/Memory: 163.10,140700, Output: ['322']
  Running k=1, iteration 2/3...
    Passes: 322, Time/Memory: 201.86,140696, Output: ['322']
  Running k=1, iteration 3/3...
    Passes: 322, Time/Memory: 162.71,140608, Output: ['322']
  Running k=2, iteration 1/3...
    Passes: 100, Time/Memory: 97.34,173688, Output: ['100']
  Running k=2, iteration 2/3...
    Passes: 100, Time/Memory: 97.98,173736, Output: ['100']
  Running k=2, iteration 3/3...
    Passes: 100, Time/Memory: 101.90,173716, Output: ['100']
  Running k=3, iteration 1/3...
    Passes: 7, Time/Memory: 41.91,204640, Output: ['7']
  Running k=3, iteration 2/3...
    Passes: 7, Time/Memory: 33.68,204620, Output: ['7']
  Running k=3, iteration 3/3...
    Passes: 7, Time/Memory: 38.41,204576, Output: ['7']
  Running k=4, iteration 1/3...
    Passes: 4, Time/Memory: 20.64,235328, Output: ['4']
  Running k=4, iteration 2/3...
    Passes: 4, Time/Memory: 20.56,235456, Output: ['4']
  Running k=4, iteration 3/3...
    Passes: 4, Time/Memory: 20.32,235364, Output: ['4']
  Running k=5, iteration 1/3...
    Passes: 1, Time/Memory: 0.63,255644, Output: ['1']
  Running k=5, iteration 2/3...
    Passes: 1, Time/Memory: 0.62,255580, Output: ['1']
  Running k=5, iteration 3/3...
    Passes: 1, Time/Memory: 0.63,255624, Output: ['1']
  Running k=6, iteration 1/3...
    Passes: 1, Time/Memory: 0.61,255716, Output: ['1']
  Running k=6, iteration 2/3...
    Passes: 1, Time/Memory: 0.60,255712, Output: ['1']
  Running k=6, iteration 3/3...
    Passes: 1, Time/Memory: 0.62,255724, Output: ['1']
  Running k=7, iteration 1/3...
    Passes: 1, Time/Memory: 0.60,255648, Output: ['1']
  Running k=7, iteration 2/3...
    Passes: 1, Time/Memory: 0.64,255648, Output: ['1']
  Running k=7, iteration 3/3...
    Passes: 1, Time/Memory: 0.61,255712, Output: ['1']
  Running k=8, iteration 1/3...
    Passes: 1, Time/Memory: 0.63,255708, Output: ['1']
  Running k=8, iteration 2/3...
    Passes: 1, Time/Memory: 0.60,255676, Output: ['1']
  Running k=8, iteration 3/3...
    Passes: 1, Time/Memory: 0.61,255648, Output: ['1']
  Running k=9, iteration 1/3...
    Passes: 1, Time/Memory: 0.64,255648, Output: ['1']
  Running k=9, iteration 2/3...
    Passes: 1, Time/Memory: 0.59,255600, Output: ['1']
  Running k=9, iteration 3/3...
    Passes: 1, Time/Memory: 0.60,255628, Output: ['1']
  Running k=10, iteration 1/3...
    Passes: 1, Time/Memory: 0.62,255648, Output: ['1']
  Running k=10, iteration 2/3...
    Passes: 1, Time/Memory: 0.62,255600, Output: ['1']
  Running k=10, iteration 3/3...
    Passes: 1, Time/Memory: 0.64,255744, Output: ['1']
Results for Amazon variant 1 saved to ./results/real/time_memory/Amazon/run_20250117_121240/kpath_1

Running Amazon for variant 2...
  Running k=1, iteration 1/3...
    Passes: 246, Time/Memory: 154.00,152340, Output: ['246']
  Running k=1, iteration 2/3...
    Passes: 246, Time/Memory: 161.03,152412, Output: ['246']
  Running k=1, iteration 3/3...
    Passes: 246, Time/Memory: 156.66,152320, Output: ['246']
  Running k=2, iteration 1/3...
    Passes: 7, Time/Memory: 37.94,181740, Output: ['7']
  Running k=2, iteration 2/3...
    Passes: 7, Time/Memory: 30.38,181676, Output: ['7']
  Running k=2, iteration 3/3...
    Passes: 7, Time/Memory: 30.63,181728, Output: ['7']
  Running k=3, iteration 1/3...
    Passes: 4, Time/Memory: 21.28,206552, Output: ['4']
  Running k=3, iteration 2/3...
    Passes: 4, Time/Memory: 21.29,206708, Output: ['4']
  Running k=3, iteration 3/3...
    Passes: 4, Time/Memory: 21.15,206708, Output: ['4']
  Running k=4, iteration 1/3...
    Passes: 1, Time/Memory: 0.69,232224, Output: ['1']
  Running k=4, iteration 2/3...
    Passes: 1, Time/Memory: 0.63,232212, Output: ['1']
  Running k=4, iteration 3/3...
    Passes: 1, Time/Memory: 0.60,232104, Output: ['1']
  Running k=5, iteration 1/3...
    Passes: 1, Time/Memory: 0.78,232152, Output: ['1']
  Running k=5, iteration 2/3...
    Passes: 1, Time/Memory: 0.61,232072, Output: ['1']
  Running k=5, iteration 3/3...
    Passes: 1, Time/Memory: 0.76,232144, Output: ['1']
  Running k=6, iteration 1/3...
    Passes: 1, Time/Memory: 0.63,232152, Output: ['1']
  Running k=6, iteration 2/3...
    Passes: 1, Time/Memory: 0.77,232212, Output: ['1']
  Running k=6, iteration 3/3...
    Passes: 1, Time/Memory: 0.79,232128, Output: ['1']
  Running k=7, iteration 1/3...
    Passes: 1, Time/Memory: 0.60,232180, Output: ['1']
  Running k=7, iteration 2/3...
    Passes: 1, Time/Memory: 0.77,232092, Output: ['1']
  Running k=7, iteration 3/3...
    Passes: 1, Time/Memory: 0.62,232220, Output: ['1']
  Running k=8, iteration 1/3...
    Passes: 1, Time/Memory: 0.77,232128, Output: ['1']
  Running k=8, iteration 2/3...
    Passes: 1, Time/Memory: 0.58,232100, Output: ['1']
  Running k=8, iteration 3/3...
    Passes: 1, Time/Memory: 0.77,232148, Output: ['1']
  Running k=9, iteration 1/3...
    Passes: 1, Time/Memory: 0.59,232176, Output: ['1']
  Running k=9, iteration 2/3...
    Passes: 1, Time/Memory: 0.73,232072, Output: ['1']
  Running k=9, iteration 3/3...
    Passes: 1, Time/Memory: 0.58,232156, Output: ['1']
  Running k=10, iteration 1/3...
    Passes: 1, Time/Memory: 0.71,232124, Output: ['1']
  Running k=10, iteration 2/3...
    Passes: 1, Time/Memory: 0.75,232148, Output: ['1']
  Running k=10, iteration 3/3...
    Passes: 1, Time/Memory: 0.59,232156, Output: ['1']
Results for Amazon variant 2 saved to ./results/real/time_memory/Amazon/run_20250117_121240/kpath_2

Running Amazon for variant N...
  Running k=1, iteration 1/3...
    Passes: 4, Time/Memory: 24.80,250096, Output: ['4']
  Running k=1, iteration 2/3...
    Passes: 4, Time/Memory: 26.84,250208, Output: ['4']
  Running k=1, iteration 3/3...
    Passes: 4, Time/Memory: 21.49,250112, Output: ['4']
  Running k=2, iteration 1/3...
    Passes: 3, Time/Memory: 8.65,201620, Output: ['3']
  Running k=2, iteration 2/3...
    Passes: 3, Time/Memory: 8.94,201564, Output: ['3']
  Running k=2, iteration 3/3...
    Passes: 3, Time/Memory: 7.02,201696, Output: ['3']
  Running k=3, iteration 1/3...
    Passes: 2, Time/Memory: 20.96,228852, Output: ['2']
  Running k=3, iteration 2/3...
    Passes: 2, Time/Memory: 20.55,228928, Output: ['2']
  Running k=3, iteration 3/3...
    Passes: 2, Time/Memory: 22.67,228976, Output: ['2']
  Running k=4, iteration 1/3...
    Passes: 1, Time/Memory: 0.58,232084, Output: ['1']
  Running k=4, iteration 2/3...
    Passes: 1, Time/Memory: 0.74,232068, Output: ['1']
  Running k=4, iteration 3/3...
    Passes: 1, Time/Memory: 0.57,232092, Output: ['1']
  Running k=5, iteration 1/3...
    Passes: 1, Time/Memory: 0.76,232152, Output: ['1']
  Running k=5, iteration 2/3...
    Passes: 1, Time/Memory: 0.61,232100, Output: ['1']
  Running k=5, iteration 3/3...
    Passes: 1, Time/Memory: 0.72,232228, Output: ['1']
  Running k=6, iteration 1/3...
    Passes: 1, Time/Memory: 0.76,232100, Output: ['1']
  Running k=6, iteration 2/3...
    Passes: 1, Time/Memory: 0.73,232144, Output: ['1']
  Running k=6, iteration 3/3...
    Passes: 1, Time/Memory: 0.58,232072, Output: ['1']
  Running k=7, iteration 1/3...
    Passes: 1, Time/Memory: 0.73,232108, Output: ['1']
  Running k=7, iteration 2/3...
    Passes: 1, Time/Memory: 0.65,232148, Output: ['1']
  Running k=7, iteration 3/3...
    Passes: 1, Time/Memory: 0.71,232084, Output: ['1']
  Running k=8, iteration 1/3...
    Passes: 1, Time/Memory: 0.61,232128, Output: ['1']
  Running k=8, iteration 2/3...
    Passes: 1, Time/Memory: 0.77,232208, Output: ['1']
  Running k=8, iteration 3/3...
    Passes: 1, Time/Memory: 0.61,232152, Output: ['1']
  Running k=9, iteration 1/3...
    Passes: 1, Time/Memory: 0.76,232092, Output: ['1']
  Running k=9, iteration 2/3...
    Passes: 1, Time/Memory: 0.62,232148, Output: ['1']
  Running k=9, iteration 3/3...
    Passes: 1, Time/Memory: 0.76,232220, Output: ['1']
  Running k=10, iteration 1/3...
    Passes: 1, Time/Memory: 0.59,232200, Output: ['1']
  Running k=10, iteration 2/3...
    Passes: 1, Time/Memory: 0.76,232148, Output: ['1']
  Running k=10, iteration 3/3...
    Passes: 1, Time/Memory: 0.57,232244, Output: ['1']
Results for Amazon variant N saved to ./results/real/time_memory/Amazon/run_20250117_121240/kpath_N

Running Amazon for variant X...
  Running k=1, iteration 1/3...
    Passes: 100, Time/Memory: 95.43,173764, Output: ['100']
  Running k=1, iteration 2/3...
    Passes: 100, Time/Memory: 96.89,173688, Output: ['100']
  Running k=1, iteration 3/3...
    Passes: 100, Time/Memory: 108.54,173748, Output: ['100']
  Running k=2, iteration 1/3...
    Passes: 7, Time/Memory: 33.48,204632, Output: ['7']
  Running k=2, iteration 2/3...
    Passes: 7, Time/Memory: 34.87,204720, Output: ['7']
  Running k=2, iteration 3/3...
    Passes: 7, Time/Memory: 33.31,204640, Output: ['7']
  Running k=3, iteration 1/3...
    Passes: 4, Time/Memory: 21.02,235380, Output: ['4']
  Running k=3, iteration 2/3...
    Passes: 4, Time/Memory: 20.95,235392, Output: ['4']
  Running k=3, iteration 3/3...
    Passes: 4, Time/Memory: 18.82,235384, Output: ['4']
  Running k=4, iteration 1/3...
    Passes: 1, Time/Memory: 0.53,255652, Output: ['1']
  Running k=4, iteration 2/3...
    Passes: 1, Time/Memory: 0.62,255588, Output: ['1']
  Running k=4, iteration 3/3...
    Passes: 1, Time/Memory: 0.53,255600, Output: ['1']
  Running k=5, iteration 1/3...
    Passes: 1, Time/Memory: 0.60,255648, Output: ['1']
  Running k=5, iteration 2/3...
    Passes: 1, Time/Memory: 0.51,255556, Output: ['1']
  Running k=5, iteration 3/3...
    Passes: 1, Time/Memory: 0.56,255740, Output: ['1']
  Running k=6, iteration 1/3...
    Passes: 1, Time/Memory: 0.53,255728, Output: ['1']
  Running k=6, iteration 2/3...
    Passes: 1, Time/Memory: 0.59,255640, Output: ['1']
  Running k=6, iteration 3/3...
    Passes: 1, Time/Memory: 0.53,255568, Output: ['1']
  Running k=7, iteration 1/3...
    Passes: 1, Time/Memory: 0.59,255712, Output: ['1']
  Running k=7, iteration 2/3...
    Passes: 1, Time/Memory: 0.51,255716, Output: ['1']
  Running k=7, iteration 3/3...
    Passes: 1, Time/Memory: 0.61,255712, Output: ['1']
  Running k=8, iteration 1/3...
    Passes: 1, Time/Memory: 0.53,255648, Output: ['1']
  Running k=8, iteration 2/3...
    Passes: 1, Time/Memory: 0.56,255624, Output: ['1']
  Running k=8, iteration 3/3...
    Passes: 1, Time/Memory: 0.52,255640, Output: ['1']
  Running k=9, iteration 1/3...
    Passes: 1, Time/Memory: 0.58,255640, Output: ['1']
  Running k=9, iteration 2/3...
    Passes: 1, Time/Memory: 0.49,255568, Output: ['1']
  Running k=9, iteration 3/3...
    Passes: 1, Time/Memory: 0.59,255676, Output: ['1']
  Running k=10, iteration 1/3...
    Passes: 1, Time/Memory: 0.53,255580, Output: ['1']
  Running k=10, iteration 2/3...
    Passes: 1, Time/Memory: 0.60,255580, Output: ['1']
  Running k=10, iteration 3/3...
    Passes: 1, Time/Memory: 0.60,255588, Output: ['1']
Results for Amazon variant X saved to ./results/real/time_memory/Amazon/run_20250117_121240/kpath_X
