
Running Amazon for variant 0...
  Running k=1, iteration 1/5...
    Passes: 6, Time/Memory: 102.01,134496, Output: ['6']
  Running k=1, iteration 2/5...
    Passes: 6, Time/Memory: 202.86,134472, Output: ['6']
  Running k=1, iteration 3/5...
    Passes: 6, Time/Memory: 103.00,134412, Output: ['6']
  Running k=1, iteration 4/5...
    Passes: 6, Time/Memory: 205.84,134520, Output: ['6']
  Running k=1, iteration 5/5...
    Passes: 6, Time/Memory: 101.84,134568, Output: ['6']
  Running k=2, iteration 1/5...
    Passes: 6, Time/Memory: 204.31,134464, Output: ['6']
  Running k=2, iteration 2/5...
    Passes: 6, Time/Memory: 103.72,134424, Output: ['6']
  Running k=2, iteration 3/5...
    Passes: 6, Time/Memory: 207.06,134420, Output: ['6']
  Running k=2, iteration 4/5...
    Passes: 6, Time/Memory: 102.30,134424, Output: ['6']
  Running k=2, iteration 5/5...
    Passes: 6, Time/Memory: 203.84,134452, Output: ['6']
  Running k=3, iteration 1/5...
    Passes: 6, Time/Memory: 101.75,134520, Output: ['6']
  Running k=3, iteration 2/5...
    Passes: 6, Time/Memory: 210.80,134500, Output: ['6']
  Running k=3, iteration 3/5...
    Passes: 6, Time/Memory: 103.76,134568, Output: ['6']
  Running k=3, iteration 4/5...
    Passes: 6, Time/Memory: 205.01,134520, Output: ['6']
  Running k=3, iteration 5/5...
    Passes: 6, Time/Memory: 103.06,134480, Output: ['6']
  Running k=4, iteration 1/5...
    Passes: 6, Time/Memory: 208.77,134472, Output: ['6']
  Running k=4, iteration 2/5...
    Passes: 6, Time/Memory: 102.96,134548, Output: ['6']
  Running k=4, iteration 3/5...
    Passes: 6, Time/Memory: 209.13,134476, Output: ['6']
  Running k=4, iteration 4/5...
    Passes: 6, Time/Memory: 102.85,134520, Output: ['6']
  Running k=4, iteration 5/5...
    Passes: 6, Time/Memory: 103.20,134364, Output: ['6']
  Running k=5, iteration 1/5...
    Passes: 6, Time/Memory: 203.09,134468, Output: ['6']
  Running k=5, iteration 2/5...
    Passes: 6, Time/Memory: 100.29,134480, Output: ['6']
  Running k=5, iteration 3/5...
    Passes: 6, Time/Memory: 199.53,134472, Output: ['6']
  Running k=5, iteration 4/5...
    Passes: 6, Time/Memory: 100.98,134532, Output: ['6']
  Running k=5, iteration 5/5...
    Passes: 6, Time/Memory: 198.48,134556, Output: ['6']
  Running k=6, iteration 1/5...
    Passes: 6, Time/Memory: 101.40,134472, Output: ['6']
  Running k=6, iteration 2/5...
    Passes: 6, Time/Memory: 200.62,134408, Output: ['6']
  Running k=6, iteration 3/5...
    Passes: 6, Time/Memory: 99.30,134452, Output: ['6']
  Running k=6, iteration 4/5...
    Passes: 6, Time/Memory: 200.14,134436, Output: ['6']
  Running k=6, iteration 5/5...
    Passes: 6, Time/Memory: 99.68,134464, Output: ['6']
  Running k=7, iteration 1/5...
    Passes: 6, Time/Memory: 199.63,134552, Output: ['6']
  Running k=7, iteration 2/5...
    Passes: 6, Time/Memory: 101.26,134384, Output: ['6']
  Running k=7, iteration 3/5...
    Passes: 6, Time/Memory: 203.38,134464, Output: ['6']
  Running k=7, iteration 4/5...
    Passes: 6, Time/Memory: 101.56,134544, Output: ['6']
  Running k=7, iteration 5/5...
    Passes: 6, Time/Memory: 203.18,134568, Output: ['6']
  Running k=8, iteration 1/5...
    Passes: 6, Time/Memory: 194.50,134352, Output: ['6']
  Running k=8, iteration 2/5...
    Passes: 6, Time/Memory: 200.14,134520, Output: ['6']
  Running k=8, iteration 3/5...
    Passes: 6, Time/Memory: 102.20,134464, Output: ['6']
  Running k=8, iteration 4/5...
    Passes: 6, Time/Memory: 201.11,134528, Output: ['6']
  Running k=8, iteration 5/5...
    Passes: 6, Time/Memory: 101.10,134424, Output: ['6']
  Running k=9, iteration 1/5...
    Passes: 6, Time/Memory: 202.30,134536, Output: ['6']
  Running k=9, iteration 2/5...
    Passes: 6, Time/Memory: 101.68,134472, Output: ['6']
  Running k=9, iteration 3/5...
    Passes: 6, Time/Memory: 202.75,134464, Output: ['6']
  Running k=9, iteration 4/5...
    Passes: 6, Time/Memory: 100.17,134468, Output: ['6']
  Running k=9, iteration 5/5...
    Passes: 6, Time/Memory: 203.18,134536, Output: ['6']
  Running k=10, iteration 1/5...
    Passes: 6, Time/Memory: 203.77,134392, Output: ['6']
  Running k=10, iteration 2/5...
    Passes: 6, Time/Memory: 206.24,134408, Output: ['6']
  Running k=10, iteration 3/5...
    Passes: 6, Time/Memory: 209.81,134532, Output: ['6']
  Running k=10, iteration 4/5...
    Passes: 6, Time/Memory: 209.06,134408, Output: ['6']
  Running k=10, iteration 5/5...
    Passes: 6, Time/Memory: 210.01,134552, Output: ['6']
Results for Amazon variant 0 saved to ./results/real/time_memory/Amazon/run_20250116_190606/klev_0

Running Amazon for variant 1...
  Running k=1, iteration 1/5...
    Passes: 5, Time/Memory: 220.32,126600, Output: ['5']
  Running k=1, iteration 2/5...
    Passes: 5, Time/Memory: 222.41,126484, Output: ['5']
  Running k=1, iteration 3/5...
    Passes: 5, Time/Memory: 221.71,126632, Output: ['5']
  Running k=1, iteration 4/5...
    Passes: 5, Time/Memory: 223.47,126616, Output: ['5']
  Running k=1, iteration 5/5...
    Passes: 5, Time/Memory: 220.94,126500, Output: ['5']
  Running k=2, iteration 1/5...
    Passes: 5, Time/Memory: 215.23,130772, Output: ['5']
  Running k=2, iteration 2/5...
    Passes: 5, Time/Memory: 213.25,130776, Output: ['5']
  Running k=2, iteration 3/5...
    Passes: 5, Time/Memory: 216.92,130708, Output: ['5']
  Running k=2, iteration 4/5...
    Passes: 5, Time/Memory: 218.62,130748, Output: ['5']
  Running k=2, iteration 5/5...
    Passes: 5, Time/Memory: 214.85,130772, Output: ['5']
  Running k=3, iteration 1/5...
    Passes: 5, Time/Memory: 201.58,130712, Output: ['5']
  Running k=3, iteration 2/5...
    Passes: 5, Time/Memory: 201.05,130780, Output: ['5']
  Running k=3, iteration 3/5...
    Passes: 5, Time/Memory: 201.70,130784, Output: ['5']
  Running k=3, iteration 4/5...
    Passes: 5, Time/Memory: 198.59,130708, Output: ['5']
  Running k=3, iteration 5/5...
    Passes: 5, Time/Memory: 200.36,130856, Output: ['5']
  Running k=4, iteration 1/5...
    Passes: 5, Time/Memory: 197.45,130840, Output: ['5']
  Running k=4, iteration 2/5...
    Passes: 5, Time/Memory: 199.21,130780, Output: ['5']
  Running k=4, iteration 3/5...
    Passes: 5, Time/Memory: 198.40,130828, Output: ['5']
  Running k=4, iteration 4/5...
    Passes: 5, Time/Memory: 201.76,130768, Output: ['5']
  Running k=4, iteration 5/5...
    Passes: 5, Time/Memory: 197.50,130752, Output: ['5']
  Running k=5, iteration 1/5...
    Passes: 5, Time/Memory: 195.80,130692, Output: ['5']
  Running k=5, iteration 2/5...
    Passes: 5, Time/Memory: 202.08,130716, Output: ['5']
  Running k=5, iteration 3/5...
    Passes: 5, Time/Memory: 196.57,130828, Output: ['5']
  Running k=5, iteration 4/5...
    Passes: 5, Time/Memory: 198.15,130828, Output: ['5']
  Running k=5, iteration 5/5...
    Passes: 5, Time/Memory: 201.35,130752, Output: ['5']
  Running k=6, iteration 1/5...
    Passes: 5, Time/Memory: 197.94,130668, Output: ['5']
  Running k=6, iteration 2/5...
    Passes: 5, Time/Memory: 195.38,130836, Output: ['5']
  Running k=6, iteration 3/5...
    Passes: 5, Time/Memory: 195.47,130756, Output: ['5']
  Running k=6, iteration 4/5...
    Passes: 5, Time/Memory: 195.11,130756, Output: ['5']
  Running k=6, iteration 5/5...
    Passes: 5, Time/Memory: 195.64,130728, Output: ['5']
  Running k=7, iteration 1/5...
    Passes: 5, Time/Memory: 203.71,130856, Output: ['5']
  Running k=7, iteration 2/5...
    Passes: 5, Time/Memory: 203.89,130772, Output: ['5']
  Running k=7, iteration 3/5...
    Passes: 5, Time/Memory: 200.36,130780, Output: ['5']
  Running k=7, iteration 4/5...
    Passes: 5, Time/Memory: 200.71,130716, Output: ['5']
  Running k=7, iteration 5/5...
    Passes: 5, Time/Memory: 203.57,130708, Output: ['5']
  Running k=8, iteration 1/5...
    Passes: 5, Time/Memory: 191.34,131016, Output: ['5']
  Running k=8, iteration 2/5...
    Passes: 5, Time/Memory: 191.98,131072, Output: ['5']
  Running k=8, iteration 3/5...
    Passes: 5, Time/Memory: 189.34,131136, Output: ['5']
  Running k=8, iteration 4/5...
    Passes: 5, Time/Memory: 190.68,130952, Output: ['5']
  Running k=8, iteration 5/5...
    Passes: 5, Time/Memory: 190.74,130996, Output: ['5']
  Running k=9, iteration 1/5...
    Passes: 5, Time/Memory: 202.58,130772, Output: ['5']
  Running k=9, iteration 2/5...
    Passes: 5, Time/Memory: 197.16,130772, Output: ['5']
  Running k=9, iteration 3/5...
    Passes: 5, Time/Memory: 202.55,130752, Output: ['5']
  Running k=9, iteration 4/5...
    Passes: 5, Time/Memory: 198.75,130792, Output: ['5']
  Running k=9, iteration 5/5...
    Passes: 5, Time/Memory: 199.46,130840, Output: ['5']
  Running k=10, iteration 1/5...
    Passes: 5, Time/Memory: 199.85,131088, Output: ['5']
  Running k=10, iteration 2/5...
    Passes: 5, Time/Memory: 200.20,131024, Output: ['5']
  Running k=10, iteration 3/5...
    Passes: 5, Time/Memory: 203.87,130976, Output: ['5']
  Running k=10, iteration 4/5...
    Passes: 5, Time/Memory: 205.20,131016, Output: ['5']
  Running k=10, iteration 5/5...
    Passes: 5, Time/Memory: 203.31,131104, Output: ['5']
Results for Amazon variant 1 saved to ./results/real/time_memory/Amazon/run_20250116_190606/klev_1

Running Amazon for variant 2...
  Running k=1, iteration 1/5...
    Passes: 3, Time/Memory: 206.66,157168, Output: ['3']
  Running k=1, iteration 2/5...
    Passes: 3, Time/Memory: 199.74,157124, Output: ['3']
  Running k=1, iteration 3/5...
    Passes: 3, Time/Memory: 202.19,157180, Output: ['3']
  Running k=1, iteration 4/5...
    Passes: 3, Time/Memory: 202.33,157100, Output: ['3']
  Running k=1, iteration 5/5...
    Passes: 3, Time/Memory: 202.85,157516, Output: ['3']
  Running k=2, iteration 1/5...
    Passes: 2, Time/Memory: 192.66,185624, Output: ['2']
  Running k=2, iteration 2/5...
    Passes: 2, Time/Memory: 190.29,185748, Output: ['2']
  Running k=2, iteration 3/5...
    Passes: 2, Time/Memory: 191.51,185752, Output: ['2']
  Running k=2, iteration 4/5...
    Passes: 2, Time/Memory: 192.86,185624, Output: ['2']
  Running k=2, iteration 5/5...
    Passes: 2, Time/Memory: 189.93,185688, Output: ['2']
  Running k=3, iteration 1/5...
    Passes: 2, Time/Memory: 179.93,209712, Output: ['2']
  Running k=3, iteration 2/5...
    Passes: 2, Time/Memory: 180.84,209776, Output: ['2']
  Running k=3, iteration 3/5...
    Passes: 2, Time/Memory: 184.43,209612, Output: ['2']
  Running k=3, iteration 4/5...
    Passes: 2, Time/Memory: 180.18,209712, Output: ['2']
  Running k=3, iteration 5/5...
    Passes: 2, Time/Memory: 180.23,209632, Output: ['2']
  Running k=4, iteration 1/5...
    Passes: 2, Time/Memory: 191.10,234792, Output: ['2']
  Running k=4, iteration 2/5...
    Passes: 2, Time/Memory: 193.83,234792, Output: ['2']
  Running k=4, iteration 3/5...
    Passes: 2, Time/Memory: 192.67,234712, Output: ['2']
  Running k=4, iteration 4/5...
    Passes: 2, Time/Memory: 193.70,234772, Output: ['2']
  Running k=4, iteration 5/5...
    Passes: 2, Time/Memory: 191.82,234740, Output: ['2']
  Running k=5, iteration 1/5...
    Passes: 1, Time/Memory: 202.26,251956, Output: ['1']
  Running k=5, iteration 2/5...
    Passes: 1, Time/Memory: 202.69,251952, Output: ['1']
  Running k=5, iteration 3/5...
    Passes: 1, Time/Memory: 203.09,252048, Output: ['1']
  Running k=5, iteration 4/5...
    Passes: 1, Time/Memory: 203.58,251952, Output: ['1']
  Running k=5, iteration 5/5...
    Passes: 1, Time/Memory: 202.98,251952, Output: ['1']
  Running k=6, iteration 1/5...
    Passes: 1, Time/Memory: 200.15,251948, Output: ['1']
  Running k=6, iteration 2/5...
    Passes: 1, Time/Memory: 201.73,252004, Output: ['1']
  Running k=6, iteration 3/5...
    Passes: 1, Time/Memory: 201.92,251912, Output: ['1']
  Running k=6, iteration 4/5...
    Passes: 1, Time/Memory: 202.06,252016, Output: ['1']
  Running k=6, iteration 5/5...
    Passes: 1, Time/Memory: 202.67,252004, Output: ['1']
  Running k=7, iteration 1/5...
    Passes: 1, Time/Memory: 205.42,251932, Output: ['1']
  Running k=7, iteration 2/5...
    Passes: 1, Time/Memory: 200.52,251956, Output: ['1']
  Running k=7, iteration 3/5...
    Passes: 1, Time/Memory: 201.35,251948, Output: ['1']
  Running k=7, iteration 4/5...
    Passes: 1, Time/Memory: 203.73,251952, Output: ['1']
  Running k=7, iteration 5/5...
    Passes: 1, Time/Memory: 204.11,252016, Output: ['1']
  Running k=8, iteration 1/5...
    Passes: 1, Time/Memory: 203.16,251952, Output: ['1']
  Running k=8, iteration 2/5...
    Passes: 1, Time/Memory: 204.88,251896, Output: ['1']
  Running k=8, iteration 3/5...
    Passes: 1, Time/Memory: 202.97,252016, Output: ['1']
  Running k=8, iteration 4/5...
    Passes: 1, Time/Memory: 203.83,252004, Output: ['1']
  Running k=8, iteration 5/5...
    Passes: 1, Time/Memory: 204.94,251900, Output: ['1']
  Running k=9, iteration 1/5...
    Passes: 1, Time/Memory: 204.37,251900, Output: ['1']
  Running k=9, iteration 2/5...
    Passes: 1, Time/Memory: 200.91,251864, Output: ['1']
  Running k=9, iteration 3/5...
    Passes: 1, Time/Memory: 202.62,252000, Output: ['1']
  Running k=9, iteration 4/5...
    Passes: 1, Time/Memory: 203.46,251872, Output: ['1']
  Running k=9, iteration 5/5...
    Passes: 1, Time/Memory: 201.57,252012, Output: ['1']
  Running k=10, iteration 1/5...
    Passes: 1, Time/Memory: 201.24,252044, Output: ['1']
  Running k=10, iteration 2/5...
    Passes: 1, Time/Memory: 204.40,251924, Output: ['1']
  Running k=10, iteration 3/5...
    Passes: 1, Time/Memory: 204.27,251896, Output: ['1']
  Running k=10, iteration 4/5...
    Passes: 1, Time/Memory: 202.22,252004, Output: ['1']
  Running k=10, iteration 5/5...
    Passes: 1, Time/Memory: 202.30,252020, Output: ['1']
Results for Amazon variant 2 saved to ./results/real/time_memory/Amazon/run_20250116_190606/klev_2

Running Amazon for variant N...
  Running k=1, iteration 1/5...
    Passes: 3, Time/Memory: 194.56,154544, Output: ['3']
  Running k=1, iteration 2/5...
    Passes: 3, Time/Memory: 192.76,154568, Output: ['3']
  Running k=1, iteration 3/5...
    Passes: 3, Time/Memory: 195.80,154532, Output: ['3']
  Running k=1, iteration 4/5...
    Passes: 3, Time/Memory: 191.17,154472, Output: ['3']
  Running k=1, iteration 5/5...
    Passes: 3, Time/Memory: 186.07,154600, Output: ['3']
  Running k=2, iteration 1/5...
    Passes: 2, Time/Memory: 168.79,178304, Output: ['2']
  Running k=2, iteration 2/5...
    Passes: 2, Time/Memory: 96.41,178296, Output: ['2']
  Running k=2, iteration 3/5...
    Passes: 2, Time/Memory: 169.93,178292, Output: ['2']
  Running k=2, iteration 4/5...
    Passes: 2, Time/Memory: 95.24,178388, Output: ['2']
  Running k=2, iteration 5/5...
    Passes: 2, Time/Memory: 171.11,178328, Output: ['2']
  Running k=3, iteration 1/5...
    Passes: 2, Time/Memory: 107.98,204232, Output: ['2']
  Running k=3, iteration 2/5...
    Passes: 2, Time/Memory: 178.35,204100, Output: ['2']
  Running k=3, iteration 3/5...
    Passes: 2, Time/Memory: 106.33,204120, Output: ['2']
  Running k=3, iteration 4/5...
    Passes: 2, Time/Memory: 180.47,204236, Output: ['2']
  Running k=3, iteration 5/5...
    Passes: 2, Time/Memory: 109.02,204108, Output: ['2']
  Running k=4, iteration 1/5...
    Passes: 1, Time/Memory: 185.28,221064, Output: ['1']
  Running k=4, iteration 2/5...
    Passes: 1, Time/Memory: 115.28,221112, Output: ['1']
  Running k=4, iteration 3/5...
    Passes: 1, Time/Memory: 183.27,221064, Output: ['1']
  Running k=4, iteration 4/5...
    Passes: 1, Time/Memory: 115.42,220996, Output: ['1']
  Running k=4, iteration 5/5...
    Passes: 1, Time/Memory: 181.21,221132, Output: ['1']
  Running k=5, iteration 1/5...
    Passes: 1, Time/Memory: 116.46,221060, Output: ['1']
  Running k=5, iteration 2/5...
    Passes: 1, Time/Memory: 181.31,221064, Output: ['1']
  Running k=5, iteration 3/5...
    Passes: 1, Time/Memory: 115.25,221112, Output: ['1']
  Running k=5, iteration 4/5...
    Passes: 1, Time/Memory: 182.87,220996, Output: ['1']
  Running k=5, iteration 5/5...
    Passes: 1, Time/Memory: 116.23,221068, Output: ['1']
  Running k=6, iteration 1/5...
    Passes: 1, Time/Memory: 182.19,221040, Output: ['1']
  Running k=6, iteration 2/5...
    Passes: 1, Time/Memory: 115.29,221092, Output: ['1']
  Running k=6, iteration 3/5...
    Passes: 1, Time/Memory: 181.79,221124, Output: ['1']
  Running k=6, iteration 4/5...
    Passes: 1, Time/Memory: 113.76,221000, Output: ['1']
  Running k=6, iteration 5/5...
    Passes: 1, Time/Memory: 181.78,221132, Output: ['1']
  Running k=7, iteration 1/5...
    Passes: 1, Time/Memory: 181.11,221016, Output: ['1']
  Running k=7, iteration 2/5...
    Passes: 1, Time/Memory: 115.53,221112, Output: ['1']
  Running k=7, iteration 3/5...
    Passes: 1, Time/Memory: 182.98,221124, Output: ['1']
  Running k=7, iteration 4/5...
    Passes: 1, Time/Memory: 117.04,221128, Output: ['1']
  Running k=7, iteration 5/5...
    Passes: 1, Time/Memory: 182.36,221068, Output: ['1']
  Running k=8, iteration 1/5...
    Passes: 1, Time/Memory: 115.81,221120, Output: ['1']
  Running k=8, iteration 2/5...
    Passes: 1, Time/Memory: 184.50,221040, Output: ['1']
  Running k=8, iteration 3/5...
    Passes: 1, Time/Memory: 116.34,220980, Output: ['1']
  Running k=8, iteration 4/5...
    Passes: 1, Time/Memory: 185.22,221012, Output: ['1']
  Running k=8, iteration 5/5...
    Passes: 1, Time/Memory: 185.12,221160, Output: ['1']
  Running k=9, iteration 1/5...
    Passes: 1, Time/Memory: 183.07,221140, Output: ['1']
  Running k=9, iteration 2/5...
    Passes: 1, Time/Memory: 113.98,221132, Output: ['1']
  Running k=9, iteration 3/5...
    Passes: 1, Time/Memory: 187.36,221140, Output: ['1']
  Running k=9, iteration 4/5...
    Passes: 1, Time/Memory: 115.48,221132, Output: ['1']
  Running k=9, iteration 5/5...
    Passes: 1, Time/Memory: 185.82,221128, Output: ['1']
  Running k=10, iteration 1/5...
    Passes: 1, Time/Memory: 114.80,221124, Output: ['1']
  Running k=10, iteration 2/5...
    Passes: 1, Time/Memory: 182.96,220984, Output: ['1']
  Running k=10, iteration 3/5...
    Passes: 1, Time/Memory: 116.71,221060, Output: ['1']
  Running k=10, iteration 4/5...
    Passes: 1, Time/Memory: 115.53,221160, Output: ['1']
  Running k=10, iteration 5/5...
    Passes: 1, Time/Memory: 181.89,220996, Output: ['1']
Results for Amazon variant N saved to ./results/real/time_memory/Amazon/run_20250116_190606/klev_N

Running Amazon for variant X...
  Running k=1, iteration 1/5...
    Passes: 3, Time/Memory: 84.93,154532, Output: ['3']
  Running k=1, iteration 2/5...
    Passes: 3, Time/Memory: 154.26,154488, Output: ['3']
  Running k=1, iteration 3/5...
    Passes: 3, Time/Memory: 84.01,154456, Output: ['3']
  Running k=1, iteration 4/5...
    Passes: 3, Time/Memory: 154.93,154528, Output: ['3']
  Running k=1, iteration 5/5...
    Passes: 3, Time/Memory: 84.34,154496, Output: ['3']
  Running k=2, iteration 1/5...
    Passes: 2, Time/Memory: 158.28,180860, Output: ['2']
  Running k=2, iteration 2/5...
    Passes: 2, Time/Memory: 86.90,180852, Output: ['2']
  Running k=2, iteration 3/5...
    Passes: 2, Time/Memory: 159.19,181016, Output: ['2']
  Running k=2, iteration 4/5...
    Passes: 2, Time/Memory: 89.10,180896, Output: ['2']
  Running k=2, iteration 5/5...
    Passes: 2, Time/Memory: 157.67,181016, Output: ['2']
  Running k=3, iteration 1/5...
    Passes: 2, Time/Memory: 92.64,204380, Output: ['2']
  Running k=3, iteration 2/5...
    Passes: 2, Time/Memory: 159.56,204364, Output: ['2']
  Running k=3, iteration 3/5...
    Passes: 2, Time/Memory: 92.34,204412, Output: ['2']
  Running k=3, iteration 4/5...
    Passes: 2, Time/Memory: 158.87,204460, Output: ['2']
  Running k=3, iteration 5/5...
    Passes: 2, Time/Memory: 94.43,204408, Output: ['2']
  Running k=4, iteration 1/5...
    Passes: 2, Time/Memory: 173.29,230660, Output: ['2']
  Running k=4, iteration 2/5...
    Passes: 2, Time/Memory: 110.67,230504, Output: ['2']
  Running k=4, iteration 3/5...
    Passes: 2, Time/Memory: 173.28,230504, Output: ['2']
  Running k=4, iteration 4/5...
    Passes: 2, Time/Memory: 110.99,230520, Output: ['2']
  Running k=4, iteration 5/5...
    Passes: 2, Time/Memory: 174.65,230624, Output: ['2']
  Running k=5, iteration 1/5...
    Passes: 1, Time/Memory: 119.86,248956, Output: ['1']
  Running k=5, iteration 2/5...
    Passes: 1, Time/Memory: 186.05,249120, Output: ['1']
  Running k=5, iteration 3/5...
    Passes: 1, Time/Memory: 119.46,249044, Output: ['1']
  Running k=5, iteration 4/5...
    Passes: 1, Time/Memory: 186.86,249032, Output: ['1']
  Running k=5, iteration 5/5...
    Passes: 1, Time/Memory: 120.52,249144, Output: ['1']
  Running k=6, iteration 1/5...
    Passes: 1, Time/Memory: 190.04,249128, Output: ['1']
  Running k=6, iteration 2/5...
    Passes: 1, Time/Memory: 118.39,248984, Output: ['1']
  Running k=6, iteration 3/5...
    Passes: 1, Time/Memory: 186.34,248996, Output: ['1']
  Running k=6, iteration 4/5...
    Passes: 1, Time/Memory: 186.28,248988, Output: ['1']
  Running k=6, iteration 5/5...
    Passes: 1, Time/Memory: 188.81,249028, Output: ['1']
  Running k=7, iteration 1/5...
    Passes: 1, Time/Memory: 119.74,248976, Output: ['1']
  Running k=7, iteration 2/5...
    Passes: 1, Time/Memory: 187.95,249044, Output: ['1']
  Running k=7, iteration 3/5...
    Passes: 1, Time/Memory: 121.77,248984, Output: ['1']
  Running k=7, iteration 4/5...
    Passes: 1, Time/Memory: 189.12,249072, Output: ['1']
  Running k=7, iteration 5/5...
    Passes: 1, Time/Memory: 118.47,248980, Output: ['1']
  Running k=8, iteration 1/5...
    Passes: 1, Time/Memory: 188.09,249116, Output: ['1']
  Running k=8, iteration 2/5...
    Passes: 1, Time/Memory: 119.94,248996, Output: ['1']
  Running k=8, iteration 3/5...
    Passes: 1, Time/Memory: 187.92,249108, Output: ['1']
  Running k=8, iteration 4/5...
    Passes: 1, Time/Memory: 120.74,249072, Output: ['1']
  Running k=8, iteration 5/5...
    Passes: 1, Time/Memory: 190.73,249028, Output: ['1']
  Running k=9, iteration 1/5...
    Passes: 1, Time/Memory: 119.93,249144, Output: ['1']
  Running k=9, iteration 2/5...
    Passes: 1, Time/Memory: 190.05,249148, Output: ['1']
  Running k=9, iteration 3/5...
    Passes: 1, Time/Memory: 120.13,248988, Output: ['1']
  Running k=9, iteration 4/5...
    Passes: 1, Time/Memory: 190.70,249140, Output: ['1']
  Running k=9, iteration 5/5...
    Passes: 1, Time/Memory: 120.90,249004, Output: ['1']
  Running k=10, iteration 1/5...
    Passes: 1, Time/Memory: 190.13,249132, Output: ['1']
  Running k=10, iteration 2/5...
    Passes: 1, Time/Memory: 190.37,249128, Output: ['1']
  Running k=10, iteration 3/5...
    Passes: 1, Time/Memory: 120.53,248968, Output: ['1']
  Running k=10, iteration 4/5...
    Passes: 1, Time/Memory: 187.29,249144, Output: ['1']
  Running k=10, iteration 5/5...
    Passes: 1, Time/Memory: 120.80,248964, Output: ['1']
Results for Amazon variant X saved to ./results/real/time_memory/Amazon/run_20250116_190606/klev_X

Running Amazon for variant Y...
  Running k=1, iteration 1/5...
    Passes: 5, Time/Memory: 203.71,131092, Output: ['5']
  Running k=1, iteration 2/5...
    Passes: 5, Time/Memory: 101.70,131040, Output: ['5']
  Running k=1, iteration 3/5...
    Passes: 5, Time/Memory: 202.54,131068, Output: ['5']
  Running k=1, iteration 4/5...
    Passes: 5, Time/Memory: 103.03,130956, Output: ['5']
  Running k=1, iteration 5/5...
    Passes: 5, Time/Memory: 204.24,131040, Output: ['5']
  Running k=2, iteration 1/5...
    Passes: 5, Time/Memory: 101.16,131140, Output: ['5']
  Running k=2, iteration 2/5...
    Passes: 5, Time/Memory: 201.91,131036, Output: ['5']
  Running k=2, iteration 3/5...
    Passes: 5, Time/Memory: 103.45,130964, Output: ['5']
  Running k=2, iteration 4/5...
    Passes: 5, Time/Memory: 204.64,130960, Output: ['5']
  Running k=2, iteration 5/5...
    Passes: 5, Time/Memory: 102.32,131092, Output: ['5']
  Running k=3, iteration 1/5...
    Passes: 5, Time/Memory: 190.23,131516, Output: ['5']
  Running k=3, iteration 2/5...
    Passes: 5, Time/Memory: 97.13,131644, Output: ['5']
  Running k=3, iteration 3/5...
    Passes: 5, Time/Memory: 197.30,131668, Output: ['5']
  Running k=3, iteration 4/5...
    Passes: 5, Time/Memory: 96.43,131636, Output: ['5']
  Running k=3, iteration 5/5...
    Passes: 5, Time/Memory: 193.91,131632, Output: ['5']
  Running k=4, iteration 1/5...
    Passes: 5, Time/Memory: 183.13,131620, Output: ['5']
  Running k=4, iteration 2/5...
    Passes: 5, Time/Memory: 191.45,131632, Output: ['5']
  Running k=4, iteration 3/5...
    Passes: 5, Time/Memory: 189.64,131548, Output: ['5']
  Running k=4, iteration 4/5...
    Passes: 5, Time/Memory: 94.54,131520, Output: ['5']
  Running k=4, iteration 5/5...
    Passes: 5, Time/Memory: 189.06,131508, Output: ['5']
  Running k=5, iteration 1/5...
    Passes: 5, Time/Memory: 94.60,130780, Output: ['5']
  Running k=5, iteration 2/5...
    Passes: 5, Time/Memory: 188.46,130836, Output: ['5']
  Running k=5, iteration 3/5...
    Passes: 5, Time/Memory: 95.64,130756, Output: ['5']
  Running k=5, iteration 4/5...
    Passes: 5, Time/Memory: 188.46,130776, Output: ['5']
  Running k=5, iteration 5/5...
    Passes: 5, Time/Memory: 93.66,130724, Output: ['5']
  Running k=6, iteration 1/5...
    Passes: 5, Time/Memory: 187.29,130800, Output: ['5']
  Running k=6, iteration 2/5...
    Passes: 5, Time/Memory: 94.05,130708, Output: ['5']
  Running k=6, iteration 3/5...
    Passes: 5, Time/Memory: 188.22,130772, Output: ['5']
  Running k=6, iteration 4/5...
    Passes: 5, Time/Memory: 94.27,130872, Output: ['5']
  Running k=6, iteration 5/5...
    Passes: 5, Time/Memory: 92.85,130724, Output: ['5']
  Running k=7, iteration 1/5...
    Passes: 5, Time/Memory: 96.39,131812, Output: ['5']
  Running k=7, iteration 2/5...
    Passes: 5, Time/Memory: 192.78,131896, Output: ['5']
  Running k=7, iteration 3/5...
    Passes: 5, Time/Memory: 97.39,131892, Output: ['5']
  Running k=7, iteration 4/5...
    Passes: 5, Time/Memory: 190.67,131748, Output: ['5']
  Running k=7, iteration 5/5...
    Passes: 5, Time/Memory: 166.72,131828, Output: ['5']
  Running k=8, iteration 1/5...
    Passes: 5, Time/Memory: 183.51,131060, Output: ['5']
  Running k=8, iteration 2/5...
    Passes: 5, Time/Memory: 179.70,131132, Output: ['5']
  Running k=8, iteration 3/5...
    Passes: 5, Time/Memory: 182.67,131104, Output: ['5']
  Running k=8, iteration 4/5...
    Passes: 5, Time/Memory: 92.15,130944, Output: ['5']
  Running k=8, iteration 5/5...
    Passes: 5, Time/Memory: 183.16,131040, Output: ['5']
  Running k=9, iteration 1/5...
    Passes: 5, Time/Memory: 94.43,131020, Output: ['5']
  Running k=9, iteration 2/5...
    Passes: 5, Time/Memory: 191.53,131020, Output: ['5']
  Running k=9, iteration 3/5...
    Passes: 5, Time/Memory: 94.95,131140, Output: ['5']
  Running k=9, iteration 4/5...
    Passes: 5, Time/Memory: 190.29,130952, Output: ['5']
  Running k=9, iteration 5/5...
    Passes: 5, Time/Memory: 95.04,131044, Output: ['5']
  Running k=10, iteration 1/5...
    Passes: 5, Time/Memory: 191.21,131132, Output: ['5']
  Running k=10, iteration 2/5...
    Passes: 5, Time/Memory: 95.75,131092, Output: ['5']
  Running k=10, iteration 3/5...
    Passes: 5, Time/Memory: 188.64,131036, Output: ['5']
  Running k=10, iteration 4/5...
    Passes: 5, Time/Memory: 95.98,130896, Output: ['5']
  Running k=10, iteration 5/5...
    Passes: 5, Time/Memory: 96.43,131100, Output: ['5']
Results for Amazon variant Y saved to ./results/real/time_memory/Amazon/run_20250116_190606/klev_Y
