
Running Twitch for variant 0...
  Running k=1, iteration 1/1...
    Passes: 1692, Time/Memory: 2311.04,75884, Output: ['1692']
  Running k=2, iteration 1/1...
    Passes: 41, Time/Memory: 78.46,87468, Output: ['41']
  Running k=3, iteration 1/1...
    Passes: 17, Time/Memory: 36.52,104636, Output: ['17']
  Running k=4, iteration 1/1...
    Passes: 12, Time/Memory: 24.50,117796, Output: ['12']
  Running k=5, iteration 1/1...
    Passes: 10, Time/Memory: 24.33,131996, Output: ['10']
  Running k=6, iteration 1/1...
    Passes: 8, Time/Memory: 18.28,150264, Output: ['8']
  Running k=7, iteration 1/1...
    Passes: 7, Time/Memory: 17.86,170064, Output: ['7']
  Running k=8, iteration 1/1...
    Passes: 7, Time/Memory: 24.21,181628, Output: ['7']
  Running k=9, iteration 1/1...
    Passes: 6, Time/Memory: 15.76,199788, Output: ['6']
  Running k=10, iteration 1/1...
    Passes: 6, Time/Memory: 21.88,213408, Output: ['6']
Results for Twitch variant 0 saved to ./results/real/time_memory/Twitch/run_20250122_122022/kpath_0

Running Twitch for variant 1...
  Running k=1, iteration 1/1...
    Passes: 1732, Time/Memory: 2444.74,76016, Output: ['1732']
  Running k=2, iteration 1/1...
    Passes: 40, Time/Memory: 79.51,91364, Output: ['40']
  Running k=3, iteration 1/1...
    Passes: 17, Time/Memory: 37.59,100084, Output: ['17']
  Running k=4, iteration 1/1...
    Passes: 12, Time/Memory: 29.31,116604, Output: ['12']
  Running k=5, iteration 1/1...
    Passes: 9, Time/Memory: 21.17,135552, Output: ['9']
  Running k=6, iteration 1/1...
    Passes: 8, Time/Memory: 23.39,148636, Output: ['8']
  Running k=7, iteration 1/1...
    Passes: 6, Time/Memory: 15.93,166860, Output: ['6']
  Running k=8, iteration 1/1...
    Passes: 6, Time/Memory: 19.18,179992, Output: ['6']
  Running k=9, iteration 1/1...
    Passes: 5, Time/Memory: 14.93,196308, Output: ['5']
  Running k=10, iteration 1/1...
    Passes: 5, Time/Memory: 18.48,212988, Output: ['5']
Results for Twitch variant 1 saved to ./results/real/time_memory/Twitch/run_20250122_122022/kpath_1

Running Twitch for variant 2...
  Running k=1, iteration 1/1...
    Passes: 1418, Time/Memory: 2009.71,81508, Output: ['1418']
  Running k=2, iteration 1/1...
    Passes: 20, Time/Memory: 43.47,94556, Output: ['20']
  Running k=3, iteration 1/1...
    Passes: 13, Time/Memory: 31.64,102460, Output: ['13']
  Running k=4, iteration 1/1...
    Passes: 9, Time/Memory: 19.13,121960, Output: ['9']
  Running k=5, iteration 1/1...
    Passes: 8, Time/Memory: 23.45,141464, Output: ['8']
  Running k=6, iteration 1/1...
    Passes: 6, Time/Memory: 15.14,154888, Output: ['6']
  Running k=7, iteration 1/1...
    Passes: 6, Time/Memory: 18.03,169388, Output: ['6']
  Running k=8, iteration 1/1...
    Passes: 5, Time/Memory: 13.05,187884, Output: ['5']
  Running k=9, iteration 1/1...
    Passes: 5, Time/Memory: 17.67,199888, Output: ['5']
  Running k=10, iteration 1/1...
    Passes: 4, Time/Memory: 11.49,219656, Output: ['4']
Results for Twitch variant 2 saved to ./results/real/time_memory/Twitch/run_20250122_122022/kpath_2

Running Twitch for variant N...
  Running k=1, iteration 1/1...
Error running graph Twitch, variant N, k=1: Command '['/usr/bin/time', '-f', '%U,%M', './bin/main', 'RUN_ALGO', '168114', '6797557', './input/Twitch/twitch_gamer_n_168114_m_6797557.edg', '2', 'N', '1']' returned non-zero exit status 139.
  Running k=2, iteration 1/1...
    Passes: 5, Time/Memory: 12.82,455412, Output: ['5']
  Running k=3, iteration 1/1...
Error running graph Twitch, variant N, k=3: Command '['/usr/bin/time', '-f', '%U,%M', './bin/main', 'RUN_ALGO', '168114', '6797557', './input/Twitch/twitch_gamer_n_168114_m_6797557.edg', '2', 'N', '3']' returned non-zero exit status 139.
  Running k=4, iteration 1/1...
Error running graph Twitch, variant N, k=4: Command '['/usr/bin/time', '-f', '%U,%M', './bin/main', 'RUN_ALGO', '168114', '6797557', './input/Twitch/twitch_gamer_n_168114_m_6797557.edg', '2', 'N', '4']' returned non-zero exit status 139.
  Running k=5, iteration 1/1...
    Passes: 4, Time/Memory: 13.70,435748, Output: ['4']
  Running k=6, iteration 1/1...
Error running graph Twitch, variant N, k=6: Command '['/usr/bin/time', '-f', '%U,%M', './bin/main', 'RUN_ALGO', '168114', '6797557', './input/Twitch/twitch_gamer_n_168114_m_6797557.edg', '2', 'N', '6']' returned non-zero exit status 139.
  Running k=7, iteration 1/1...
Error running graph Twitch, variant N, k=7: Command '['/usr/bin/time', '-f', '%U,%M', './bin/main', 'RUN_ALGO', '168114', '6797557', './input/Twitch/twitch_gamer_n_168114_m_6797557.edg', '2', 'N', '7']' returned non-zero exit status 139.
  Running k=8, iteration 1/1...
Error running graph Twitch, variant N, k=8: Command '['/usr/bin/time', '-f', '%U,%M', './bin/main', 'RUN_ALGO', '168114', '6797557', './input/Twitch/twitch_gamer_n_168114_m_6797557.edg', '2', 'N', '8']' returned non-zero exit status 139.
  Running k=9, iteration 1/1...
Error running graph Twitch, variant N, k=9: Command '['/usr/bin/time', '-f', '%U,%M', './bin/main', 'RUN_ALGO', '168114', '6797557', './input/Twitch/twitch_gamer_n_168114_m_6797557.edg', '2', 'N', '9']' returned non-zero exit status 139.
  Running k=10, iteration 1/1...
    Passes: 3, Time/Memory: 9.31,402848, Output: ['3']
Results for Twitch variant N saved to ./results/real/time_memory/Twitch/run_20250122_122022/kpath_N

Running Twitch for variant X...
  Running k=1, iteration 1/1...
    Passes: 40, Time/Memory: 69.68,91488, Output: ['40']
  Running k=2, iteration 1/1...
    Passes: 17, Time/Memory: 41.84,100084, Output: ['17']
  Running k=3, iteration 1/1...
    Passes: 12, Time/Memory: 29.68,116616, Output: ['12']
  Running k=4, iteration 1/1...
    Passes: 9, Time/Memory: 20.65,135632, Output: ['9']
  Running k=5, iteration 1/1...
    Passes: 8, Time/Memory: 25.84,148636, Output: ['8']
  Running k=6, iteration 1/1...
    Passes: 6, Time/Memory: 15.70,166908, Output: ['6']
  Running k=7, iteration 1/1...
    Passes: 6, Time/Memory: 20.12,180040, Output: ['6']
  Running k=8, iteration 1/1...
    Passes: 5, Time/Memory: 13.51,196368, Output: ['5']
  Running k=9, iteration 1/1...
    Passes: 5, Time/Memory: 18.43,212956, Output: ['5']
  Running k=10, iteration 1/1...
    Passes: 4, Time/Memory: 12.36,228356, Output: ['4']
Results for Twitch variant X saved to ./results/real/time_memory/Twitch/run_20250122_122022/kpath_X
