
Running Youtube for variant 0...
  Running k=1,...
    Passes: 5, Time/Memory: 157.63,407436, Output: ['5']
  Running k=2,...
    Passes: 5, Time/Memory: 157.08,407556, Output: ['5']
  Running k=3,...
    Passes: 1, Time/Memory: 1.22,217036, Output: ['1']
Results for Youtube running klev0 saved to ./results/real/sc_optimized_stats/Youtube/klev_run_20250129_145647

Running Youtube for variant 1...
  Running k=1,...
    Passes: 4, Time/Memory: 113.90,379608, Output: ['4']
  Running k=2,...
    Passes: 4, Time/Memory: 106.54,386364, Output: ['4']
  Running k=3,...
    Passes: 1, Time/Memory: 1.13,216940, Output: ['1']
Results for Youtube running klev1 saved to ./results/real/sc_optimized_stats/Youtube/klev_run_20250129_145647

Running Youtube for variant 2...
  Running k=1,...
    Passes: 3, Time/Memory: 117.58,465096, Output: ['3']
  Running k=2,...
    Passes: 2, Time/Memory: 115.41,570212, Output: ['2']
  Running k=3,...
    Passes: 1, Time/Memory: 1.16,217040, Output: ['1']
Results for Youtube running klev2 saved to ./results/real/sc_optimized_stats/Youtube/klev_run_20250129_145647

Running Youtube for variant N...
  Running k=1,...
    Passes: 2, Time/Memory: 124.24,469620, Output: ['2']
  Running k=2,...
    Passes: 1, Time/Memory: 94.22,530880, Output: ['1']
  Running k=3,...
    Passes: 1, Time/Memory: 1.14,216928, Output: ['1']
Results for Youtube running klevN saved to ./results/real/sc_optimized_stats/Youtube/klev_run_20250129_145647
