
Running Orkut for variant 0...
  Running k=1,...
    Passes: 6, Time/Memory: 6122.11,1376764, Output: ['6']
  Running k=2,...
    Passes: 6, Time/Memory: 6971.42,1377092, Output: ['6']
  Running k=3,...
    Passes: 6, Time/Memory: 8508.52,1377252, Output: ['6']
  Running k=4,...
    Passes: 6, Time/Memory: 8685.80,1376832, Output: ['6']
  Running k=5,...
    Passes: 6, Time/Memory: 8118.56,1376404, Output: ['6']
  Running k=6,...
    Passes: 6, Time/Memory: 7707.75,1376608, Output: ['6']
  Running k=7,...
    Passes: 6, Time/Memory: 6791.60,1376908, Output: ['6']
  Running k=8,...
    Passes: 6, Time/Memory: 7625.73,1377100, Output: ['6']
  Running k=9,...
    Passes: 6, Time/Memory: 7516.46,1376804, Output: ['6']
  Running k=10,...
    Passes: 6, Time/Memory: 6924.31,1377028, Output: ['6']
Results for Orkut running klev0 saved to ./results/real/sc_optimized_stats/Orkut/klev_run_20250129_120457

Running Orkut for variant 1...
  Running k=1,...
    Passes: 5, Time/Memory: 7944.10,1306720, Output: ['5']
  Running k=2,...
    Passes: 5, Time/Memory: 7452.44,1394436, Output: ['5']
  Running k=3,...
    Passes: 5, Time/Memory: 8377.94,1394448, Output: ['5']
  Running k=4,...
    Passes: 5, Time/Memory: 7947.47,1394380, Output: ['5']
  Running k=5,...
    Passes: 5, Time/Memory: 7733.25,1394556, Output: ['5']
  Running k=6,...
    Passes: 5, Time/Memory: 6138.36,1394440, Output: ['5']
  Running k=7,...
    Passes: 5, Time/Memory: 8547.03,1394364, Output: ['5']
  Running k=8,...
    Passes: 5, Time/Memory: 8637.35,1392216, Output: ['5']
  Running k=9,...
    Passes: 5, Time/Memory: 6901.98,1392620, Output: ['5']
  Running k=10,...
    Passes: 5, Time/Memory: 8187.88,1391760, Output: ['5']
Results for Orkut running klev1 saved to ./results/real/sc_optimized_stats/Orkut/klev_run_20250129_120457

Running Orkut for variant 2...
  Running k=1,...
    Passes: 4, Time/Memory: 10655.64,1694388, Output: ['4']
  Running k=2,...
    Passes: 4, Time/Memory: 7939.40,1969316, Output: ['4']
  Running k=3,...
    Passes: 4, Time/Memory: 12630.90,2261620, Output: ['4']
  Running k=4,...
    Passes: 4, Time/Memory: 6896.18,2541900, Output: ['4']
  Running k=5,...
    Passes: 4, Time/Memory: 6092.50,2813356, Output: ['4']
  Running k=6,...
    Passes: 4, Time/Memory: 5825.79,3105328, Output: ['4']
  Running k=7,...
    Passes: 4, Time/Memory: 7654.47,3392116, Output: ['4']
  Running k=8,...
    Passes: 4, Time/Memory: 6419.13,3676640, Output: ['4']
  Running k=9,...
    Passes: 4, Time/Memory: 6633.77,3961536, Output: ['4']
  Running k=10,...
    Passes: 3, Time/Memory: 7540.98,4246344, Output: ['3']
Results for Orkut running klev2 saved to ./results/real/sc_optimized_stats/Orkut/klev_run_20250129_120457

Running Orkut for variant N...
  Running k=1,...
    Passes: 4, Time/Memory: 7601.78,1692344, Output: ['4']
  Running k=2,...
    Passes: 4, Time/Memory: 7549.60,1980780, Output: ['4']
  Running k=3,...
    Passes: 4, Time/Memory: 7544.73,2246892, Output: ['4']
  Running k=4,...
    Passes: 4, Time/Memory: 6801.16,2540400, Output: ['4']
  Running k=5,...
    Passes: 4, Time/Memory: 5982.16,2826164, Output: ['4']
  Running k=6,...
    Passes: 4, Time/Memory: 5849.67,3112928, Output: ['4']
  Running k=7,...
    Passes: 4, Time/Memory: 8306.12,3397656, Output: ['4']
  Running k=8,...
    Passes: 4, Time/Memory: 8926.90,3682348, Output: ['4']
  Running k=9,...
    Passes: 4, Time/Memory: 7415.35,3967220, Output: ['4']
  Running k=10,...
    Passes: 4, Time/Memory: 6988.79,4251876, Output: ['4']
Results for Orkut running klevN saved to ./results/real/sc_optimized_stats/Orkut/klev_run_20250129_120457
