
Running RoadnetPA for variant 0...
  Running k=1,...
    Passes: 6, Time/Memory: 902.78,429960, Output: ['6']
  Running k=2,...
    Passes: 1, Time/Memory: 0.62,174412, Output: ['1']
Results for RoadnetPA running klev0 saved to ./results/real/sc_optimized_stats/RoadnetPA/klev_run_20250130_135334

Running RoadnetPA for variant 1...
  Running k=1,...
    Passes: 6, Time/Memory: 1103.70,402176, Output: ['6']
  Running k=2,...
    Passes: 1, Time/Memory: 0.66,174508, Output: ['1']
Results for RoadnetPA running klev1 saved to ./results/real/sc_optimized_stats/RoadnetPA/klev_run_20250130_135334

Running RoadnetPA for variant 2...
  Running k=1,...
    Passes: 2, Time/Memory: 260.81,500164, Output: ['2']
  Running k=2,...
    Passes: 1, Time/Memory: 0.58,174388, Output: ['1']
Results for RoadnetPA running klev2 saved to ./results/real/sc_optimized_stats/RoadnetPA/klev_run_20250130_135334

Running RoadnetPA for variant N...
  Running k=1,...
    Passes: 1, Time/Memory: 292.08,460220, Output: ['1']
  Running k=2,...
    Passes: 1, Time/Memory: 0.60,174332, Output: ['1']
Results for RoadnetPA running klevN saved to ./results/real/sc_optimized_stats/RoadnetPA/klev_run_20250130_135334
