
Running RoadnetCA for variant 0...
  Running k=1,...
    Passes: 7, Time/Memory: 2517.73,773432, Output: ['7']
  Running k=2,...
    Passes: 1, Time/Memory: 1.23,311888, Output: ['1']
Results for RoadnetCA running klev0 saved to ./results/real/sc_optimized_stats/RoadnetCA/klev_run_20250130_135408

Running RoadnetCA for variant 1...
  Running k=1,...
    Passes: 6, Time/Memory: 2369.93,714124, Output: ['6']
  Running k=2,...
    Passes: 1, Time/Memory: 1.20,312036, Output: ['1']
Results for RoadnetCA running klev1 saved to ./results/real/sc_optimized_stats/RoadnetCA/klev_run_20250130_135408

Running RoadnetCA for variant 2...
  Running k=1,...
    Passes: 2, Time/Memory: 1567.71,897764, Output: ['2']
  Running k=2,...
    Passes: 1, Time/Memory: 1.10,312048, Output: ['1']
Results for RoadnetCA running klev2 saved to ./results/real/sc_optimized_stats/RoadnetCA/klev_run_20250130_135408

Running RoadnetCA for variant N...
  Running k=1,...
    Passes: 1, Time/Memory: 1389.87,840936, Output: ['1']
  Running k=2,...
    Passes: 1, Time/Memory: 1.10,311932, Output: ['1']
Results for RoadnetCA running klevN saved to ./results/real/sc_optimized_stats/RoadnetCA/klev_run_20250130_135408
