
Running CU for variant 0...
  Running k=1,...
    Passes: 4, Time/Memory: 0.00,3580, Output: ['4']
  Running k=2,...
    Passes: 4, Time/Memory: 0.00,3584, Output: ['4']
  Running k=3,...
    Passes: 4, Time/Memory: 0.00,3548, Output: ['4']
  Running k=4,...
    Passes: 4, Time/Memory: 0.00,3608, Output: ['4']
  Running k=5,...
    Passes: 4, Time/Memory: 0.00,3608, Output: ['4']
  Running k=6,...
    Passes: 4, Time/Memory: 0.00,3740, Output: ['4']
  Running k=7,...
    Passes: 4, Time/Memory: 0.00,3680, Output: ['4']
  Running k=8,...
    Passes: 4, Time/Memory: 0.00,3760, Output: ['4']
  Running k=9,...
    Passes: 3, Time/Memory: 0.00,3748, Output: ['3']
  Running k=10,...
    Passes: 3, Time/Memory: 0.00,3672, Output: ['3']
Results for CU running klev0 saved to ./results/real/sc_optimized_stats/CU/klev_run_20250129_023915

Running CU for variant 1...
  Running k=1,...
    Passes: 3, Time/Memory: 0.00,3548, Output: ['3']
  Running k=2,...
    Passes: 3, Time/Memory: 0.00,3604, Output: ['3']
  Running k=3,...
    Passes: 3, Time/Memory: 0.00,3732, Output: ['3']
  Running k=4,...
    Passes: 3, Time/Memory: 0.00,3540, Output: ['3']
  Running k=5,...
    Passes: 3, Time/Memory: 0.00,3752, Output: ['3']
  Running k=6,...
    Passes: 3, Time/Memory: 0.00,3660, Output: ['3']
  Running k=7,...
    Passes: 3, Time/Memory: 0.00,3580, Output: ['3']
  Running k=8,...
    Passes: 3, Time/Memory: 0.00,3732, Output: ['3']
  Running k=9,...
    Passes: 3, Time/Memory: 0.00,3744, Output: ['3']
  Running k=10,...
    Passes: 2, Time/Memory: 0.00,3540, Output: ['2']
Results for CU running klev1 saved to ./results/real/sc_optimized_stats/CU/klev_run_20250129_023915

Running CU for variant 2...
  Running k=1,...
    Passes: 2, Time/Memory: 0.00,3712, Output: ['2']
  Running k=2,...
    Passes: 2, Time/Memory: 0.00,3744, Output: ['2']
  Running k=3,...
    Passes: 1, Time/Memory: 0.00,3760, Output: ['1']
  Running k=4,...
    Passes: 1, Time/Memory: 0.00,3540, Output: ['1']
  Running k=5,...
    Passes: 1, Time/Memory: 0.00,3616, Output: ['1']
  Running k=6,...
    Passes: 1, Time/Memory: 0.00,3608, Output: ['1']
  Running k=7,...
    Passes: 1, Time/Memory: 0.00,3612, Output: ['1']
  Running k=8,...
    Passes: 1, Time/Memory: 0.00,3608, Output: ['1']
  Running k=9,...
    Passes: 1, Time/Memory: 0.00,3696, Output: ['1']
  Running k=10,...
    Passes: 1, Time/Memory: 0.00,3744, Output: ['1']
Results for CU running klev2 saved to ./results/real/sc_optimized_stats/CU/klev_run_20250129_023915

Running CU for variant N...
  Running k=1,...
    Passes: 1, Time/Memory: 0.00,3660, Output: ['1']
  Running k=2,...
    Passes: 1, Time/Memory: 0.00,3560, Output: ['1']
  Running k=3,...
    Passes: 1, Time/Memory: 0.00,3548, Output: ['1']
  Running k=4,...
    Passes: 1, Time/Memory: 0.00,3544, Output: ['1']
  Running k=5,...
    Passes: 1, Time/Memory: 0.00,3580, Output: ['1']
  Running k=6,...
    Passes: 1, Time/Memory: 0.00,3740, Output: ['1']
  Running k=7,...
    Passes: 1, Time/Memory: 0.00,3692, Output: ['1']
  Running k=8,...
    Passes: 1, Time/Memory: 0.00,3692, Output: ['1']
  Running k=9,...
    Passes: 1, Time/Memory: 0.00,3684, Output: ['1']
  Running k=10,...
    Passes: 1, Time/Memory: 0.00,3560, Output: ['1']
Results for CU running klevN saved to ./results/real/sc_optimized_stats/CU/klev_run_20250129_023915

Running AJazz for variant 0...
  Running k=1,...
    Passes: 3, Time/Memory: 0.00,3792, Output: ['3']
  Running k=2,...
    Passes: 3, Time/Memory: 0.00,3716, Output: ['3']
  Running k=3,...
    Passes: 3, Time/Memory: 0.00,3604, Output: ['3']
  Running k=4,...
    Passes: 3, Time/Memory: 0.00,3804, Output: ['3']
  Running k=5,...
    Passes: 3, Time/Memory: 0.00,3660, Output: ['3']
  Running k=6,...
    Passes: 3, Time/Memory: 0.00,3716, Output: ['3']
  Running k=7,...
    Passes: 3, Time/Memory: 0.00,3664, Output: ['3']
  Running k=8,...
    Passes: 3, Time/Memory: 0.00,3644, Output: ['3']
  Running k=9,...
    Passes: 3, Time/Memory: 0.00,3620, Output: ['3']
  Running k=10,...
    Passes: 3, Time/Memory: 0.00,3604, Output: ['3']
Results for AJazz running klev0 saved to ./results/real/sc_optimized_stats/AJazz/klev_run_20250129_023915

Running AJazz for variant 1...
  Running k=1,...
    Passes: 2, Time/Memory: 0.00,3600, Output: ['2']
  Running k=2,...
    Passes: 2, Time/Memory: 0.00,3584, Output: ['2']
  Running k=3,...
    Passes: 2, Time/Memory: 0.00,3636, Output: ['2']
  Running k=4,...
    Passes: 2, Time/Memory: 0.00,3632, Output: ['2']
  Running k=5,...
    Passes: 2, Time/Memory: 0.00,3652, Output: ['2']
  Running k=6,...
    Passes: 2, Time/Memory: 0.00,3716, Output: ['2']
  Running k=7,...
    Passes: 2, Time/Memory: 0.00,3668, Output: ['2']
  Running k=8,...
    Passes: 2, Time/Memory: 0.00,3748, Output: ['2']
  Running k=9,...
    Passes: 2, Time/Memory: 0.00,3640, Output: ['2']
  Running k=10,...
    Passes: 2, Time/Memory: 0.00,3736, Output: ['2']
Results for AJazz running klev1 saved to ./results/real/sc_optimized_stats/AJazz/klev_run_20250129_023915

Running AJazz for variant 2...
  Running k=1,...
    Passes: 2, Time/Memory: 0.00,3800, Output: ['2']
  Running k=2,...
    Passes: 2, Time/Memory: 0.00,3620, Output: ['2']
  Running k=3,...
    Passes: 2, Time/Memory: 0.00,3852, Output: ['2']
  Running k=4,...
    Passes: 2, Time/Memory: 0.00,3864, Output: ['2']
  Running k=5,...
    Passes: 2, Time/Memory: 0.00,3688, Output: ['2']
  Running k=6,...
    Passes: 2, Time/Memory: 0.00,3888, Output: ['2']
  Running k=7,...
    Passes: 2, Time/Memory: 0.00,3908, Output: ['2']
  Running k=8,...
    Passes: 2, Time/Memory: 0.00,3848, Output: ['2']
  Running k=9,...
    Passes: 2, Time/Memory: 0.00,3792, Output: ['2']
  Running k=10,...
    Passes: 2, Time/Memory: 0.00,3824, Output: ['2']
Results for AJazz running klev2 saved to ./results/real/sc_optimized_stats/AJazz/klev_run_20250129_023915

Running AJazz for variant N...
  Running k=1,...
    Passes: 2, Time/Memory: 0.00,3744, Output: ['2']
  Running k=2,...
    Passes: 2, Time/Memory: 0.00,3776, Output: ['2']
  Running k=3,...
    Passes: 2, Time/Memory: 0.00,3760, Output: ['2']
  Running k=4,...
    Passes: 2, Time/Memory: 0.00,3856, Output: ['2']
  Running k=5,...
    Passes: 2, Time/Memory: 0.00,3868, Output: ['2']
  Running k=6,...
    Passes: 2, Time/Memory: 0.00,3908, Output: ['2']
  Running k=7,...
    Passes: 2, Time/Memory: 0.00,3704, Output: ['2']
  Running k=8,...
    Passes: 2, Time/Memory: 0.00,3880, Output: ['2']
  Running k=9,...
    Passes: 2, Time/Memory: 0.00,3792, Output: ['2']
  Running k=10,...
    Passes: 2, Time/Memory: 0.00,3760, Output: ['2']
Results for AJazz running klevN saved to ./results/real/sc_optimized_stats/AJazz/klev_run_20250129_023915

Running HM for variant 0...
  Running k=1,...
    Passes: 4, Time/Memory: 0.03,4388, Output: ['4']
  Running k=2,...
    Passes: 4, Time/Memory: 0.03,4500, Output: ['4']
  Running k=3,...
    Passes: 4, Time/Memory: 0.02,4276, Output: ['4']
  Running k=4,...
    Passes: 4, Time/Memory: 0.03,4404, Output: ['4']
  Running k=5,...
    Passes: 4, Time/Memory: 0.03,4564, Output: ['4']
  Running k=6,...
    Passes: 4, Time/Memory: 0.03,4472, Output: ['4']
  Running k=7,...
    Passes: 4, Time/Memory: 0.02,4416, Output: ['4']
  Running k=8,...
    Passes: 4, Time/Memory: 0.03,4356, Output: ['4']
  Running k=9,...
    Passes: 4, Time/Memory: 0.03,4424, Output: ['4']
  Running k=10,...
    Passes: 4, Time/Memory: 0.02,4564, Output: ['4']
Results for HM running klev0 saved to ./results/real/sc_optimized_stats/HM/klev_run_20250129_023915

Running HM for variant 1...
  Running k=1,...
    Passes: 4, Time/Memory: 0.02,4340, Output: ['4']
  Running k=2,...
    Passes: 4, Time/Memory: 0.02,4532, Output: ['4']
  Running k=3,...
    Passes: 4, Time/Memory: 0.02,4524, Output: ['4']
  Running k=4,...
    Passes: 4, Time/Memory: 0.02,4472, Output: ['4']
  Running k=5,...
    Passes: 4, Time/Memory: 0.02,4388, Output: ['4']
  Running k=6,...
    Passes: 4, Time/Memory: 0.02,4324, Output: ['4']
  Running k=7,...
    Passes: 4, Time/Memory: 0.02,4328, Output: ['4']
  Running k=8,...
    Passes: 4, Time/Memory: 0.02,4468, Output: ['4']