
Running Skitter for variant 0...
  Running k=1,...
    Passes: 6, Time/Memory: 3159.59,655616, Output: ['6']
  Running k=2,...
    Passes: 6, Time/Memory: 4187.56,655772, Output: ['6']
  Running k=3,...
    Passes: 6, Time/Memory: 3036.01,655736, Output: ['6']
  Running k=4,...
    Passes: 6, Time/Memory: 2872.19,655596, Output: ['6']
  Running k=5,...
    Passes: 6, Time/Memory: 2831.01,655584, Output: ['6']
  Running k=6,...
    Passes: 6, Time/Memory: 2703.95,655732, Output: ['6']
  Running k=7,...
    Passes: 1, Time/Memory: 3.54,421848, Output: ['1']
Results for Skitter running klev0 saved to ./results/real/sc_optimized_stats/Skitter/klev_run_20250129_151526

Running Skitter for variant 1...
  Running k=1,...
    Passes: 5, Time/Memory: 2467.83,616432, Output: ['5']
  Running k=2,...
    Passes: 5, Time/Memory: 2401.96,634628, Output: ['5']
  Running k=3,...
    Passes: 5, Time/Memory: 2360.48,634528, Output: ['5']
  Running k=4,...
    Passes: 5, Time/Memory: 2419.94,627060, Output: ['5']
  Running k=5,...
    Passes: 5, Time/Memory: 2099.34,634036, Output: ['5']
  Running k=6,...
    Passes: 5, Time/Memory: 2222.89,627512, Output: ['5']
  Running k=7,...
    Passes: 1, Time/Memory: 3.49,421884, Output: ['1']
Results for Skitter running klev1 saved to ./results/real/sc_optimized_stats/Skitter/klev_run_20250129_151526

Running Skitter for variant 2...
  Running k=1,...
    Passes: 4, Time/Memory: 2219.43,753112, Output: ['4']
  Running k=2,...
    Passes: 3, Time/Memory: 2110.82,921056, Output: ['3']
  Running k=3,...
    Passes: 3, Time/Memory: 2186.60,1085156, Output: ['3']
  Running k=4,...
    Passes: 2, Time/Memory: 2110.69,1231656, Output: ['2']
  Running k=5,...
    Passes: 2, Time/Memory: 2147.52,1368192, Output: ['2']
  Running k=6,...
    Passes: 2, Time/Memory: 2241.46,1512572, Output: ['2']
  Running k=7,...
    Passes: 1, Time/Memory: 2.83,421992, Output: ['1']
Results for Skitter running klev2 saved to ./results/real/sc_optimized_stats/Skitter/klev_run_20250129_151526

Running Skitter for variant N...
  Running k=1,...
    Passes: 4, Time/Memory: 1894.36,767860, Output: ['4']
  Running k=2,...
    Passes: 3, Time/Memory: 1879.51,914164, Output: ['3']
  Running k=3,...
    Passes: 2, Time/Memory: 2529.50,1064896, Output: ['2']
  Running k=4,...
    Passes: 2, Time/Memory: 1868.74,1207476, Output: ['2']
  Running k=5,...
    Passes: 2, Time/Memory: 2155.52,1354204, Output: ['2']
  Running k=6,...
    Passes: 2, Time/Memory: 1960.08,1496984, Output: ['2']
  Running k=7,...
    Passes: 1, Time/Memory: 3.52,422028, Output: ['1']
Results for Skitter running klevN saved to ./results/real/sc_optimized_stats/Skitter/klev_run_20250129_151526
