
Running CU for variant 0...
  Running k=1,...
    Passes: 4, Time/Memory: 0.00,3664, Output: ['4']
  Running k=2,...
    Passes: 4, Time/Memory: 0.00,3664, Output: ['4']
  Running k=3,...
    Passes: 1, Time/Memory: 0.00,3636, Output: ['1']
  Running k=4,...
    Passes: 1, Time/Memory: 0.00,3632, Output: ['1']
  Running k=5,...
    Passes: 1, Time/Memory: 0.00,3740, Output: ['1']
  Running k=6,...
    Passes: 1, Time/Memory: 0.00,3640, Output: ['1']
  Running k=7,...
    Passes: 1, Time/Memory: 0.00,3632, Output: ['1']
  Running k=8,...
    Passes: 1, Time/Memory: 0.00,3700, Output: ['1']
  Running k=9,...
    Passes: 1, Time/Memory: 0.00,3812, Output: ['1']
  Running k=10,...
    Passes: 1, Time/Memory: 0.00,3740, Output: ['1']
Results for CU running klev0 saved to ./results/real/sc_optimized_stats/CU/klev_run_20250129_025748

Running CU for variant 1...
  Running k=1,...
    Passes: 3, Time/Memory: 0.00,3832, Output: ['3']
  Running k=2,...
    Passes: 3, Time/Memory: 0.00,3624, Output: ['3']
  Running k=3,...
    Passes: 1, Time/Memory: 0.00,3736, Output: ['1']
  Running k=4,...
    Passes: 1, Time/Memory: 0.00,3784, Output: ['1']
  Running k=5,...
    Passes: 1, Time/Memory: 0.00,3636, Output: ['1']
  Running k=6,...
    Passes: 1, Time/Memory: 0.00,3640, Output: ['1']
  Running k=7,...
    Passes: 1, Time/Memory: 0.00,3620, Output: ['1']
  Running k=8,...
    Passes: 1, Time/Memory: 0.00,3672, Output: ['1']
  Running k=9,...
    Passes: 1, Time/Memory: 0.00,3768, Output: ['1']
  Running k=10,...
    Passes: 1, Time/Memory: 0.00,3824, Output: ['1']
Results for CU running klev1 saved to ./results/real/sc_optimized_stats/CU/klev_run_20250129_025748

Running CU for variant 2...
  Running k=1,...
    Passes: 2, Time/Memory: 0.00,3820, Output: ['2']
  Running k=2,...
    Passes: 2, Time/Memory: 0.00,3768, Output: ['2']
  Running k=3,...
    Passes: 1, Time/Memory: 0.00,3824, Output: ['1']
  Running k=4,...
    Passes: 1, Time/Memory: 0.00,3660, Output: ['1']
  Running k=5,...
    Passes: 1, Time/Memory: 0.00,3672, Output: ['1']
  Running k=6,...
    Passes: 1, Time/Memory: 0.00,3828, Output: ['1']
  Running k=7,...
    Passes: 1, Time/Memory: 0.00,3656, Output: ['1']
  Running k=8,...
    Passes: 1, Time/Memory: 0.00,3656, Output: ['1']
  Running k=9,...
    Passes: 1, Time/Memory: 0.00,3656, Output: ['1']
  Running k=10,...
    Passes: 1, Time/Memory: 0.00,3672, Output: ['1']
Results for CU running klev2 saved to ./results/real/sc_optimized_stats/CU/klev_run_20250129_025748

Running CU for variant N...
  Running k=1,...
    Passes: 1, Time/Memory: 0.00,3628, Output: ['1']
  Running k=2,...
    Passes: 1, Time/Memory: 0.00,3628, Output: ['1']
  Running k=3,...
    Passes: 1, Time/Memory: 0.00,3632, Output: ['1']
  Running k=4,...
    Passes: 1, Time/Memory: 0.00,3672, Output: ['1']
  Running k=5,...
    Passes: 1, Time/Memory: 0.00,3812, Output: ['1']
  Running k=6,...
    Passes: 1, Time/Memory: 0.00,3812, Output: ['1']
  Running k=7,...
    Passes: 1, Time/Memory: 0.00,3632, Output: ['1']
  Running k=8,...
    Passes: 1, Time/Memory: 0.00,3640, Output: ['1']
  Running k=9,...
    Passes: 1, Time/Memory: 0.00,3696, Output: ['1']
  Running k=10,...
    Passes: 1, Time/Memory: 0.00,3636, Output: ['1']
Results for CU running klevN saved to ./results/real/sc_optimized_stats/CU/klev_run_20250129_025748

Running AJazz for variant 0...
  Running k=1,...
    Passes: 3, Time/Memory: 0.00,3668, Output: ['3']
  Running k=2,...
    Passes: 3, Time/Memory: 0.00,3680, Output: ['3']
  Running k=3,...
    Passes: 3, Time/Memory: 0.00,3828, Output: ['3']
  Running k=4,...
    Passes: 3, Time/Memory: 0.00,3892, Output: ['3']
  Running k=5,...
    Passes: 3, Time/Memory: 0.00,3884, Output: ['3']
  Running k=6,...
    Passes: 3, Time/Memory: 0.00,3848, Output: ['3']
  Running k=7,...
    Passes: 3, Time/Memory: 0.00,3720, Output: ['3']
  Running k=8,...
    Passes: 3, Time/Memory: 0.00,3884, Output: ['3']
  Running k=9,...
    Passes: 3, Time/Memory: 0.00,3772, Output: ['3']
  Running k=10,...
    Passes: 3, Time/Memory: 0.00,3756, Output: ['3']
Results for AJazz running klev0 saved to ./results/real/sc_optimized_stats/AJazz/klev_run_20250129_025748

Running AJazz for variant 1...
  Running k=1,...
    Passes: 2, Time/Memory: 0.00,3680, Output: ['2']
  Running k=2,...
    Passes: 2, Time/Memory: 0.00,3816, Output: ['2']
  Running k=3,...
    Passes: 2, Time/Memory: 0.00,3884, Output: ['2']
  Running k=4,...
    Passes: 2, Time/Memory: 0.00,3692, Output: ['2']
  Running k=5,...
    Passes: 2, Time/Memory: 0.00,3788, Output: ['2']
  Running k=6,...
    Passes: 2, Time/Memory: 0.00,3868, Output: ['2']
  Running k=7,...
    Passes: 2, Time/Memory: 0.00,3732, Output: ['2']
  Running k=8,...
    Passes: 2, Time/Memory: 0.00,3696, Output: ['2']
  Running k=9,...
    Passes: 2, Time/Memory: 0.00,3692, Output: ['2']
  Running k=10,...
    Passes: 2, Time/Memory: 0.00,3732, Output: ['2']
Results for AJazz running klev1 saved to ./results/real/sc_optimized_stats/AJazz/klev_run_20250129_025748

Running AJazz for variant 2...
  Running k=1,...
    Passes: 2, Time/Memory: 0.00,3768, Output: ['2']
  Running k=2,...
    Passes: 2, Time/Memory: 0.00,3728, Output: ['2']
  Running k=3,...
    Passes: 2, Time/Memory: 0.00,3724, Output: ['2']
  Running k=4,...
    Passes: 2, Time/Memory: 0.00,3956, Output: ['2']
  Running k=5,...
    Passes: 2, Time/Memory: 0.00,3904, Output: ['2']
  Running k=6,...
    Passes: 2, Time/Memory: 0.00,3764, Output: ['2']
  Running k=7,...
    Passes: 2, Time/Memory: 0.00,3808, Output: ['2']
  Running k=8,...
    Passes: 2, Time/Memory: 0.00,3824, Output: ['2']
  Running k=9,...
    Passes: 2, Time/Memory: 0.00,3848, Output: ['2']
  Running k=10,...
    Passes: 2, Time/Memory: 0.00,3876, Output: ['2']
Results for AJazz running klev2 saved to ./results/real/sc_optimized_stats/AJazz/klev_run_20250129_025748

Running AJazz for variant N...
  Running k=1,...
    Passes: 2, Time/Memory: 0.00,3896, Output: ['2']
  Running k=2,...
    Passes: 2, Time/Memory: 0.00,3852, Output: ['2']
  Running k=3,...
    Passes: 2, Time/Memory: 0.00,3756, Output: ['2']
  Running k=4,...
    Passes: 2, Time/Memory: 0.00,3820, Output: ['2']
  Running k=5,...
    Passes: 2, Time/Memory: 0.00,3792, Output: ['2']
  Running k=6,...
    Passes: 2, Time/Memory: 0.00,3764, Output: ['2']
  Running k=7,...
    Passes: 2, Time/Memory: 0.00,3812, Output: ['2']
  Running k=8,...
    Passes: 2, Time/Memory: 0.00,3812, Output: ['2']
  Running k=9,...
    Passes: 2, Time/Memory: 0.00,3832, Output: ['2']
  Running k=10,...
    Passes: 2, Time/Memory: 0.00,3872, Output: ['2']
Results for AJazz running klevN saved to ./results/real/sc_optimized_stats/AJazz/klev_run_20250129_025748

Running HM for variant 0...
  Running k=1,...
    Passes: 4, Time/Memory: 0.03,4392, Output: ['4']
  Running k=2,...
    Passes: 4, Time/Memory: 0.03,4512, Output: ['4']
  Running k=3,...
    Passes: 4, Time/Memory: 0.03,4600, Output: ['4']
  Running k=4,...
    Passes: 4, Time/Memory: 0.03,4436, Output: ['4']
  Running k=5,...
    Passes: 4, Time/Memory: 0.02,4484, Output: ['4']
  Running k=6,...
    Passes: 4, Time/Memory: 0.03,4484, Output: ['4']
  Running k=7,...
    Passes: 1, Time/Memory: 0.00,4400, Output: ['1']
  Running k=8,...
    Passes: 1, Time/Memory: 0.00,4296, Output: ['1']
  Running k=9,...
    Passes: 1, Time/Memory: 0.00,4224, Output: ['1']
  Running k=10,...
    Passes: 1, Time/Memory: 0.00,4296, Output: ['1']
Results for HM running klev0 saved to ./results/real/sc_optimized_stats/HM/klev_run_20250129_025748

Running HM for variant 1...
  Running k=1,...
    Passes: 4, Time/Memory: 0.02,4384, Output: ['4']
  Running k=2,...
    Passes: 4, Time/Memory: 0.02,4412, Output: ['4']
  Running k=3,...
    Passes: 4, Time/Memory: 0.02,4416, Output: ['4']
  Running k=4,...
    Passes: 4, Time/Memory: 0.02,4608, Output: ['4']
  Running k=5,...
    Passes: 4, Time/Memory: 0.03,4596, Output: ['4']
  Running k=6,...
    Passes: 4, Time/Memory: 0.02,4568, Output: ['4']
  Running k=7,...
    Passes: 1, Time/Memory: 0.00,4280, Output: ['1']
  Running k=8,...
    Passes: 1, Time/Memory: 0.00,4296, Output: ['1']
  Running k=9,...
    Passes: 1, Time/Memory: 0.00,4400, Output: ['1']
  Running k=10,...
    Passes: 1, Time/Memory: 0.00,4400, Output: ['1']
Results for HM running klev1 saved to ./results/real/sc_optimized_stats/HM/klev_run_20250129_025748

Running HM for variant 2...
  Running k=1,...
    Passes: 3, Time/Memory: 0.02,4588, Output: ['3']
  Running k=2,...
    Passes: 3, Time/Memory: 0.03,4768, Output: ['3']
  Running k=3,...
    Passes: 3, Time/Memory: 0.03,4972, Output: ['3']
  Running k=4,...
    Passes: 2, Time/Memory: 0.04,5212, Output: ['2']
  Running k=5,...
    Passes: 2, Time/Memory: 0.05,5448, Output: ['2']
  Running k=6,...
    Passes: 2, Time/Memory: 0.06,5688, Output: ['2']
  Running k=7,...
    Passes: 1, Time/Memory: 0.00,4268, Output: ['1']
  Running k=8,...
    Passes: 1, Time/Memory: 0.00,4292, Output: ['1']
  Running k=9,...
    Passes: 1, Time/Memory: 0.00,4484, Output: ['1']
  Running k=10,...
    Passes: 1, Time/Memory: 0.00,4280, Output: ['1']
Results for HM running klev2 saved to ./results/real/sc_optimized_stats/HM/klev_run_20250129_025748

Running HM for variant N...
  Running k=1,...
    Passes: 3, Time/Memory: 0.02,4744, Output: ['3']
  Running k=2,...
    Passes: 3, Time/Memory: 0.03,4992, Output: ['3']
  Running k=3,...
    Passes: 2, Time/Memory: 0.04,5180, Output: ['2']
  Running k=4,...
    Passes: 2, Time/Memory: 0.05,5096, Output: ['2']
  Running k=5,...
    Passes: 2, Time/Memory: 0.06,5672, Output: ['2']
  Running k=6,...
    Passes: 2, Time/Memory: 0.06,5680, Output: ['2']
  Running k=7,...
    Passes: 1, Time/Memory: 0.00,4432, Output: ['1']
  Running k=8,...
    Passes: 1, Time/Memory: 0.00,4492, Output: ['1']
  Running k=9,...
    Passes: 1, Time/Memory: 0.00,4292, Output: ['1']
  Running k=10,...
    Passes: 1, Time/Memory: 0.00,4472, Output: ['1']
Results for HM running klevN saved to ./results/real/sc_optimized_stats/HM/klev_run_20250129_025748

Running Belcastro for variant 0...
  Running k=1,...
    Passes: 4, Time/Memory: 9.42,9152, Output: ['4']
  Running k=2,...
    Passes: 4, Time/Memory: 10.30,9236, Output: ['4']
  Running k=3,...
    Passes: 4, Time/Memory: 9.36,9220, Output: ['4']
  Running k=4,...
    Passes: 4, Time/Memory: 9.31,9116, Output: ['4']
  Running k=5,...
    Passes: 4, Time/Memory: 9.29,9168, Output: ['4']
  Running k=6,...
    Passes: 4, Time/Memory: 10.48,9144, Output: ['4']
  Running k=7,...
    Passes: 4, Time/Memory: 9.24,9168, Output: ['4']
  Running k=8,...
    Passes: 4, Time/Memory: 10.41,9244, Output: ['4']
  Running k=9,...
    Passes: 4, Time/Memory: 9.37,9380, Output: ['4']
  Running k=10,...
    Passes: 4, Time/Memory: 10.56,9392, Output: ['4']
Results for Belcastro running klev0 saved to ./results/real/sc_optimized_stats/Belcastro/klev_run_20250129_025750

Running Belcastro for variant 1...
  Running k=1,...
    Passes: 3, Time/Memory: 7.28,8640, Output: ['3']
  Running k=2,...
    Passes: 3, Time/Memory: 8.07,9132, Output: ['3']
  Running k=3,...
    Passes: 3, Time/Memory: 7.47,9128, Output: ['3']
  Running k=4,...
    Passes: 3, Time/Memory: 8.15,9144, Output: ['3']
  Running k=5,...
    Passes: 3, Time/Memory: 7.47,9124, Output: ['3']
  Running k=6,...
    Passes: 3, Time/Memory: 8.13,9236, Output: ['3']
  Running k=7,...
    Passes: 3, Time/Memory: 7.46,9136, Output: ['3']
  Running k=8,...
    Passes: 3, Time/Memory: 8.29,9120, Output: ['3']
  Running k=9,...
    Passes: 3, Time/Memory: 7.47,9128, Output: ['3']
  Running k=10,...
    Passes: 3, Time/Memory: 8.09,9128, Output: ['3']
Results for Belcastro running klev1 saved to ./results/real/sc_optimized_stats/Belcastro/klev_run_20250129_025750

Running Belcastro for variant 2...
  Running k=1,...
    Passes: 3, Time/Memory: 7.33,9844, Output: ['3']
  Running k=2,...
    Passes: 3, Time/Memory: 8.32,11240, Output: ['3']
  Running k=3,...
    Passes: 3, Time/Memory: 7.30,12552, Output: ['3']
  Running k=4,...
    Passes: 3, Time/Memory: 8.46,13972, Output: ['3']
  Running k=5,...
    Passes: 3, Time/Memory: 7.44,15204, Output: ['3']
  Running k=6,...
    Passes: 3, Time/Memory: 8.42,16536, Output: ['3']
  Running k=7,...
    Passes: 3, Time/Memory: 7.07,17760, Output: ['3']
  Running k=8,...
    Passes: 3, Time/Memory: 6.70,18880, Output: ['3']
  Running k=9,...
    Passes: 3, Time/Memory: 8.35,20416, Output: ['3']
  Running k=10,...
    Passes: 3, Time/Memory: 7.65,21788, Output: ['3']
Results for Belcastro running klev2 saved to ./results/real/sc_optimized_stats/Belcastro/klev_run_20250129_025750

Running Belcastro for variant N...
  Running k=1,...
    Passes: 3, Time/Memory: 8.41,9916, Output: ['3']
  Running k=2,...
    Passes: 3, Time/Memory: 7.44,11156, Output: ['3']
  Running k=3,...
    Passes: 3, Time/Memory: 8.38,12548, Output: ['3']
  Running k=4,...
    Passes: 3, Time/Memory: 7.58,13880, Output: ['3']
  Running k=5,...
    Passes: 3, Time/Memory: 8.48,15120, Output: ['3']
  Running k=6,...
    Passes: 3, Time/Memory: 7.38,16464, Output: ['3']
  Running k=7,...
    Passes: 3, Time/Memory: 8.51,17916, Output: ['3']
  Running k=8,...
    Passes: 3, Time/Memory: 7.54,19180, Output: ['3']
  Running k=9,...
    Passes: 3, Time/Memory: 8.52,20496, Output: ['3']
  Running k=10,...
    Passes: 3, Time/Memory: 7.55,21912, Output: ['3']
Results for Belcastro running klevN saved to ./results/real/sc_optimized_stats/Belcastro/klev_run_20250129_025750

Running ArxAP for variant 0...
  Running k=1,...
    Passes: 5, Time/Memory: 0.46,10028, Output: ['5']
  Running k=2,...
    Passes: 5, Time/Memory: 0.45,9852, Output: ['5']
  Running k=3,...
    Passes: 5, Time/Memory: 0.48,9936, Output: ['5']
  Running k=4,...
    Passes: 5, Time/Memory: 0.45,9916, Output: ['5']
  Running k=5,...
    Passes: 5, Time/Memory: 0.51,9852, Output: ['5']
  Running k=6,...
    Passes: 5, Time/Memory: 0.44,9908, Output: ['5']
  Running k=7,...
    Passes: 5, Time/Memory: 0.45,9920, Output: ['5']
  Running k=8,...
    Passes: 5, Time/Memory: 0.43,9928, Output: ['5']
  Running k=9,...
    Passes: 5, Time/Memory: 0.49,10032, Output: ['5']
  Running k=10,...
    Passes: 5, Time/Memory: 0.44,9940, Output: ['5']
Results for ArxAP running klev0 saved to ./results/real/sc_optimized_stats/ArxAP/klev_run_20250129_030324

Running ArxAP for variant 1...
  Running k=1,...
    Passes: 4, Time/Memory: 0.39,9348, Output: ['4']
  Running k=2,...
    Passes: 4, Time/Memory: 0.39,9656, Output: ['4']
  Running k=3,...
    Passes: 4, Time/Memory: 0.35,9640, Output: ['4']
  Running k=4,...
    Passes: 4, Time/Memory: 0.39,9572, Output: ['4']
  Running k=5,...
    Passes: 4, Time/Memory: 0.36,9692, Output: ['4']
  Running k=6,...
    Passes: 4, Time/Memory: 0.39,9696, Output: ['4']
  Running k=7,...
    Passes: 4, Time/Memory: 0.35,9772, Output: ['4']
  Running k=8,...
    Passes: 4, Time/Memory: 0.38,9668, Output: ['4']
  Running k=9,...
    Passes: 4, Time/Memory: 0.34,9652, Output: ['4']
  Running k=10,...
    Passes: 4, Time/Memory: 0.40,9744, Output: ['4']
Results for ArxAP running klev1 saved to ./results/real/sc_optimized_stats/ArxAP/klev_run_20250129_030324

Running ArxAP for variant 2...
  Running k=1,...
    Passes: 4, Time/Memory: 0.37,11336, Output: ['4']
  Running k=2,...
    Passes: 4, Time/Memory: 0.41,12808, Output: ['4']
  Running k=3,...
    Passes: 3, Time/Memory: 0.34,14344, Output: ['3']
  Running k=4,...
    Passes: 3, Time/Memory: 0.36,16084, Output: ['3']
  Running k=5,...
    Passes: 2, Time/Memory: 0.30,17936, Output: ['2']
  Running k=6,...
    Passes: 2, Time/Memory: 0.34,19688, Output: ['2']
  Running k=7,...
    Passes: 2, Time/Memory: 0.30,21256, Output: ['2']
  Running k=8,...
    Passes: 2, Time/Memory: 0.36,22896, Output: ['2']
  Running k=9,...
    Passes: 2, Time/Memory: 0.36,24484, Output: ['2']
  Running k=10,...
    Passes: 2, Time/Memory: 0.43,26008, Output: ['2']
Results for ArxAP running klev2 saved to ./results/real/sc_optimized_stats/ArxAP/klev_run_20250129_030324

Running ArxAP for variant N...
  Running k=1,...
    Passes: 4, Time/Memory: 0.40,11136, Output: ['4']
  Running k=2,...
    Passes: 4, Time/Memory: 0.42,12816, Output: ['4']
  Running k=3,...
    Passes: 3, Time/Memory: 0.33,14408, Output: ['3']
  Running k=4,...
    Passes: 3, Time/Memory: 0.36,16172, Output: ['3']
  Running k=5,...
    Passes: 2, Time/Memory: 0.29,17736, Output: ['2']
  Running k=6,...
    Passes: 2, Time/Memory: 0.32,19572, Output: ['2']
  Running k=7,...
    Passes: 2, Time/Memory: 0.31,21264, Output: ['2']
  Running k=8,...
    Passes: 2, Time/Memory: 0.39,22792, Output: ['2']
  Running k=9,...
    Passes: 2, Time/Memory: 0.39,24552, Output: ['2']
  Running k=10,...
    Passes: 2, Time/Memory: 0.41,25948, Output: ['2']
Results for ArxAP running klevN saved to ./results/real/sc_optimized_stats/ArxAP/klev_run_20250129_030324

Running AsCaida for variant 0...
  Running k=1,...
    Passes: 5, Time/Memory: 0.13,11492, Output: ['5']
  Running k=2,...
    Passes: 5, Time/Memory: 0.11,11620, Output: ['5']
  Running k=3,...
    Passes: 1, Time/Memory: 0.02,8072, Output: ['1']
  Running k=4,...
    Passes: 1, Time/Memory: 0.02,8060, Output: ['1']
  Running k=5,...
    Passes: 1, Time/Memory: 0.01,8060, Output: ['1']
  Running k=6,...
    Passes: 1, Time/Memory: 0.02,8168, Output: ['1']
  Running k=7,...
    Passes: 1, Time/Memory: 0.01,8072, Output: ['1']
  Running k=8,...
    Passes: 1, Time/Memory: 0.01,8024, Output: ['1']
  Running k=9,...
    Passes: 1, Time/Memory: 0.01,8064, Output: ['1']
  Running k=10,...
    Passes: 1, Time/Memory: 0.02,8180, Output: ['1']
Results for AsCaida running klev0 saved to ./results/real/sc_optimized_stats/AsCaida/klev_run_20250129_030340

Running AsCaida for variant 1...
  Running k=1,...
    Passes: 4, Time/Memory: 0.09,11048, Output: ['4']
  Running k=2,...
    Passes: 4, Time/Memory: 0.09,11240, Output: ['4']
  Running k=3,...
    Passes: 1, Time/Memory: 0.02,8068, Output: ['1']
  Running k=4,...
    Passes: 1, Time/Memory: 0.01,8188, Output: ['1']
  Running k=5,...
    Passes: 1, Time/Memory: 0.01,8088, Output: ['1']
  Running k=6,...
    Passes: 1, Time/Memory: 0.01,7992, Output: ['1']
  Running k=7,...
    Passes: 1, Time/Memory: 0.02,8024, Output: ['1']
  Running k=8,...
    Passes: 1, Time/Memory: 0.02,8144, Output: ['1']
  Running k=9,...
    Passes: 1, Time/Memory: 0.01,8056, Output: ['1']
  Running k=10,...
    Passes: 1, Time/Memory: 0.02,8056, Output: ['1']
Results for AsCaida running klev1 saved to ./results/real/sc_optimized_stats/AsCaida/klev_run_20250129_030340

Running AsCaida for variant 2...
  Running k=1,...
    Passes: 2, Time/Memory: 0.07,13076, Output: ['2']
  Running k=2,...
    Passes: 2, Time/Memory: 0.07,15120, Output: ['2']
  Running k=3,...
    Passes: 1, Time/Memory: 0.02,8060, Output: ['1']
  Running k=4,...
    Passes: 1, Time/Memory: 0.02,8108, Output: ['1']
  Running k=5,...
    Passes: 1, Time/Memory: 0.01,7968, Output: ['1']
  Running k=6,...
    Passes: 1, Time/Memory: 0.01,8108, Output: ['1']
  Running k=7,...
    Passes: 1, Time/Memory: 0.02,8060, Output: ['1']
  Running k=8,...
    Passes: 1, Time/Memory: 0.02,8112, Output: ['1']
  Running k=9,...
    Passes: 1, Time/Memory: 0.02,8180, Output: ['1']
  Running k=10,...
    Passes: 1, Time/Memory: 0.02,8172, Output: ['1']
Results for AsCaida running klev2 saved to ./results/real/sc_optimized_stats/AsCaida/klev_run_20250129_030340

Running AsCaida for variant N...
  Running k=1,...
    Passes: 2, Time/Memory: 0.07,13108, Output: ['2']
  Running k=2,...
    Passes: 1, Time/Memory: 0.05,13004, Output: ['1']
  Running k=3,...
    Passes: 1, Time/Memory: 0.02,8176, Output: ['1']
  Running k=4,...
    Passes: 1, Time/Memory: 0.02,8108, Output: ['1']
  Running k=5,...
    Passes: 1, Time/Memory: 0.02,8088, Output: ['1']
  Running k=6,...
    Passes: 1, Time/Memory: 0.02,8064, Output: ['1']
  Running k=7,...
    Passes: 1, Time/Memory: 0.01,8008, Output: ['1']
  Running k=8,...
    Passes: 1, Time/Memory: 0.02,8072, Output: ['1']
  Running k=9,...
    Passes: 1, Time/Memory: 0.01,8188, Output: ['1']
  Running k=10,...
    Passes: 1, Time/Memory: 0.01,7968, Output: ['1']
Results for AsCaida running klevN saved to ./results/real/sc_optimized_stats/AsCaida/klev_run_20250129_030340

Running BrightK for variant 0...
  Running k=1,...
    Passes: 5, Time/Memory: 0.82,22632, Output: ['5']
  Running k=2,...
    Passes: 5, Time/Memory: 0.78,22616, Output: ['5']
  Running k=3,...
    Passes: 5, Time/Memory: 0.89,22596, Output: ['5']
  Running k=4,...
    Passes: 1, Time/Memory: 0.06,14560, Output: ['1']
  Running k=5,...
    Passes: 1, Time/Memory: 0.05,14516, Output: ['1']
  Running k=6,...
    Passes: 1, Time/Memory: 0.05,14696, Output: ['1']
  Running k=7,...
    Passes: 1, Time/Memory: 0.06,14516, Output: ['1']
  Running k=8,...
    Passes: 1, Time/Memory: 0.05,14496, Output: ['1']
  Running k=9,...
    Passes: 1, Time/Memory: 0.06,14628, Output: ['1']
  Running k=10,...
    Passes: 1, Time/Memory: 0.06,14628, Output: ['1']
Results for BrightK running klev0 saved to ./results/real/sc_optimized_stats/BrightK/klev_run_20250129_030341

Running BrightK for variant 1...
  Running k=1,...
    Passes: 4, Time/Memory: 0.62,21292, Output: ['4']
  Running k=2,...
    Passes: 4, Time/Memory: 0.57,21572, Output: ['4']
  Running k=3,...
    Passes: 4, Time/Memory: 0.64,21544, Output: ['4']
  Running k=4,...
    Passes: 1, Time/Memory: 0.06,14496, Output: ['1']
  Running k=5,...
    Passes: 1, Time/Memory: 0.05,14448, Output: ['1']
  Running k=6,...
    Passes: 1, Time/Memory: 0.05,14696, Output: ['1']
  Running k=7,...
    Passes: 1, Time/Memory: 0.06,14648, Output: ['1']
  Running k=8,...
    Passes: 1, Time/Memory: 0.06,14424, Output: ['1']
  Running k=9,...
    Passes: 1, Time/Memory: 0.06,14604, Output: ['1']
  Running k=10,...
    Passes: 1, Time/Memory: 0.06,14504, Output: ['1']
Results for BrightK running klev1 saved to ./results/real/sc_optimized_stats/BrightK/klev_run_20250129_030341

Running BrightK for variant 2...
  Running k=1,...
    Passes: 3, Time/Memory: 0.64,25856, Output: ['3']
  Running k=2,...
    Passes: 2, Time/Memory: 0.55,30692, Output: ['2']
  Running k=3,...
    Passes: 2, Time/Memory: 0.58,36080, Output: ['2']
  Running k=4,...
    Passes: 1, Time/Memory: 0.06,14600, Output: ['1']
  Running k=5,...
    Passes: 1, Time/Memory: 0.06,14468, Output: ['1']
  Running k=6,...
    Passes: 1, Time/Memory: 0.06,14648, Output: ['1']
  Running k=7,...
    Passes: 1, Time/Memory: 0.06,14504, Output: ['1']
  Running k=8,...
    Passes: 1, Time/Memory: 0.05,14620, Output: ['1']
  Running k=9,...
    Passes: 1, Time/Memory: 0.06,14672, Output: ['1']
  Running k=10,...
    Passes: 1, Time/Memory: 0.05,14676, Output: ['1']
Results for BrightK running klev2 saved to ./results/real/sc_optimized_stats/BrightK/klev_run_20250129_030341

Running BrightK for variant N...
  Running k=1,...
    Passes: 3, Time/Memory: 0.64,25852, Output: ['3']
  Running k=2,...
    Passes: 2, Time/Memory: 0.55,30872, Output: ['2']
  Running k=3,...
    Passes: 1, Time/Memory: 0.55,35340, Output: ['1']
  Running k=4,...
    Passes: 1, Time/Memory: 0.06,14644, Output: ['1']
  Running k=5,...
    Passes: 1, Time/Memory: 0.06,14492, Output: ['1']
  Running k=6,...
    Passes: 1, Time/Memory: 0.05,14480, Output: ['1']
  Running k=7,...
    Passes: 1, Time/Memory: 0.06,14648, Output: ['1']
  Running k=8,...
    Passes: 1, Time/Memory: 0.06,14688, Output: ['1']
  Running k=9,...
    Passes: 1, Time/Memory: 0.05,14628, Output: ['1']
  Running k=10,...
    Passes: 1, Time/Memory: 0.06,14500, Output: ['1']
Results for BrightK running klevN saved to ./results/real/sc_optimized_stats/BrightK/klev_run_20250129_030341

Running LMocha for variant 0...
  Running k=1,...
    Passes: 4, Time/Memory: 3.22,42392, Output: ['4']
  Running k=2,...
    Passes: 4, Time/Memory: 3.25,42364, Output: ['4']
  Running k=3,...
    Passes: 4, Time/Memory: 3.34,42412, Output: ['4']
  Running k=4,...
    Passes: 4, Time/Memory: 3.25,42464, Output: ['4']
  Running k=5,...
    Passes: 4, Time/Memory: 3.55,42436, Output: ['4']
  Running k=6,...
    Passes: 4, Time/Memory: 3.23,42132, Output: ['4']
  Running k=7,...
    Passes: 4, Time/Memory: 3.71,42112, Output: ['4']
  Running k=8,...
    Passes: 4, Time/Memory: 3.18,42168, Output: ['4']
  Running k=9,...
    Passes: 4, Time/Memory: 3.61,42388, Output: ['4']
  Running k=10,...
    Passes: 4, Time/Memory: 3.59,42312, Output: ['4']
Results for LMocha running klev0 saved to ./results/real/sc_optimized_stats/LMocha/klev_run_20250129_030351

Running LMocha for variant 1...
  Running k=1,...
    Passes: 3, Time/Memory: 2.65,39652, Output: ['3']
  Running k=2,...
    Passes: 3, Time/Memory: 3.07,41328, Output: ['3']
  Running k=3,...
    Passes: 3, Time/Memory: 2.69,41352, Output: ['3']
  Running k=4,...
    Passes: 3, Time/Memory: 3.03,41320, Output: ['3']
  Running k=5,...
    Passes: 3, Time/Memory: 2.66,41280, Output: ['3']
  Running k=6,...
    Passes: 3, Time/Memory: 3.04,41212, Output: ['3']
  Running k=7,...
    Passes: 3, Time/Memory: 2.74,41448, Output: ['3']
  Running k=8,...
    Passes: 3, Time/Memory: 3.01,41332, Output: ['3']
  Running k=9,...
    Passes: 3, Time/Memory: 2.65,41232, Output: ['3']
  Running k=10,...
    Passes: 3, Time/Memory: 3.04,41376, Output: ['3']
Results for LMocha running klev1 saved to ./results/real/sc_optimized_stats/LMocha/klev_run_20250129_030351

Running LMocha for variant 2...
  Running k=1,...
    Passes: 3, Time/Memory: 2.94,49600, Output: ['3']
  Running k=2,...
    Passes: 3, Time/Memory: 3.13,59404, Output: ['3']
  Running k=3,...
    Passes: 3, Time/Memory: 3.18,68780, Output: ['3']
  Running k=4,...
    Passes: 3, Time/Memory: 3.35,78452, Output: ['3']
  Running k=5,...
    Passes: 3, Time/Memory: 3.36,88336, Output: ['3']
  Running k=6,...
    Passes: 3, Time/Memory: 3.45,98096, Output: ['3']
  Running k=7,...
    Passes: 3, Time/Memory: 3.45,107556, Output: ['3']
  Running k=8,...
    Passes: 2, Time/Memory: 2.91,116244, Output: ['2']
  Running k=9,...
    Passes: 2, Time/Memory: 2.79,125820, Output: ['2']
  Running k=10,...
    Passes: 2, Time/Memory: 2.94,135688, Output: ['2']
Results for LMocha running klev2 saved to ./results/real/sc_optimized_stats/LMocha/klev_run_20250129_030351

Running LMocha for variant N...
  Running k=1,...
    Passes: 3, Time/Memory: 2.79,47844, Output: ['3']
  Running k=2,...
    Passes: 3, Time/Memory: 3.28,58072, Output: ['3']
  Running k=3,...
    Passes: 3, Time/Memory: 3.20,67720, Output: ['3']
  Running k=4,...
    Passes: 3, Time/Memory: 3.36,77600, Output: ['3']
  Running k=5,...
    Passes: 3, Time/Memory: 3.45,87204, Output: ['3']
  Running k=6,...
    Passes: 3, Time/Memory: 3.48,97028, Output: ['3']
  Running k=7,...
    Passes: 2, Time/Memory: 3.05,106808, Output: ['2']
  Running k=8,...
    Passes: 2, Time/Memory: 2.77,116564, Output: ['2']
  Running k=9,...
    Passes: 2, Time/Memory: 3.05,126260, Output: ['2']
  Running k=10,...
    Passes: 2, Time/Memory: 2.83,135892, Output: ['2']
Results for LMocha running klevN saved to ./results/real/sc_optimized_stats/LMocha/klev_run_20250129_030351

Running FlickrE for variant 0...
  Running k=1,...
    Passes: 5, Time/Memory: 4.73,45652, Output: ['5']
  Running k=2,...
    Passes: 5, Time/Memory: 5.83,45556, Output: ['5']
  Running k=3,...
    Passes: 5, Time/Memory: 4.66,45596, Output: ['5']
  Running k=4,...
    Passes: 5, Time/Memory: 5.88,45644, Output: ['5']
  Running k=5,...
    Passes: 5, Time/Memory: 5.14,45600, Output: ['5']
  Running k=6,...
    Passes: 5, Time/Memory: 5.88,45652, Output: ['5']
  Running k=7,...
    Passes: 5, Time/Memory: 5.17,45616, Output: ['5']
  Running k=8,...
    Passes: 5, Time/Memory: 5.89,45664, Output: ['5']
  Running k=9,...
    Passes: 5, Time/Memory: 5.24,45636, Output: ['5']
  Running k=10,...
    Passes: 5, Time/Memory: 5.80,45528, Output: ['5']
Results for FlickrE running klev0 saved to ./results/real/sc_optimized_stats/FlickrE/klev_run_20250129_030558

Running FlickrE for variant 1...
  Running k=1,...
    Passes: 4, Time/Memory: 4.74,43276, Output: ['4']
  Running k=2,...
    Passes: 4, Time/Memory: 5.08,45296, Output: ['4']
  Running k=3,...
    Passes: 4, Time/Memory: 3.84,44136, Output: ['4']
  Running k=4,...
    Passes: 4, Time/Memory: 4.37,43976, Output: ['4']
  Running k=5,...
    Passes: 4, Time/Memory: 4.15,44260, Output: ['4']
  Running k=6,...
    Passes: 4, Time/Memory: 4.55,44276, Output: ['4']
  Running k=7,...
    Passes: 4, Time/Memory: 4.12,45084, Output: ['4']
  Running k=8,...
    Passes: 4, Time/Memory: 4.35,44184, Output: ['4']
  Running k=9,...
    Passes: 4, Time/Memory: 3.99,44360, Output: ['4']
  Running k=10,...
    Passes: 4, Time/Memory: 4.55,44276, Output: ['4']
Results for FlickrE running klev1 saved to ./results/real/sc_optimized_stats/FlickrE/klev_run_20250129_030558

Running FlickrE for variant 2...
  Running k=1,...
    Passes: 4, Time/Memory: 4.51,54524, Output: ['4']
  Running k=2,...
    Passes: 3, Time/Memory: 4.85,64064, Output: ['3']
  Running k=3,...
    Passes: 4, Time/Memory: 4.81,73276, Output: ['4']
  Running k=4,...
    Passes: 3, Time/Memory: 4.23,80656, Output: ['3']
  Running k=5,...
    Passes: 3, Time/Memory: 4.12,90844, Output: ['3']
  Running k=6,...
    Passes: 3, Time/Memory: 4.19,100628, Output: ['3']
  Running k=7,...
    Passes: 3, Time/Memory: 4.87,111548, Output: ['3']
  Running k=8,...
    Passes: 3, Time/Memory: 4.92,121608, Output: ['3']
  Running k=9,...
    Passes: 3, Time/Memory: 5.02,131164, Output: ['3']
  Running k=10,...
    Passes: 3, Time/Memory: 5.40,139884, Output: ['3']
Results for FlickrE running klev2 saved to ./results/real/sc_optimized_stats/FlickrE/klev_run_20250129_030558

Running FlickrE for variant N...
  Running k=1,...
    Passes: 4, Time/Memory: 4.45,54552, Output: ['4']
  Running k=2,...
    Passes: 4, Time/Memory: 4.84,61968, Output: ['4']
  Running k=3,...
    Passes: 4, Time/Memory: 4.78,72864, Output: ['4']
  Running k=4,...
    Passes: 3, Time/Memory: 4.06,82088, Output: ['3']
  Running k=5,...
    Passes: 3, Time/Memory: 4.50,92552, Output: ['3']
  Running k=6,...
    Passes: 3, Time/Memory: 4.83,101860, Output: ['3']
  Running k=7,...
    Passes: 3, Time/Memory: 4.70,111544, Output: ['3']
  Running k=8,...
    Passes: 3, Time/Memory: 4.90,121580, Output: ['3']
  Running k=9,...
    Passes: 3, Time/Memory: 4.82,131732, Output: ['3']
  Running k=10,...
    Passes: 3, Time/Memory: 4.89,141676, Output: ['3']
Results for FlickrE running klevN saved to ./results/real/sc_optimized_stats/FlickrE/klev_run_20250129_030558

Running WordNet for variant 0...
  Running k=1,...
    Passes: 6, Time/Memory: 15.29,51872, Output: ['6']
  Running k=2,...
    Passes: 6, Time/Memory: 15.70,51816, Output: ['6']
  Running k=3,...
    Passes: 6, Time/Memory: 15.67,52152, Output: ['6']
  Running k=4,...
    Passes: 6, Time/Memory: 15.63,51932, Output: ['6']
  Running k=5,...
    Passes: 1, Time/Memory: 0.18,37748, Output: ['1']
  Running k=6,...
    Passes: 1, Time/Memory: 0.19,37728, Output: ['1']
  Running k=7,...
    Passes: 1, Time/Memory: 0.18,37636, Output: ['1']
  Running k=8,...
    Passes: 1, Time/Memory: 0.18,37732, Output: ['1']
  Running k=9,...
    Passes: 1, Time/Memory: 0.18,37736, Output: ['1']
  Running k=10,...
    Passes: 1, Time/Memory: 0.19,37628, Output: ['1']
Results for WordNet running klev0 saved to ./results/real/sc_optimized_stats/WordNet/klev_run_20250129_030912

Running WordNet for variant 1...
  Running k=1,...
    Passes: 5, Time/Memory: 14.31,48460, Output: ['5']
  Running k=2,...
    Passes: 5, Time/Memory: 13.87,49552, Output: ['5']
  Running k=3,...
    Passes: 5, Time/Memory: 13.36,49536, Output: ['5']
  Running k=4,...
    Passes: 5, Time/Memory: 13.23,49480, Output: ['5']
  Running k=5,...
    Passes: 1, Time/Memory: 0.16,37644, Output: ['1']
  Running k=6,...
    Passes: 1, Time/Memory: 0.19,37648, Output: ['1']
  Running k=7,...
    Passes: 1, Time/Memory: 0.18,37636, Output: ['1']
  Running k=8,...
    Passes: 1, Time/Memory: 0.17,37656, Output: ['1']
  Running k=9,...
    Passes: 1, Time/Memory: 0.15,37624, Output: ['1']
  Running k=10,...
    Passes: 1, Time/Memory: 0.18,37732, Output: ['1']
Results for WordNet running klev1 saved to ./results/real/sc_optimized_stats/WordNet/klev_run_20250129_030912

Running WordNet for variant 2...
  Running k=1,...
    Passes: 4, Time/Memory: 15.31,59552, Output: ['4']
  Running k=2,...
    Passes: 3, Time/Memory: 13.19,71892, Output: ['3']
  Running k=3,...
    Passes: 2, Time/Memory: 15.19,84464, Output: ['2']
  Running k=4,...
    Passes: 2, Time/Memory: 13.15,96548, Output: ['2']
  Running k=5,...
    Passes: 1, Time/Memory: 0.16,37712, Output: ['1']
  Running k=6,...
    Passes: 1, Time/Memory: 0.18,37612, Output: ['1']
  Running k=7,...
    Passes: 1, Time/Memory: 0.17,37632, Output: ['1']
  Running k=8,...
    Passes: 1, Time/Memory: 0.18,37576, Output: ['1']
  Running k=9,...
    Passes: 1, Time/Memory: 0.18,37640, Output: ['1']
  Running k=10,...
    Passes: 1, Time/Memory: 0.18,37644, Output: ['1']
Results for WordNet running klev2 saved to ./results/real/sc_optimized_stats/WordNet/klev_run_20250129_030912

Running WordNet for variant N...
  Running k=1,...
    Passes: 4, Time/Memory: 12.84,59484, Output: ['4']
  Running k=2,...
    Passes: 3, Time/Memory: 13.47,72224, Output: ['3']
  Running k=3,...
    Passes: 2, Time/Memory: 14.81,83484, Output: ['2']
  Running k=4,...
    Passes: 2, Time/Memory: 13.73,95304, Output: ['2']
  Running k=5,...
    Passes: 1, Time/Memory: 0.14,37680, Output: ['1']
  Running k=6,...
    Passes: 1, Time/Memory: 0.17,37744, Output: ['1']
  Running k=7,...
    Passes: 1, Time/Memory: 0.19,37736, Output: ['1']
  Running k=8,...
    Passes: 1, Time/Memory: 0.16,37736, Output: ['1']
  Running k=9,...
    Passes: 1, Time/Memory: 0.18,37656, Output: ['1']
  Running k=10,...
    Passes: 1, Time/Memory: 0.16,37636, Output: ['1']
Results for WordNet running klevN saved to ./results/real/sc_optimized_stats/WordNet/klev_run_20250129_030912

Running Douban for variant 0...
  Running k=1,...
    Passes: 4, Time/Memory: 1.01,52988, Output: ['4']
  Running k=2,...
    Passes: 4, Time/Memory: 1.02,52952, Output: ['4']
  Running k=3,...
    Passes: 1, Time/Memory: 0.10,31936, Output: ['1']
  Running k=4,...
    Passes: 1, Time/Memory: 0.08,31932, Output: ['1']
  Running k=5,...
    Passes: 1, Time/Memory: 0.10,31828, Output: ['1']
  Running k=6,...
    Passes: 1, Time/Memory: 0.09,31724, Output: ['1']
  Running k=7,...
    Passes: 1, Time/Memory: 0.10,31832, Output: ['1']
  Running k=8,...
    Passes: 1, Time/Memory: 0.08,31848, Output: ['1']
  Running k=9,...
    Passes: 1, Time/Memory: 0.08,31940, Output: ['1']
  Running k=10,...
    Passes: 1, Time/Memory: 0.08,31816, Output: ['1']
Results for Douban running klev0 saved to ./results/real/sc_optimized_stats/Douban/klev_run_20250129_031306

Running Douban for variant 1...
  Running k=1,...
    Passes: 3, Time/Memory: 0.55,49436, Output: ['3']
  Running k=2,...
    Passes: 3, Time/Memory: 0.50,49352, Output: ['3']
  Running k=3,...
    Passes: 1, Time/Memory: 0.09,31944, Output: ['1']
  Running k=4,...
    Passes: 1, Time/Memory: 0.09,31816, Output: ['1']
  Running k=5,...
    Passes: 1, Time/Memory: 0.09,31924, Output: ['1']
  Running k=6,...
    Passes: 1, Time/Memory: 0.09,31824, Output: ['1']
  Running k=7,...
    Passes: 1, Time/Memory: 0.09,31936, Output: ['1']
  Running k=8,...
    Passes: 1, Time/Memory: 0.09,31932, Output: ['1']
  Running k=9,...
    Passes: 1, Time/Memory: 0.10,31820, Output: ['1']
  Running k=10,...
    Passes: 1, Time/Memory: 0.10,31924, Output: ['1']
Results for Douban running klev1 saved to ./results/real/sc_optimized_stats/Douban/klev_run_20250129_031306

Running Douban for variant 2...
  Running k=1,...
    Passes: 2, Time/Memory: 0.57,60608, Output: ['2']
  Running k=2,...
    Passes: 2, Time/Memory: 0.56,73900, Output: ['2']
  Running k=3,...
    Passes: 1, Time/Memory: 0.09,31836, Output: ['1']
  Running k=4,...
    Passes: 1, Time/Memory: 0.08,31908, Output: ['1']
  Running k=5,...
    Passes: 1, Time/Memory: 0.10,31940, Output: ['1']
  Running k=6,...
    Passes: 1, Time/Memory: 0.09,31816, Output: ['1']
  Running k=7,...
    Passes: 1, Time/Memory: 0.08,31748, Output: ['1']
  Running k=8,...
    Passes: 1, Time/Memory: 0.09,31924, Output: ['1']
  Running k=9,...
    Passes: 1, Time/Memory: 0.09,31840, Output: ['1']
  Running k=10,...
    Passes: 1, Time/Memory: 0.09,31836, Output: ['1']
Results for Douban running klev2 saved to ./results/real/sc_optimized_stats/Douban/klev_run_20250129_031306

Running Douban for variant N...
  Running k=1,...
    Passes: 2, Time/Memory: 0.50,60064, Output: ['2']
  Running k=2,...
    Passes: 1, Time/Memory: 0.42,61492, Output: ['1']
  Running k=3,...
    Passes: 1, Time/Memory: 0.10,31716, Output: ['1']
  Running k=4,...
    Passes: 1, Time/Memory: 0.09,31816, Output: ['1']
  Running k=5,...
    Passes: 1, Time/Memory: 0.09,31740, Output: ['1']
  Running k=6,...
    Passes: 1, Time/Memory: 0.09,31936, Output: ['1']
  Running k=7,...
    Passes: 1, Time/Memory: 0.09,31932, Output: ['1']
  Running k=8,...
    Passes: 1, Time/Memory: 0.10,31952, Output: ['1']
  Running k=9,...
    Passes: 1, Time/Memory: 0.09,31724, Output: ['1']
  Running k=10,...
    Passes: 1, Time/Memory: 0.09,31764, Output: ['1']
Results for Douban running klevN saved to ./results/real/sc_optimized_stats/Douban/klev_run_20250129_031306

Running Twitch for variant 0...
  Running k=1,...
    Passes: 5, Time/Memory: 14.35,72956, Output: ['5']
  Running k=2,...
    Passes: 5, Time/Memory: 16.05,73128, Output: ['5']
  Running k=3,...
    Passes: 5, Time/Memory: 15.70,73008, Output: ['5']
  Running k=4,...
    Passes: 5, Time/Memory: 16.27,73052, Output: ['5']
  Running k=5,...
    Passes: 5, Time/Memory: 16.09,72928, Output: ['5']
  Running k=6,...
    Passes: 5, Time/Memory: 15.21,72908, Output: ['5']
  Running k=7,...
    Passes: 5, Time/Memory: 15.47,72904, Output: ['5']
  Running k=8,...
    Passes: 5, Time/Memory: 14.59,73124, Output: ['5']
  Running k=9,...
    Passes: 5, Time/Memory: 16.15,72904, Output: ['5']
  Running k=10,...
    Passes: 5, Time/Memory: 15.75,73056, Output: ['5']
Results for Twitch running klev0 saved to ./results/real/sc_optimized_stats/Twitch/klev_run_20250129_031315

Running Twitch for variant 1...
  Running k=1,...
    Passes: 4, Time/Memory: 14.06,69100, Output: ['4']
  Running k=2,...
    Passes: 4, Time/Memory: 14.11,72384, Output: ['4']
  Running k=3,...
    Passes: 4, Time/Memory: 14.06,72420, Output: ['4']
  Running k=4,...
    Passes: 4, Time/Memory: 13.35,72696, Output: ['4']
  Running k=5,...
    Passes: 4, Time/Memory: 14.12,72776, Output: ['4']
  Running k=6,...
    Passes: 4, Time/Memory: 14.55,72740, Output: ['4']
  Running k=7,...
    Passes: 4, Time/Memory: 14.10,72752, Output: ['4']
  Running k=8,...
    Passes: 4, Time/Memory: 14.23,72732, Output: ['4']
  Running k=9,...
    Passes: 4, Time/Memory: 13.90,72824, Output: ['4']
  Running k=10,...
    Passes: 4, Time/Memory: 14.64,72684, Output: ['4']
Results for Twitch running klev1 saved to ./results/real/sc_optimized_stats/Twitch/klev_run_20250129_031315

Running Twitch for variant 2...
  Running k=1,...
    Passes: 4, Time/Memory: 13.95,88628, Output: ['4']
  Running k=2,...
    Passes: 3, Time/Memory: 14.02,104456, Output: ['3']
  Running k=3,...
    Passes: 4, Time/Memory: 14.90,120752, Output: ['4']
  Running k=4,...
    Passes: 4, Time/Memory: 16.28,136764, Output: ['4']
  Running k=5,...
    Passes: 3, Time/Memory: 13.28,150832, Output: ['3']
  Running k=6,...
    Passes: 4, Time/Memory: 16.52,168312, Output: ['4']
  Running k=7,...
    Passes: 3, Time/Memory: 14.13,182568, Output: ['3']
  Running k=8,...
    Passes: 3, Time/Memory: 15.06,198156, Output: ['3']
  Running k=9,...
    Passes: 3, Time/Memory: 15.10,215584, Output: ['3']
  Running k=10,...
    Passes: 3, Time/Memory: 16.33,232060, Output: ['3']
Results for Twitch running klev2 saved to ./results/real/sc_optimized_stats/Twitch/klev_run_20250129_031315

Running Twitch for variant N...
  Running k=1,...
    Passes: 4, Time/Memory: 13.90,86840, Output: ['4']
  Running k=2,...
    Passes: 4, Time/Memory: 14.72,104672, Output: ['4']
  Running k=3,...
    Passes: 3, Time/Memory: 14.23,120188, Output: ['3']
  Running k=4,...
    Passes: 3, Time/Memory: 12.91,135856, Output: ['3']
  Running k=5,...
    Passes: 3, Time/Memory: 14.84,151148, Output: ['3']
  Running k=6,...
    Passes: 3, Time/Memory: 13.61,166892, Output: ['3']
  Running k=7,...
    Passes: 3, Time/Memory: 15.78,182128, Output: ['3']
  Running k=8,...
    Passes: 3, Time/Memory: 13.95,197892, Output: ['3']
  Running k=9,...
    Passes: 3, Time/Memory: 15.09,213980, Output: ['3']
  Running k=10,...
    Passes: 3, Time/Memory: 14.24,230136, Output: ['3']
Results for Twitch running klevN saved to ./results/real/sc_optimized_stats/Twitch/klev_run_20250129_031315

Running Gowalla for variant 0...
  Running k=1,...
    Passes: 6, Time/Memory: 14.95,75660, Output: ['6']
  Running k=2,...
    Passes: 6, Time/Memory: 12.73,75392, Output: ['6']
  Running k=3,...
    Passes: 6, Time/Memory: 14.83,75740, Output: ['6']
  Running k=4,...
    Passes: 6, Time/Memory: 12.77,75380, Output: ['6']
  Running k=5,...
    Passes: 1, Time/Memory: 0.24,49272, Output: ['1']
  Running k=6,...
    Passes: 1, Time/Memory: 0.27,49428, Output: ['1']
  Running k=7,...
    Passes: 1, Time/Memory: 0.25,49408, Output: ['1']
  Running k=8,...
    Passes: 1, Time/Memory: 0.27,49216, Output: ['1']
  Running k=9,...
    Passes: 1, Time/Memory: 0.23,49328, Output: ['1']
  Running k=10,...
    Passes: 1, Time/Memory: 0.26,49312, Output: ['1']
Results for Gowalla running klev0 saved to ./results/real/sc_optimized_stats/Gowalla/klev_run_20250129_032309

Running Gowalla for variant 1...
  Running k=1,...
    Passes: 5, Time/Memory: 11.13,71016, Output: ['5']
  Running k=2,...
    Passes: 5, Time/Memory: 10.01,73260, Output: ['5']
  Running k=3,...
    Passes: 5, Time/Memory: 11.26,73396, Output: ['5']
  Running k=4,...
    Passes: 5, Time/Memory: 10.13,73316, Output: ['5']
  Running k=5,...
    Passes: 1, Time/Memory: 0.25,49452, Output: ['1']
  Running k=6,...
    Passes: 1, Time/Memory: 0.27,49424, Output: ['1']
  Running k=7,...
    Passes: 1, Time/Memory: 0.25,49216, Output: ['1']
  Running k=8,...
    Passes: 1, Time/Memory: 0.26,49284, Output: ['1']
  Running k=9,...
    Passes: 1, Time/Memory: 0.24,49336, Output: ['1']
  Running k=10,...
    Passes: 1, Time/Memory: 0.27,49312, Output: ['1']
Results for Gowalla running klev1 saved to ./results/real/sc_optimized_stats/Gowalla/klev_run_20250129_032309

Running Gowalla for variant 2...
  Running k=1,...
    Passes: 4, Time/Memory: 13.66,88852, Output: ['4']
  Running k=2,...
    Passes: 3, Time/Memory: 10.39,107716, Output: ['3']
  Running k=3,...
    Passes: 2, Time/Memory: 13.55,123908, Output: ['2']
  Running k=4,...
    Passes: 2, Time/Memory: 11.12,141944, Output: ['2']
  Running k=5,...
    Passes: 1, Time/Memory: 0.20,49328, Output: ['1']
  Running k=6,...
    Passes: 1, Time/Memory: 0.23,49212, Output: ['1']
  Running k=7,...
    Passes: 1, Time/Memory: 0.21,49260, Output: ['1']
  Running k=8,...
    Passes: 1, Time/Memory: 0.22,49408, Output: ['1']
  Running k=9,...
    Passes: 1, Time/Memory: 0.21,49372, Output: ['1']
  Running k=10,...
    Passes: 1, Time/Memory: 0.22,49328, Output: ['1']
Results for Gowalla running klev2 saved to ./results/real/sc_optimized_stats/Gowalla/klev_run_20250129_032309

Running Gowalla for variant N...
  Running k=1,...
    Passes: 4, Time/Memory: 12.42,89664, Output: ['4']
  Running k=2,...
    Passes: 2, Time/Memory: 10.84,106292, Output: ['2']
  Running k=3,...
    Passes: 2, Time/Memory: 13.75,123072, Output: ['2']
  Running k=4,...
    Passes: 2, Time/Memory: 12.22,138844, Output: ['2']
  Running k=5,...
    Passes: 1, Time/Memory: 0.25,49212, Output: ['1']
  Running k=6,...
    Passes: 1, Time/Memory: 0.26,49372, Output: ['1']
  Running k=7,...
    Passes: 1, Time/Memory: 0.25,49452, Output: ['1']
  Running k=8,...
    Passes: 1, Time/Memory: 0.27,49216, Output: ['1']
  Running k=9,...
    Passes: 1, Time/Memory: 0.24,49212, Output: ['1']
  Running k=10,...
    Passes: 1, Time/Memory: 0.27,49260, Output: ['1']
Results for Gowalla running klevN saved to ./results/real/sc_optimized_stats/Gowalla/klev_run_20250129_032309

Running Dblp for variant 0...
  Running k=1,...
    Passes: 6, Time/Memory: 53.28,118440, Output: ['6']
  Running k=2,...
    Passes: 6, Time/Memory: 31.76,118424, Output: ['6']
  Running k=3,...
    Passes: 6, Time/Memory: 53.10,118336, Output: ['6']
  Running k=4,...
    Passes: 1, Time/Memory: 0.31,69320, Output: ['1']
  Running k=5,...
    Passes: 1, Time/Memory: 0.31,69256, Output: ['1']
  Running k=6,...
    Passes: 1, Time/Memory: 0.29,69304, Output: ['1']
  Running k=7,...
    Passes: 1, Time/Memory: 0.31,69320, Output: ['1']
  Running k=8,...
    Passes: 1, Time/Memory: 0.31,69416, Output: ['1']
  Running k=9,...
    Passes: 1, Time/Memory: 0.30,69340, Output: ['1']
  Running k=10,...
    Passes: 1, Time/Memory: 0.32,69424, Output: ['1']
Results for Dblp running klev0 saved to ./results/real/sc_optimized_stats/Dblp/klev_run_20250129_032632

Running Dblp for variant 1...
  Running k=1,...
    Passes: 4, Time/Memory: 43.13,111028, Output: ['4']
  Running k=2,...
    Passes: 4, Time/Memory: 24.52,112916, Output: ['4']
  Running k=3,...
    Passes: 5, Time/Memory: 40.84,112768, Output: ['5']
  Running k=4,...
    Passes: 1, Time/Memory: 0.30,69316, Output: ['1']
  Running k=5,...
    Passes: 1, Time/Memory: 0.31,69340, Output: ['1']
  Running k=6,...
    Passes: 1, Time/Memory: 0.32,69424, Output: ['1']
  Running k=7,...
    Passes: 1, Time/Memory: 0.30,69424, Output: ['1']
  Running k=8,...
    Passes: 1, Time/Memory: 0.30,69428, Output: ['1']
  Running k=9,...
    Passes: 1, Time/Memory: 0.31,69256, Output: ['1']
  Running k=10,...
    Passes: 1, Time/Memory: 0.31,69316, Output: ['1']
Results for Dblp running klev1 saved to ./results/real/sc_optimized_stats/Dblp/klev_run_20250129_032632

Running Dblp for variant 2...
  Running k=1,...
    Passes: 3, Time/Memory: 45.52,139500, Output: ['3']
  Running k=2,...
    Passes: 2, Time/Memory: 40.32,168972, Output: ['2']
  Running k=3,...
    Passes: 2, Time/Memory: 43.54,193420, Output: ['2']
  Running k=4,...
    Passes: 1, Time/Memory: 0.30,69412, Output: ['1']
  Running k=5,...
    Passes: 1, Time/Memory: 0.30,69312, Output: ['1']
  Running k=6,...
    Passes: 1, Time/Memory: 0.30,69360, Output: ['1']
  Running k=7,...
    Passes: 1, Time/Memory: 0.31,69432, Output: ['1']
  Running k=8,...
    Passes: 1, Time/Memory: 0.29,69268, Output: ['1']
  Running k=9,...
    Passes: 1, Time/Memory: 0.31,69408, Output: ['1']
  Running k=10,...
    Passes: 1, Time/Memory: 0.28,69308, Output: ['1']
Results for Dblp running klev2 saved to ./results/real/sc_optimized_stats/Dblp/klev_run_20250129_032632

Running Dblp for variant N...
  Running k=1,...
    Passes: 3, Time/Memory: 38.53,137724, Output: ['3']
  Running k=2,...
    Passes: 2, Time/Memory: 41.32,163348, Output: ['2']
  Running k=3,...
    Passes: 2, Time/Memory: 36.85,187864, Output: ['2']
  Running k=4,...
    Passes: 1, Time/Memory: 0.29,69216, Output: ['1']
  Running k=5,...
    Passes: 1, Time/Memory: 0.32,69416, Output: ['1']
  Running k=6,...
    Passes: 1, Time/Memory: 0.31,69412, Output: ['1']
  Running k=7,...
    Passes: 1, Time/Memory: 0.31,69340, Output: ['1']
  Running k=8,...
    Passes: 1, Time/Memory: 0.30,69412, Output: ['1']
  Running k=9,...
    Passes: 1, Time/Memory: 0.29,69364, Output: ['1']
  Running k=10,...
    Passes: 1, Time/Memory: 0.30,69236, Output: ['1']
Results for Dblp running klevN saved to ./results/real/sc_optimized_stats/Dblp/klev_run_20250129_032632

Running Amazon for variant 0...
  Running k=1,...
    Passes: 6, Time/Memory: 185.65,134444, Output: ['6']
  Running k=2,...
    Passes: 6, Time/Memory: 205.84,134540, Output: ['6']
  Running k=3,...
    Passes: 1, Time/Memory: 0.29,66420, Output: ['1']
  Running k=4,...
    Passes: 1, Time/Memory: 0.27,66420, Output: ['1']
  Running k=5,...
    Passes: 1, Time/Memory: 0.29,66416, Output: ['1']
  Running k=6,...
    Passes: 1, Time/Memory: 0.29,66532, Output: ['1']
  Running k=7,...
    Passes: 1, Time/Memory: 0.28,66368, Output: ['1']
  Running k=8,...
    Passes: 1, Time/Memory: 0.29,66524, Output: ['1']
  Running k=9,...
    Passes: 1, Time/Memory: 0.29,66528, Output: ['1']
  Running k=10,...
    Passes: 1, Time/Memory: 0.29,66532, Output: ['1']
Results for Amazon running klev0 saved to ./results/real/sc_optimized_stats/Amazon/klev_run_20250129_033455

Running Amazon for variant 1...
  Running k=1,...
    Passes: 5, Time/Memory: 211.65,126920, Output: ['5']
  Running k=2,...
    Passes: 5, Time/Memory: 132.29,130764, Output: ['5']
  Running k=3,...
    Passes: 1, Time/Memory: 0.25,66352, Output: ['1']
  Running k=4,...
    Passes: 1, Time/Memory: 0.28,66400, Output: ['1']
  Running k=5,...
    Passes: 1, Time/Memory: 0.27,66332, Output: ['1']
  Running k=6,...
    Passes: 1, Time/Memory: 0.28,66420, Output: ['1']
  Running k=7,...
    Passes: 1, Time/Memory: 0.29,66528, Output: ['1']
  Running k=8,...
    Passes: 1, Time/Memory: 0.30,66420, Output: ['1']
  Running k=9,...
    Passes: 1, Time/Memory: 0.29,66312, Output: ['1']
  Running k=10,...
    Passes: 1, Time/Memory: 0.28,66512, Output: ['1']
Results for Amazon running klev1 saved to ./results/real/sc_optimized_stats/Amazon/klev_run_20250129_033455

Running Amazon for variant 2...
  Running k=1,...
    Passes: 3, Time/Memory: 197.08,157576, Output: ['3']
  Running k=2,...
    Passes: 2, Time/Memory: 135.80,185692, Output: ['2']
  Running k=3,...
    Passes: 1, Time/Memory: 0.29,66516, Output: ['1']
  Running k=4,...
    Passes: 1, Time/Memory: 0.29,66500, Output: ['1']
  Running k=5,...
    Passes: 1, Time/Memory: 0.29,66380, Output: ['1']
  Running k=6,...
    Passes: 1, Time/Memory: 0.27,66488, Output: ['1']
  Running k=7,...
    Passes: 1, Time/Memory: 0.27,66432, Output: ['1']
  Running k=8,...
    Passes: 1, Time/Memory: 0.28,66524, Output: ['1']
  Running k=9,...
    Passes: 1, Time/Memory: 0.28,66512, Output: ['1']
  Running k=10,...
    Passes: 1, Time/Memory: 0.27,66308, Output: ['1']
Results for Amazon running klev2 saved to ./results/real/sc_optimized_stats/Amazon/klev_run_20250129_033455

Running Amazon for variant N...
  Running k=1,...
    Passes: 3, Time/Memory: 181.64,154568, Output: ['3']
  Running k=2,...
    Passes: 2, Time/Memory: 95.69,178320, Output: ['2']
  Running k=3,...
    Passes: 1, Time/Memory: 0.28,66408, Output: ['1']
  Running k=4,...
    Passes: 1, Time/Memory: 0.30,66780, Output: ['1']
  Running k=5,...
    Passes: 1, Time/Memory: 0.29,66528, Output: ['1']
  Running k=6,...
    Passes: 1, Time/Memory: 0.29,66416, Output: ['1']
  Running k=7,...
    Passes: 1, Time/Memory: 0.29,66420, Output: ['1']
  Running k=8,...
    Passes: 1, Time/Memory: 0.26,66508, Output: ['1']
  Running k=9,...
    Passes: 1, Time/Memory: 0.29,66520, Output: ['1']
  Running k=10,...
    Passes: 1, Time/Memory: 0.29,66488, Output: ['1']
Results for Amazon running klevN saved to ./results/real/sc_optimized_stats/Amazon/klev_run_20250129_033455
