
Running CU for variant 0...
  Running k=1,...
    Passes: 4, Time/Memory: 0.00,3764, Output: ['4']
  Running k=2,...
    Passes: 4, Time/Memory: 0.00,3744, Output: ['4']
  Running k=3,...
    Passes: 1, Time/Memory: 0.00,3756, Output: ['1']
  Running k=4,...
    Passes: 1, Time/Memory: 0.00,3640, Output: ['1']
  Running k=5,...
    Passes: 1, Time/Memory: 0.00,3656, Output: ['1']
  Running k=6,...
    Passes: 1, Time/Memory: 0.00,3620, Output: ['1']
  Running k=7,...
    Passes: 1, Time/Memory: 0.00,3672, Output: ['1']
  Running k=8,...
    Passes: 1, Time/Memory: 0.00,3752, Output: ['1']
  Running k=9,...
    Passes: 1, Time/Memory: 0.00,3636, Output: ['1']
  Running k=10,...
    Passes: 1, Time/Memory: 0.00,3820, Output: ['1']
Results for CU running klev0 saved to ./results/real/sc_optimized_stats/CU/klev_run_20250129_024553

Running CU for variant 1...
  Running k=1,...
    Passes: 3, Time/Memory: 0.00,3660, Output: ['3']
  Running k=2,...
    Passes: 3, Time/Memory: 0.00,3648, Output: ['3']
  Running k=3,...
    Passes: 1, Time/Memory: 0.00,3640, Output: ['1']
  Running k=4,...
    Passes: 1, Time/Memory: 0.00,3632, Output: ['1']
  Running k=5,...
    Passes: 1, Time/Memory: 0.00,3604, Output: ['1']
  Running k=6,...
    Passes: 1, Time/Memory: 0.00,3824, Output: ['1']
  Running k=7,...
    Passes: 1, Time/Memory: 0.00,3700, Output: ['1']
  Running k=8,...
    Passes: 1, Time/Memory: 0.00,3636, Output: ['1']
  Running k=9,...
    Passes: 1, Time/Memory: 0.00,3636, Output: ['1']
  Running k=10,...
    Passes: 1, Time/Memory: 0.00,3824, Output: ['1']
Results for CU running klev1 saved to ./results/real/sc_optimized_stats/CU/klev_run_20250129_024553

Running CU for variant 2...
  Running k=1,...
    Passes: 2, Time/Memory: 0.00,3764, Output: ['2']
  Running k=2,...
    Passes: 2, Time/Memory: 0.00,3576, Output: ['2']
  Running k=3,...
    Passes: 1, Time/Memory: 0.00,3788, Output: ['1']
  Running k=4,...
    Passes: 1, Time/Memory: 0.00,3764, Output: ['1']
  Running k=5,...
    Passes: 1, Time/Memory: 0.00,3604, Output: ['1']
  Running k=6,...
    Passes: 1, Time/Memory: 0.00,3640, Output: ['1']
  Running k=7,...
    Passes: 1, Time/Memory: 0.00,3636, Output: ['1']
  Running k=8,...
    Passes: 1, Time/Memory: 0.00,3656, Output: ['1']
  Running k=9,...
    Passes: 1, Time/Memory: 0.00,3656, Output: ['1']
  Running k=10,...
    Passes: 1, Time/Memory: 0.00,3740, Output: ['1']
Results for CU running klev2 saved to ./results/real/sc_optimized_stats/CU/klev_run_20250129_024553

Running CU for variant N...
  Running k=1,...
    Passes: 1, Time/Memory: 0.00,3708, Output: ['1']
  Running k=2,...
    Passes: 1, Time/Memory: 0.00,3708, Output: ['1']
  Running k=3,...
    Passes: 1, Time/Memory: 0.00,3608, Output: ['1']
  Running k=4,...
    Passes: 1, Time/Memory: 0.00,3824, Output: ['1']
  Running k=5,...
    Passes: 1, Time/Memory: 0.00,3612, Output: ['1']
  Running k=6,...
    Passes: 1, Time/Memory: 0.00,3832, Output: ['1']
  Running k=7,...
    Passes: 1, Time/Memory: 0.00,3700, Output: ['1']
  Running k=8,...
    Passes: 1, Time/Memory: 0.00,3632, Output: ['1']
  Running k=9,...
    Passes: 1, Time/Memory: 0.00,3760, Output: ['1']
  Running k=10,...
    Passes: 1, Time/Memory: 0.00,3620, Output: ['1']
Results for CU running klevN saved to ./results/real/sc_optimized_stats/CU/klev_run_20250129_024553

Running AJazz for variant 0...
  Running k=1,...
    Passes: 3, Time/Memory: 0.00,3716, Output: ['3']
  Running k=2,...
    Passes: 3, Time/Memory: 0.00,3680, Output: ['3']
  Running k=3,...
    Passes: 3, Time/Memory: 0.00,3668, Output: ['3']
  Running k=4,...
    Passes: 3, Time/Memory: 0.00,3684, Output: ['3']
  Running k=5,...
    Passes: 3, Time/Memory: 0.00,3680, Output: ['3']
  Running k=6,...
    Passes: 3, Time/Memory: 0.00,3708, Output: ['3']
  Running k=7,...
    Passes: 3, Time/Memory: 0.00,3700, Output: ['3']
  Running k=8,...
    Passes: 3, Time/Memory: 0.00,3876, Output: ['3']
  Running k=9,...
    Passes: 3, Time/Memory: 0.00,3876, Output: ['3']
  Running k=10,...
    Passes: 3, Time/Memory: 0.00,3772, Output: ['3']
Results for AJazz running klev0 saved to ./results/real/sc_optimized_stats/AJazz/klev_run_20250129_024553

Running AJazz for variant 1...
  Running k=1,...
    Passes: 2, Time/Memory: 0.00,3692, Output: ['2']
  Running k=2,...
    Passes: 2, Time/Memory: 0.00,3712, Output: ['2']
  Running k=3,...
    Passes: 2, Time/Memory: 0.00,3716, Output: ['2']
  Running k=4,...
    Passes: 2, Time/Memory: 0.00,3796, Output: ['2']
  Running k=5,...
    Passes: 2, Time/Memory: 0.00,3880, Output: ['2']
  Running k=6,...
    Passes: 2, Time/Memory: 0.00,3824, Output: ['2']
  Running k=7,...
    Passes: 2, Time/Memory: 0.00,3844, Output: ['2']
  Running k=8,...
    Passes: 2, Time/Memory: 0.00,3700, Output: ['2']
  Running k=9,...
    Passes: 2, Time/Memory: 0.00,3896, Output: ['2']
  Running k=10,...
    Passes: 2, Time/Memory: 0.00,3764, Output: ['2']
Results for AJazz running klev1 saved to ./results/real/sc_optimized_stats/AJazz/klev_run_20250129_024553

Running AJazz for variant 2...
  Running k=1,...
    Passes: 2, Time/Memory: 0.00,3768, Output: ['2']
  Running k=2,...
    Passes: 2, Time/Memory: 0.00,3700, Output: ['2']
  Running k=3,...
    Passes: 2, Time/Memory: 0.00,3732, Output: ['2']
  Running k=4,...
    Passes: 2, Time/Memory: 0.00,3760, Output: ['2']
  Running k=5,...
    Passes: 2, Time/Memory: 0.00,3768, Output: ['2']
  Running k=6,...
    Passes: 2, Time/Memory: 0.00,3900, Output: ['2']
  Running k=7,...
    Passes: 2, Time/Memory: 0.00,3984, Output: ['2']
  Running k=8,...
    Passes: 2, Time/Memory: 0.00,3960, Output: ['2']
  Running k=9,...
    Passes: 2, Time/Memory: 0.00,3868, Output: ['2']
  Running k=10,...
    Passes: 2, Time/Memory: 0.00,4012, Output: ['2']
Results for AJazz running klev2 saved to ./results/real/sc_optimized_stats/AJazz/klev_run_20250129_024553

Running AJazz for variant N...
  Running k=1,...
    Passes: 2, Time/Memory: 0.00,3900, Output: ['2']
  Running k=2,...
    Passes: 2, Time/Memory: 0.00,3844, Output: ['2']
  Running k=3,...
    Passes: 2, Time/Memory: 0.00,3744, Output: ['2']
  Running k=4,...
    Passes: 2, Time/Memory: 0.00,3888, Output: ['2']
  Running k=5,...
    Passes: 2, Time/Memory: 0.00,3936, Output: ['2']
  Running k=6,...
    Passes: 2, Time/Memory: 0.00,3968, Output: ['2']
  Running k=7,...
    Passes: 2, Time/Memory: 0.00,3812, Output: ['2']
  Running k=8,...
    Passes: 2, Time/Memory: 0.00,3828, Output: ['2']
  Running k=9,...
    Passes: 2, Time/Memory: 0.00,3884, Output: ['2']
  Running k=10,...
    Passes: 2, Time/Memory: 0.00,4000, Output: ['2']
Results for AJazz running klevN saved to ./results/real/sc_optimized_stats/AJazz/klev_run_20250129_024553

Running HM for variant 0...
  Running k=1,...
    Passes: 4, Time/Memory: 0.03,4412, Output: ['4']
  Running k=2,...
    Passes: 4, Time/Memory: 0.03,4464, Output: ['4']
  Running k=3,...
    Passes: 4, Time/Memory: 0.02,4452, Output: ['4']
  Running k=4,...
    Passes: 4, Time/Memory: 0.03,4420, Output: ['4']
  Running k=5,...
    Passes: 4, Time/Memory: 0.02,4436, Output: ['4']
  Running k=6,...
    Passes: 4, Time/Memory: 0.03,4424, Output: ['4']
  Running k=7,...
Error running graph HM, variant 0: Command '['/usr/bin/time', '-f', '%U,%M', './bin/main', 'RUN_ALGO', '2426', '16631', './input/HM/download.tsv.petster-hamster/petster-hamster/out.petster-hamster', '3', '0', '7']' returned non-zero exit status 134.
Traceback (most recent call last):
  File "/home/user/SemiStreamingDFS/DFS_Semi_Streaming/scripts/get_real_time_memory_passes/capture_real_stats.py", line 158, in <module>
    run_experiments(args.algorithm, args.output_dir)
  File "/home/user/SemiStreamingDFS/DFS_Semi_Streaming/scripts/get_real_time_memory_passes/capture_real_stats.py", line 136, in run_experiments
    k_experiments(algorithm, graph, 10, run_output_dir) # Run for k=1 to 10
    ^^^^^^^^^^^^^^^^^^^^^^^^^^^^^^^^^^^^^^^^^^^^^^^^^^^
  File "/home/user/SemiStreamingDFS/DFS_Semi_Streaming/scripts/get_real_time_memory_passes/capture_real_stats.py", line 81, in k_experiments
    time, memory, pass_count = run_command(
    ^^^^^^^^^^^^^^^^^^^^^^^^
TypeError: cannot unpack non-iterable NoneType object
