
Running CU for variant 0...
  Running k=1,...
    Passes: 4, Time/Memory: 0.00,3840, Output: ['4']
  Running k=2,...
    Passes: 4, Time/Memory: 0.00,3600, Output: ['4']
  Running k=3,...
    Passes: 1, Time/Memory: 0.00,3740, Output: ['1']
  Running k=4,...
    Passes: 1, Time/Memory: 0.00,3632, Output: ['1']
  Running k=5,...
    Passes: 1, Time/Memory: 0.00,3632, Output: ['1']
  Running k=6,...
    Passes: 1, Time/Memory: 0.00,3636, Output: ['1']
  Running k=7,...
    Passes: 1, Time/Memory: 0.00,3636, Output: ['1']
  Running k=8,...
    Passes: 1, Time/Memory: 0.00,3700, Output: ['1']
  Running k=9,...
    Passes: 1, Time/Memory: 0.00,3636, Output: ['1']
  Running k=10,...
    Passes: 1, Time/Memory: 0.00,3784, Output: ['1']
Results for CU running klev0 saved to ./results/real/sc_optimized_stats/CU/klev_run_20250129_024251

Running CU for variant 1...
  Running k=1,...
    Passes: 3, Time/Memory: 0.00,3788, Output: ['3']
  Running k=2,...
    Passes: 3, Time/Memory: 0.00,3640, Output: ['3']
  Running k=3,...
    Passes: 1, Time/Memory: 0.00,3740, Output: ['1']
  Running k=4,...
    Passes: 1, Time/Memory: 0.00,3768, Output: ['1']
  Running k=5,...
    Passes: 1, Time/Memory: 0.00,3640, Output: ['1']
  Running k=6,...
    Passes: 1, Time/Memory: 0.00,3812, Output: ['1']
  Running k=7,...
    Passes: 1, Time/Memory: 0.00,3636, Output: ['1']
  Running k=8,...
    Passes: 1, Time/Memory: 0.00,3628, Output: ['1']
  Running k=9,...
    Passes: 1, Time/Memory: 0.00,3700, Output: ['1']
  Running k=10,...
    Passes: 1, Time/Memory: 0.00,3636, Output: ['1']
Results for CU running klev1 saved to ./results/real/sc_optimized_stats/CU/klev_run_20250129_024251

Running CU for variant 2...
  Running k=1,...
    Passes: 2, Time/Memory: 0.00,3776, Output: ['2']
  Running k=2,...
    Passes: 2, Time/Memory: 0.00,3644, Output: ['2']
  Running k=3,...
    Passes: 1, Time/Memory: 0.00,3636, Output: ['1']
  Running k=4,...
    Passes: 1, Time/Memory: 0.00,3632, Output: ['1']
  Running k=5,...
    Passes: 1, Time/Memory: 0.00,3824, Output: ['1']
  Running k=6,...
    Passes: 1, Time/Memory: 0.00,3812, Output: ['1']
  Running k=7,...
    Passes: 1, Time/Memory: 0.00,3636, Output: ['1']
  Running k=8,...
    Passes: 1, Time/Memory: 0.00,3824, Output: ['1']
  Running k=9,...
    Passes: 1, Time/Memory: 0.00,3832, Output: ['1']
  Running k=10,...
    Passes: 1, Time/Memory: 0.00,3632, Output: ['1']
Results for CU running klev2 saved to ./results/real/sc_optimized_stats/CU/klev_run_20250129_024251

Running CU for variant N...
  Running k=1,...
    Passes: 1, Time/Memory: 0.00,3836, Output: ['1']
  Running k=2,...
    Passes: 1, Time/Memory: 0.00,3764, Output: ['1']
  Running k=3,...
    Passes: 1, Time/Memory: 0.00,3636, Output: ['1']
  Running k=4,...
    Passes: 1, Time/Memory: 0.00,3832, Output: ['1']
  Running k=5,...
    Passes: 1, Time/Memory: 0.00,3620, Output: ['1']
  Running k=6,...
    Passes: 1, Time/Memory: 0.00,3696, Output: ['1']
  Running k=7,...
    Passes: 1, Time/Memory: 0.00,3700, Output: ['1']
  Running k=8,...
    Passes: 1, Time/Memory: 0.00,3784, Output: ['1']
  Running k=9,...
    Passes: 1, Time/Memory: 0.00,3824, Output: ['1']
  Running k=10,...
    Passes: 1, Time/Memory: 0.00,3740, Output: ['1']
Results for CU running klevN saved to ./results/real/sc_optimized_stats/CU/klev_run_20250129_024251

Running AJazz for variant 0...
  Running k=1,...
    Passes: 3, Time/Memory: 0.00,3800, Output: ['3']
  Running k=2,...
    Passes: 3, Time/Memory: 0.00,3696, Output: ['3']
  Running k=3,...
    Passes: 3, Time/Memory: 0.00,3872, Output: ['3']
  Running k=4,...
    Passes: 3, Time/Memory: 0.00,3764, Output: ['3']
  Running k=5,...
    Passes: 3, Time/Memory: 0.00,3692, Output: ['3']
  Running k=6,...
    Passes: 3, Time/Memory: 0.00,3700, Output: ['3']
  Running k=7,...
    Passes: 3, Time/Memory: 0.00,3708, Output: ['3']
  Running k=8,...
    Passes: 3, Time/Memory: 0.00,3708, Output: ['3']
  Running k=9,...
    Passes: 3, Time/Memory: 0.00,3804, Output: ['3']
  Running k=10,...
    Passes: 3, Time/Memory: 0.00,3852, Output: ['3']
Results for AJazz running klev0 saved to ./results/real/sc_optimized_stats/AJazz/klev_run_20250129_024252

Running AJazz for variant 1...
  Running k=1,...
    Passes: 2, Time/Memory: 0.00,3692, Output: ['2']
  Running k=2,...
    Passes: 2, Time/Memory: 0.00,3888, Output: ['2']
  Running k=3,...
    Passes: 2, Time/Memory: 0.00,3700, Output: ['2']
  Running k=4,...
    Passes: 2, Time/Memory: 0.00,3880, Output: ['2']
  Running k=5,...
    Passes: 2, Time/Memory: 0.00,3712, Output: ['2']
  Running k=6,...
    Passes: 2, Time/Memory: 0.00,3712, Output: ['2']
  Running k=7,...
    Passes: 2, Time/Memory: 0.00,3844, Output: ['2']
  Running k=8,...
    Passes: 2, Time/Memory: 0.00,3896, Output: ['2']
  Running k=9,...
    Passes: 2, Time/Memory: 0.00,3816, Output: ['2']
  Running k=10,...
    Passes: 2, Time/Memory: 0.00,3732, Output: ['2']
Results for AJazz running klev1 saved to ./results/real/sc_optimized_stats/AJazz/klev_run_20250129_024252

Running AJazz for variant 2...
  Running k=1,...
    Passes: 2, Time/Memory: 0.00,3664, Output: ['2']
  Running k=2,...
    Passes: 2, Time/Memory: 0.00,3844, Output: ['2']
  Running k=3,...
    Passes: 2, Time/Memory: 0.00,3856, Output: ['2']
  Running k=4,...
    Passes: 2, Time/Memory: 0.00,3716, Output: ['2']
  Running k=5,...
    Passes: 2, Time/Memory: 0.00,3876, Output: ['2']
  Running k=6,...
    Passes: 2, Time/Memory: 0.00,3792, Output: ['2']
  Running k=7,...
    Passes: 2, Time/Memory: 0.00,3808, Output: ['2']
  Running k=8,...
    Passes: 2, Time/Memory: 0.00,3800, Output: ['2']
  Running k=9,...
    Passes: 2, Time/Memory: 0.00,3996, Output: ['2']
  Running k=10,...
    Passes: 2, Time/Memory: 0.00,3836, Output: ['2']
Results for AJazz running klev2 saved to ./results/real/sc_optimized_stats/AJazz/klev_run_20250129_024252

Running AJazz for variant N...
  Running k=1,...
    Passes: 2, Time/Memory: 0.00,3708, Output: ['2']
  Running k=2,...
    Passes: 2, Time/Memory: 0.00,3724, Output: ['2']
  Running k=3,...
    Passes: 2, Time/Memory: 0.00,3736, Output: ['2']
  Running k=4,...
    Passes: 2, Time/Memory: 0.00,3736, Output: ['2']
  Running k=5,...
    Passes: 2, Time/Memory: 0.00,3836, Output: ['2']
  Running k=6,...
    Passes: 2, Time/Memory: 0.00,3812, Output: ['2']
  Running k=7,...
    Passes: 2, Time/Memory: 0.00,3808, Output: ['2']
  Running k=8,...
    Passes: 2, Time/Memory: 0.00,4004, Output: ['2']
  Running k=9,...
    Passes: 2, Time/Memory: 0.00,3848, Output: ['2']
  Running k=10,...
    Passes: 2, Time/Memory: 0.00,4064, Output: ['2']
Results for AJazz running klevN saved to ./results/real/sc_optimized_stats/AJazz/klev_run_20250129_024252

Running HM for variant 0...
  Running k=1,...
    Passes: 4, Time/Memory: 0.03,4480, Output: ['4']
  Running k=2,...
    Passes: 4, Time/Memory: 0.02,4484, Output: ['4']
  Running k=3,...
    Passes: 4, Time/Memory: 0.03,4484, Output: ['4']
  Running k=4,...
    Passes: 4, Time/Memory: 0.03,4556, Output: ['4']
  Running k=5,...
    Passes: 4, Time/Memory: 0.02,4512, Output: ['4']
  Running k=6,...
    Passes: 4, Time/Memory: 0.02,4468, Output: ['4']
  Running k=7,...
Error running graph HM, variant 0: Command '['/usr/bin/time', '-f', '%U,%M', './bin/main', 'RUN_ALGO', '2426', '16631', './input/HM/download.tsv.petster-hamster/petster-hamster/out.petster-hamster', '3', '0', '7']' returned non-zero exit status 134.
Traceback (most recent call last):
  File "/home/user/SemiStreamingDFS/DFS_Semi_Streaming/scripts/get_real_time_memory_passes/capture_real_stats.py", line 158, in <module>
    run_experiments(args.algorithm, args.output_dir)
  File "/home/user/SemiStreamingDFS/DFS_Semi_Streaming/scripts/get_real_time_memory_passes/capture_real_stats.py", line 136, in run_experiments
    k_experiments(algorithm, graph, 10, run_output_dir) # Run for k=1 to 10
    ^^^^^^^^^^^^^^^^^^^^^^^^^^^^^^^^^^^^^^^^^^^^^^^^^^^
  File "/home/user/SemiStreamingDFS/DFS_Semi_Streaming/scripts/get_real_time_memory_passes/capture_real_stats.py", line 81, in k_experiments
    time, memory, pass_count = run_command(
    ^^^^^^^^^^^^^^^^^^^^^^^^
TypeError: cannot unpack non-iterable NoneType object
