
Running Gowalla for variant 0...
  Running k=5,...
    Passes: 6, Time/Memory: 14.13,75348, Output: ['6']
  Running k=6,...
    Passes: 6, Time/Memory: 14.28,75668, Output: ['6']
  Running k=7,...
    Passes: 6, Time/Memory: 13.88,75300, Output: ['6']
  Running k=8,...
    Passes: 6, Time/Memory: 14.00,75512, Output: ['6']
  Running k=9,...
    Passes: 6, Time/Memory: 14.16,75400, Output: ['6']
  Running k=10,...
    Passes: 6, Time/Memory: 14.09,75420, Output: ['6']
Results for Gowalla running klev0 saved to ./results/real/sc_optimized_stats/Gowalla/klev_run_20250203_010353

Running Amazon for variant 0...
  Running k=3,...
    Passes: 6, Time/Memory: 178.74,134628, Output: ['6']
  Running k=4,...
    Passes: 6, Time/Memory: 179.65,134612, Output: ['6']
  Running k=5,...
    Passes: 6, Time/Memory: 175.95,134808, Output: ['6']
  Running k=6,...
    Passes: 6, Time/Memory: 180.87,134472, Output: ['6']
  Running k=7,...
    Passes: 6, Time/Memory: 172.98,134880, Output: ['6']
  Running k=8,...
    Passes: 6, Time/Memory: 176.08,134448, Output: ['6']
  Running k=9,...
    Passes: 6, Time/Memory: 178.52,134488, Output: ['6']
  Running k=10,...
    Passes: 6, Time/Memory: 118.10,134888, Output: ['6']
Results for Amazon running klev0 saved to ./results/real/sc_optimized_stats/Amazon/klev_run_20250203_010517
