
Running Belcastro for variant N...
  Running k=1,...
    Passes: 10, Time/Memory: 18.64,590076, Output: ['10']
  Running k=2,...
    Passes: 9, Time/Memory: 17.36,420348, Output: ['9']
  Running k=5,...
    Passes: 8, Time/Memory: 15.21,479052, Output: ['8']
  Running k=10,...
    Passes: 6, Time/Memory: 11.97,436392, Output: ['6']
  Running k=644,...
    Passes: 1, Time/Memory: 2.07,195532, Output: ['1']
Results for Belcastro running kpathN saved to ./results/real/sc_optimized_stats/Belcastro/kpath_run_20250203_013450

Running ArxAP for variant N...
  Running k=1,...
    Passes: 5, Time/Memory: 0.31,39140, Output: ['5']
  Running k=2,...
    Passes: 4, Time/Memory: 0.30,29848, Output: ['4']
  Running k=5,...
    Passes: 2, Time/Memory: 0.15,21932, Output: ['2']
  Running k=10,...
    Passes: 2, Time/Memory: 0.22,28080, Output: ['2']
  Running k=11,...
    Passes: 1, Time/Memory: 0.05,10112, Output: ['1']
Results for ArxAP running kpathN saved to ./results/real/sc_optimized_stats/ArxAP/kpath_run_20250203_013557

Running BrightK for variant N...
  Running k=1,...
    Passes: 3, Time/Memory: 1.13,43260, Output: ['3']
  Running k=2,...
    Passes: 2, Time/Memory: 0.54,39736, Output: ['2']
  Running k=5,...
    Passes: 1, Time/Memory: 0.07,14584, Output: ['1']
  Running k=10,...
    Passes: 1, Time/Memory: 0.06,14628, Output: ['1']
  Running k=4,...
    Passes: 1, Time/Memory: 0.06,14516, Output: ['1']
Results for BrightK running kpathN saved to ./results/real/sc_optimized_stats/BrightK/kpath_run_20250203_013558

Running Twitch for variant N...
  Running k=1,...
    Passes: 6, Time/Memory: 12.90,633772, Output: ['6']
  Running k=2,...
    Passes: 5, Time/Memory: 12.10,459552, Output: ['5']
  Running k=5,...
    Passes: 4, Time/Memory: 14.61,431992, Output: ['4']
  Running k=10,...
    Passes: 3, Time/Memory: 9.19,402500, Output: ['3']
  Running k=41,...
    Passes: 1, Time/Memory: 1.75,170692, Output: ['1']
Results for Twitch running kpathN saved to ./results/real/sc_optimized_stats/Twitch/kpath_run_20250203_013600

Running Gowalla for variant N...
  Running k=1,...
    Passes: 4, Time/Memory: 17.06,227704, Output: ['4']
  Running k=2,...
    Passes: 2, Time/Memory: 3.94,148148, Output: ['2']
  Running k=5,...
    Passes: 1, Time/Memory: 0.25,49448, Output: ['1']
  Running k=10,...
    Passes: 1, Time/Memory: 0.26,49356, Output: ['1']
  Running k=5,...
    Passes: 1, Time/Memory: 0.27,49340, Output: ['1']
Results for Gowalla running kpathN saved to ./results/real/sc_optimized_stats/Gowalla/kpath_run_20250203_013651

Running Amazon for variant N...
  Running k=1,...
    Passes: 4, Time/Memory: 21.56,250324, Output: ['4']
  Running k=2,...
    Passes: 3, Time/Memory: 7.05,201692, Output: ['3']
  Running k=5,...
    Passes: 1, Time/Memory: 0.29,66380, Output: ['1']
  Running k=10,...
    Passes: 1, Time/Memory: 0.24,66560, Output: ['1']
  Running k=3,...
    Passes: 1, Time/Memory: 0.29,66364, Output: ['1']
Results for Amazon running kpathN saved to ./results/real/sc_optimized_stats/Amazon/kpath_run_20250203_013713
