
Running CU for variant 0...
  Running k=1,...
    Passes: 5, Time/Memory: 0.00,3640, Output: ['5']
  Running k=2,...
    Passes: 4, Time/Memory: 0.00,3828, Output: ['4']
  Running k=3,...
    Passes: 1, Time/Memory: 0.00,3656, Output: ['1']
  Running k=4,...
    Passes: 1, Time/Memory: 0.00,3636, Output: ['1']
  Running k=5,...
    Passes: 1, Time/Memory: 0.00,3760, Output: ['1']
  Running k=6,...
    Passes: 1, Time/Memory: 0.00,3656, Output: ['1']
  Running k=7,...
    Passes: 1, Time/Memory: 0.00,3672, Output: ['1']
  Running k=8,...
    Passes: 1, Time/Memory: 0.00,3640, Output: ['1']
  Running k=9,...
    Passes: 1, Time/Memory: 0.00,3824, Output: ['1']
  Running k=10,...
    Passes: 1, Time/Memory: 0.00,3632, Output: ['1']
Results for CU running kpath0 saved to ./results/real/sc_optimized_stats/CU/kpath_run_20250129_035733

Running CU for variant 1...
  Running k=1,...
    Passes: 6, Time/Memory: 0.00,3648, Output: ['6']
  Running k=2,...
    Passes: 5, Time/Memory: 0.00,3648, Output: ['5']
  Running k=3,...
    Passes: 1, Time/Memory: 0.00,3812, Output: ['1']
  Running k=4,...
    Passes: 1, Time/Memory: 0.00,3632, Output: ['1']
  Running k=5,...
    Passes: 1, Time/Memory: 0.00,3824, Output: ['1']
  Running k=6,...
    Passes: 1, Time/Memory: 0.00,3656, Output: ['1']
  Running k=7,...
    Passes: 1, Time/Memory: 0.00,3756, Output: ['1']
  Running k=8,...
    Passes: 1, Time/Memory: 0.00,3608, Output: ['1']
  Running k=9,...
    Passes: 1, Time/Memory: 0.00,3636, Output: ['1']
  Running k=10,...
    Passes: 1, Time/Memory: 0.00,3632, Output: ['1']
Results for CU running kpath1 saved to ./results/real/sc_optimized_stats/CU/kpath_run_20250129_035733

Running CU for variant 2...
  Running k=1,...
    Passes: 5, Time/Memory: 0.00,3836, Output: ['5']
  Running k=2,...
    Passes: 2, Time/Memory: 0.00,3768, Output: ['2']
  Running k=3,...
    Passes: 1, Time/Memory: 0.00,3620, Output: ['1']
  Running k=4,...
    Passes: 1, Time/Memory: 0.00,3816, Output: ['1']
  Running k=5,...
    Passes: 1, Time/Memory: 0.00,3764, Output: ['1']
  Running k=6,...
    Passes: 1, Time/Memory: 0.00,3756, Output: ['1']
  Running k=7,...
    Passes: 1, Time/Memory: 0.00,3796, Output: ['1']
  Running k=8,...
    Passes: 1, Time/Memory: 0.00,3672, Output: ['1']
  Running k=9,...
    Passes: 1, Time/Memory: 0.00,3768, Output: ['1']
  Running k=10,...
    Passes: 1, Time/Memory: 0.00,3800, Output: ['1']
Results for CU running kpath2 saved to ./results/real/sc_optimized_stats/CU/kpath_run_20250129_035733

Running CU for variant N...
  Running k=1,...
    Passes: 3, Time/Memory: 0.00,3664, Output: ['3']
  Running k=2,...
    Passes: 2, Time/Memory: 0.00,3828, Output: ['2']
  Running k=3,...
    Passes: 1, Time/Memory: 0.00,3832, Output: ['1']
  Running k=4,...
    Passes: 1, Time/Memory: 0.00,3636, Output: ['1']
  Running k=5,...
    Passes: 1, Time/Memory: 0.00,3640, Output: ['1']
  Running k=6,...
    Passes: 1, Time/Memory: 0.00,3740, Output: ['1']
  Running k=7,...
    Passes: 1, Time/Memory: 0.00,3812, Output: ['1']
  Running k=8,...
    Passes: 1, Time/Memory: 0.00,3620, Output: ['1']
  Running k=9,...
    Passes: 1, Time/Memory: 0.00,3824, Output: ['1']
  Running k=10,...
    Passes: 1, Time/Memory: 0.00,3636, Output: ['1']
Results for CU running kpathN saved to ./results/real/sc_optimized_stats/CU/kpath_run_20250129_035733

Running AJazz for variant 0...
  Running k=1,...
    Passes: 19, Time/Memory: 0.01,3828, Output: ['19']
  Running k=2,...
    Passes: 16, Time/Memory: 0.01,3856, Output: ['16']
  Running k=3,...
    Passes: 10, Time/Memory: 0.01,3736, Output: ['10']
  Running k=4,...
    Passes: 7, Time/Memory: 0.00,3780, Output: ['7']
  Running k=5,...
    Passes: 5, Time/Memory: 0.00,3780, Output: ['5']
  Running k=6,...
    Passes: 5, Time/Memory: 0.00,3800, Output: ['5']
  Running k=7,...
    Passes: 4, Time/Memory: 0.00,3788, Output: ['4']
  Running k=8,...
    Passes: 3, Time/Memory: 0.00,3840, Output: ['3']
  Running k=9,...
    Passes: 3, Time/Memory: 0.00,3956, Output: ['3']
  Running k=10,...
    Passes: 3, Time/Memory: 0.00,4020, Output: ['3']
Results for AJazz running kpath0 saved to ./results/real/sc_optimized_stats/AJazz/kpath_run_20250129_035734

Running AJazz for variant 1...
  Running k=1,...
    Passes: 21, Time/Memory: 0.01,3684, Output: ['21']
  Running k=2,...
    Passes: 16, Time/Memory: 0.01,3720, Output: ['16']
  Running k=3,...
    Passes: 9, Time/Memory: 0.01,3724, Output: ['9']
  Running k=4,...
    Passes: 7, Time/Memory: 0.00,3824, Output: ['7']
  Running k=5,...
    Passes: 5, Time/Memory: 0.00,3784, Output: ['5']
  Running k=6,...
    Passes: 4, Time/Memory: 0.00,3916, Output: ['4']
  Running k=7,...
    Passes: 3, Time/Memory: 0.00,4004, Output: ['3']
  Running k=8,...
    Passes: 3, Time/Memory: 0.00,4036, Output: ['3']
  Running k=9,...
    Passes: 2, Time/Memory: 0.00,3856, Output: ['2']
  Running k=10,...
    Passes: 2, Time/Memory: 0.00,3992, Output: ['2']
Results for AJazz running kpath1 saved to ./results/real/sc_optimized_stats/AJazz/kpath_run_20250129_035734

Running AJazz for variant 2...
  Running k=1,...
    Passes: 17, Time/Memory: 0.01,3712, Output: ['17']
  Running k=2,...
    Passes: 10, Time/Memory: 0.01,3736, Output: ['10']
  Running k=3,...
    Passes: 7, Time/Memory: 0.00,3840, Output: ['7']
  Running k=4,...
    Passes: 5, Time/Memory: 0.00,3764, Output: ['5']
  Running k=5,...
    Passes: 4, Time/Memory: 0.00,3908, Output: ['4']
  Running k=6,...
    Passes: 3, Time/Memory: 0.00,4000, Output: ['3']
  Running k=7,...
    Passes: 3, Time/Memory: 0.00,4012, Output: ['3']
  Running k=8,...
    Passes: 2, Time/Memory: 0.00,3988, Output: ['2']
  Running k=9,...
    Passes: 2, Time/Memory: 0.00,4004, Output: ['2']
  Running k=10,...
    Passes: 2, Time/Memory: 0.00,4064, Output: ['2']
Results for AJazz running kpath2 saved to ./results/real/sc_optimized_stats/AJazz/kpath_run_20250129_035734

Running AJazz for variant N...
  Running k=1,...
    Passes: 5, Time/Memory: 0.00,3992, Output: ['5']
  Running k=2,...
    Passes: 4, Time/Memory: 0.00,4068, Output: ['4']
  Running k=3,...
    Passes: 3, Time/Memory: 0.00,3956, Output: ['3']
  Running k=4,...
    Passes: 3, Time/Memory: 0.00,3856, Output: ['3']
  Running k=5,...
    Passes: 2, Time/Memory: 0.00,3828, Output: ['2']
  Running k=6,...
    Passes: 2, Time/Memory: 0.00,4004, Output: ['2']
  Running k=7,...
    Passes: 2, Time/Memory: 0.00,3836, Output: ['2']
  Running k=8,...
    Passes: 2, Time/Memory: 0.00,3984, Output: ['2']
  Running k=9,...
    Passes: 2, Time/Memory: 0.00,3972, Output: ['2']
  Running k=10,...
    Passes: 2, Time/Memory: 0.00,3992, Output: ['2']
Results for AJazz running kpathN saved to ./results/real/sc_optimized_stats/AJazz/kpath_run_20250129_035734

Running HM for variant 0...
  Running k=1,...
    Passes: 47, Time/Memory: 0.17,4648, Output: ['47']
  Running k=2,...
    Passes: 13, Time/Memory: 0.06,4676, Output: ['13']
  Running k=3,...
    Passes: 8, Time/Memory: 0.03,5012, Output: ['8']
  Running k=4,...
    Passes: 5, Time/Memory: 0.02,5228, Output: ['5']
  Running k=5,...
    Passes: 5, Time/Memory: 0.02,5312, Output: ['5']
  Running k=6,...
    Passes: 4, Time/Memory: 0.02,5628, Output: ['4']
  Running k=7,...
    Passes: 1, Time/Memory: 0.00,4428, Output: ['1']
  Running k=8,...
    Passes: 1, Time/Memory: 0.00,4296, Output: ['1']
  Running k=9,...
    Passes: 1, Time/Memory: 0.00,4300, Output: ['1']
  Running k=10,...
    Passes: 1, Time/Memory: 0.00,4428, Output: ['1']
Results for HM running kpath0 saved to ./results/real/sc_optimized_stats/HM/kpath_run_20250129_035734

Running HM for variant 1...
  Running k=1,...
    Passes: 43, Time/Memory: 0.18,4608, Output: ['43']
  Running k=2,...
    Passes: 14, Time/Memory: 0.05,4964, Output: ['14']
  Running k=3,...
    Passes: 7, Time/Memory: 0.03,5028, Output: ['7']
  Running k=4,...
    Passes: 4, Time/Memory: 0.02,5384, Output: ['4']
  Running k=5,...
    Passes: 4, Time/Memory: 0.01,5608, Output: ['4']
  Running k=6,...
    Passes: 3, Time/Memory: 0.01,5712, Output: ['3']
  Running k=7,...
    Passes: 1, Time/Memory: 0.00,4296, Output: ['1']
  Running k=8,...
    Passes: 1, Time/Memory: 0.00,4268, Output: ['1']
  Running k=9,...
    Passes: 1, Time/Memory: 0.00,4268, Output: ['1']
  Running k=10,...
    Passes: 1, Time/Memory: 0.00,4332, Output: ['1']
Results for HM running kpath1 saved to ./results/real/sc_optimized_stats/HM/kpath_run_20250129_035734

Running HM for variant 2...
  Running k=1,...
    Passes: 33, Time/Memory: 0.13,4804, Output: ['33']
  Running k=2,...
    Passes: 8, Time/Memory: 0.04,4940, Output: ['8']
  Running k=3,...
    Passes: 4, Time/Memory: 0.02,5088, Output: ['4']
  Running k=4,...
    Passes: 3, Time/Memory: 0.01,5236, Output: ['3']
  Running k=5,...
    Passes: 3, Time/Memory: 0.02,5632, Output: ['3']
  Running k=6,...
    Passes: 3, Time/Memory: 0.01,5828, Output: ['3']
  Running k=7,...
    Passes: 1, Time/Memory: 0.00,4472, Output: ['1']
  Running k=8,...
    Passes: 1, Time/Memory: 0.00,4360, Output: ['1']
  Running k=9,...
    Passes: 1, Time/Memory: 0.00,4416, Output: ['1']
  Running k=10,...
    Passes: 1, Time/Memory: 0.00,4292, Output: ['1']
Results for HM running kpath2 saved to ./results/real/sc_optimized_stats/HM/kpath_run_20250129_035734

Running HM for variant N...
  Running k=1,...
    Passes: 4, Time/Memory: 0.02,5620, Output: ['4']
  Running k=2,...
    Passes: 3, Time/Memory: 0.02,5324, Output: ['3']
  Running k=3,...
    Passes: 3, Time/Memory: 0.02,5180, Output: ['3']
  Running k=4,...
    Passes: 2, Time/Memory: 0.01,5604, Output: ['2']
  Running k=5,...
    Passes: 2, Time/Memory: 0.01,5660, Output: ['2']
  Running k=6,...
    Passes: 2, Time/Memory: 0.01,5936, Output: ['2']
  Running k=7,...
    Passes: 1, Time/Memory: 0.00,4400, Output: ['1']
  Running k=8,...
    Passes: 1, Time/Memory: 0.00,4280, Output: ['1']
  Running k=9,...
    Passes: 1, Time/Memory: 0.00,4292, Output: ['1']
  Running k=10,...
    Passes: 1, Time/Memory: 0.00,4492, Output: ['1']
Results for HM running kpathN saved to ./results/real/sc_optimized_stats/HM/kpath_run_20250129_035734

Running Belcastro for variant 0...
  Running k=1,...
    Passes: 870, Time/Memory: 1314.24,9160, Output: ['870']
  Running k=2,...
    Passes: 430, Time/Memory: 860.96,10456, Output: ['430']
  Running k=3,...
    Passes: 277, Time/Memory: 424.79,11372, Output: ['277']
  Running k=4,...
    Passes: 207, Time/Memory: 380.21,12704, Output: ['207']
  Running k=5,...
    Passes: 172, Time/Memory: 285.77,14112, Output: ['172']
  Running k=6,...
    Passes: 142, Time/Memory: 215.51,15472, Output: ['142']
  Running k=7,...
    Passes: 128, Time/Memory: 195.93,16684, Output: ['128']
  Running k=8,...
    Passes: 114, Time/Memory: 194.85,18084, Output: ['114']
  Running k=9,...
    Passes: 102, Time/Memory: 188.69,19208, Output: ['102']
  Running k=10,...
    Passes: 95, Time/Memory: 145.12,20736, Output: ['95']
Results for Belcastro running kpath0 saved to ./results/real/sc_optimized_stats/Belcastro/kpath_run_20250129_035735

Running Belcastro for variant 1...
  Running k=1,...
    Passes: 877, Time/Memory: 1387.73,9024, Output: ['877']
  Running k=2,...
    Passes: 424, Time/Memory: 669.98,10388, Output: ['424']
  Running k=3,...
    Passes: 282, Time/Memory: 434.88,11504, Output: ['282']
  Running k=4,...
    Passes: 212, Time/Memory: 391.25,12700, Output: ['212']
  Running k=5,...
    Passes: 173, Time/Memory: 299.57,14052, Output: ['173']
  Running k=6,...
    Passes: 148, Time/Memory: 228.60,15332, Output: ['148']
  Running k=7,...
    Passes: 129, Time/Memory: 255.43,16772, Output: ['129']
  Running k=8,...
    Passes: 114, Time/Memory: 197.57,17880, Output: ['114']
  Running k=9,...
    Passes: 104, Time/Memory: 210.96,19368, Output: ['104']
  Running k=10,...
    Passes: 91, Time/Memory: 167.85,20500, Output: ['91']
Results for Belcastro running kpath1 saved to ./results/real/sc_optimized_stats/Belcastro/kpath_run_20250129_035735

Running Belcastro for variant 2...
  Running k=1,...
    Passes: 770, Time/Memory: 1304.13,9428, Output: ['770']
  Running k=2,...
    Passes: 284, Time/Memory: 459.52,10540, Output: ['284']
  Running k=3,...
    Passes: 194, Time/Memory: 365.17,11556, Output: ['194']
  Running k=4,...
    Passes: 155, Time/Memory: 291.22,12520, Output: ['155']
  Running k=5,...
    Passes: 128, Time/Memory: 232.06,13952, Output: ['128']
  Running k=6,...
    Passes: 112, Time/Memory: 227.07,15152, Output: ['112']
  Running k=7,...
    Passes: 102, Time/Memory: 178.86,16536, Output: ['102']
  Running k=8,...
    Passes: 91, Time/Memory: 154.51,17964, Output: ['91']
  Running k=9,...
    Passes: 83, Time/Memory: 155.04,19184, Output: ['83']
  Running k=10,...
    Passes: 77, Time/Memory: 147.53,20596, Output: ['77']
Results for Belcastro running kpath2 saved to ./results/real/sc_optimized_stats/Belcastro/kpath_run_20250129_035735

Running Belcastro for variant N...
  Running k=1,...
    Passes: 10, Time/Memory: 20.87,590184, Output: ['10']
  Running k=2,...
    Passes: 9, Time/Memory: 20.40,420328, Output: ['9']
  Running k=3,...
    Passes: 8, Time/Memory: 16.96,408100, Output: ['8']
  Running k=4,...
    Passes: 8, Time/Memory: 18.22,413444, Output: ['8']
  Running k=5,...
    Passes: 8, Time/Memory: 17.04,478928, Output: ['8']
  Running k=6,...
    Passes: 7, Time/Memory: 15.67,357980, Output: ['7']
  Running k=7,...
    Passes: 7, Time/Memory: 14.76,338188, Output: ['7']
  Running k=8,...
    Passes: 7, Time/Memory: 15.60,377296, Output: ['7']
  Running k=9,...
    Passes: 7, Time/Memory: 14.26,419328, Output: ['7']
  Running k=10,...
    Passes: 6, Time/Memory: 13.71,436348, Output: ['6']
Results for Belcastro running kpathN saved to ./results/real/sc_optimized_stats/Belcastro/kpath_run_20250129_035735

Running ArxAP for variant 0...
  Running k=1,...
    Passes: 231, Time/Memory: 10.06,10872, Output: ['231']
  Running k=2,...
    Passes: 33, Time/Memory: 1.73,12048, Output: ['33']
  Running k=3,...
    Passes: 17, Time/Memory: 0.83,13960, Output: ['17']
  Running k=4,...
    Passes: 12, Time/Memory: 0.70,15492, Output: ['12']
  Running k=5,...
    Passes: 10, Time/Memory: 0.54,17320, Output: ['10']
  Running k=6,...
    Passes: 6, Time/Memory: 0.40,18964, Output: ['6']
  Running k=7,...
    Passes: 7, Time/Memory: 0.43,20724, Output: ['7']
  Running k=8,...
    Passes: 3, Time/Memory: 0.22,22604, Output: ['3']
  Running k=9,...
    Passes: 3, Time/Memory: 0.20,24380, Output: ['3']
  Running k=10,...
    Passes: 3, Time/Memory: 0.24,26108, Output: ['3']
Results for ArxAP running kpath0 saved to ./results/real/sc_optimized_stats/ArxAP/kpath_run_20250129_072055

Running ArxAP for variant 1...
  Running k=1,...
    Passes: 221, Time/Memory: 10.89,10704, Output: ['221']
  Running k=2,...
    Passes: 35, Time/Memory: 1.56,12284, Output: ['35']
  Running k=3,...
    Passes: 19, Time/Memory: 0.93,14120, Output: ['19']
  Running k=4,...
    Passes: 12, Time/Memory: 0.71,15760, Output: ['12']
  Running k=5,...
    Passes: 9, Time/Memory: 0.49,17640, Output: ['9']
  Running k=6,...
    Passes: 4, Time/Memory: 0.30,19432, Output: ['4']
  Running k=7,...
    Passes: 6, Time/Memory: 0.37,21304, Output: ['6']
  Running k=8,...
    Passes: 3, Time/Memory: 0.20,23748, Output: ['3']
  Running k=9,...
    Passes: 3, Time/Memory: 0.20,25296, Output: ['3']
  Running k=10,...
    Passes: 2, Time/Memory: 0.19,26748, Output: ['2']
Results for ArxAP running kpath1 saved to ./results/real/sc_optimized_stats/ArxAP/kpath_run_20250129_072055

Running ArxAP for variant 2...
  Running k=1,...
    Passes: 190, Time/Memory: 8.56,11272, Output: ['190']
  Running k=2,...
    Passes: 19, Time/Memory: 1.06,12476, Output: ['19']
  Running k=3,...
    Passes: 13, Time/Memory: 0.69,13920, Output: ['13']
  Running k=4,...
    Passes: 8, Time/Memory: 0.51,15812, Output: ['8']
  Running k=5,...
    Passes: 4, Time/Memory: 0.26,17580, Output: ['4']
  Running k=6,...
    Passes: 8, Time/Memory: 0.51,19516, Output: ['8']
  Running k=7,...
    Passes: 3, Time/Memory: 0.18,21376, Output: ['3']
  Running k=8,...
    Passes: 3, Time/Memory: 0.22,23124, Output: ['3']
  Running k=9,...
    Passes: 2, Time/Memory: 0.17,24972, Output: ['2']
  Running k=10,...
    Passes: 2, Time/Memory: 0.20,26712, Output: ['2']
Results for ArxAP running kpath2 saved to ./results/real/sc_optimized_stats/ArxAP/kpath_run_20250129_072055

Running ArxAP for variant N...
  Running k=1,...
    Passes: 5, Time/Memory: 0.32,39308, Output: ['5']
  Running k=2,...
    Passes: 4, Time/Memory: 0.32,29892, Output: ['4']
  Running k=3,...
    Passes: 3, Time/Memory: 0.20,21760, Output: ['3']
  Running k=4,...
    Passes: 3, Time/Memory: 0.29,24816, Output: ['3']
  Running k=5,...
    Passes: 2, Time/Memory: 0.13,21756, Output: ['2']
  Running k=6,...
    Passes: 2, Time/Memory: 0.16,20408, Output: ['2']
  Running k=7,...
    Passes: 2, Time/Memory: 0.15,22436, Output: ['2']
  Running k=8,...
    Passes: 2, Time/Memory: 0.19,24168, Output: ['2']
  Running k=9,...
    Passes: 2, Time/Memory: 0.18,25944, Output: ['2']
  Running k=10,...
    Passes: 2, Time/Memory: 0.23,28168, Output: ['2']
Results for ArxAP running kpathN saved to ./results/real/sc_optimized_stats/ArxAP/kpath_run_20250129_072055

Running AsCaida for variant 0...
  Running k=1,...
    Passes: 43, Time/Memory: 1.38,13476, Output: ['43']
  Running k=2,...
    Passes: 8, Time/Memory: 0.97,15984, Output: ['8']
  Running k=3,...
    Passes: 1, Time/Memory: 0.01,8084, Output: ['1']
  Running k=4,...
    Passes: 1, Time/Memory: 0.02,8048, Output: ['1']
  Running k=5,...
    Passes: 1, Time/Memory: 0.02,8084, Output: ['1']
  Running k=6,...
    Passes: 1, Time/Memory: 0.01,8008, Output: ['1']
  Running k=7,...
    Passes: 1, Time/Memory: 0.01,8000, Output: ['1']
  Running k=8,...
    Passes: 1, Time/Memory: 0.01,8160, Output: ['1']
  Running k=9,...
    Passes: 1, Time/Memory: 0.01,8180, Output: ['1']
  Running k=10,...
    Passes: 1, Time/Memory: 0.02,8160, Output: ['1']
Results for AsCaida running kpath0 saved to ./results/real/sc_optimized_stats/AsCaida/kpath_run_20250129_072141

Running AsCaida for variant 1...
  Running k=1,...
    Passes: 38, Time/Memory: 1.27,13456, Output: ['38']
  Running k=2,...
    Passes: 9, Time/Memory: 0.97,16020, Output: ['9']
  Running k=3,...
    Passes: 1, Time/Memory: 0.01,7968, Output: ['1']
  Running k=4,...
    Passes: 1, Time/Memory: 0.02,8168, Output: ['1']
  Running k=5,...
    Passes: 1, Time/Memory: 0.02,7988, Output: ['1']
  Running k=6,...
    Passes: 1, Time/Memory: 0.01,8060, Output: ['1']
  Running k=7,...
    Passes: 1, Time/Memory: 0.02,8060, Output: ['1']
  Running k=8,...
    Passes: 1, Time/Memory: 0.02,8048, Output: ['1']
  Running k=9,...
    Passes: 1, Time/Memory: 0.01,8056, Output: ['1']
  Running k=10,...
    Passes: 1, Time/Memory: 0.01,8160, Output: ['1']
Results for AsCaida running kpath1 saved to ./results/real/sc_optimized_stats/AsCaida/kpath_run_20250129_072141

Running AsCaida for variant 2...
  Running k=1,...
    Passes: 37, Time/Memory: 1.27,14960, Output: ['37']
  Running k=2,...
    Passes: 2, Time/Memory: 0.32,15828, Output: ['2']
  Running k=3,...
    Passes: 1, Time/Memory: 0.02,8060, Output: ['1']
  Running k=4,...
    Passes: 1, Time/Memory: 0.02,8052, Output: ['1']
  Running k=5,...
    Passes: 1, Time/Memory: 0.02,7944, Output: ['1']
  Running k=6,...
    Passes: 1, Time/Memory: 0.01,8024, Output: ['1']
  Running k=7,...
    Passes: 1, Time/Memory: 0.02,8076, Output: ['1']
  Running k=8,...
    Passes: 1, Time/Memory: 0.01,8180, Output: ['1']
  Running k=9,...
    Passes: 1, Time/Memory: 0.02,8104, Output: ['1']
  Running k=10,...
    Passes: 1, Time/Memory: 0.01,8056, Output: ['1']
Results for AsCaida running kpath2 saved to ./results/real/sc_optimized_stats/AsCaida/kpath_run_20250129_072141

Running AsCaida for variant N...
  Running k=1,...
    Passes: 3, Time/Memory: 0.66,21356, Output: ['3']
  Running k=2,...
    Passes: 2, Time/Memory: 0.32,17584, Output: ['2']
  Running k=3,...
    Passes: 1, Time/Memory: 0.01,8056, Output: ['1']
  Running k=4,...
    Passes: 1, Time/Memory: 0.01,8028, Output: ['1']
  Running k=5,...
    Passes: 1, Time/Memory: 0.02,8140, Output: ['1']
  Running k=6,...
    Passes: 1, Time/Memory: 0.01,7996, Output: ['1']
  Running k=7,...
    Passes: 1, Time/Memory: 0.02,8076, Output: ['1']
  Running k=8,...
    Passes: 1, Time/Memory: 0.01,8052, Output: ['1']
  Running k=9,...
    Passes: 1, Time/Memory: 0.01,8100, Output: ['1']
  Running k=10,...
    Passes: 1, Time/Memory: 0.02,7968, Output: ['1']
Results for AsCaida running kpathN saved to ./results/real/sc_optimized_stats/AsCaida/kpath_run_20250129_072141

Running BrightK for variant 0...
  Running k=1,...
    Passes: 242, Time/Memory: 15.01,25896, Output: ['242']
  Running k=2,...
    Passes: 14, Time/Memory: 3.40,30768, Output: ['14']
  Running k=3,...
    Passes: 6, Time/Memory: 2.28,36172, Output: ['6']
  Running k=4,...
    Passes: 1, Time/Memory: 0.05,14684, Output: ['1']
  Running k=5,...
    Passes: 1, Time/Memory: 0.06,14600, Output: ['1']
  Running k=6,...
    Passes: 1, Time/Memory: 0.06,14484, Output: ['1']
  Running k=7,...
    Passes: 1, Time/Memory: 0.06,14684, Output: ['1']
  Running k=8,...
    Passes: 1, Time/Memory: 0.06,14444, Output: ['1']
  Running k=9,...
    Passes: 1, Time/Memory: 0.05,14668, Output: ['1']
  Running k=10,...
    Passes: 1, Time/Memory: 0.05,14664, Output: ['1']
Results for BrightK running kpath0 saved to ./results/real/sc_optimized_stats/BrightK/kpath_run_20250129_072149

Running BrightK for variant 1...
  Running k=1,...
    Passes: 231, Time/Memory: 13.64,26648, Output: ['231']
  Running k=2,...
    Passes: 13, Time/Memory: 3.27,31052, Output: ['13']
  Running k=3,...
    Passes: 4, Time/Memory: 1.63,36572, Output: ['4']
  Running k=4,...
    Passes: 1, Time/Memory: 0.06,14508, Output: ['1']
  Running k=5,...
    Passes: 1, Time/Memory: 0.06,14480, Output: ['1']
  Running k=6,...
    Passes: 1, Time/Memory: 0.06,14460, Output: ['1']
  Running k=7,...
    Passes: 1, Time/Memory: 0.06,14484, Output: ['1']
  Running k=8,...
    Passes: 1, Time/Memory: 0.06,14484, Output: ['1']
  Running k=9,...
    Passes: 1, Time/Memory: 0.06,14636, Output: ['1']
  Running k=10,...
    Passes: 1, Time/Memory: 0.05,14608, Output: ['1']
Results for BrightK running kpath1 saved to ./results/real/sc_optimized_stats/BrightK/kpath_run_20250129_072149

Running BrightK for variant 2...
  Running k=1,...
    Passes: 195, Time/Memory: 12.12,28872, Output: ['195']
  Running k=2,...
    Passes: 4, Time/Memory: 1.63,32148, Output: ['4']
  Running k=3,...
    Passes: 3, Time/Memory: 1.00,36620, Output: ['3']
  Running k=4,...
    Passes: 1, Time/Memory: 0.07,14464, Output: ['1']
  Running k=5,...
    Passes: 1, Time/Memory: 0.06,14592, Output: ['1']
  Running k=6,...
    Passes: 1, Time/Memory: 0.06,14500, Output: ['1']
  Running k=7,...
    Passes: 1, Time/Memory: 0.05,14464, Output: ['1']
  Running k=8,...
    Passes: 1, Time/Memory: 0.06,14636, Output: ['1']
  Running k=9,...
    Passes: 1, Time/Memory: 0.06,14600, Output: ['1']
  Running k=10,...
    Passes: 1, Time/Memory: 0.06,14460, Output: ['1']
Results for BrightK running kpath2 saved to ./results/real/sc_optimized_stats/BrightK/kpath_run_20250129_072149

Running BrightK for variant N...
  Running k=1,...
    Passes: 3, Time/Memory: 1.00,43256, Output: ['3']
  Running k=2,...
    Passes: 2, Time/Memory: 0.59,39824, Output: ['2']
  Running k=3,...
    Passes: 2, Time/Memory: 0.99,40272, Output: ['2']
  Running k=4,...
    Passes: 1, Time/Memory: 0.05,14604, Output: ['1']
  Running k=5,...
    Passes: 1, Time/Memory: 0.05,14620, Output: ['1']
  Running k=6,...
    Passes: 1, Time/Memory: 0.05,14496, Output: ['1']
  Running k=7,...
    Passes: 1, Time/Memory: 0.06,14608, Output: ['1']
  Running k=8,...
    Passes: 1, Time/Memory: 0.06,14484, Output: ['1']
  Running k=9,...
    Passes: 1, Time/Memory: 0.05,14528, Output: ['1']
  Running k=10,...
    Passes: 1, Time/Memory: 0.06,14604, Output: ['1']
Results for BrightK running kpathN saved to ./results/real/sc_optimized_stats/BrightK/kpath_run_20250129_072149

Running LMocha for variant 0...
  Running k=1,...
    Passes: 850, Time/Memory: 356.94,47632, Output: ['850']
  Running k=2,...
    Passes: 22, Time/Memory: 19.09,52580, Output: ['22']
  Running k=3,...
    Passes: 9, Time/Memory: 9.34,62456, Output: ['9']
  Running k=4,...
    Passes: 7, Time/Memory: 10.19,72380, Output: ['7']
  Running k=5,...
    Passes: 6, Time/Memory: 9.04,82128, Output: ['6']
  Running k=6,...
    Passes: 5, Time/Memory: 8.13,92176, Output: ['5']
  Running k=7,...
    Passes: 4, Time/Memory: 4.88,103836, Output: ['4']
  Running k=8,...
    Passes: 4, Time/Memory: 6.17,111856, Output: ['4']
  Running k=9,...
    Passes: 4, Time/Memory: 7.45,122908, Output: ['4']
  Running k=10,...
    Passes: 3, Time/Memory: 4.03,134348, Output: ['3']
Results for LMocha running kpath0 saved to ./results/real/sc_optimized_stats/LMocha/kpath_run_20250129_072248

Running LMocha for variant 1...
  Running k=1,...
    Passes: 853, Time/Memory: 410.00,47860, Output: ['853']
  Running k=2,...
    Passes: 22, Time/Memory: 18.83,53284, Output: ['22']
  Running k=3,...
    Passes: 9, Time/Memory: 10.76,62404, Output: ['9']
  Running k=4,...
    Passes: 6, Time/Memory: 8.68,72316, Output: ['6']
  Running k=5,...
    Passes: 5, Time/Memory: 7.62,82064, Output: ['5']
  Running k=6,...
    Passes: 4, Time/Memory: 6.82,91896, Output: ['4']
  Running k=7,...
    Passes: 4, Time/Memory: 8.43,101724, Output: ['4']
  Running k=8,...
    Passes: 3, Time/Memory: 5.19,113676, Output: ['3']
  Running k=9,...
    Passes: 3, Time/Memory: 6.10,121548, Output: ['3']
  Running k=10,...
    Passes: 3, Time/Memory: 8.55,132992, Output: ['3']
Results for LMocha running kpath1 saved to ./results/real/sc_optimized_stats/LMocha/kpath_run_20250129_072248

Running LMocha for variant 2...
  Running k=1,...
    Passes: 692, Time/Memory: 348.43,49132, Output: ['692']
  Running k=2,...
    Passes: 10, Time/Memory: 11.42,53580, Output: ['10']
  Running k=3,...
    Passes: 6, Time/Memory: 6.85,64956, Output: ['6']
  Running k=4,...
    Passes: 5, Time/Memory: 7.48,73092, Output: ['5']
  Running k=5,...
    Passes: 4, Time/Memory: 5.82,82460, Output: ['4']
  Running k=6,...
    Passes: 4, Time/Memory: 8.71,91264, Output: ['4']
  Running k=7,...
    Passes: 3, Time/Memory: 4.32,101012, Output: ['3']
  Running k=8,...
    Passes: 3, Time/Memory: 6.19,111624, Output: ['3']
  Running k=9,...
    Passes: 3, Time/Memory: 7.28,122496, Output: ['3']
  Running k=10,...
    Passes: 2, Time/Memory: 3.59,132948, Output: ['2']
Results for LMocha running kpath2 saved to ./results/real/sc_optimized_stats/LMocha/kpath_run_20250129_072248

Running LMocha for variant N...
  Running k=1,...
    Passes: 6, Time/Memory: 10.16,359816, Output: ['6']
  Running k=2,...
    Passes: 4, Time/Memory: 5.67,146852, Output: ['4']
  Running k=3,...
    Passes: 3, Time/Memory: 3.51,122356, Output: ['3']
  Running k=4,...
    Passes: 3, Time/Memory: 4.31,130364, Output: ['3']
  Running k=5,...
    Passes: 3, Time/Memory: 3.44,197556, Output: ['3']
  Running k=6,...
    Passes: 3, Time/Memory: 3.60,178268, Output: ['3']
  Running k=7,...
    Passes: 2, Time/Memory: 2.91,153880, Output: ['2']
  Running k=8,...
    Passes: 2, Time/Memory: 3.10,137508, Output: ['2']
  Running k=9,...
    Passes: 2, Time/Memory: 3.20,127744, Output: ['2']
  Running k=10,...
    Passes: 2, Time/Memory: 3.58,137516, Output: ['2']
Results for LMocha running kpathN saved to ./results/real/sc_optimized_stats/LMocha/kpath_run_20250129_072248

Running FlickrE for variant 0...
  Running k=1,...
    Passes: 737, Time/Memory: 334.78,46048, Output: ['737']
  Running k=2,...
    Passes: 43, Time/Memory: 25.56,54736, Output: ['43']
  Running k=3,...
    Passes: 18, Time/Memory: 12.70,65212, Output: ['18']
  Running k=4,...
    Passes: 10, Time/Memory: 8.23,75380, Output: ['10']
  Running k=5,...
    Passes: 7, Time/Memory: 5.02,87360, Output: ['7']
  Running k=6,...
    Passes: 6, Time/Memory: 5.35,96316, Output: ['6']
  Running k=7,...
    Passes: 5, Time/Memory: 3.61,107080, Output: ['5']
  Running k=8,...
    Passes: 5, Time/Memory: 4.35,116256, Output: ['5']
  Running k=9,...
    Passes: 4, Time/Memory: 3.09,127236, Output: ['4']
  Running k=10,...
    Passes: 4, Time/Memory: 3.51,135140, Output: ['4']
Results for FlickrE running kpath0 saved to ./results/real/sc_optimized_stats/FlickrE/kpath_run_20250129_074558

Running FlickrE for variant 1...
  Running k=1,...
    Passes: 831, Time/Memory: 377.31,48512, Output: ['831']
  Running k=2,...
    Passes: 35, Time/Memory: 23.09,56888, Output: ['35']
  Running k=3,...
    Passes: 15, Time/Memory: 9.62,65432, Output: ['15']
  Running k=4,...
    Passes: 11, Time/Memory: 9.53,77868, Output: ['11']
  Running k=5,...
    Passes: 6, Time/Memory: 3.98,90452, Output: ['6']
  Running k=6,...
    Passes: 5, Time/Memory: 3.62,100148, Output: ['5']
  Running k=7,...
    Passes: 4, Time/Memory: 3.38,107728, Output: ['4']
  Running k=8,...
    Passes: 5, Time/Memory: 4.27,115232, Output: ['5']
  Running k=9,...
    Passes: 3, Time/Memory: 2.96,127884, Output: ['3']
  Running k=10,...
    Passes: 3, Time/Memory: 2.76,137116, Output: ['3']
Results for FlickrE running kpath1 saved to ./results/real/sc_optimized_stats/FlickrE/kpath_run_20250129_074558

Running FlickrE for variant 2...
  Running k=1,...
    Passes: 571, Time/Memory: 293.35,50180, Output: ['571']
  Running k=2,...
    Passes: 23, Time/Memory: 15.07,61180, Output: ['23']
  Running k=3,...
    Passes: 12, Time/Memory: 8.97,68020, Output: ['12']
  Running k=4,...
    Passes: 9, Time/Memory: 9.29,78696, Output: ['9']
  Running k=5,...
    Passes: 5, Time/Memory: 3.65,90012, Output: ['5']
  Running k=6,...
    Passes: 6, Time/Memory: 5.05,97436, Output: ['6']
  Running k=7,...
    Passes: 4, Time/Memory: 3.33,107776, Output: ['4']
  Running k=8,...
    Passes: 11, Time/Memory: 7.93,115200, Output: ['11']
  Running k=9,...
    Passes: 3, Time/Memory: 2.65,125460, Output: ['3']
  Running k=10,...
    Passes: 3, Time/Memory: 2.94,133732, Output: ['3']
Results for FlickrE running kpath2 saved to ./results/real/sc_optimized_stats/FlickrE/kpath_run_20250129_074558

Running FlickrE for variant N...
  Running k=1,...
    Passes: 5, Time/Memory: 3.66,215144, Output: ['5']
  Running k=2,...
    Passes: 4, Time/Memory: 2.93,191440, Output: ['4']
  Running k=3,...
    Passes: 4, Time/Memory: 3.26,202964, Output: ['4']
  Running k=4,...
    Passes: 4, Time/Memory: 3.82,240740, Output: ['4']
  Running k=5,...
    Passes: 3, Time/Memory: 2.67,156148, Output: ['3']
  Running k=6,...
    Passes: 3, Time/Memory: 2.92,174404, Output: ['3']
  Running k=7,...
    Passes: 3, Time/Memory: 2.43,209352, Output: ['3']
  Running k=8,...
    Passes: 2, Time/Memory: 1.57,193764, Output: ['2']
  Running k=9,...
    Passes: 2, Time/Memory: 1.76,182808, Output: ['2']
  Running k=10,...
    Passes: 2, Time/Memory: 1.87,173384, Output: ['2']
Results for FlickrE running kpathN saved to ./results/real/sc_optimized_stats/FlickrE/kpath_run_20250129_074558

Running WordNet for variant 0...
  Running k=1,...
    Passes: 303, Time/Memory: 62.44,62712, Output: ['303']
  Running k=2,...
    Passes: 66, Time/Memory: 21.06,73436, Output: ['66']
  Running k=3,...
    Passes: 19, Time/Memory: 11.36,87200, Output: ['19']
  Running k=4,...
    Passes: 5, Time/Memory: 5.29,104132, Output: ['5']
  Running k=5,...
    Passes: 1, Time/Memory: 0.18,37732, Output: ['1']
  Running k=6,...
    Passes: 1, Time/Memory: 0.18,37740, Output: ['1']
  Running k=7,...
    Passes: 1, Time/Memory: 0.18,37736, Output: ['1']
  Running k=8,...
    Passes: 1, Time/Memory: 0.18,37624, Output: ['1']
  Running k=9,...
    Passes: 1, Time/Memory: 0.17,37624, Output: ['1']
  Running k=10,...
    Passes: 1, Time/Memory: 0.18,37484, Output: ['1']
Results for WordNet running kpath0 saved to ./results/real/sc_optimized_stats/WordNet/kpath_run_20250129_080634

Running WordNet for variant 1...
  Running k=1,...
    Passes: 294, Time/Memory: 57.74,62720, Output: ['294']
  Running k=2,...
    Passes: 67, Time/Memory: 23.54,77340, Output: ['67']
  Running k=3,...
    Passes: 18, Time/Memory: 10.59,87308, Output: ['18']
  Running k=4,...
    Passes: 4, Time/Memory: 3.66,105084, Output: ['4']
  Running k=5,...
    Passes: 1, Time/Memory: 0.18,37644, Output: ['1']
  Running k=6,...
    Passes: 1, Time/Memory: 0.19,37748, Output: ['1']
  Running k=7,...
    Passes: 1, Time/Memory: 0.17,37708, Output: ['1']
  Running k=8,...
    Passes: 1, Time/Memory: 0.18,37740, Output: ['1']
  Running k=9,...
    Passes: 1, Time/Memory: 0.16,37744, Output: ['1']
  Running k=10,...
    Passes: 1, Time/Memory: 0.17,37740, Output: ['1']
Results for WordNet running kpath1 saved to ./results/real/sc_optimized_stats/WordNet/kpath_run_20250129_080634

Running WordNet for variant 2...
  Running k=1,...
    Passes: 229, Time/Memory: 49.99,67748, Output: ['229']
  Running k=2,...
    Passes: 26, Time/Memory: 13.41,72932, Output: ['26']
  Running k=3,...
    Passes: 4, Time/Memory: 3.28,87892, Output: ['4']
  Running k=4,...
    Passes: 3, Time/Memory: 5.36,105368, Output: ['3']
  Running k=5,...
    Passes: 1, Time/Memory: 0.16,37576, Output: ['1']
  Running k=6,...
    Passes: 1, Time/Memory: 0.19,37724, Output: ['1']
  Running k=7,...
    Passes: 1, Time/Memory: 0.16,37740, Output: ['1']
  Running k=8,...
    Passes: 1, Time/Memory: 0.18,37748, Output: ['1']
  Running k=9,...
    Passes: 1, Time/Memory: 0.18,37628, Output: ['1']
  Running k=10,...
    Passes: 1, Time/Memory: 0.18,37748, Output: ['1']
Results for WordNet running kpath2 saved to ./results/real/sc_optimized_stats/WordNet/kpath_run_20250129_080634

Running WordNet for variant N...
  Running k=1,...
    Passes: 4, Time/Memory: 3.28,109512, Output: ['4']
  Running k=2,...
    Passes: 3, Time/Memory: 1.94,104680, Output: ['3']
  Running k=3,...
    Passes: 3, Time/Memory: 3.14,100840, Output: ['3']
  Running k=4,...
    Passes: 2, Time/Memory: 5.42,111664, Output: ['2']
  Running k=5,...
    Passes: 1, Time/Memory: 0.17,37728, Output: ['1']
  Running k=6,...
    Passes: 1, Time/Memory: 0.18,37724, Output: ['1']
  Running k=7,...
    Passes: 1, Time/Memory: 0.17,37652, Output: ['1']
  Running k=8,...
    Passes: 1, Time/Memory: 0.19,37644, Output: ['1']
  Running k=9,...
    Passes: 1, Time/Memory: 0.18,37628, Output: ['1']
  Running k=10,...
    Passes: 1, Time/Memory: 0.15,37648, Output: ['1']
Results for WordNet running kpathN saved to ./results/real/sc_optimized_stats/WordNet/kpath_run_20250129_080634

Running Douban for variant 0...
  Running k=1,...
    Passes: 284, Time/Memory: 59.17,69204, Output: ['284']
  Running k=2,...
    Passes: 7, Time/Memory: 32.84,79636, Output: ['7']
  Running k=3,...
    Passes: 1, Time/Memory: 0.10,31752, Output: ['1']
  Running k=4,...
    Passes: 1, Time/Memory: 0.10,31724, Output: ['1']
  Running k=5,...
    Passes: 1, Time/Memory: 0.08,31860, Output: ['1']
  Running k=6,...
    Passes: 1, Time/Memory: 0.09,31836, Output: ['1']
  Running k=7,...
    Passes: 1, Time/Memory: 0.09,31836, Output: ['1']
  Running k=8,...
    Passes: 1, Time/Memory: 0.10,31820, Output: ['1']
  Running k=9,...
    Passes: 1, Time/Memory: 0.09,31920, Output: ['1']
  Running k=10,...
    Passes: 1, Time/Memory: 0.10,31844, Output: ['1']
Results for Douban running kpath0 saved to ./results/real/sc_optimized_stats/Douban/kpath_run_20250129_081121

Running Douban for variant 1...
  Running k=1,...
    Passes: 278, Time/Memory: 57.07,67060, Output: ['278']
  Running k=2,...
    Passes: 7, Time/Memory: 32.57,85072, Output: ['7']
  Running k=3,...
    Passes: 1, Time/Memory: 0.09,31840, Output: ['1']
  Running k=4,...
    Passes: 1, Time/Memory: 0.08,31900, Output: ['1']
  Running k=5,...
    Passes: 1, Time/Memory: 0.09,31748, Output: ['1']
  Running k=6,...
    Passes: 1, Time/Memory: 0.10,31940, Output: ['1']
  Running k=7,...
    Passes: 1, Time/Memory: 0.08,31860, Output: ['1']
  Running k=8,...
    Passes: 1, Time/Memory: 0.10,31916, Output: ['1']
  Running k=9,...
    Passes: 1, Time/Memory: 0.09,31768, Output: ['1']
  Running k=10,...
    Passes: 1, Time/Memory: 0.10,31920, Output: ['1']
Results for Douban running kpath1 saved to ./results/real/sc_optimized_stats/Douban/kpath_run_20250129_081121

Running Douban for variant 2...
  Running k=1,...
    Passes: 214, Time/Memory: 50.37,71828, Output: ['214']
  Running k=2,...
    Passes: 2, Time/Memory: 16.48,76212, Output: ['2']
  Running k=3,...
    Passes: 1, Time/Memory: 0.10,31812, Output: ['1']
  Running k=4,...
    Passes: 1, Time/Memory: 0.09,31936, Output: ['1']
  Running k=5,...
    Passes: 1, Time/Memory: 0.10,31844, Output: ['1']
  Running k=6,...
    Passes: 1, Time/Memory: 0.09,31824, Output: ['1']
  Running k=7,...
    Passes: 1, Time/Memory: 0.08,31784, Output: ['1']
  Running k=8,...
    Passes: 1, Time/Memory: 0.09,31916, Output: ['1']
  Running k=9,...
    Passes: 1, Time/Memory: 0.09,31816, Output: ['1']
  Running k=10,...
    Passes: 1, Time/Memory: 0.10,31816, Output: ['1']
Results for Douban running kpath2 saved to ./results/real/sc_optimized_stats/Douban/kpath_run_20250129_081121

Running Douban for variant N...
  Running k=1,...
    Passes: 3, Time/Memory: 27.23,106364, Output: ['3']
  Running k=2,...
    Passes: 2, Time/Memory: 16.34,86016, Output: ['2']
  Running k=3,...
    Passes: 1, Time/Memory: 0.09,31844, Output: ['1']
  Running k=4,...
    Passes: 1, Time/Memory: 0.09,31812, Output: ['1']
  Running k=5,...
    Passes: 1, Time/Memory: 0.08,31812, Output: ['1']
  Running k=6,...
    Passes: 1, Time/Memory: 0.10,31916, Output: ['1']
  Running k=7,...
    Passes: 1, Time/Memory: 0.09,31900, Output: ['1']
  Running k=8,...
    Passes: 1, Time/Memory: 0.09,31848, Output: ['1']
  Running k=9,...
    Passes: 1, Time/Memory: 0.09,31928, Output: ['1']
  Running k=10,...
    Passes: 1, Time/Memory: 0.09,31836, Output: ['1']
Results for Douban running kpathN saved to ./results/real/sc_optimized_stats/Douban/kpath_run_20250129_081121

Running Twitch for variant 0...
  Running k=1,...
    Passes: 1692, Time/Memory: 2473.19,75968, Output: ['1692']
  Running k=2,...
    Passes: 41, Time/Memory: 68.07,87624, Output: ['41']
  Running k=3,...
    Passes: 17, Time/Memory: 37.55,104664, Output: ['17']
  Running k=4,...
    Passes: 12, Time/Memory: 26.72,117856, Output: ['12']
  Running k=5,...
    Passes: 10, Time/Memory: 21.74,131960, Output: ['10']
  Running k=6,...
    Passes: 8, Time/Memory: 19.32,150268, Output: ['8']
  Running k=7,...
    Passes: 7, Time/Memory: 16.56,170140, Output: ['7']
  Running k=8,...
    Passes: 7, Time/Memory: 24.03,181768, Output: ['7']
  Running k=9,...
    Passes: 6, Time/Memory: 16.28,199864, Output: ['6']
  Running k=10,...
    Passes: 6, Time/Memory: 20.70,213524, Output: ['6']
Results for Twitch running kpath0 saved to ./results/real/sc_optimized_stats/Twitch/kpath_run_20250129_081618

Running Twitch for variant 1...
  Running k=1,...
    Passes: 1732, Time/Memory: 2227.81,75964, Output: ['1732']
  Running k=2,...
    Passes: 40, Time/Memory: 67.65,91484, Output: ['40']
  Running k=3,...
    Passes: 17, Time/Memory: 32.97,100152, Output: ['17']
  Running k=4,...
    Passes: 12, Time/Memory: 28.23,116792, Output: ['12']
  Running k=5,...
    Passes: 9, Time/Memory: 22.08,133084, Output: ['9']
  Running k=6,...
    Passes: 8, Time/Memory: 24.40,148864, Output: ['8']
  Running k=7,...
    Passes: 6, Time/Memory: 14.67,166936, Output: ['6']
  Running k=8,...
    Passes: 6, Time/Memory: 18.10,180128, Output: ['6']
  Running k=9,...
    Passes: 5, Time/Memory: 13.48,196408, Output: ['5']
  Running k=10,...
    Passes: 5, Time/Memory: 17.43,212992, Output: ['5']
Results for Twitch running kpath1 saved to ./results/real/sc_optimized_stats/Twitch/kpath_run_20250129_081618

Running Twitch for variant 2...
  Running k=1,...
    Passes: 1418, Time/Memory: 1827.74,81316, Output: ['1418']
  Running k=2,...
    Passes: 20, Time/Memory: 42.15,94524, Output: ['20']
  Running k=3,...
    Passes: 13, Time/Memory: 30.68,102300, Output: ['13']
  Running k=4,...
    Passes: 9, Time/Memory: 21.42,125176, Output: ['9']
  Running k=5,...
    Passes: 8, Time/Memory: 21.79,141532, Output: ['8']
  Running k=6,...
    Passes: 6, Time/Memory: 14.71,154912, Output: ['6']
  Running k=7,...
    Passes: 6, Time/Memory: 17.51,169016, Output: ['6']
  Running k=8,...
    Passes: 5, Time/Memory: 14.24,184216, Output: ['5']
  Running k=9,...
    Passes: 5, Time/Memory: 15.97,199892, Output: ['5']
  Running k=10,...
    Passes: 4, Time/Memory: 11.05,219600, Output: ['4']
Results for Twitch running kpath2 saved to ./results/real/sc_optimized_stats/Twitch/kpath_run_20250129_081618

Running Twitch for variant N...
  Running k=1,...
    Passes: 6, Time/Memory: 13.58,633748, Output: ['6']
  Running k=2,...
    Passes: 5, Time/Memory: 11.98,459476, Output: ['5']
  Running k=3,...
    Passes: 4, Time/Memory: 9.47,335600, Output: ['4']
  Running k=4,...
    Passes: 4, Time/Memory: 9.54,519928, Output: ['4']
  Running k=5,...
    Passes: 4, Time/Memory: 12.68,431888, Output: ['4']
  Running k=6,...
    Passes: 3, Time/Memory: 7.92,394640, Output: ['3']
  Running k=7,...
    Passes: 3, Time/Memory: 8.15,332356, Output: ['3']
  Running k=8,...
    Passes: 3, Time/Memory: 7.95,339252, Output: ['3']
  Running k=9,...
    Passes: 3, Time/Memory: 9.33,373132, Output: ['3']
  Running k=10,...
    Passes: 3, Time/Memory: 9.20,402484, Output: ['3']
Results for Twitch running kpathN saved to ./results/real/sc_optimized_stats/Twitch/kpath_run_20250129_081618

Running Gowalla for variant 0...
  Running k=1,...
    Passes: 617, Time/Memory: 157.61,86736, Output: ['617']
  Running k=2,...
    Passes: 32, Time/Memory: 32.52,98260, Output: ['32']
  Running k=3,...
    Passes: 6, Time/Memory: 14.75,120884, Output: ['6']
  Running k=4,...
    Passes: 4, Time/Memory: 11.05,141312, Output: ['4']
  Running k=5,...
    Passes: 1, Time/Memory: 0.25,49264, Output: ['1']
  Running k=6,...
    Passes: 1, Time/Memory: 0.25,49312, Output: ['1']
  Running k=7,...
    Passes: 1, Time/Memory: 0.24,49308, Output: ['1']
  Running k=8,...
    Passes: 1, Time/Memory: 0.23,49364, Output: ['1']
  Running k=9,...
    Passes: 1, Time/Memory: 0.25,49428, Output: ['1']
  Running k=10,...
    Passes: 1, Time/Memory: 0.23,49312, Output: ['1']
Results for Gowalla running kpath0 saved to ./results/real/sc_optimized_stats/Gowalla/kpath_run_20250129_101901

Running Gowalla for variant 1...
  Running k=1,...
    Passes: 603, Time/Memory: 175.21,83248, Output: ['603']
  Running k=2,...
    Passes: 28, Time/Memory: 31.85,100476, Output: ['28']
  Running k=3,...
    Passes: 6, Time/Memory: 18.52,116932, Output: ['6']
  Running k=4,...
    Passes: 5, Time/Memory: 21.84,140936, Output: ['5']
  Running k=5,...
    Passes: 1, Time/Memory: 0.24,49332, Output: ['1']
  Running k=6,...
    Passes: 1, Time/Memory: 0.26,49216, Output: ['1']
  Running k=7,...
    Passes: 1, Time/Memory: 0.25,49412, Output: ['1']
  Running k=8,...
    Passes: 1, Time/Memory: 0.27,49420, Output: ['1']
  Running k=9,...
    Passes: 1, Time/Memory: 0.25,49436, Output: ['1']
  Running k=10,...
    Passes: 1, Time/Memory: 0.25,49412, Output: ['1']
Results for Gowalla running kpath1 saved to ./results/real/sc_optimized_stats/Gowalla/kpath_run_20250129_101901

Running Gowalla for variant 2...
  Running k=1,...
    Passes: 475, Time/Memory: 143.51,91164, Output: ['475']
  Running k=2,...
    Passes: 7, Time/Memory: 22.81,98876, Output: ['7']
  Running k=3,...
    Passes: 5, Time/Memory: 18.97,114200, Output: ['5']
  Running k=4,...
    Passes: 2, Time/Memory: 10.09,140772, Output: ['2']
  Running k=5,...
    Passes: 1, Time/Memory: 0.25,49240, Output: ['1']
  Running k=6,...
    Passes: 1, Time/Memory: 0.26,49420, Output: ['1']
  Running k=7,...
    Passes: 1, Time/Memory: 0.25,49320, Output: ['1']
  Running k=8,...
    Passes: 1, Time/Memory: 0.27,49400, Output: ['1']
  Running k=9,...
    Passes: 1, Time/Memory: 0.25,49416, Output: ['1']
  Running k=10,...
    Passes: 1, Time/Memory: 0.27,49364, Output: ['1']
Results for Gowalla running kpath2 saved to ./results/real/sc_optimized_stats/Gowalla/kpath_run_20250129_101901

Running Gowalla for variant N...
  Running k=1,...
    Passes: 4, Time/Memory: 14.96,227652, Output: ['4']
  Running k=2,...
    Passes: 2, Time/Memory: 3.83,148048, Output: ['2']
  Running k=3,...
    Passes: 2, Time/Memory: 5.32,134948, Output: ['2']
  Running k=4,...
    Passes: 2, Time/Memory: 10.10,153168, Output: ['2']
  Running k=5,...
    Passes: 1, Time/Memory: 0.26,49340, Output: ['1']
  Running k=6,...
    Passes: 1, Time/Memory: 0.27,49260, Output: ['1']
  Running k=7,...
    Passes: 1, Time/Memory: 0.25,49216, Output: ['1']
  Running k=8,...
    Passes: 1, Time/Memory: 0.25,49416, Output: ['1']
  Running k=9,...
    Passes: 1, Time/Memory: 0.25,49424, Output: ['1']
  Running k=10,...
    Passes: 1, Time/Memory: 0.25,49308, Output: ['1']
Results for Gowalla running kpathN saved to ./results/real/sc_optimized_stats/Gowalla/kpath_run_20250129_101901

Running Dblp for variant 0...
  Running k=1,...
    Passes: 471, Time/Memory: 203.81,139656, Output: ['471']
  Running k=2,...
    Passes: 43, Time/Memory: 74.69,154676, Output: ['43']
  Running k=3,...
    Passes: 13, Time/Memory: 42.07,186356, Output: ['13']
  Running k=4,...
    Passes: 1, Time/Memory: 0.31,69320, Output: ['1']
  Running k=5,...
    Passes: 1, Time/Memory: 0.30,69292, Output: ['1']
  Running k=6,...
    Passes: 1, Time/Memory: 0.31,69304, Output: ['1']
  Running k=7,...
    Passes: 1, Time/Memory: 0.32,69352, Output: ['1']
  Running k=8,...
    Passes: 1, Time/Memory: 0.30,69284, Output: ['1']
  Running k=9,...
    Passes: 1, Time/Memory: 0.31,69296, Output: ['1']
  Running k=10,...
    Passes: 1, Time/Memory: 0.30,69240, Output: ['1']
Results for Dblp running kpath0 saved to ./results/real/sc_optimized_stats/Dblp/kpath_run_20250129_103044

Running Dblp for variant 1...
  Running k=1,...
    Passes: 453, Time/Memory: 231.74,134116, Output: ['453']
  Running k=2,...
    Passes: 47, Time/Memory: 74.59,170512, Output: ['47']
  Running k=3,...
    Passes: 14, Time/Memory: 47.39,185688, Output: ['14']
  Running k=4,...
    Passes: 1, Time/Memory: 0.70,69424, Output: ['1']
  Running k=5,...
    Passes: 1, Time/Memory: 0.30,69416, Output: ['1']
  Running k=6,...
    Passes: 1, Time/Memory: 0.30,69408, Output: ['1']
  Running k=7,...
    Passes: 1, Time/Memory: 0.30,69296, Output: ['1']
  Running k=8,...
    Passes: 1, Time/Memory: 0.28,69324, Output: ['1']
  Running k=9,...
    Passes: 1, Time/Memory: 0.30,69388, Output: ['1']
  Running k=10,...
    Passes: 1, Time/Memory: 0.30,69420, Output: ['1']
Results for Dblp running kpath1 saved to ./results/real/sc_optimized_stats/Dblp/kpath_run_20250129_103044

Running Dblp for variant 2...
  Running k=1,...
    Passes: 369, Time/Memory: 177.63,145148, Output: ['369']
  Running k=2,...
    Passes: 11, Time/Memory: 48.80,153564, Output: ['11']
  Running k=3,...
    Passes: 6, Time/Memory: 28.52,193196, Output: ['6']
  Running k=4,...
    Passes: 1, Time/Memory: 0.29,69212, Output: ['1']
  Running k=5,...
    Passes: 1, Time/Memory: 0.30,69408, Output: ['1']
  Running k=6,...
    Passes: 1, Time/Memory: 0.31,69216, Output: ['1']
  Running k=7,...
    Passes: 1, Time/Memory: 0.31,69404, Output: ['1']
  Running k=8,...
    Passes: 1, Time/Memory: 0.29,69324, Output: ['1']
  Running k=9,...
    Passes: 1, Time/Memory: 0.31,69400, Output: ['1']
  Running k=10,...
    Passes: 1, Time/Memory: 0.30,69428, Output: ['1']
Results for Dblp running kpath2 saved to ./results/real/sc_optimized_stats/Dblp/kpath_run_20250129_103044

Running Dblp for variant N...
  Running k=1,...
    Passes: 4, Time/Memory: 28.03,232840, Output: ['4']
  Running k=2,...
    Passes: 3, Time/Memory: 12.22,191556, Output: ['3']
  Running k=3,...
    Passes: 3, Time/Memory: 27.88,212960, Output: ['3']
  Running k=4,...
    Passes: 1, Time/Memory: 0.30,69428, Output: ['1']
  Running k=5,...
    Passes: 1, Time/Memory: 0.30,69408, Output: ['1']
  Running k=6,...
    Passes: 1, Time/Memory: 0.32,69420, Output: ['1']
  Running k=7,...
    Passes: 1, Time/Memory: 0.30,69404, Output: ['1']
  Running k=8,...
    Passes: 1, Time/Memory: 0.31,69324, Output: ['1']
  Running k=9,...
    Passes: 1, Time/Memory: 0.32,69388, Output: ['1']
  Running k=10,...
    Passes: 1, Time/Memory: 0.29,69260, Output: ['1']
Results for Dblp running kpathN saved to ./results/real/sc_optimized_stats/Dblp/kpath_run_20250129_103044

Running Amazon for variant 0...
  Running k=1,...
    Passes: 309, Time/Memory: 153.10,141080, Output: ['309']
  Running k=2,...
    Passes: 107, Time/Memory: 88.51,163612, Output: ['107']
  Running k=3,...
    Passes: 1, Time/Memory: 0.29,66396, Output: ['1']
  Running k=4,...
    Passes: 1, Time/Memory: 0.28,66448, Output: ['1']
  Running k=5,...
    Passes: 1, Time/Memory: 0.28,66512, Output: ['1']
  Running k=6,...
    Passes: 1, Time/Memory: 0.26,66400, Output: ['1']
  Running k=7,...
    Passes: 1, Time/Memory: 0.28,66404, Output: ['1']
  Running k=8,...
    Passes: 1, Time/Memory: 0.28,66308, Output: ['1']
  Running k=9,...
    Passes: 1, Time/Memory: 0.27,66432, Output: ['1']
  Running k=10,...
    Passes: 1, Time/Memory: 0.28,66504, Output: ['1']
Results for Amazon running kpath0 saved to ./results/real/sc_optimized_stats/Amazon/kpath_run_20250129_104735

Running Amazon for variant 1...
  Running k=1,...
    Passes: 322, Time/Memory: 150.31,140808, Output: ['322']
  Running k=2,...
    Passes: 100, Time/Memory: 83.92,173804, Output: ['100']
  Running k=3,...
    Passes: 1, Time/Memory: 0.26,66424, Output: ['1']
  Running k=4,...
    Passes: 1, Time/Memory: 0.29,66416, Output: ['1']
  Running k=5,...
    Passes: 1, Time/Memory: 0.27,66452, Output: ['1']
  Running k=6,...
    Passes: 1, Time/Memory: 0.27,66520, Output: ['1']
  Running k=7,...
    Passes: 1, Time/Memory: 0.28,66420, Output: ['1']
  Running k=8,...
    Passes: 1, Time/Memory: 0.28,66500, Output: ['1']
  Running k=9,...
    Passes: 1, Time/Memory: 0.29,66372, Output: ['1']
  Running k=10,...
    Passes: 1, Time/Memory: 0.29,66420, Output: ['1']
Results for Amazon running kpath1 saved to ./results/real/sc_optimized_stats/Amazon/kpath_run_20250129_104735

Running Amazon for variant 2...
  Running k=1,...
    Passes: 246, Time/Memory: 138.99,152564, Output: ['246']
  Running k=2,...
    Passes: 7, Time/Memory: 30.34,181828, Output: ['7']
  Running k=3,...
    Passes: 1, Time/Memory: 0.28,66504, Output: ['1']
  Running k=4,...
    Passes: 1, Time/Memory: 0.28,66316, Output: ['1']
  Running k=5,...
    Passes: 1, Time/Memory: 0.28,66404, Output: ['1']
  Running k=6,...
    Passes: 1, Time/Memory: 0.27,66520, Output: ['1']
  Running k=7,...
    Passes: 1, Time/Memory: 0.28,66416, Output: ['1']
  Running k=8,...
    Passes: 1, Time/Memory: 0.29,66484, Output: ['1']
  Running k=9,...
    Passes: 1, Time/Memory: 0.29,66508, Output: ['1']
  Running k=10,...
    Passes: 1, Time/Memory: 0.30,66348, Output: ['1']
Results for Amazon running kpath2 saved to ./results/real/sc_optimized_stats/Amazon/kpath_run_20250129_104735

Running Amazon for variant N...
  Running k=1,...
    Passes: 4, Time/Memory: 21.20,250336, Output: ['4']
  Running k=2,...
    Passes: 3, Time/Memory: 6.90,201684, Output: ['3']
  Running k=3,...
    Passes: 1, Time/Memory: 0.28,66416, Output: ['1']
  Running k=4,...
    Passes: 1, Time/Memory: 0.28,66392, Output: ['1']
  Running k=5,...
    Passes: 1, Time/Memory: 0.27,66392, Output: ['1']
  Running k=6,...
    Passes: 1, Time/Memory: 0.28,66312, Output: ['1']
  Running k=7,...
    Passes: 1, Time/Memory: 0.28,66420, Output: ['1']
  Running k=8,...
    Passes: 1, Time/Memory: 0.27,66400, Output: ['1']
  Running k=9,...
    Passes: 1, Time/Memory: 0.28,66500, Output: ['1']
  Running k=10,...
    Passes: 1, Time/Memory: 0.29,66500, Output: ['1']
Results for Amazon running kpathN saved to ./results/real/sc_optimized_stats/Amazon/kpath_run_20250129_104735
