
Running WordNet for variant 0...
  Running k=5,...
    Passes: 4, Time/Memory: 7.78,118324, Output: ['4']
  Running k=6,...
    Passes: 2, Time/Memory: 0.54,122352, Output: ['2']
  Running k=7,...
    Passes: 2, Time/Memory: 0.59,122292, Output: ['2']
  Running k=8,...
    Passes: 2, Time/Memory: 0.53,122540, Output: ['2']
  Running k=9,...
    Passes: 2, Time/Memory: 0.44,122720, Output: ['2']
  Running k=10,...
    Passes: 2, Time/Memory: 0.55,122440, Output: ['2']
Results for WordNet running kpath0 saved to ./results/real/sc_optimized_stats/WordNet/kpath_run_20250131_195946

Running Gowalla for variant 0...
  Running k=5,...
    Passes: 6, Time/Memory: 17.56,157988, Output: ['6']
  Running k=6,...
    Passes: 2, Time/Memory: 0.68,171692, Output: ['2']
  Running k=7,...
    Passes: 2, Time/Memory: 0.68,171748, Output: ['2']
  Running k=8,...
    Passes: 2, Time/Memory: 0.71,171808, Output: ['2']
  Running k=9,...
    Passes: 2, Time/Memory: 0.60,171748, Output: ['2']
  Running k=10,...
    Passes: 2, Time/Memory: 0.67,171796, Output: ['2']
Results for Gowalla running kpath0 saved to ./results/real/sc_optimized_stats/Gowalla/kpath_run_20250131_195957

Running Amazon for variant 0...
  Running k=3,...
    Passes: 8, Time/Memory: 22.84,204584, Output: ['8']
  Running k=4,...
    Passes: 2, Time/Memory: 0.78,224772, Output: ['2']
  Running k=5,...
    Passes: 2, Time/Memory: 1.05,224764, Output: ['2']
  Running k=6,...
    Passes: 2, Time/Memory: 0.84,224932, Output: ['2']
  Running k=7,...
    Passes: 2, Time/Memory: 1.07,224800, Output: ['2']
  Running k=8,...
    Passes: 2, Time/Memory: 0.85,224852, Output: ['2']
  Running k=9,...
    Passes: 2, Time/Memory: 1.03,224844, Output: ['2']
  Running k=10,...
    Passes: 2, Time/Memory: 0.81,224844, Output: ['2']
Results for Amazon running kpath0 saved to ./results/real/sc_optimized_stats/Amazon/kpath_run_20250131_200019
