
Running Skitter for variant 0...
  Running k=1,...
    Passes: 1209, Time/Memory: 9189.84,732056, Output: ['1209']
  Running k=2,...
    Passes: 68, Time/Memory: 2821.88,857856, Output: ['68']
  Running k=3,...
    Passes: 23, Time/Memory: 1462.55,1042236, Output: ['23']
  Running k=4,...
    Passes: 16, Time/Memory: 1511.66,1169408, Output: ['16']
  Running k=5,...
    Passes: 13, Time/Memory: 521.49,1331748, Output: ['13']
  Running k=6,...
    Passes: 11, Time/Memory: 922.13,1485384, Output: ['11']
  Running k=7,...
    Passes: 1, Time/Memory: 3.71,422008, Output: ['1']
Results for Skitter running kpath0 saved to ./results/real/sc_optimized_stats/Skitter/kpath_run_20250130_101037

Running Skitter for variant 1...
  Running k=1,...
    Passes: 1226, Time/Memory: 8527.51,732220, Output: ['1226']
  Running k=2,...
    Passes: 79, Time/Memory: 3281.97,857724, Output: ['79']
  Running k=3,...
    Passes: 21, Time/Memory: 2471.55,1053224, Output: ['21']
  Running k=4,...
    Passes: 13, Time/Memory: 1570.13,1202380, Output: ['13']
  Running k=5,...
    Passes: 12, Time/Memory: 409.72,1339140, Output: ['12']
  Running k=6,...
    Passes: 10, Time/Memory: 717.89,1492640, Output: ['10']
  Running k=7,...
    Passes: 1, Time/Memory: 3.52,422028, Output: ['1']
Results for Skitter running kpath1 saved to ./results/real/sc_optimized_stats/Skitter/kpath_run_20250130_101037

Running Skitter for variant 2...
  Running k=1,...
    Passes: 978, Time/Memory: 7468.07,797788, Output: ['978']
  Running k=2,...
    Passes: 22, Time/Memory: 2405.29,890524, Output: ['22']
  Running k=3,...
    Passes: 16, Time/Memory: 1439.66,1077932, Output: ['16']
  Running k=4,...
    Passes: 12, Time/Memory: 408.01,1171880, Output: ['12']
  Running k=5,...
    Passes: 10, Time/Memory: 715.79,1334780, Output: ['10']
  Running k=6,...
    Passes: 9, Time/Memory: 845.43,1499020, Output: ['9']
  Running k=7,...
    Passes: 1, Time/Memory: 3.08,422024, Output: ['1']
Results for Skitter running kpath2 saved to ./results/real/sc_optimized_stats/Skitter/kpath_run_20250130_101037

Running Skitter for variant N...
  Running k=1,...
    Passes: 4, Time/Memory: 20.00,2022824, Output: ['4']
  Running k=2,...
    Passes: 4, Time/Memory: 903.78,1546992, Output: ['4']
  Running k=3,...
    Passes: 2, Time/Memory: 84.12,1332516, Output: ['2']
  Running k=4,...
    Passes: 3, Time/Memory: 381.27,1279764, Output: ['3']
  Running k=5,...
    Passes: 3, Time/Memory: 690.86,1442028, Output: ['3']
  Running k=6,...
    Passes: 3, Time/Memory: 1228.34,1605200, Output: ['3']
  Running k=7,...
    Passes: 1, Time/Memory: 3.33,421928, Output: ['1']
Results for Skitter running kpathN saved to ./results/real/sc_optimized_stats/Skitter/kpath_run_20250130_101037
