
Running RoadnetCA for variant 0...
  Running k=1,...
    Passes: 30, Time/Memory: 3647.04,785624, Output: ['30']
  Running k=2,...
    Passes: 15, Time/Memory: 2115.00,1006436, Output: ['15']
Results for RoadnetCA running kpath0 saved to ./results/real/sc_optimized_stats/RoadnetCA/kpath_run_20250131_115642

Running RoadnetCA for variant 1...
  Running k=1,...
    Passes: 29, Time/Memory: 1933.93,814636, Output: ['29']
  Running k=2,...
    Passes: 1, Time/Memory: 1.07,311936, Output: ['1']
Results for RoadnetCA running kpath1 saved to ./results/real/sc_optimized_stats/RoadnetCA/kpath_run_20250131_115642

Running RoadnetCA for variant 2...
  Running k=1,...
    Passes: 23, Time/Memory: 1797.19,869936, Output: ['23']
  Running k=2,...
    Passes: 1, Time/Memory: 1.08,311956, Output: ['1']
Results for RoadnetCA running kpath2 saved to ./results/real/sc_optimized_stats/RoadnetCA/kpath_run_20250131_115642

Running RoadnetCA for variant N...
  Running k=1,...
    Passes: 2, Time/Memory: 18.19,1063380, Output: ['2']
  Running k=2,...
    Passes: 1, Time/Memory: 0.99,312064, Output: ['1']
Results for RoadnetCA running kpathN saved to ./results/real/sc_optimized_stats/RoadnetCA/kpath_run_20250131_115642
