
Running RoadnetPA for variant 0...
  Running k=1,...
    Passes: 30, Time/Memory: 659.36,460188, Output: ['30']
  Running k=2,...
    Passes: 1, Time/Memory: 0.53,174392, Output: ['1']
Results for RoadnetPA running kpath0 saved to ./results/real/sc_optimized_stats/RoadnetPA/kpath_run_20250130_145559

Running RoadnetPA for variant 1...
  Running k=1,...
    Passes: 32, Time/Memory: 665.54,460900, Output: ['32']
  Running k=2,...
    Passes: 1, Time/Memory: 0.62,174508, Output: ['1']
Results for RoadnetPA running kpath1 saved to ./results/real/sc_optimized_stats/RoadnetPA/kpath_run_20250130_145559

Running RoadnetPA for variant 2...
  Running k=1,...
    Passes: 32, Time/Memory: 422.91,478248, Output: ['32']
  Running k=2,...
    Passes: 1, Time/Memory: 0.59,174348, Output: ['1']
Results for RoadnetPA running kpath2 saved to ./results/real/sc_optimized_stats/RoadnetPA/kpath_run_20250130_145559

Running RoadnetPA for variant N...
  Running k=1,...
    Passes: 2, Time/Memory: 2.46,593912, Output: ['2']
  Running k=2,...
    Passes: 1, Time/Memory: 0.58,174392, Output: ['1']
Results for RoadnetPA running kpathN saved to ./results/real/sc_optimized_stats/RoadnetPA/kpath_run_20250130_145559
