
Running AJazz for variant 0...
  Running k=14,...
    Passes: 3, Time/Memory: 0.00,3932, Output: ['3']
Results for AJazz running kpath0 saved to ./results/real/sc_optimized_stats/AJazz/kpath_run_20250131_121958

Running Belcastro for variant 0...
  Running k=644,...
    Passes: 3, Time/Memory: 16.48,855260, Output: ['3']
Results for Belcastro running kpath0 saved to ./results/real/sc_optimized_stats/Belcastro/kpath_run_20250131_121958

Running ArxAP for variant 0...
  Running k=11,...
    Passes: 4, Time/Memory: 0.46,27800, Output: ['4']
Results for ArxAP running kpath0 saved to ./results/real/sc_optimized_stats/ArxAP/kpath_run_20250131_122015

Running FlickrE for variant 0...
  Running k=22,...
    Passes: 3, Time/Memory: 9.02,256476, Output: ['3']
Results for FlickrE running kpath0 saved to ./results/real/sc_optimized_stats/FlickrE/kpath_run_20250131_122015

Running Twitch for variant 0...
  Running k=41,...
    Passes: 3, Time/Memory: 28.88,708332, Output: ['3']
Results for Twitch running kpath0 saved to ./results/real/sc_optimized_stats/Twitch/kpath_run_20250131_122024
