
Running Youtube for variant 0...
  Running k=1,...
    Passes: 962, Time/Memory: 3595.98,490048, Output: ['962']
  Running k=2,...
    Passes: 19, Time/Memory: 1971.11,544356, Output: ['19']
  Running k=3,...
    Passes: 1, Time/Memory: 1.15,217064, Output: ['1']
Results for Youtube running kpath0 saved to ./results/real/sc_optimized_stats/Youtube/kpath_run_20250129_151809

Running Youtube for variant 1...
  Running k=1,...
    Passes: 919, Time/Memory: 3398.69,490064, Output: ['919']
  Running k=2,...
    Passes: 19, Time/Memory: 1792.48,563424, Output: ['19']
  Running k=3,...
    Passes: 1, Time/Memory: 0.90,217052, Output: ['1']
Results for Youtube running kpath1 saved to ./results/real/sc_optimized_stats/Youtube/kpath_run_20250129_151809

Running Youtube for variant 2...
  Running k=1,...
    Passes: 752, Time/Memory: 2354.60,533108, Output: ['752']
  Running k=2,...
    Passes: 4, Time/Memory: 471.48,564552, Output: ['4']
  Running k=3,...
    Passes: 1, Time/Memory: 1.00,216984, Output: ['1']
Results for Youtube running kpath2 saved to ./results/real/sc_optimized_stats/Youtube/kpath_run_20250129_151809

Running Youtube for variant N...
  Running k=1,...
    Passes: 4, Time/Memory: 954.45,815284, Output: ['4']
  Running k=2,...
    Passes: 3, Time/Memory: 472.88,635988, Output: ['3']
  Running k=3,...
    Passes: 1, Time/Memory: 0.89,216868, Output: ['1']
Results for Youtube running kpathN saved to ./results/real/sc_optimized_stats/Youtube/kpath_run_20250129_151809
